<?xml version="1.0" encoding="utf-8"?>
<TestRun id="35860842-dc35-4ce7-ad12-8f8324a8358c" name="Remy.Miller@LT-6MQPN94 2025-07-29 07:48:48" runUser="WPBTS\Remy.Miller" xmlns="http://microsoft.com/schemas/VisualStudio/TeamTest/2010">
  <Times creation="2025-07-29T07:48:48.7898685+02:00" queuing="2025-07-29T07:48:48.7898688+02:00" start="2025-07-29T07:48:30.4382191+02:00" finish="2025-07-29T07:53:34.5046462+02:00" />
  <TestSettings name="default" id="c2b2b383-504d-4e41-9f8a-dbc3350f66a0">
    <Deployment runDeploymentRoot="Remy.Miller_LT-6MQPN94_2025-07-29_07_48_48" />
  </TestSettings>
  <Results>
    <UnitTestResult executionId="546a44de-367e-43ee-93e0-6923d5723f54" testId="71c51bb9-cd11-5982-2bfb-01aad0d370fe" testName="TherapeuticsQuadPack" computerName="LT-6MQPN94" duration="00:01:22.9174690" startTime="2025-07-29T07:49:32.2113349+02:00" endTime="2025-07-29T07:50:55.1285823+02:00" testType="13cdc9d9-ddb5-4fa4-a97d-d965ccfc6d4b" outcome="Passed" testListId="8c84fa94-04c1-424b-9868-57a2d4851a1d" relativeResultsDirectory="546a44de-367e-43ee-93e0-6923d5723f54" />
    <UnitTestResult executionId="f458de1e-c271-4332-a5e5-b395817101cb" testId="04c143f2-dde8-2681-56fb-0b4d3d4861ed" testName="WholeBloodDryPack" computerName="LT-6MQPN94" duration="00:00:43.4593890" startTime="2025-07-29T07:48:48.7517439+02:00" endTime="2025-07-29T07:49:32.2111322+02:00" testType="13cdc9d9-ddb5-4fa4-a97d-d965ccfc6d4b" outcome="Failed" testListId="8c84fa94-04c1-424b-9868-57a2d4851a1d" relativeResultsDirectory="f458de1e-c271-4332-a5e5-b395817101cb">
      <Output>
        <ErrorInfo>
          <Message>OpenQA.Selenium.WebDriverTimeoutException : Timed out after 30 seconds&#xD;
  ----&gt; OpenQA.Selenium.NoSuchElementException : no such element: Unable to locate element: {"method":"css selector","selector":".PanelCode"}&#xD;
  (Session info: chrome=138.0.7204.169); For documentation on this error, please visit: https://www.selenium.dev/documentation/webdriver/troubleshooting/errors#no-such-element-exception</Message>
          <StackTrace>   at OpenQA.Selenium.Support.UI.DefaultWait`1.ThrowTimeoutException(String exceptionMessage, Exception lastException)&#xD;
   at OpenQA.Selenium.Support.UI.DefaultWait`1.Until[TResult](Func`2 condition, CancellationToken token)&#xD;
   at OpenQA.Selenium.Support.UI.DefaultWait`1.Until[TResult](Func`2 condition)&#xD;
   at PulseDonations.PageObjects.LoginPage.standard() in C:\Users\Remy.Miller\source\repos\PulseDonations\PageObjects\LoginPage.cs:line 68&#xD;
   at PulseDonations.Tests.NewDonorPositiveE2E.WholeBloodDryPack() in C:\Users\Remy.Miller\source\repos\PulseDonations\Tests\NewDonorPositiveE2E.cs:line 41&#xD;
   at System.RuntimeMethodHandle.InvokeMethod(Object target, Void** arguments, Signature sig, Boolean isConstructor)&#xD;
   at System.Reflection.MethodBaseInvoker.InvokeWithNoArgs(Object obj, BindingFlags invokeAttr)&#xD;
--NoSuchElementException&#xD;
   at OpenQA.Selenium.WebDriver.UnpackAndThrowOnError(Response errorResponse, String commandToExecute)&#xD;
   at OpenQA.Selenium.WebDriver.ExecuteAsync(String driverCommandToExecute, Dictionary`2 parameters)&#xD;
   at OpenQA.Selenium.WebDriver.Execute(String driverCommandToExecute, Dictionary`2 parameters)&#xD;
   at OpenQA.Selenium.WebDriver.FindElement(String mechanism, String value)&#xD;
   at OpenQA.Selenium.By.&lt;.ctor&gt;b__6_0(ISearchContext context)&#xD;
   at OpenQA.Selenium.By.FindElement(ISearchContext context)&#xD;
   at OpenQA.Selenium.WebDriver.FindElement(By by)&#xD;
   at SeleniumExtras.WaitHelpers.ExpectedConditions.&lt;&gt;c__DisplayClass7_0.&lt;ElementIsVisible&gt;b__0(IWebDriver driver)&#xD;
   at OpenQA.Selenium.Support.UI.DefaultWait`1.Until[TResult](Func`2 condition, CancellationToken token)
</StackTrace>
        </ErrorInfo>
      </Output>
    </UnitTestResult>
    <UnitTestResult executionId="9ee4a8de-c778-4220-8ecd-1529db360c21" testId="52473030-707a-fcf9-3b35-e0a73ae51aa1" testName="BloodSampleTests_FBC" computerName="LT-6MQPN94" duration="00:01:16.4070370" startTime="2025-07-29T07:50:55.1286282+02:00" endTime="2025-07-29T07:52:11.5333884+02:00" testType="13cdc9d9-ddb5-4fa4-a97d-d965ccfc6d4b" outcome="Passed" testListId="8c84fa94-04c1-424b-9868-57a2d4851a1d" relativeResultsDirectory="9ee4a8de-c778-4220-8ecd-1529db360c21" />
    <UnitTestResult executionId="eb30af82-5039-4861-b7d7-3ce4d33a6660" testId="1d2f2490-02e8-7317-f5f5-6a5057ea2d50" testName="ACreateHamper" computerName="LT-6MQPN94" duration="00:00:17.0619080" startTime="2025-07-29T07:48:31.6889896+02:00" endTime="2025-07-29T07:48:48.7508579+02:00" testType="13cdc9d9-ddb5-4fa4-a97d-d965ccfc6d4b" outcome="Passed" testListId="8c84fa94-04c1-424b-9868-57a2d4851a1d" relativeResultsDirectory="eb30af82-5039-4861-b7d7-3ce4d33a6660" />
    <UnitTestResult executionId="4db398a5-d61a-4e79-b5b4-5664d07c3306" testId="3e40cecf-77ce-f7f1-0df8-7586cfe87791" testName="WholeBloodQuadPack" computerName="LT-6MQPN94" duration="00:01:22.8992580" startTime="2025-07-29T07:52:11.5334486+02:00" endTime="2025-07-29T07:53:34.4302361+02:00" testType="13cdc9d9-ddb5-4fa4-a97d-d965ccfc6d4b" outcome="Passed" testListId="8c84fa94-04c1-424b-9868-57a2d4851a1d" relativeResultsDirectory="4db398a5-d61a-4e79-b5b4-5664d07c3306" />
  </Results>
  <TestDefinitions>
    <UnitTest name="WholeBloodQuadPack" storage="c:\users\remy.miller\source\repos\pulsedonations\bin\debug\net8.0\pulsedonations.dll" id="3e40cecf-77ce-f7f1-0df8-7586cfe87791">
      <Execution id="4db398a5-d61a-4e79-b5b4-5664d07c3306" />
      <TestMethod codeBase="C:\Users\Remy.Miller\source\repos\PulseDonations\bin\Debug\net8.0\PulseDonations.dll" adapterTypeName="executor://nunit3testexecutor/" className="PulseDonations.Tests.NewDonorPositiveE2E" name="WholeBloodQuadPack" />
    </UnitTest>
    <UnitTest name="BloodSampleTests_FBC" storage="c:\users\remy.miller\source\repos\pulsedonations\bin\debug\net8.0\pulsedonations.dll" id="52473030-707a-fcf9-3b35-e0a73ae51aa1">
      <Execution id="9ee4a8de-c778-4220-8ecd-1529db360c21" />
      <TestMethod codeBase="C:\Users\Remy.Miller\source\repos\PulseDonations\bin\Debug\net8.0\PulseDonations.dll" adapterTypeName="executor://nunit3testexecutor/" className="PulseDonations.Tests.NewDonorPositiveE2E" name="BloodSampleTests_FBC" />
    </UnitTest>
    <UnitTest name="TherapeuticsQuadPack" storage="c:\users\remy.miller\source\repos\pulsedonations\bin\debug\net8.0\pulsedonations.dll" id="71c51bb9-cd11-5982-2bfb-01aad0d370fe">
      <Execution id="546a44de-367e-43ee-93e0-6923d5723f54" />
      <TestMethod codeBase="C:\Users\Remy.Miller\source\repos\PulseDonations\bin\Debug\net8.0\PulseDonations.dll" adapterTypeName="executor://nunit3testexecutor/" className="PulseDonations.Tests.NewDonorPositiveE2E" name="TherapeuticsQuadPack" />
    </UnitTest>
    <UnitTest name="WholeBloodDryPack" storage="c:\users\remy.miller\source\repos\pulsedonations\bin\debug\net8.0\pulsedonations.dll" id="04c143f2-dde8-2681-56fb-0b4d3d4861ed">
      <Execution id="f458de1e-c271-4332-a5e5-b395817101cb" />
      <TestMethod codeBase="C:\Users\Remy.Miller\source\repos\PulseDonations\bin\Debug\net8.0\PulseDonations.dll" adapterTypeName="executor://nunit3testexecutor/" className="PulseDonations.Tests.NewDonorPositiveE2E" name="WholeBloodDryPack" />
    </UnitTest>
    <UnitTest name="ACreateHamper" storage="c:\users\remy.miller\source\repos\pulsedonations\bin\debug\net8.0\pulsedonations.dll" id="1d2f2490-02e8-7317-f5f5-6a5057ea2d50">
      <Execution id="eb30af82-5039-4861-b7d7-3ce4d33a6660" />
      <TestMethod codeBase="C:\Users\Remy.Miller\source\repos\PulseDonations\bin\Debug\net8.0\PulseDonations.dll" adapterTypeName="executor://nunit3testexecutor/" className="PulseDonations.Tests.NewDonorPositiveE2E" name="ACreateHamper" />
    </UnitTest>
  </TestDefinitions>
  <TestEntries>
    <TestEntry testId="71c51bb9-cd11-5982-2bfb-01aad0d370fe" executionId="546a44de-367e-43ee-93e0-6923d5723f54" testListId="8c84fa94-04c1-424b-9868-57a2d4851a1d" />
    <TestEntry testId="04c143f2-dde8-2681-56fb-0b4d3d4861ed" executionId="f458de1e-c271-4332-a5e5-b395817101cb" testListId="8c84fa94-04c1-424b-9868-57a2d4851a1d" />
    <TestEntry testId="52473030-707a-fcf9-3b35-e0a73ae51aa1" executionId="9ee4a8de-c778-4220-8ecd-1529db360c21" testListId="8c84fa94-04c1-424b-9868-57a2d4851a1d" />
    <TestEntry testId="1d2f2490-02e8-7317-f5f5-6a5057ea2d50" executionId="eb30af82-5039-4861-b7d7-3ce4d33a6660" testListId="8c84fa94-04c1-424b-9868-57a2d4851a1d" />
    <TestEntry testId="3e40cecf-77ce-f7f1-0df8-7586cfe87791" executionId="4db398a5-d61a-4e79-b5b4-5664d07c3306" testListId="8c84fa94-04c1-424b-9868-57a2d4851a1d" />
  </TestEntries>
  <TestLists>
    <TestList name="Results Not in a List" id="8c84fa94-04c1-424b-9868-57a2d4851a1d" />
    <TestList name="All Loaded Results" id="19431567-8539-422a-85d7-44ee4e166bda" />
  </TestLists>
  <ResultSummary outcome="Failed">
    <Counters total="5" executed="5" passed="4" failed="1" error="0" timeout="0" aborted="0" inconclusive="0" passedButRunAborted="0" notRunnable="0" notExecuted="0" disconnected="0" warning="0" completed="0" inProgress="0" pending="0" />
    <Output>
      <StdOut>NUnit Adapter 4.5.0.0: Test execution started&#xD;
Running selected tests in C:\Users\Remy.Miller\source\repos\PulseDonations\bin\Debug\net8.0\PulseDonations.dll&#xD;
   NUnit3TestExecutor discovered 5 of 5 NUnit test cases using Current Discovery mode, Non-Explicit run&#xD;
Starting ChromeDriver 138.0.7204.168 (3e8d82e86e9f508e88ed406c2a24657a6c691d30-refs/branch-heads/7204@{#2081}) on port 50779&#xD;
Only local connections are allowed.&#xD;
Please see https://chromedriver.chromium.org/security-considerations for suggestions on keeping ChromeDriver safe.&#xD;
ChromeDriver was started successfully on port 50779.&#xD;
65484028&#xD;
Starting ChromeDriver 138.0.7204.168 (3e8d82e86e9f508e88ed406c2a24657a6c691d30-refs/branch-heads/7204@{#2081}) on port 50808&#xD;
Only local connections are allowed.&#xD;
Please see https://chromedriver.chromium.org/security-considerations for suggestions on keeping ChromeDriver safe.&#xD;
ChromeDriver was started successfully on port 50808.&#xD;
Male Donor&#xD;
9401028961184&#xD;
Leroy&#xD;
Salvador&#xD;
Nolan&#xD;
Leroy@myspy.com&#xD;
0834847905&#xD;
5436 Gleichner Ford&#xD;
Gardens&#xD;
7447&#xD;
50999968&#xD;
14.2&#xD;
g&#xD;
t&#xD;
02/01/1993&#xD;
29/07/2025&#xD;
388853581&#xD;
122867883&#xD;
634248700&#xD;
\ud83d\udd0d Screenshot saved: C:\Users\Remy.Miller\source\repos\PulseDonations\Screenshots\29-07-2025\WholeBloodDryPack_29072025_074931.png&#xD;
Starting ChromeDriver 138.0.7204.168 (3e8d82e86e9f508e88ed406c2a24657a6c691d30-refs/branch-heads/7204@{#2081}) on port 50859&#xD;
Only local connections are allowed.&#xD;
Please see https://chromedriver.chromium.org/security-considerations for suggestions on keeping ChromeDriver safe.&#xD;
ChromeDriver was started successfully on port 50859.&#xD;
Female Donor&#xD;
7510161987087&#xD;
Suzanne&#xD;
Darlene&#xD;
Lindgren&#xD;
Suzanne@myspy.com&#xD;
0836943509&#xD;
0725 Mills Circle&#xD;
Bishopscourt&#xD;
7244&#xD;
38732046&#xD;
12.9&#xD;
11.5&#xD;
CAA559493&#xD;
CAA065764&#xD;
j&#xD;
d&#xD;
16/10/1999&#xD;
29/07/2025&#xD;
748408674&#xD;
821975971&#xD;
820288469&#xD;
Female Donor&#xD;
Suzanne&#xD;
Lindgren&#xD;
7510161987087&#xD;
Therapeutics&#xD;
Quad Pack&#xD;
Starting ChromeDriver 138.0.7204.168 (3e8d82e86e9f508e88ed406c2a24657a6c691d30-refs/branch-heads/7204@{#2081}) on port 50983&#xD;
Only local connections are allowed.&#xD;
Please see https://chromedriver.chromium.org/security-considerations for suggestions on keeping ChromeDriver safe.&#xD;
ChromeDriver was started successfully on port 50983.&#xD;
Female Donor&#xD;
7707200028184&#xD;
Priscilla&#xD;
Claudia&#xD;
Welch&#xD;
Priscilla@myspy.com&#xD;
0839872794&#xD;
641 Borer Meadow&#xD;
Kuils River&#xD;
4396&#xD;
36925378&#xD;
13.0&#xD;
11.5&#xD;
CAA935476&#xD;
CAA397978&#xD;
c&#xD;
k&#xD;
20/07/1993&#xD;
29/07/2025&#xD;
387567067&#xD;
475706432&#xD;
692124650&#xD;
Female Donor&#xD;
Priscilla&#xD;
Welch&#xD;
7707200028184&#xD;
Blood Samples/Tests&#xD;
FBC&#xD;
Starting ChromeDriver 138.0.7204.168 (3e8d82e86e9f508e88ed406c2a24657a6c691d30-refs/branch-heads/7204@{#2081}) on port 51061&#xD;
Only local connections are allowed.&#xD;
Please see https://chromedriver.chromium.org/security-considerations for suggestions on keeping ChromeDriver safe.&#xD;
ChromeDriver was started successfully on port 51061.&#xD;
Male Donor&#xD;
7910129511088&#xD;
Roman&#xD;
Lionel&#xD;
Kulas&#xD;
Roman@myspy.com&#xD;
0839462596&#xD;
16984 Donald Dam&#xD;
Strand&#xD;
9059&#xD;
73969791&#xD;
14.3&#xD;
g&#xD;
t&#xD;
12/10/1995&#xD;
29/07/2025&#xD;
580963155&#xD;
141519857&#xD;
331477449&#xD;
Male Donor&#xD;
Roman&#xD;
Kulas&#xD;
7910129511088&#xD;
Whole Blood Donation&#xD;
Quad Pack&#xD;
NUnit Adapter 4.5.0.0: Test execution complete&#xD;
</StdOut>
    </Output>
  </ResultSummary>
</TestRun>