<?xml version="1.0" encoding="utf-8"?>
<TestRun id="5f93f374-eb9b-4de4-b4ec-b1262df8c773" name="Remy.Miller@LT-6MQPN94 2025-07-25 14:58:30" runUser="WPBTS\Remy.Miller" xmlns="http://microsoft.com/schemas/VisualStudio/TeamTest/2010">
  <Times creation="2025-07-25T14:58:30.1263465+02:00" queuing="2025-07-25T14:58:30.1263468+02:00" start="2025-07-25T14:57:05.2166722+02:00" finish="2025-07-25T15:01:18.4619642+02:00" />
  <TestSettings name="default" id="cc760c03-7ac6-41f2-ad0a-946bffaee7e0">
    <Deployment runDeploymentRoot="Remy.Miller_LT-6MQPN94_2025-07-25_14_58_30" />
  </TestSettings>
  <Results>
    <UnitTestResult executionId="eaccbdb8-a50c-45f7-ad3f-111df7859513" testId="726c3606-88b0-a7d9-091a-e2e8916a9eb3" testName="SetupClinicReport" computerName="LT-6MQPN94" duration="00:01:24.2692510" startTime="2025-07-25T14:57:05.8204030+02:00" endTime="2025-07-25T14:58:30.0882334+02:00" testType="13cdc9d9-ddb5-4fa4-a97d-d965ccfc6d4b" outcome="Failed" testListId="8c84fa94-04c1-424b-9868-57a2d4851a1d" relativeResultsDirectory="eaccbdb8-a50c-45f7-ad3f-111df7859513">
      <Output>
        <ErrorInfo>
          <Message>System.AggregateException : One or more errors occurred. (A connection attempt failed because the connected party did not properly respond after a period of time, or established connection failed because connected host has failed to respond. (googlechromelabs.github.io:443))&#xD;
  ----&gt; System.Net.Http.HttpRequestException : A connection attempt failed because the connected party did not properly respond after a period of time, or established connection failed because connected host has failed to respond. (googlechromelabs.github.io:443)&#xD;
  ----&gt; System.Net.Sockets.SocketException : A connection attempt failed because the connected party did not properly respond after a period of time, or established connection failed because connected host has failed to respond.&#xD;
TearDown : System.NullReferenceException : Object reference not set to an instance of an object.</Message>
          <StackTrace>   at System.Threading.Tasks.Task.ThrowIfExceptional(Boolean includeTaskCanceledExceptions)&#xD;
   at System.Threading.Tasks.Task.Wait(Int32 millisecondsTimeout, CancellationToken cancellationToken)&#xD;
   at System.Threading.Tasks.Task.Wait()&#xD;
   at WebDriverManager.Clients.ChromeForTestingClient.GetResultFromHttpTask[TResult](Task`1 taskToRun)&#xD;
   at WebDriverManager.Clients.ChromeForTestingClient.GetLastKnownGoodVersions()&#xD;
   at WebDriverManager.DriverConfigs.Impl.ChromeConfig.GetLatestVersion()&#xD;
   at WebDriverManager.DriverManager.GetVersionToDownload(IDriverConfig config, String version)&#xD;
   at WebDriverManager.DriverManager.SetUpDriver(IDriverConfig config, String version, Architecture architecture)&#xD;
   at PulseDonations.Utilities.Setup.BrowserSelector(String browserName) in C:\Users\Remy.Miller\source\repos\PulseDonations\Utilities\Setup.cs:line 83&#xD;
   at PulseDonations.Utilities.Setup.StartBrowser() in C:\Users\Remy.Miller\source\repos\PulseDonations\Utilities\Setup.cs:line 32&#xD;
   at System.RuntimeMethodHandle.InvokeMethod(Object target, Void** arguments, Signature sig, Boolean isConstructor)&#xD;
   at System.Reflection.MethodBaseInvoker.InvokeWithNoArgs(Object obj, BindingFlags invokeAttr)&#xD;
--HttpRequestException&#xD;
   at System.Net.Http.HttpConnectionPool.ConnectToTcpHostAsync(String host, Int32 port, HttpRequestMessage initialRequest, Boolean async, CancellationToken cancellationToken)&#xD;
   at System.Net.Http.HttpConnectionPool.ConnectAsync(HttpRequestMessage request, Boolean async, CancellationToken cancellationToken)&#xD;
   at System.Net.Http.HttpConnectionPool.CreateHttp11ConnectionAsync(HttpRequestMessage request, Boolean async, CancellationToken cancellationToken)&#xD;
   at System.Net.Http.HttpConnectionPool.AddHttp11ConnectionAsync(QueueItem queueItem)&#xD;
   at System.Threading.Tasks.TaskCompletionSourceWithCancellation`1.WaitWithCancellationAsync(CancellationToken cancellationToken)&#xD;
   at System.Net.Http.HttpConnectionPool.SendWithVersionDetectionAndRetryAsync(HttpRequestMessage request, Boolean async, Boolean doRequestAuth, CancellationToken cancellationToken)&#xD;
   at System.Net.Http.RedirectHandler.SendAsync(HttpRequestMessage request, Boolean async, CancellationToken cancellationToken)&#xD;
   at System.Net.Http.HttpClient.&lt;SendAsync&gt;g__Core|83_0(HttpRequestMessage request, HttpCompletionOption completionOption, CancellationTokenSource cts, Boolean disposeCts, CancellationTokenSource pendingRequestsCts, CancellationToken originalCancellationToken)&#xD;
--SocketException&#xD;
   at System.Net.Sockets.Socket.AwaitableSocketAsyncEventArgs.ThrowException(SocketError error, CancellationToken cancellationToken)&#xD;
   at System.Net.Sockets.Socket.AwaitableSocketAsyncEventArgs.System.Threading.Tasks.Sources.IValueTaskSource.GetResult(Int16 token)&#xD;
   at System.Net.Sockets.Socket.&lt;ConnectAsync&gt;g__WaitForConnectWithCancellation|285_0(AwaitableSocketAsyncEventArgs saea, ValueTask connectTask, CancellationToken cancellationToken)&#xD;
   at System.Net.Http.HttpConnectionPool.ConnectToTcpHostAsync(String host, Int32 port, HttpRequestMessage initialRequest, Boolean async, CancellationToken cancellationToken)&#xD;
--TearDown&#xD;
   at PulseDonations.Utilities.ScreenshotHelper.CaptureScreenshot(IWebDriver driver) in C:\Users\Remy.Miller\source\repos\PulseDonations\Utilities\ScreenshotHelper.cs:line 18&#xD;
   at PulseDonations.Utilities.Setup.CloseBrowser() in C:\Users\Remy.Miller\source\repos\PulseDonations\Utilities\Setup.cs:line 111&#xD;
   at System.RuntimeMethodHandle.InvokeMethod(Object target, Void** arguments, Signature sig, Boolean isConstructor)&#xD;
   at System.Reflection.MethodBaseInvoker.InvokeWithNoArgs(Object obj, BindingFlags invokeAttr)
</StackTrace>
        </ErrorInfo>
      </Output>
    </UnitTestResult>
    <UnitTestResult executionId="3c99e7ea-38aa-46a1-8874-94b9df50d9eb" testId="7161e44b-21ea-2da7-bf6f-443915b46ee6" testName="GeneralReportAudit" computerName="LT-6MQPN94" duration="00:01:24.1632280" startTime="2025-07-25T14:59:54.2376914+02:00" endTime="2025-07-25T15:01:18.3995383+02:00" testType="13cdc9d9-ddb5-4fa4-a97d-d965ccfc6d4b" outcome="Failed" testListId="8c84fa94-04c1-424b-9868-57a2d4851a1d" relativeResultsDirectory="3c99e7ea-38aa-46a1-8874-94b9df50d9eb">
      <Output>
        <ErrorInfo>
          <Message>System.AggregateException : One or more errors occurred. (A connection attempt failed because the connected party did not properly respond after a period of time, or established connection failed because connected host has failed to respond. (googlechromelabs.github.io:443))&#xD;
  ----&gt; System.Net.Http.HttpRequestException : A connection attempt failed because the connected party did not properly respond after a period of time, or established connection failed because connected host has failed to respond. (googlechromelabs.github.io:443)&#xD;
  ----&gt; System.Net.Sockets.SocketException : A connection attempt failed because the connected party did not properly respond after a period of time, or established connection failed because connected host has failed to respond.&#xD;
TearDown : System.NullReferenceException : Object reference not set to an instance of an object.</Message>
          <StackTrace>   at System.Threading.Tasks.Task.ThrowIfExceptional(Boolean includeTaskCanceledExceptions)&#xD;
   at System.Threading.Tasks.Task.Wait(Int32 millisecondsTimeout, CancellationToken cancellationToken)&#xD;
   at System.Threading.Tasks.Task.Wait()&#xD;
   at WebDriverManager.Clients.ChromeForTestingClient.GetResultFromHttpTask[TResult](Task`1 taskToRun)&#xD;
   at WebDriverManager.Clients.ChromeForTestingClient.GetLastKnownGoodVersions()&#xD;
   at WebDriverManager.DriverConfigs.Impl.ChromeConfig.GetLatestVersion()&#xD;
   at WebDriverManager.DriverManager.GetVersionToDownload(IDriverConfig config, String version)&#xD;
   at WebDriverManager.DriverManager.SetUpDriver(IDriverConfig config, String version, Architecture architecture)&#xD;
   at PulseDonations.Utilities.Setup.BrowserSelector(String browserName) in C:\Users\Remy.Miller\source\repos\PulseDonations\Utilities\Setup.cs:line 83&#xD;
   at PulseDonations.Utilities.Setup.StartBrowser() in C:\Users\Remy.Miller\source\repos\PulseDonations\Utilities\Setup.cs:line 32&#xD;
   at InvokeStub_Setup.StartBrowser(Object, Object, IntPtr*)&#xD;
   at System.Reflection.MethodBaseInvoker.InvokeWithNoArgs(Object obj, BindingFlags invokeAttr)&#xD;
--HttpRequestException&#xD;
   at System.Net.Http.HttpConnectionPool.ConnectToTcpHostAsync(String host, Int32 port, HttpRequestMessage initialRequest, Boolean async, CancellationToken cancellationToken)&#xD;
   at System.Net.Http.HttpConnectionPool.ConnectAsync(HttpRequestMessage request, Boolean async, CancellationToken cancellationToken)&#xD;
   at System.Net.Http.HttpConnectionPool.CreateHttp11ConnectionAsync(HttpRequestMessage request, Boolean async, CancellationToken cancellationToken)&#xD;
   at System.Net.Http.HttpConnectionPool.AddHttp11ConnectionAsync(QueueItem queueItem)&#xD;
   at System.Threading.Tasks.TaskCompletionSourceWithCancellation`1.WaitWithCancellationAsync(CancellationToken cancellationToken)&#xD;
   at System.Net.Http.HttpConnectionPool.SendWithVersionDetectionAndRetryAsync(HttpRequestMessage request, Boolean async, Boolean doRequestAuth, CancellationToken cancellationToken)&#xD;
   at System.Net.Http.RedirectHandler.SendAsync(HttpRequestMessage request, Boolean async, CancellationToken cancellationToken)&#xD;
   at System.Net.Http.HttpClient.&lt;SendAsync&gt;g__Core|83_0(HttpRequestMessage request, HttpCompletionOption completionOption, CancellationTokenSource cts, Boolean disposeCts, CancellationTokenSource pendingRequestsCts, CancellationToken originalCancellationToken)&#xD;
--SocketException&#xD;
   at System.Net.Sockets.Socket.AwaitableSocketAsyncEventArgs.ThrowException(SocketError error, CancellationToken cancellationToken)&#xD;
   at System.Net.Sockets.Socket.AwaitableSocketAsyncEventArgs.System.Threading.Tasks.Sources.IValueTaskSource.GetResult(Int16 token)&#xD;
   at System.Net.Sockets.Socket.&lt;ConnectAsync&gt;g__WaitForConnectWithCancellation|285_0(AwaitableSocketAsyncEventArgs saea, ValueTask connectTask, CancellationToken cancellationToken)&#xD;
   at System.Net.Http.HttpConnectionPool.ConnectToTcpHostAsync(String host, Int32 port, HttpRequestMessage initialRequest, Boolean async, CancellationToken cancellationToken)&#xD;
--TearDown&#xD;
   at PulseDonations.Utilities.ScreenshotHelper.CaptureScreenshot(IWebDriver driver) in C:\Users\Remy.Miller\source\repos\PulseDonations\Utilities\ScreenshotHelper.cs:line 18&#xD;
   at PulseDonations.Utilities.Setup.CloseBrowser() in C:\Users\Remy.Miller\source\repos\PulseDonations\Utilities\Setup.cs:line 111&#xD;
   at InvokeStub_Setup.CloseBrowser(Object, Object, IntPtr*)&#xD;
   at System.Reflection.MethodBaseInvoker.InvokeWithNoArgs(Object obj, BindingFlags invokeAttr)
</StackTrace>
        </ErrorInfo>
      </Output>
    </UnitTestResult>
    <UnitTestResult executionId="8aac51b6-1e3e-4830-b73c-06145e5d0c8d" testId="08d98018-9ca2-2264-0381-fbe9e6e470e8" testName="SetupGeneralReport" computerName="LT-6MQPN94" duration="00:01:24.1496140" startTime="2025-07-25T14:58:30.0892310+02:00" endTime="2025-07-25T14:59:54.2374638+02:00" testType="13cdc9d9-ddb5-4fa4-a97d-d965ccfc6d4b" outcome="Failed" testListId="8c84fa94-04c1-424b-9868-57a2d4851a1d" relativeResultsDirectory="8aac51b6-1e3e-4830-b73c-06145e5d0c8d">
      <Output>
        <ErrorInfo>
          <Message>System.AggregateException : One or more errors occurred. (A connection attempt failed because the connected party did not properly respond after a period of time, or established connection failed because connected host has failed to respond. (googlechromelabs.github.io:443))&#xD;
  ----&gt; System.Net.Http.HttpRequestException : A connection attempt failed because the connected party did not properly respond after a period of time, or established connection failed because connected host has failed to respond. (googlechromelabs.github.io:443)&#xD;
  ----&gt; System.Net.Sockets.SocketException : A connection attempt failed because the connected party did not properly respond after a period of time, or established connection failed because connected host has failed to respond.&#xD;
TearDown : System.NullReferenceException : Object reference not set to an instance of an object.</Message>
          <StackTrace>   at System.Threading.Tasks.Task.ThrowIfExceptional(Boolean includeTaskCanceledExceptions)&#xD;
   at System.Threading.Tasks.Task.Wait(Int32 millisecondsTimeout, CancellationToken cancellationToken)&#xD;
   at System.Threading.Tasks.Task.Wait()&#xD;
   at WebDriverManager.Clients.ChromeForTestingClient.GetResultFromHttpTask[TResult](Task`1 taskToRun)&#xD;
   at WebDriverManager.Clients.ChromeForTestingClient.GetLastKnownGoodVersions()&#xD;
   at WebDriverManager.DriverConfigs.Impl.ChromeConfig.GetLatestVersion()&#xD;
   at WebDriverManager.DriverManager.GetVersionToDownload(IDriverConfig config, String version)&#xD;
   at WebDriverManager.DriverManager.SetUpDriver(IDriverConfig config, String version, Architecture architecture)&#xD;
   at PulseDonations.Utilities.Setup.BrowserSelector(String browserName) in C:\Users\Remy.Miller\source\repos\PulseDonations\Utilities\Setup.cs:line 83&#xD;
   at PulseDonations.Utilities.Setup.StartBrowser() in C:\Users\Remy.Miller\source\repos\PulseDonations\Utilities\Setup.cs:line 32&#xD;
   at InvokeStub_Setup.StartBrowser(Object, Object, IntPtr*)&#xD;
   at System.Reflection.MethodBaseInvoker.InvokeWithNoArgs(Object obj, BindingFlags invokeAttr)&#xD;
--HttpRequestException&#xD;
   at System.Net.Http.HttpConnectionPool.ConnectToTcpHostAsync(String host, Int32 port, HttpRequestMessage initialRequest, Boolean async, CancellationToken cancellationToken)&#xD;
   at System.Net.Http.HttpConnectionPool.ConnectAsync(HttpRequestMessage request, Boolean async, CancellationToken cancellationToken)&#xD;
   at System.Net.Http.HttpConnectionPool.CreateHttp11ConnectionAsync(HttpRequestMessage request, Boolean async, CancellationToken cancellationToken)&#xD;
   at System.Net.Http.HttpConnectionPool.AddHttp11ConnectionAsync(QueueItem queueItem)&#xD;
   at System.Threading.Tasks.TaskCompletionSourceWithCancellation`1.WaitWithCancellationAsync(CancellationToken cancellationToken)&#xD;
   at System.Net.Http.HttpConnectionPool.SendWithVersionDetectionAndRetryAsync(HttpRequestMessage request, Boolean async, Boolean doRequestAuth, CancellationToken cancellationToken)&#xD;
   at System.Net.Http.RedirectHandler.SendAsync(HttpRequestMessage request, Boolean async, CancellationToken cancellationToken)&#xD;
   at System.Net.Http.HttpClient.&lt;SendAsync&gt;g__Core|83_0(HttpRequestMessage request, HttpCompletionOption completionOption, CancellationTokenSource cts, Boolean disposeCts, CancellationTokenSource pendingRequestsCts, CancellationToken originalCancellationToken)&#xD;
--SocketException&#xD;
   at System.Net.Sockets.Socket.AwaitableSocketAsyncEventArgs.ThrowException(SocketError error, CancellationToken cancellationToken)&#xD;
   at System.Net.Sockets.Socket.AwaitableSocketAsyncEventArgs.System.Threading.Tasks.Sources.IValueTaskSource.GetResult(Int16 token)&#xD;
   at System.Net.Sockets.Socket.&lt;ConnectAsync&gt;g__WaitForConnectWithCancellation|285_0(AwaitableSocketAsyncEventArgs saea, ValueTask connectTask, CancellationToken cancellationToken)&#xD;
   at System.Net.Http.HttpConnectionPool.ConnectToTcpHostAsync(String host, Int32 port, HttpRequestMessage initialRequest, Boolean async, CancellationToken cancellationToken)&#xD;
--TearDown&#xD;
   at PulseDonations.Utilities.ScreenshotHelper.CaptureScreenshot(IWebDriver driver) in C:\Users\Remy.Miller\source\repos\PulseDonations\Utilities\ScreenshotHelper.cs:line 18&#xD;
   at PulseDonations.Utilities.Setup.CloseBrowser() in C:\Users\Remy.Miller\source\repos\PulseDonations\Utilities\Setup.cs:line 111&#xD;
   at InvokeStub_Setup.CloseBrowser(Object, Object, IntPtr*)&#xD;
   at System.Reflection.MethodBaseInvoker.InvokeWithNoArgs(Object obj, BindingFlags invokeAttr)
</StackTrace>
        </ErrorInfo>
      </Output>
    </UnitTestResult>
  </Results>
  <TestDefinitions>
    <UnitTest name="SetupGeneralReport" storage="c:\users\remy.miller\source\repos\pulsedonations\bin\debug\net8.0\pulsedonations.dll" id="08d98018-9ca2-2264-0381-fbe9e6e470e8">
      <Execution id="8aac51b6-1e3e-4830-b73c-06145e5d0c8d" />
      <TestMethod codeBase="C:\Users\Remy.Miller\source\repos\PulseDonations\bin\Debug\net8.0\PulseDonations.dll" adapterTypeName="executor://nunit3testexecutor/" className="PulseDonations.Tests.Clinic" name="SetupGeneralReport" />
    </UnitTest>
    <UnitTest name="GeneralReportAudit" storage="c:\users\remy.miller\source\repos\pulsedonations\bin\debug\net8.0\pulsedonations.dll" id="7161e44b-21ea-2da7-bf6f-443915b46ee6">
      <Execution id="3c99e7ea-38aa-46a1-8874-94b9df50d9eb" />
      <TestMethod codeBase="C:\Users\Remy.Miller\source\repos\PulseDonations\bin\Debug\net8.0\PulseDonations.dll" adapterTypeName="executor://nunit3testexecutor/" className="PulseDonations.Tests.Clinic" name="GeneralReportAudit" />
    </UnitTest>
    <UnitTest name="SetupClinicReport" storage="c:\users\remy.miller\source\repos\pulsedonations\bin\debug\net8.0\pulsedonations.dll" id="726c3606-88b0-a7d9-091a-e2e8916a9eb3">
      <Execution id="eaccbdb8-a50c-45f7-ad3f-111df7859513" />
      <TestMethod codeBase="C:\Users\Remy.Miller\source\repos\PulseDonations\bin\Debug\net8.0\PulseDonations.dll" adapterTypeName="executor://nunit3testexecutor/" className="PulseDonations.Tests.Clinic" name="SetupClinicReport" />
    </UnitTest>
  </TestDefinitions>
  <TestEntries>
    <TestEntry testId="726c3606-88b0-a7d9-091a-e2e8916a9eb3" executionId="eaccbdb8-a50c-45f7-ad3f-111df7859513" testListId="8c84fa94-04c1-424b-9868-57a2d4851a1d" />
    <TestEntry testId="7161e44b-21ea-2da7-bf6f-443915b46ee6" executionId="3c99e7ea-38aa-46a1-8874-94b9df50d9eb" testListId="8c84fa94-04c1-424b-9868-57a2d4851a1d" />
    <TestEntry testId="08d98018-9ca2-2264-0381-fbe9e6e470e8" executionId="8aac51b6-1e3e-4830-b73c-06145e5d0c8d" testListId="8c84fa94-04c1-424b-9868-57a2d4851a1d" />
  </TestEntries>
  <TestLists>
    <TestList name="Results Not in a List" id="8c84fa94-04c1-424b-9868-57a2d4851a1d" />
    <TestList name="All Loaded Results" id="19431567-8539-422a-85d7-44ee4e166bda" />
  </TestLists>
  <ResultSummary outcome="Failed">
    <Counters total="3" executed="3" passed="0" failed="3" error="0" timeout="0" aborted="0" inconclusive="0" passedButRunAborted="0" notRunnable="0" notExecuted="0" disconnected="0" warning="0" completed="0" inProgress="0" pending="0" />
    <Output>
      <StdOut>NUnit Adapter 4.5.0.0: Test execution started&#xD;
Running selected tests in C:\Users\Remy.Miller\source\repos\PulseDonations\bin\Debug\net8.0\PulseDonations.dll&#xD;
   NUnit3TestExecutor discovered 3 of 3 NUnit test cases using Current Discovery mode, Non-Explicit run&#xD;
NUnit Adapter 4.5.0.0: Test execution complete&#xD;
</StdOut>
    </Output>
  </ResultSummary>
</TestRun>