<?xml version="1.0" encoding="utf-8"?>
<TestRun id="72853183-c3ab-4de5-b0be-3cee1a37e850" name="Remy.Miller@LT-6MQPN94 2025-07-25 14:41:34" runUser="WPBTS\Remy.Miller" xmlns="http://microsoft.com/schemas/VisualStudio/TeamTest/2010">
  <Times creation="2025-07-25T14:41:34.8486075+02:00" queuing="2025-07-25T14:41:34.8486080+02:00" start="2025-07-25T14:41:30.7326910+02:00" finish="2025-07-25T14:41:34.8689992+02:00" />
  <TestSettings name="default" id="2b7d6c66-fd7c-45d7-ac43-3a67242bc3a8">
    <Deployment runDeploymentRoot="Remy.Miller_LT-6MQPN94_2025-07-25_14_41_34" />
  </TestSettings>
  <Results>
    <UnitTestResult executionId="58f27508-801b-44e2-b7e8-b8a2dd2f8fa7" testId="7161e44b-21ea-2da7-bf6f-443915b46ee6" testName="GeneralReportAudit" computerName="LT-6MQPN94" duration="00:00:00.0027700" startTime="2025-07-25T14:41:34.6993175+02:00" endTime="2025-07-25T14:41:34.7020878+02:00" testType="13cdc9d9-ddb5-4fa4-a97d-d965ccfc6d4b" outcome="Failed" testListId="8c84fa94-04c1-424b-9868-57a2d4851a1d" relativeResultsDirectory="58f27508-801b-44e2-b7e8-b8a2dd2f8fa7">
      <Output>
        <ErrorInfo>
          <Message>System.Net.WebException : No such host is known. (msedgedriver.azureedge.net:443)&#xD;
  ----&gt; System.Net.Http.HttpRequestException : No such host is known. (msedgedriver.azureedge.net:443)&#xD;
  ----&gt; System.Net.Sockets.SocketException : No such host is known.&#xD;
TearDown : System.NullReferenceException : Object reference not set to an instance of an object.</Message>
          <StackTrace>   at System.Net.HttpWebRequest.GetResponse()&#xD;
   at WebDriverManager.DriverConfigs.Impl.EdgeConfig.GetLatestVersion(String url)&#xD;
   at WebDriverManager.DriverConfigs.Impl.EdgeConfig.GetLatestVersion()&#xD;
   at WebDriverManager.DriverManager.GetVersionToDownload(IDriverConfig config, String version)&#xD;
   at WebDriverManager.DriverManager.SetUpDriver(IDriverConfig config, String version, Architecture architecture)&#xD;
   at PulseDonations.Utilities.Setup.BrowserSelector(String browserName) in C:\Users\Remy.Miller\source\repos\PulseDonations\Utilities\Setup.cs:line 88&#xD;
   at PulseDonations.Utilities.Setup.StartBrowser() in C:\Users\Remy.Miller\source\repos\PulseDonations\Utilities\Setup.cs:line 32&#xD;
   at InvokeStub_Setup.StartBrowser(Object, Object, IntPtr*)&#xD;
   at System.Reflection.MethodBaseInvoker.InvokeWithNoArgs(Object obj, BindingFlags invokeAttr)&#xD;
--HttpRequestException&#xD;
   at System.Net.Http.HttpConnectionPool.ConnectToTcpHostAsync(String host, Int32 port, HttpRequestMessage initialRequest, Boolean async, CancellationToken cancellationToken)&#xD;
   at System.Net.Http.HttpConnectionPool.ConnectAsync(HttpRequestMessage request, Boolean async, CancellationToken cancellationToken)&#xD;
   at System.Net.Http.HttpConnectionPool.CreateHttp11ConnectionAsync(HttpRequestMessage request, Boolean async, CancellationToken cancellationToken)&#xD;
   at System.Net.Http.HttpConnectionPool.AddHttp11ConnectionAsync(QueueItem queueItem)&#xD;
   at System.Threading.Tasks.TaskCompletionSourceWithCancellation`1.WaitWithCancellation(CancellationToken cancellationToken)&#xD;
   at System.Net.Http.HttpConnectionPool.SendWithVersionDetectionAndRetryAsync(HttpRequestMessage request, Boolean async, Boolean doRequestAuth, CancellationToken cancellationToken)&#xD;
   at System.Net.Http.HttpMessageHandlerStage.Send(HttpRequestMessage request, CancellationToken cancellationToken)&#xD;
   at System.Net.Http.DiagnosticsHandler.SendAsync(HttpRequestMessage request, Boolean async, CancellationToken cancellationToken)&#xD;
   at System.Net.Http.HttpMessageHandlerStage.Send(HttpRequestMessage request, CancellationToken cancellationToken)&#xD;
   at System.Net.Http.Metrics.MetricsHandler.SendAsync(HttpRequestMessage request, Boolean async, CancellationToken cancellationToken)&#xD;
   at System.Net.Http.RedirectHandler.SendAsync(HttpRequestMessage request, Boolean async, CancellationToken cancellationToken)&#xD;
   at System.Net.Http.HttpMessageHandlerStage.Send(HttpRequestMessage request, CancellationToken cancellationToken)&#xD;
   at System.Net.Http.SocketsHttpHandler.Send(HttpRequestMessage request, CancellationToken cancellationToken)&#xD;
   at System.Net.Http.HttpClient.Send(HttpRequestMessage request, HttpCompletionOption completionOption, CancellationToken cancellationToken)&#xD;
   at System.Net.HttpWebRequest.SendRequest(Boolean async)&#xD;
   at System.Net.HttpWebRequest.GetResponse()&#xD;
--SocketException&#xD;
   at System.Net.Dns.GetHostEntryOrAddressesCore(String hostName, Boolean justAddresses, AddressFamily addressFamily, Nullable`1 startingTimestamp)&#xD;
   at System.Net.Dns.GetHostAddresses(String hostNameOrAddress, AddressFamily family)&#xD;
   at System.Net.Sockets.Socket.Connect(String host, Int32 port)&#xD;
   at System.Net.Sockets.Socket.Connect(EndPoint remoteEP)&#xD;
   at System.Net.HttpWebRequest.&lt;&gt;c__DisplayClass219_0.&lt;&lt;CreateHttpClient&gt;b__1&gt;d.MoveNext()&#xD;
--- End of stack trace from previous location ---&#xD;
   at System.Net.Http.HttpConnectionPool.ConnectToTcpHostAsync(String host, Int32 port, HttpRequestMessage initialRequest, Boolean async, CancellationToken cancellationToken)&#xD;
--TearDown&#xD;
   at PulseDonations.Utilities.ScreenshotHelper.CaptureScreenshot(IWebDriver driver) in C:\Users\Remy.Miller\source\repos\PulseDonations\Utilities\ScreenshotHelper.cs:line 18&#xD;
   at PulseDonations.Utilities.Setup.CloseBrowser() in C:\Users\Remy.Miller\source\repos\PulseDonations\Utilities\Setup.cs:line 111&#xD;
   at InvokeStub_Setup.CloseBrowser(Object, Object, IntPtr*)&#xD;
   at System.Reflection.MethodBaseInvoker.InvokeWithNoArgs(Object obj, BindingFlags invokeAttr)
</StackTrace>
        </ErrorInfo>
      </Output>
    </UnitTestResult>
    <UnitTestResult executionId="21ebcd61-f313-46d9-bb74-ea78e9c21502" testId="726c3606-88b0-a7d9-091a-e2e8916a9eb3" testName="SetupClinicReport" computerName="LT-6MQPN94" duration="00:00:00.3080629" startTime="2025-07-25T14:41:34.3868594+02:00" endTime="2025-07-25T14:41:34.6948581+02:00" testType="13cdc9d9-ddb5-4fa4-a97d-d965ccfc6d4b" outcome="Failed" testListId="8c84fa94-04c1-424b-9868-57a2d4851a1d" relativeResultsDirectory="21ebcd61-f313-46d9-bb74-ea78e9c21502">
      <Output>
        <ErrorInfo>
          <Message>System.Net.WebException : No such host is known. (msedgedriver.azureedge.net:443)&#xD;
  ----&gt; System.Net.Http.HttpRequestException : No such host is known. (msedgedriver.azureedge.net:443)&#xD;
  ----&gt; System.Net.Sockets.SocketException : No such host is known.&#xD;
TearDown : System.NullReferenceException : Object reference not set to an instance of an object.</Message>
          <StackTrace>   at System.Net.HttpWebRequest.GetResponse()&#xD;
   at WebDriverManager.DriverConfigs.Impl.EdgeConfig.GetLatestVersion(String url)&#xD;
   at WebDriverManager.DriverConfigs.Impl.EdgeConfig.GetLatestVersion()&#xD;
   at WebDriverManager.DriverManager.GetVersionToDownload(IDriverConfig config, String version)&#xD;
   at WebDriverManager.DriverManager.SetUpDriver(IDriverConfig config, String version, Architecture architecture)&#xD;
   at PulseDonations.Utilities.Setup.BrowserSelector(String browserName) in C:\Users\Remy.Miller\source\repos\PulseDonations\Utilities\Setup.cs:line 88&#xD;
   at PulseDonations.Utilities.Setup.StartBrowser() in C:\Users\Remy.Miller\source\repos\PulseDonations\Utilities\Setup.cs:line 32&#xD;
   at System.RuntimeMethodHandle.InvokeMethod(Object target, Void** arguments, Signature sig, Boolean isConstructor)&#xD;
   at System.Reflection.MethodBaseInvoker.InvokeWithNoArgs(Object obj, BindingFlags invokeAttr)&#xD;
--HttpRequestException&#xD;
   at System.Net.Http.HttpConnectionPool.ConnectToTcpHostAsync(String host, Int32 port, HttpRequestMessage initialRequest, Boolean async, CancellationToken cancellationToken)&#xD;
   at System.Net.Http.HttpConnectionPool.ConnectAsync(HttpRequestMessage request, Boolean async, CancellationToken cancellationToken)&#xD;
   at System.Net.Http.HttpConnectionPool.CreateHttp11ConnectionAsync(HttpRequestMessage request, Boolean async, CancellationToken cancellationToken)&#xD;
   at System.Net.Http.HttpConnectionPool.AddHttp11ConnectionAsync(QueueItem queueItem)&#xD;
   at System.Threading.Tasks.TaskCompletionSourceWithCancellation`1.WaitWithCancellation(CancellationToken cancellationToken)&#xD;
   at System.Net.Http.HttpConnectionPool.SendWithVersionDetectionAndRetryAsync(HttpRequestMessage request, Boolean async, Boolean doRequestAuth, CancellationToken cancellationToken)&#xD;
   at System.Net.Http.HttpMessageHandlerStage.Send(HttpRequestMessage request, CancellationToken cancellationToken)&#xD;
   at System.Net.Http.DiagnosticsHandler.SendAsync(HttpRequestMessage request, Boolean async, CancellationToken cancellationToken)&#xD;
   at System.Net.Http.HttpMessageHandlerStage.Send(HttpRequestMessage request, CancellationToken cancellationToken)&#xD;
   at System.Net.Http.Metrics.MetricsHandler.SendAsync(HttpRequestMessage request, Boolean async, CancellationToken cancellationToken)&#xD;
   at System.Net.Http.RedirectHandler.SendAsync(HttpRequestMessage request, Boolean async, CancellationToken cancellationToken)&#xD;
   at System.Net.Http.HttpMessageHandlerStage.Send(HttpRequestMessage request, CancellationToken cancellationToken)&#xD;
   at System.Net.Http.SocketsHttpHandler.Send(HttpRequestMessage request, CancellationToken cancellationToken)&#xD;
   at System.Net.Http.HttpClient.Send(HttpRequestMessage request, HttpCompletionOption completionOption, CancellationToken cancellationToken)&#xD;
   at System.Net.HttpWebRequest.SendRequest(Boolean async)&#xD;
   at System.Net.HttpWebRequest.GetResponse()&#xD;
--SocketException&#xD;
   at System.Net.Dns.GetHostEntryOrAddressesCore(String hostName, Boolean justAddresses, AddressFamily addressFamily, Nullable`1 startingTimestamp)&#xD;
   at System.Net.Dns.GetHostAddresses(String hostNameOrAddress, AddressFamily family)&#xD;
   at System.Net.Sockets.Socket.Connect(String host, Int32 port)&#xD;
   at System.Net.Sockets.Socket.Connect(EndPoint remoteEP)&#xD;
   at System.Net.HttpWebRequest.&lt;&gt;c__DisplayClass219_0.&lt;&lt;CreateHttpClient&gt;b__1&gt;d.MoveNext()&#xD;
--- End of stack trace from previous location ---&#xD;
   at System.Net.Http.HttpConnectionPool.ConnectToTcpHostAsync(String host, Int32 port, HttpRequestMessage initialRequest, Boolean async, CancellationToken cancellationToken)&#xD;
--TearDown&#xD;
   at PulseDonations.Utilities.ScreenshotHelper.CaptureScreenshot(IWebDriver driver) in C:\Users\Remy.Miller\source\repos\PulseDonations\Utilities\ScreenshotHelper.cs:line 18&#xD;
   at PulseDonations.Utilities.Setup.CloseBrowser() in C:\Users\Remy.Miller\source\repos\PulseDonations\Utilities\Setup.cs:line 111&#xD;
   at System.RuntimeMethodHandle.InvokeMethod(Object target, Void** arguments, Signature sig, Boolean isConstructor)&#xD;
   at System.Reflection.MethodBaseInvoker.InvokeWithNoArgs(Object obj, BindingFlags invokeAttr)
</StackTrace>
        </ErrorInfo>
      </Output>
    </UnitTestResult>
    <UnitTestResult executionId="b37d3962-e4fc-4677-91c1-5b8bd7944389" testId="08d98018-9ca2-2264-0381-fbe9e6e470e8" testName="SetupGeneralReport" computerName="LT-6MQPN94" duration="00:00:00.0028990" startTime="2025-07-25T14:41:34.6963905+02:00" endTime="2025-07-25T14:41:34.6992895+02:00" testType="13cdc9d9-ddb5-4fa4-a97d-d965ccfc6d4b" outcome="Failed" testListId="8c84fa94-04c1-424b-9868-57a2d4851a1d" relativeResultsDirectory="b37d3962-e4fc-4677-91c1-5b8bd7944389">
      <Output>
        <ErrorInfo>
          <Message>System.Net.WebException : No such host is known. (msedgedriver.azureedge.net:443)&#xD;
  ----&gt; System.Net.Http.HttpRequestException : No such host is known. (msedgedriver.azureedge.net:443)&#xD;
  ----&gt; System.Net.Sockets.SocketException : No such host is known.&#xD;
TearDown : System.NullReferenceException : Object reference not set to an instance of an object.</Message>
          <StackTrace>   at System.Net.HttpWebRequest.GetResponse()&#xD;
   at WebDriverManager.DriverConfigs.Impl.EdgeConfig.GetLatestVersion(String url)&#xD;
   at WebDriverManager.DriverConfigs.Impl.EdgeConfig.GetLatestVersion()&#xD;
   at WebDriverManager.DriverManager.GetVersionToDownload(IDriverConfig config, String version)&#xD;
   at WebDriverManager.DriverManager.SetUpDriver(IDriverConfig config, String version, Architecture architecture)&#xD;
   at PulseDonations.Utilities.Setup.BrowserSelector(String browserName) in C:\Users\Remy.Miller\source\repos\PulseDonations\Utilities\Setup.cs:line 88&#xD;
   at PulseDonations.Utilities.Setup.StartBrowser() in C:\Users\Remy.Miller\source\repos\PulseDonations\Utilities\Setup.cs:line 32&#xD;
   at InvokeStub_Setup.StartBrowser(Object, Object, IntPtr*)&#xD;
   at System.Reflection.MethodBaseInvoker.InvokeWithNoArgs(Object obj, BindingFlags invokeAttr)&#xD;
--HttpRequestException&#xD;
   at System.Net.Http.HttpConnectionPool.ConnectToTcpHostAsync(String host, Int32 port, HttpRequestMessage initialRequest, Boolean async, CancellationToken cancellationToken)&#xD;
   at System.Net.Http.HttpConnectionPool.ConnectAsync(HttpRequestMessage request, Boolean async, CancellationToken cancellationToken)&#xD;
   at System.Net.Http.HttpConnectionPool.CreateHttp11ConnectionAsync(HttpRequestMessage request, Boolean async, CancellationToken cancellationToken)&#xD;
   at System.Net.Http.HttpConnectionPool.AddHttp11ConnectionAsync(QueueItem queueItem)&#xD;
   at System.Threading.Tasks.TaskCompletionSourceWithCancellation`1.WaitWithCancellation(CancellationToken cancellationToken)&#xD;
   at System.Net.Http.HttpConnectionPool.SendWithVersionDetectionAndRetryAsync(HttpRequestMessage request, Boolean async, Boolean doRequestAuth, CancellationToken cancellationToken)&#xD;
   at System.Net.Http.HttpMessageHandlerStage.Send(HttpRequestMessage request, CancellationToken cancellationToken)&#xD;
   at System.Net.Http.DiagnosticsHandler.SendAsync(HttpRequestMessage request, Boolean async, CancellationToken cancellationToken)&#xD;
   at System.Net.Http.HttpMessageHandlerStage.Send(HttpRequestMessage request, CancellationToken cancellationToken)&#xD;
   at System.Net.Http.Metrics.MetricsHandler.SendAsync(HttpRequestMessage request, Boolean async, CancellationToken cancellationToken)&#xD;
   at System.Net.Http.RedirectHandler.SendAsync(HttpRequestMessage request, Boolean async, CancellationToken cancellationToken)&#xD;
   at System.Net.Http.HttpMessageHandlerStage.Send(HttpRequestMessage request, CancellationToken cancellationToken)&#xD;
   at System.Net.Http.SocketsHttpHandler.Send(HttpRequestMessage request, CancellationToken cancellationToken)&#xD;
   at System.Net.Http.HttpClient.Send(HttpRequestMessage request, HttpCompletionOption completionOption, CancellationToken cancellationToken)&#xD;
   at System.Net.HttpWebRequest.SendRequest(Boolean async)&#xD;
   at System.Net.HttpWebRequest.GetResponse()&#xD;
--SocketException&#xD;
   at System.Net.Dns.GetHostEntryOrAddressesCore(String hostName, Boolean justAddresses, AddressFamily addressFamily, Nullable`1 startingTimestamp)&#xD;
   at System.Net.Dns.GetHostAddresses(String hostNameOrAddress, AddressFamily family)&#xD;
   at System.Net.Sockets.Socket.Connect(String host, Int32 port)&#xD;
   at System.Net.Sockets.Socket.Connect(EndPoint remoteEP)&#xD;
   at System.Net.HttpWebRequest.&lt;&gt;c__DisplayClass219_0.&lt;&lt;CreateHttpClient&gt;b__1&gt;d.MoveNext()&#xD;
--- End of stack trace from previous location ---&#xD;
   at System.Net.Http.HttpConnectionPool.ConnectToTcpHostAsync(String host, Int32 port, HttpRequestMessage initialRequest, Boolean async, CancellationToken cancellationToken)&#xD;
--TearDown&#xD;
   at PulseDonations.Utilities.ScreenshotHelper.CaptureScreenshot(IWebDriver driver) in C:\Users\Remy.Miller\source\repos\PulseDonations\Utilities\ScreenshotHelper.cs:line 18&#xD;
   at PulseDonations.Utilities.Setup.CloseBrowser() in C:\Users\Remy.Miller\source\repos\PulseDonations\Utilities\Setup.cs:line 111&#xD;
   at InvokeStub_Setup.CloseBrowser(Object, Object, IntPtr*)&#xD;
   at System.Reflection.MethodBaseInvoker.InvokeWithNoArgs(Object obj, BindingFlags invokeAttr)
</StackTrace>
        </ErrorInfo>
      </Output>
    </UnitTestResult>
  </Results>
  <TestDefinitions>
    <UnitTest name="SetupGeneralReport" storage="c:\users\remy.miller\source\repos\pulsedonations\bin\debug\net8.0\pulsedonations.dll" id="08d98018-9ca2-2264-0381-fbe9e6e470e8">
      <Execution id="b37d3962-e4fc-4677-91c1-5b8bd7944389" />
      <TestMethod codeBase="C:\Users\Remy.Miller\source\repos\PulseDonations\bin\Debug\net8.0\PulseDonations.dll" adapterTypeName="executor://nunit3testexecutor/" className="PulseDonations.Tests.Clinic" name="SetupGeneralReport" />
    </UnitTest>
    <UnitTest name="GeneralReportAudit" storage="c:\users\remy.miller\source\repos\pulsedonations\bin\debug\net8.0\pulsedonations.dll" id="7161e44b-21ea-2da7-bf6f-443915b46ee6">
      <Execution id="58f27508-801b-44e2-b7e8-b8a2dd2f8fa7" />
      <TestMethod codeBase="C:\Users\Remy.Miller\source\repos\PulseDonations\bin\Debug\net8.0\PulseDonations.dll" adapterTypeName="executor://nunit3testexecutor/" className="PulseDonations.Tests.Clinic" name="GeneralReportAudit" />
    </UnitTest>
    <UnitTest name="SetupClinicReport" storage="c:\users\remy.miller\source\repos\pulsedonations\bin\debug\net8.0\pulsedonations.dll" id="726c3606-88b0-a7d9-091a-e2e8916a9eb3">
      <Execution id="21ebcd61-f313-46d9-bb74-ea78e9c21502" />
      <TestMethod codeBase="C:\Users\Remy.Miller\source\repos\PulseDonations\bin\Debug\net8.0\PulseDonations.dll" adapterTypeName="executor://nunit3testexecutor/" className="PulseDonations.Tests.Clinic" name="SetupClinicReport" />
    </UnitTest>
  </TestDefinitions>
  <TestEntries>
    <TestEntry testId="7161e44b-21ea-2da7-bf6f-443915b46ee6" executionId="58f27508-801b-44e2-b7e8-b8a2dd2f8fa7" testListId="8c84fa94-04c1-424b-9868-57a2d4851a1d" />
    <TestEntry testId="726c3606-88b0-a7d9-091a-e2e8916a9eb3" executionId="21ebcd61-f313-46d9-bb74-ea78e9c21502" testListId="8c84fa94-04c1-424b-9868-57a2d4851a1d" />
    <TestEntry testId="08d98018-9ca2-2264-0381-fbe9e6e470e8" executionId="b37d3962-e4fc-4677-91c1-5b8bd7944389" testListId="8c84fa94-04c1-424b-9868-57a2d4851a1d" />
  </TestEntries>
  <TestLists>
    <TestList name="Results Not in a List" id="8c84fa94-04c1-424b-9868-57a2d4851a1d" />
    <TestList name="All Loaded Results" id="19431567-8539-422a-85d7-44ee4e166bda" />
  </TestLists>
  <ResultSummary outcome="Failed">
    <Counters total="3" executed="3" passed="0" failed="3" error="0" timeout="0" aborted="0" inconclusive="0" passedButRunAborted="0" notRunnable="0" notExecuted="0" disconnected="0" warning="0" completed="0" inProgress="0" pending="0" />
    <Output>
      <StdOut>NUnit Adapter 4.5.0.0: Test execution started&#xD;
Running selected tests in C:\Users\Remy.Miller\source\repos\PulseDonations\bin\Debug\net8.0\PulseDonations.dll&#xD;
   NUnit3TestExecutor discovered 3 of 3 NUnit test cases using Current Discovery mode, Non-Explicit run&#xD;
NUnit Adapter 4.5.0.0: Test execution complete&#xD;
</StdOut>
    </Output>
  </ResultSummary>
</TestRun>