<?xml version="1.0" encoding="utf-8"?>
<TestRun id="53d91927-3351-4745-8df2-c1034c163583" name="Remy.Miller@LT-6MQPN94 2025-07-25 11:26:34" runUser="WPBTS\Remy.Miller" xmlns="http://microsoft.com/schemas/VisualStudio/TeamTest/2010">
  <Times creation="2025-07-25T11:26:34.2932670+02:00" queuing="2025-07-25T11:26:34.2932673+02:00" start="2025-07-25T11:26:16.5686960+02:00" finish="2025-07-25T11:28:29.0218352+02:00" />
  <TestSettings name="default" id="a8febf40-35c2-4bdc-827f-8192ef9ab916">
    <Deployment runDeploymentRoot="Remy.Miller_LT-6MQPN94_2025-07-25_11_26_34" />
  </TestSettings>
  <Results>
    <UnitTestResult executionId="7752fe64-9af1-483e-b6a7-39feca662aeb" testId="08d98018-9ca2-2264-0381-fbe9e6e470e8" testName="SetupGeneralReport" computerName="LT-6MQPN94" duration="00:01:42.3208690" startTime="2025-07-25T11:26:34.2594838+02:00" endTime="2025-07-25T11:28:16.5799937+02:00" testType="13cdc9d9-ddb5-4fa4-a97d-d965ccfc6d4b" outcome="Passed" testListId="8c84fa94-04c1-424b-9868-57a2d4851a1d" relativeResultsDirectory="7752fe64-9af1-483e-b6a7-39feca662aeb" />
    <UnitTestResult executionId="5f231743-8914-4ffe-8521-bfbfe27f584c" testId="7161e44b-21ea-2da7-bf6f-443915b46ee6" testName="GeneralReportAudit" computerName="LT-6MQPN94" duration="00:00:12.3788380" startTime="2025-07-25T11:28:16.5800314+02:00" endTime="2025-07-25T11:28:28.9588248+02:00" testType="13cdc9d9-ddb5-4fa4-a97d-d965ccfc6d4b" outcome="Passed" testListId="8c84fa94-04c1-424b-9868-57a2d4851a1d" relativeResultsDirectory="5f231743-8914-4ffe-8521-bfbfe27f584c" />
    <UnitTestResult executionId="e1b38ef8-8dc9-4976-836e-640c348cdee7" testId="726c3606-88b0-a7d9-091a-e2e8916a9eb3" testName="SetupClinicReport" computerName="LT-6MQPN94" duration="00:00:14.9556300" startTime="2025-07-25T11:26:19.3030398+02:00" endTime="2025-07-25T11:26:34.2585797+02:00" testType="13cdc9d9-ddb5-4fa4-a97d-d965ccfc6d4b" outcome="Passed" testListId="8c84fa94-04c1-424b-9868-57a2d4851a1d" relativeResultsDirectory="e1b38ef8-8dc9-4976-836e-640c348cdee7" />
  </Results>
  <TestDefinitions>
    <UnitTest name="SetupGeneralReport" storage="c:\users\remy.miller\source\repos\pulsedonations\bin\debug\net8.0\pulsedonations.dll" id="08d98018-9ca2-2264-0381-fbe9e6e470e8">
      <Execution id="7752fe64-9af1-483e-b6a7-39feca662aeb" />
      <TestMethod codeBase="C:\Users\Remy.Miller\source\repos\PulseDonations\bin\Debug\net8.0\PulseDonations.dll" adapterTypeName="executor://nunit3testexecutor/" className="PulseDonations.Tests.Clinic" name="SetupGeneralReport" />
    </UnitTest>
    <UnitTest name="GeneralReportAudit" storage="c:\users\remy.miller\source\repos\pulsedonations\bin\debug\net8.0\pulsedonations.dll" id="7161e44b-21ea-2da7-bf6f-443915b46ee6">
      <Execution id="5f231743-8914-4ffe-8521-bfbfe27f584c" />
      <TestMethod codeBase="C:\Users\Remy.Miller\source\repos\PulseDonations\bin\Debug\net8.0\PulseDonations.dll" adapterTypeName="executor://nunit3testexecutor/" className="PulseDonations.Tests.Clinic" name="GeneralReportAudit" />
    </UnitTest>
    <UnitTest name="SetupClinicReport" storage="c:\users\remy.miller\source\repos\pulsedonations\bin\debug\net8.0\pulsedonations.dll" id="726c3606-88b0-a7d9-091a-e2e8916a9eb3">
      <Execution id="e1b38ef8-8dc9-4976-836e-640c348cdee7" />
      <TestMethod codeBase="C:\Users\Remy.Miller\source\repos\PulseDonations\bin\Debug\net8.0\PulseDonations.dll" adapterTypeName="executor://nunit3testexecutor/" className="PulseDonations.Tests.Clinic" name="SetupClinicReport" />
    </UnitTest>
  </TestDefinitions>
  <TestEntries>
    <TestEntry testId="08d98018-9ca2-2264-0381-fbe9e6e470e8" executionId="7752fe64-9af1-483e-b6a7-39feca662aeb" testListId="8c84fa94-04c1-424b-9868-57a2d4851a1d" />
    <TestEntry testId="7161e44b-21ea-2da7-bf6f-443915b46ee6" executionId="5f231743-8914-4ffe-8521-bfbfe27f584c" testListId="8c84fa94-04c1-424b-9868-57a2d4851a1d" />
    <TestEntry testId="726c3606-88b0-a7d9-091a-e2e8916a9eb3" executionId="e1b38ef8-8dc9-4976-836e-640c348cdee7" testListId="8c84fa94-04c1-424b-9868-57a2d4851a1d" />
  </TestEntries>
  <TestLists>
    <TestList name="Results Not in a List" id="8c84fa94-04c1-424b-9868-57a2d4851a1d" />
    <TestList name="All Loaded Results" id="19431567-8539-422a-85d7-44ee4e166bda" />
  </TestLists>
  <ResultSummary outcome="Completed">
    <Counters total="3" executed="3" passed="3" failed="0" error="0" timeout="0" aborted="0" inconclusive="0" passedButRunAborted="0" notRunnable="0" notExecuted="0" disconnected="0" warning="0" completed="0" inProgress="0" pending="0" />
    <Output>
      <StdOut>NUnit Adapter 4.5.0.0: Test execution started&#xD;
Running selected tests in C:\Users\Remy.Miller\source\repos\PulseDonations\bin\Debug\net8.0\PulseDonations.dll&#xD;
   NUnit3TestExecutor discovered 3 of 3 NUnit test cases using Current Discovery mode, Non-Explicit run&#xD;
Starting ChromeDriver 138.0.7204.168 (3e8d82e86e9f508e88ed406c2a24657a6c691d30-refs/branch-heads/7204@{#2081}) on port 54277&#xD;
Only local connections are allowed.&#xD;
Please see https://chromedriver.chromium.org/security-considerations for suggestions on keeping ChromeDriver safe.&#xD;
ChromeDriver was started successfully on port 54277.&#xD;
CAA494055&#xD;
CAA535048&#xD;
64863935&#xD;
92887219&#xD;
56881806&#xD;
40829914&#xD;
61302901&#xD;
43126538&#xD;
52704947&#xD;
50898705&#xD;
61287744&#xD;
Starting ChromeDriver 138.0.7204.168 (3e8d82e86e9f508e88ed406c2a24657a6c691d30-refs/branch-heads/7204@{#2081}) on port 54304&#xD;
Only local connections are allowed.&#xD;
Please see https://chromedriver.chromium.org/security-considerations for suggestions on keeping ChromeDriver safe.&#xD;
ChromeDriver was started successfully on port 54304.&#xD;
CAA351311&#xD;
CAA981918&#xD;
93684020&#xD;
14803848&#xD;
63577683&#xD;
56602469&#xD;
49712529&#xD;
72110309&#xD;
59103037&#xD;
79109139&#xD;
71263947&#xD;
Source Plasma&#xD;
Equipment Check&#xD;
Source Plasma&#xD;
Starting ChromeDriver 138.0.7204.168 (3e8d82e86e9f508e88ed406c2a24657a6c691d30-refs/branch-heads/7204@{#2081}) on port 54359&#xD;
Only local connections are allowed.&#xD;
Please see https://chromedriver.chromium.org/security-considerations for suggestions on keeping ChromeDriver safe.&#xD;
ChromeDriver was started successfully on port 54359.&#xD;
CAA815233&#xD;
CAA517981&#xD;
32760230&#xD;
29358591&#xD;
59145702&#xD;
44200642&#xD;
55613102&#xD;
61908880&#xD;
11490701&#xD;
12242520&#xD;
61879590&#xD;
NUnit Adapter 4.5.0.0: Test execution complete&#xD;
</StdOut>
    </Output>
  </ResultSummary>
</TestRun>