<?xml version="1.0" encoding="utf-8"?>
<TestRun id="6a58e44b-0df2-4c4f-bc61-3822f75e7c74" name="Remy.Miller@LT-6MQPN94 2025-07-25 15:08:37" runUser="WPBTS\Remy.Miller" xmlns="http://microsoft.com/schemas/VisualStudio/TeamTest/2010">
  <Times creation="2025-07-25T15:08:37.5043761+02:00" queuing="2025-07-25T15:08:37.5043765+02:00" start="2025-07-25T15:08:34.7730333+02:00" finish="2025-07-25T15:08:37.5163640+02:00" />
  <TestSettings name="default" id="213479df-b12a-4e9a-a7a2-13d8dd1fa532">
    <Deployment runDeploymentRoot="Remy.Miller_LT-6MQPN94_2025-07-25_15_08_37" />
  </TestSettings>
  <Results>
    <UnitTestResult executionId="59fc5775-5241-4795-b798-910201834416" testId="08d98018-9ca2-2264-0381-fbe9e6e470e8" testName="SetupGeneralReport" computerName="LT-6MQPN94" duration="00:00:00.0021080" startTime="2025-07-25T15:08:37.4130714+02:00" endTime="2025-07-25T15:08:37.4151798+02:00" testType="13cdc9d9-ddb5-4fa4-a97d-d965ccfc6d4b" outcome="Failed" testListId="8c84fa94-04c1-424b-9868-57a2d4851a1d" relativeResultsDirectory="59fc5775-5241-4795-b798-910201834416">
      <Output>
        <ErrorInfo>
          <Message>System.Net.WebException : No such host is known. (msedgedriver.azureedge.net:443)&#xD;
  ----&gt; System.Net.Http.HttpRequestException : No such host is known. (msedgedriver.azureedge.net:443)&#xD;
  ----&gt; System.Net.Sockets.SocketException : No such host is known.&#xD;
TearDown : System.NullReferenceException : Object reference not set to an instance of an object.</Message>
          <StackTrace>   at System.Net.HttpWebRequest.GetResponse()&#xD;
   at WebDriverManager.DriverConfigs.Impl.EdgeConfig.GetLatestVersion(String url)&#xD;
   at WebDriverManager.DriverConfigs.Impl.EdgeConfig.GetLatestVersion()&#xD;
   at WebDriverManager.DriverManager.GetVersionToDownload(IDriverConfig config, String version)&#xD;
   at WebDriverManager.DriverManager.SetUpDriver(IDriverConfig config, String version, Architecture architecture)&#xD;
   at PulseDonations.Utilities.Setup.BrowserSelector(String browserName) in C:\Users\Remy.Miller\source\repos\PulseDonations\Utilities\Setup.cs:line 88&#xD;
   at PulseDonations.Utilities.Setup.StartBrowser() in C:\Users\Remy.Miller\source\repos\PulseDonations\Utilities\Setup.cs:line 32&#xD;
   at InvokeStub_Setup.StartBrowser(Object, Object, IntPtr*)&#xD;
   at System.Reflection.MethodBaseInvoker.InvokeWithNoArgs(Object obj, BindingFlags invokeAttr)&#xD;
--HttpRequestException&#xD;
   at System.Net.Http.HttpConnectionPool.ConnectToTcpHostAsync(String host, Int32 port, HttpRequestMessage initialRequest, Boolean async, CancellationToken cancellationToken)&#xD;
   at System.Net.Http.HttpConnectionPool.ConnectAsync(HttpRequestMessage request, Boolean async, CancellationToken cancellationToken)&#xD;
   at System.Net.Http.HttpConnectionPool.CreateHttp11ConnectionAsync(HttpRequestMessage request, Boolean async, CancellationToken cancellationToken)&#xD;
   at System.Net.Http.HttpConnectionPool.AddHttp11ConnectionAsync(QueueItem queueItem)&#xD;
   at System.Threading.Tasks.TaskCompletionSourceWithCancellation`1.WaitWithCancellation(CancellationToken cancellationToken)&#xD;
   at System.Net.Http.HttpConnectionPool.SendWithVersionDetectionAndRetryAsync(HttpRequestMessage request, Boolean async, Boolean doRequestAuth, CancellationToken cancellationToken)&#xD;
   at System.Net.Http.HttpMessageHandlerStage.Send(HttpRequestMessage request, CancellationToken cancellationToken)&#xD;
   at System.Net.Http.DiagnosticsHandler.SendAsync(HttpRequestMessage request, Boolean async, CancellationToken cancellationToken)&#xD;
   at System.Net.Http.HttpMessageHandlerStage.Send(HttpRequestMessage request, CancellationToken cancellationToken)&#xD;
   at System.Net.Http.Metrics.MetricsHandler.SendAsync(HttpRequestMessage request, Boolean async, CancellationToken cancellationToken)&#xD;
   at System.Net.Http.RedirectHandler.SendAsync(HttpRequestMessage request, Boolean async, CancellationToken cancellationToken)&#xD;
   at System.Net.Http.HttpMessageHandlerStage.Send(HttpRequestMessage request, CancellationToken cancellationToken)&#xD;
   at System.Net.Http.SocketsHttpHandler.Send(HttpRequestMessage request, CancellationToken cancellationToken)&#xD;
   at System.Net.Http.HttpClient.Send(HttpRequestMessage request, HttpCompletionOption completionOption, CancellationToken cancellationToken)&#xD;
   at System.Net.HttpWebRequest.SendRequest(Boolean async)&#xD;
   at System.Net.HttpWebRequest.GetResponse()&#xD;
--SocketException&#xD;
   at System.Net.Dns.GetHostEntryOrAddressesCore(String hostName, Boolean justAddresses, AddressFamily addressFamily, Nullable`1 startingTimestamp)&#xD;
   at System.Net.Dns.GetHostAddresses(String hostNameOrAddress, AddressFamily family)&#xD;
   at System.Net.Sockets.Socket.Connect(String host, Int32 port)&#xD;
   at System.Net.Sockets.Socket.Connect(EndPoint remoteEP)&#xD;
   at System.Net.HttpWebRequest.&lt;&gt;c__DisplayClass219_0.&lt;&lt;CreateHttpClient&gt;b__1&gt;d.MoveNext()&#xD;
--- End of stack trace from previous location ---&#xD;
   at System.Net.Http.HttpConnectionPool.ConnectToTcpHostAsync(String host, Int32 port, HttpRequestMessage initialRequest, Boolean async, CancellationToken cancellationToken)&#xD;
--TearDown&#xD;
   at PulseDonations.Utilities.ScreenshotHelper.CaptureScreenshot(IWebDriver driver) in C:\Users\Remy.Miller\source\repos\PulseDonations\Utilities\ScreenshotHelper.cs:line 18&#xD;
   at PulseDonations.Utilities.Setup.CloseBrowser() in C:\Users\Remy.Miller\source\repos\PulseDonations\Utilities\Setup.cs:line 111&#xD;
   at InvokeStub_Setup.CloseBrowser(Object, Object, IntPtr*)&#xD;
   at System.Reflection.MethodBaseInvoker.InvokeWithNoArgs(Object obj, BindingFlags invokeAttr)
</StackTrace>
        </ErrorInfo>
      </Output>
    </UnitTestResult>
    <UnitTestResult executionId="ef0a613d-72b2-4c5d-9baf-8ddc2e871119" testId="7161e44b-21ea-2da7-bf6f-443915b46ee6" testName="GeneralReportAudit" computerName="LT-6MQPN94" duration="00:00:00.0021840" startTime="2025-07-25T15:08:37.4151981+02:00" endTime="2025-07-25T15:08:37.4173818+02:00" testType="13cdc9d9-ddb5-4fa4-a97d-d965ccfc6d4b" outcome="Failed" testListId="8c84fa94-04c1-424b-9868-57a2d4851a1d" relativeResultsDirectory="ef0a613d-72b2-4c5d-9baf-8ddc2e871119">
      <Output>
        <ErrorInfo>
          <Message>System.Net.WebException : No such host is known. (msedgedriver.azureedge.net:443)&#xD;
  ----&gt; System.Net.Http.HttpRequestException : No such host is known. (msedgedriver.azureedge.net:443)&#xD;
  ----&gt; System.Net.Sockets.SocketException : No such host is known.&#xD;
TearDown : System.NullReferenceException : Object reference not set to an instance of an object.</Message>
          <StackTrace>   at System.Net.HttpWebRequest.GetResponse()&#xD;
   at WebDriverManager.DriverConfigs.Impl.EdgeConfig.GetLatestVersion(String url)&#xD;
   at WebDriverManager.DriverConfigs.Impl.EdgeConfig.GetLatestVersion()&#xD;
   at WebDriverManager.DriverManager.GetVersionToDownload(IDriverConfig config, String version)&#xD;
   at WebDriverManager.DriverManager.SetUpDriver(IDriverConfig config, String version, Architecture architecture)&#xD;
   at PulseDonations.Utilities.Setup.BrowserSelector(String browserName) in C:\Users\Remy.Miller\source\repos\PulseDonations\Utilities\Setup.cs:line 88&#xD;
   at PulseDonations.Utilities.Setup.StartBrowser() in C:\Users\Remy.Miller\source\repos\PulseDonations\Utilities\Setup.cs:line 32&#xD;
   at InvokeStub_Setup.StartBrowser(Object, Object, IntPtr*)&#xD;
   at System.Reflection.MethodBaseInvoker.InvokeWithNoArgs(Object obj, BindingFlags invokeAttr)&#xD;
--HttpRequestException&#xD;
   at System.Net.Http.HttpConnectionPool.ConnectToTcpHostAsync(String host, Int32 port, HttpRequestMessage initialRequest, Boolean async, CancellationToken cancellationToken)&#xD;
   at System.Net.Http.HttpConnectionPool.ConnectAsync(HttpRequestMessage request, Boolean async, CancellationToken cancellationToken)&#xD;
   at System.Net.Http.HttpConnectionPool.CreateHttp11ConnectionAsync(HttpRequestMessage request, Boolean async, CancellationToken cancellationToken)&#xD;
   at System.Net.Http.HttpConnectionPool.AddHttp11ConnectionAsync(QueueItem queueItem)&#xD;
   at System.Threading.Tasks.TaskCompletionSourceWithCancellation`1.WaitWithCancellation(CancellationToken cancellationToken)&#xD;
   at System.Net.Http.HttpConnectionPool.SendWithVersionDetectionAndRetryAsync(HttpRequestMessage request, Boolean async, Boolean doRequestAuth, CancellationToken cancellationToken)&#xD;
   at System.Net.Http.HttpMessageHandlerStage.Send(HttpRequestMessage request, CancellationToken cancellationToken)&#xD;
   at System.Net.Http.DiagnosticsHandler.SendAsync(HttpRequestMessage request, Boolean async, CancellationToken cancellationToken)&#xD;
   at System.Net.Http.HttpMessageHandlerStage.Send(HttpRequestMessage request, CancellationToken cancellationToken)&#xD;
   at System.Net.Http.Metrics.MetricsHandler.SendAsync(HttpRequestMessage request, Boolean async, CancellationToken cancellationToken)&#xD;
   at System.Net.Http.RedirectHandler.SendAsync(HttpRequestMessage request, Boolean async, CancellationToken cancellationToken)&#xD;
   at System.Net.Http.HttpMessageHandlerStage.Send(HttpRequestMessage request, CancellationToken cancellationToken)&#xD;
   at System.Net.Http.SocketsHttpHandler.Send(HttpRequestMessage request, CancellationToken cancellationToken)&#xD;
   at System.Net.Http.HttpClient.Send(HttpRequestMessage request, HttpCompletionOption completionOption, CancellationToken cancellationToken)&#xD;
   at System.Net.HttpWebRequest.SendRequest(Boolean async)&#xD;
   at System.Net.HttpWebRequest.GetResponse()&#xD;
--SocketException&#xD;
   at System.Net.Dns.GetHostEntryOrAddressesCore(String hostName, Boolean justAddresses, AddressFamily addressFamily, Nullable`1 startingTimestamp)&#xD;
   at System.Net.Dns.GetHostAddresses(String hostNameOrAddress, AddressFamily family)&#xD;
   at System.Net.Sockets.Socket.Connect(String host, Int32 port)&#xD;
   at System.Net.Sockets.Socket.Connect(EndPoint remoteEP)&#xD;
   at System.Net.HttpWebRequest.&lt;&gt;c__DisplayClass219_0.&lt;&lt;CreateHttpClient&gt;b__1&gt;d.MoveNext()&#xD;
--- End of stack trace from previous location ---&#xD;
   at System.Net.Http.HttpConnectionPool.ConnectToTcpHostAsync(String host, Int32 port, HttpRequestMessage initialRequest, Boolean async, CancellationToken cancellationToken)&#xD;
--TearDown&#xD;
   at PulseDonations.Utilities.ScreenshotHelper.CaptureScreenshot(IWebDriver driver) in C:\Users\Remy.Miller\source\repos\PulseDonations\Utilities\ScreenshotHelper.cs:line 18&#xD;
   at PulseDonations.Utilities.Setup.CloseBrowser() in C:\Users\Remy.Miller\source\repos\PulseDonations\Utilities\Setup.cs:line 111&#xD;
   at InvokeStub_Setup.CloseBrowser(Object, Object, IntPtr*)&#xD;
   at System.Reflection.MethodBaseInvoker.InvokeWithNoArgs(Object obj, BindingFlags invokeAttr)
</StackTrace>
        </ErrorInfo>
      </Output>
    </UnitTestResult>
    <UnitTestResult executionId="f9082866-72c6-4270-a73a-d6a20d96cc39" testId="726c3606-88b0-a7d9-091a-e2e8916a9eb3" testName="SetupClinicReport" computerName="LT-6MQPN94" duration="00:00:00.1381550" startTime="2025-07-25T15:08:37.2739614+02:00" endTime="2025-07-25T15:08:37.4120707+02:00" testType="13cdc9d9-ddb5-4fa4-a97d-d965ccfc6d4b" outcome="Failed" testListId="8c84fa94-04c1-424b-9868-57a2d4851a1d" relativeResultsDirectory="f9082866-72c6-4270-a73a-d6a20d96cc39">
      <Output>
        <ErrorInfo>
          <Message>System.Net.WebException : No such host is known. (msedgedriver.azureedge.net:443)&#xD;
  ----&gt; System.Net.Http.HttpRequestException : No such host is known. (msedgedriver.azureedge.net:443)&#xD;
  ----&gt; System.Net.Sockets.SocketException : No such host is known.&#xD;
TearDown : System.NullReferenceException : Object reference not set to an instance of an object.</Message>
          <StackTrace>   at System.Net.HttpWebRequest.GetResponse()&#xD;
   at WebDriverManager.DriverConfigs.Impl.EdgeConfig.GetLatestVersion(String url)&#xD;
   at WebDriverManager.DriverConfigs.Impl.EdgeConfig.GetLatestVersion()&#xD;
   at WebDriverManager.DriverManager.GetVersionToDownload(IDriverConfig config, String version)&#xD;
   at WebDriverManager.DriverManager.SetUpDriver(IDriverConfig config, String version, Architecture architecture)&#xD;
   at PulseDonations.Utilities.Setup.BrowserSelector(String browserName) in C:\Users\Remy.Miller\source\repos\PulseDonations\Utilities\Setup.cs:line 88&#xD;
   at PulseDonations.Utilities.Setup.StartBrowser() in C:\Users\Remy.Miller\source\repos\PulseDonations\Utilities\Setup.cs:line 32&#xD;
   at System.RuntimeMethodHandle.InvokeMethod(Object target, Void** arguments, Signature sig, Boolean isConstructor)&#xD;
   at System.Reflection.MethodBaseInvoker.InvokeWithNoArgs(Object obj, BindingFlags invokeAttr)&#xD;
--HttpRequestException&#xD;
   at System.Net.Http.HttpConnectionPool.ConnectToTcpHostAsync(String host, Int32 port, HttpRequestMessage initialRequest, Boolean async, CancellationToken cancellationToken)&#xD;
   at System.Net.Http.HttpConnectionPool.ConnectAsync(HttpRequestMessage request, Boolean async, CancellationToken cancellationToken)&#xD;
   at System.Net.Http.HttpConnectionPool.CreateHttp11ConnectionAsync(HttpRequestMessage request, Boolean async, CancellationToken cancellationToken)&#xD;
   at System.Net.Http.HttpConnectionPool.AddHttp11ConnectionAsync(QueueItem queueItem)&#xD;
   at System.Threading.Tasks.TaskCompletionSourceWithCancellation`1.WaitWithCancellation(CancellationToken cancellationToken)&#xD;
   at System.Net.Http.HttpConnectionPool.SendWithVersionDetectionAndRetryAsync(HttpRequestMessage request, Boolean async, Boolean doRequestAuth, CancellationToken cancellationToken)&#xD;
   at System.Net.Http.HttpMessageHandlerStage.Send(HttpRequestMessage request, CancellationToken cancellationToken)&#xD;
   at System.Net.Http.DiagnosticsHandler.SendAsync(HttpRequestMessage request, Boolean async, CancellationToken cancellationToken)&#xD;
   at System.Net.Http.HttpMessageHandlerStage.Send(HttpRequestMessage request, CancellationToken cancellationToken)&#xD;
   at System.Net.Http.Metrics.MetricsHandler.SendAsync(HttpRequestMessage request, Boolean async, CancellationToken cancellationToken)&#xD;
   at System.Net.Http.RedirectHandler.SendAsync(HttpRequestMessage request, Boolean async, CancellationToken cancellationToken)&#xD;
   at System.Net.Http.HttpMessageHandlerStage.Send(HttpRequestMessage request, CancellationToken cancellationToken)&#xD;
   at System.Net.Http.SocketsHttpHandler.Send(HttpRequestMessage request, CancellationToken cancellationToken)&#xD;
   at System.Net.Http.HttpClient.Send(HttpRequestMessage request, HttpCompletionOption completionOption, CancellationToken cancellationToken)&#xD;
   at System.Net.HttpWebRequest.SendRequest(Boolean async)&#xD;
   at System.Net.HttpWebRequest.GetResponse()&#xD;
--SocketException&#xD;
   at System.Net.Dns.GetHostEntryOrAddressesCore(String hostName, Boolean justAddresses, AddressFamily addressFamily, Nullable`1 startingTimestamp)&#xD;
   at System.Net.Dns.GetHostAddresses(String hostNameOrAddress, AddressFamily family)&#xD;
   at System.Net.Sockets.Socket.Connect(String host, Int32 port)&#xD;
   at System.Net.Sockets.Socket.Connect(EndPoint remoteEP)&#xD;
   at System.Net.HttpWebRequest.&lt;&gt;c__DisplayClass219_0.&lt;&lt;CreateHttpClient&gt;b__1&gt;d.MoveNext()&#xD;
--- End of stack trace from previous location ---&#xD;
   at System.Net.Http.HttpConnectionPool.ConnectToTcpHostAsync(String host, Int32 port, HttpRequestMessage initialRequest, Boolean async, CancellationToken cancellationToken)&#xD;
--TearDown&#xD;
   at PulseDonations.Utilities.ScreenshotHelper.CaptureScreenshot(IWebDriver driver) in C:\Users\Remy.Miller\source\repos\PulseDonations\Utilities\ScreenshotHelper.cs:line 18&#xD;
   at PulseDonations.Utilities.Setup.CloseBrowser() in C:\Users\Remy.Miller\source\repos\PulseDonations\Utilities\Setup.cs:line 111&#xD;
   at System.RuntimeMethodHandle.InvokeMethod(Object target, Void** arguments, Signature sig, Boolean isConstructor)&#xD;
   at System.Reflection.MethodBaseInvoker.InvokeWithNoArgs(Object obj, BindingFlags invokeAttr)
</StackTrace>
        </ErrorInfo>
      </Output>
    </UnitTestResult>
  </Results>
  <TestDefinitions>
    <UnitTest name="SetupGeneralReport" storage="c:\users\remy.miller\source\repos\pulsedonations\bin\debug\net8.0\pulsedonations.dll" id="08d98018-9ca2-2264-0381-fbe9e6e470e8">
      <Execution id="59fc5775-5241-4795-b798-910201834416" />
      <TestMethod codeBase="C:\Users\Remy.Miller\source\repos\PulseDonations\bin\Debug\net8.0\PulseDonations.dll" adapterTypeName="executor://nunit3testexecutor/" className="PulseDonations.Tests.Clinic" name="SetupGeneralReport" />
    </UnitTest>
    <UnitTest name="GeneralReportAudit" storage="c:\users\remy.miller\source\repos\pulsedonations\bin\debug\net8.0\pulsedonations.dll" id="7161e44b-21ea-2da7-bf6f-443915b46ee6">
      <Execution id="ef0a613d-72b2-4c5d-9baf-8ddc2e871119" />
      <TestMethod codeBase="C:\Users\Remy.Miller\source\repos\PulseDonations\bin\Debug\net8.0\PulseDonations.dll" adapterTypeName="executor://nunit3testexecutor/" className="PulseDonations.Tests.Clinic" name="GeneralReportAudit" />
    </UnitTest>
    <UnitTest name="SetupClinicReport" storage="c:\users\remy.miller\source\repos\pulsedonations\bin\debug\net8.0\pulsedonations.dll" id="726c3606-88b0-a7d9-091a-e2e8916a9eb3">
      <Execution id="f9082866-72c6-4270-a73a-d6a20d96cc39" />
      <TestMethod codeBase="C:\Users\Remy.Miller\source\repos\PulseDonations\bin\Debug\net8.0\PulseDonations.dll" adapterTypeName="executor://nunit3testexecutor/" className="PulseDonations.Tests.Clinic" name="SetupClinicReport" />
    </UnitTest>
  </TestDefinitions>
  <TestEntries>
    <TestEntry testId="08d98018-9ca2-2264-0381-fbe9e6e470e8" executionId="59fc5775-5241-4795-b798-910201834416" testListId="8c84fa94-04c1-424b-9868-57a2d4851a1d" />
    <TestEntry testId="7161e44b-21ea-2da7-bf6f-443915b46ee6" executionId="ef0a613d-72b2-4c5d-9baf-8ddc2e871119" testListId="8c84fa94-04c1-424b-9868-57a2d4851a1d" />
    <TestEntry testId="726c3606-88b0-a7d9-091a-e2e8916a9eb3" executionId="f9082866-72c6-4270-a73a-d6a20d96cc39" testListId="8c84fa94-04c1-424b-9868-57a2d4851a1d" />
  </TestEntries>
  <TestLists>
    <TestList name="Results Not in a List" id="8c84fa94-04c1-424b-9868-57a2d4851a1d" />
    <TestList name="All Loaded Results" id="19431567-8539-422a-85d7-44ee4e166bda" />
  </TestLists>
  <ResultSummary outcome="Failed">
    <Counters total="3" executed="3" passed="0" failed="3" error="0" timeout="0" aborted="0" inconclusive="0" passedButRunAborted="0" notRunnable="0" notExecuted="0" disconnected="0" warning="0" completed="0" inProgress="0" pending="0" />
    <Output>
      <StdOut>NUnit Adapter 4.5.0.0: Test execution started&#xD;
Running selected tests in C:\Users\Remy.Miller\source\repos\PulseDonations\bin\Debug\net8.0\PulseDonations.dll&#xD;
   NUnit3TestExecutor discovered 3 of 3 NUnit test cases using Current Discovery mode, Non-Explicit run&#xD;
NUnit Adapter 4.5.0.0: Test execution complete&#xD;
</StdOut>
    </Output>
  </ResultSummary>
</TestRun>