<?xml version="1.0" encoding="utf-8"?>
<TestRun id="af8bcd02-1a3f-43ee-8a6f-67bee0550f95" name="Remy.Miller@LT-6MQPN94 2025-07-25 11:19:55" runUser="WPBTS\Remy.Miller" xmlns="http://microsoft.com/schemas/VisualStudio/TeamTest/2010">
  <Times creation="2025-07-25T11:19:55.5155014+02:00" queuing="2025-07-25T11:19:55.5155018+02:00" start="2025-07-25T11:19:30.9854996+02:00" finish="2025-07-25T11:20:48.3935336+02:00" />
  <TestSettings name="default" id="2a516bb3-a3a6-47d8-b33e-c8b20bbc752c">
    <Deployment runDeploymentRoot="Remy.Miller_LT-6MQPN94_2025-07-25_11_19_55" />
  </TestSettings>
  <Results>
    <UnitTestResult executionId="0821ebc9-df09-471d-9dd8-6a6da14c9865" testId="08d98018-9ca2-2264-0381-fbe9e6e470e8" testName="SetupGeneralReport" computerName="LT-6MQPN94" duration="00:00:43.5973970" startTime="2025-07-25T11:19:55.4537044+02:00" endTime="2025-07-25T11:20:39.0509438+02:00" testType="13cdc9d9-ddb5-4fa4-a97d-d965ccfc6d4b" outcome="Failed" testListId="8c84fa94-04c1-424b-9868-57a2d4851a1d" relativeResultsDirectory="0821ebc9-df09-471d-9dd8-6a6da14c9865">
      <Output>
        <ErrorInfo>
          <Message>OpenQA.Selenium.WebDriverTimeoutException : Timed out after 30 seconds&#xD;
  ----&gt; OpenQA.Selenium.NoSuchElementException : Could not find element by: By.XPath: //span[contains(text(), 'Clinic Setup')]; For documentation on this error, please visit: https://www.selenium.dev/documentation/webdriver/troubleshooting/errors#no-such-element-exception</Message>
          <StackTrace>   at OpenQA.Selenium.Support.UI.DefaultWait`1.ThrowTimeoutException(String exceptionMessage, Exception lastException)&#xD;
   at OpenQA.Selenium.Support.UI.DefaultWait`1.Until[TResult](Func`2 condition, CancellationToken token)&#xD;
   at OpenQA.Selenium.Support.UI.DefaultWait`1.Until[TResult](Func`2 condition)&#xD;
   at PulseDonations.PageObjects.HomePage.clinicSetup() in C:\Users\Remy.Miller\source\repos\PulseDonations\PageObjects\HomePage.cs:line 63&#xD;
   at PulseDonations.Tests.Clinic.SetupGeneralReport() in C:\Users\Remy.Miller\source\repos\PulseDonations\Tests\Clinic.cs:line 46&#xD;
   at System.RuntimeMethodHandle.InvokeMethod(Object target, Void** arguments, Signature sig, Boolean isConstructor)&#xD;
   at System.Reflection.MethodBaseInvoker.InvokeWithNoArgs(Object obj, BindingFlags invokeAttr)&#xD;
--NoSuchElementException&#xD;
   at SeleniumExtras.PageObjects.DefaultElementLocator.LocateElement(IEnumerable`1 bys)&#xD;
   at SeleniumExtras.PageObjects.WebElementProxy.get_WrappedElement()&#xD;
   at SeleniumExtras.PageObjects.WebElementProxy.get_Displayed()&#xD;
   at SeleniumExtras.WaitHelpers.ExpectedConditions.&lt;&gt;c__DisplayClass20_0.&lt;ElementToBeClickable&gt;b__0(IWebDriver driver)&#xD;
   at OpenQA.Selenium.Support.UI.DefaultWait`1.Until[TResult](Func`2 condition, CancellationToken token)
</StackTrace>
        </ErrorInfo>
      </Output>
    </UnitTestResult>
    <UnitTestResult executionId="2ae94e6d-e9fd-482b-90c9-92f8bb69fe7b" testId="7161e44b-21ea-2da7-bf6f-443915b46ee6" testName="GeneralReportAudit" computerName="LT-6MQPN94" duration="00:00:09.2840220" startTime="2025-07-25T11:20:39.0512069+02:00" endTime="2025-07-25T11:20:48.3351950+02:00" testType="13cdc9d9-ddb5-4fa4-a97d-d965ccfc6d4b" outcome="Passed" testListId="8c84fa94-04c1-424b-9868-57a2d4851a1d" relativeResultsDirectory="2ae94e6d-e9fd-482b-90c9-92f8bb69fe7b" />
    <UnitTestResult executionId="7fabe162-5ffe-46f4-b6ee-c89662eb19b4" testId="726c3606-88b0-a7d9-091a-e2e8916a9eb3" testName="SetupClinicReport" computerName="LT-6MQPN94" duration="00:00:20.4997640" startTime="2025-07-25T11:19:34.9531816+02:00" endTime="2025-07-25T11:19:55.4528316+02:00" testType="13cdc9d9-ddb5-4fa4-a97d-d965ccfc6d4b" outcome="Passed" testListId="8c84fa94-04c1-424b-9868-57a2d4851a1d" relativeResultsDirectory="7fabe162-5ffe-46f4-b6ee-c89662eb19b4" />
  </Results>
  <TestDefinitions>
    <UnitTest name="SetupGeneralReport" storage="c:\users\remy.miller\source\repos\pulsedonations\bin\debug\net8.0\pulsedonations.dll" id="08d98018-9ca2-2264-0381-fbe9e6e470e8">
      <Execution id="0821ebc9-df09-471d-9dd8-6a6da14c9865" />
      <TestMethod codeBase="C:\Users\Remy.Miller\source\repos\PulseDonations\bin\Debug\net8.0\PulseDonations.dll" adapterTypeName="executor://nunit3testexecutor/" className="PulseDonations.Tests.Clinic" name="SetupGeneralReport" />
    </UnitTest>
    <UnitTest name="GeneralReportAudit" storage="c:\users\remy.miller\source\repos\pulsedonations\bin\debug\net8.0\pulsedonations.dll" id="7161e44b-21ea-2da7-bf6f-443915b46ee6">
      <Execution id="2ae94e6d-e9fd-482b-90c9-92f8bb69fe7b" />
      <TestMethod codeBase="C:\Users\Remy.Miller\source\repos\PulseDonations\bin\Debug\net8.0\PulseDonations.dll" adapterTypeName="executor://nunit3testexecutor/" className="PulseDonations.Tests.Clinic" name="GeneralReportAudit" />
    </UnitTest>
    <UnitTest name="SetupClinicReport" storage="c:\users\remy.miller\source\repos\pulsedonations\bin\debug\net8.0\pulsedonations.dll" id="726c3606-88b0-a7d9-091a-e2e8916a9eb3">
      <Execution id="7fabe162-5ffe-46f4-b6ee-c89662eb19b4" />
      <TestMethod codeBase="C:\Users\Remy.Miller\source\repos\PulseDonations\bin\Debug\net8.0\PulseDonations.dll" adapterTypeName="executor://nunit3testexecutor/" className="PulseDonations.Tests.Clinic" name="SetupClinicReport" />
    </UnitTest>
  </TestDefinitions>
  <TestEntries>
    <TestEntry testId="08d98018-9ca2-2264-0381-fbe9e6e470e8" executionId="0821ebc9-df09-471d-9dd8-6a6da14c9865" testListId="8c84fa94-04c1-424b-9868-57a2d4851a1d" />
    <TestEntry testId="7161e44b-21ea-2da7-bf6f-443915b46ee6" executionId="2ae94e6d-e9fd-482b-90c9-92f8bb69fe7b" testListId="8c84fa94-04c1-424b-9868-57a2d4851a1d" />
    <TestEntry testId="726c3606-88b0-a7d9-091a-e2e8916a9eb3" executionId="7fabe162-5ffe-46f4-b6ee-c89662eb19b4" testListId="8c84fa94-04c1-424b-9868-57a2d4851a1d" />
  </TestEntries>
  <TestLists>
    <TestList name="Results Not in a List" id="8c84fa94-04c1-424b-9868-57a2d4851a1d" />
    <TestList name="All Loaded Results" id="19431567-8539-422a-85d7-44ee4e166bda" />
  </TestLists>
  <ResultSummary outcome="Failed">
    <Counters total="3" executed="3" passed="2" failed="1" error="0" timeout="0" aborted="0" inconclusive="0" passedButRunAborted="0" notRunnable="0" notExecuted="0" disconnected="0" warning="0" completed="0" inProgress="0" pending="0" />
    <Output>
      <StdOut>NUnit Adapter 4.5.0.0: Test execution started&#xD;
Running selected tests in C:\Users\Remy.Miller\source\repos\PulseDonations\bin\Debug\net8.0\PulseDonations.dll&#xD;
   NUnit3TestExecutor discovered 3 of 3 NUnit test cases using Current Discovery mode, Non-Explicit run&#xD;
Starting ChromeDriver 138.0.7204.168 (3e8d82e86e9f508e88ed406c2a24657a6c691d30-refs/branch-heads/7204@{#2081}) on port 53990&#xD;
Only local connections are allowed.&#xD;
Please see https://chromedriver.chromium.org/security-considerations for suggestions on keeping ChromeDriver safe.&#xD;
ChromeDriver was started successfully on port 53990.&#xD;
CAA458084&#xD;
CAA122618&#xD;
13601445&#xD;
55171744&#xD;
82423009&#xD;
95861481&#xD;
32583936&#xD;
47660870&#xD;
94280906&#xD;
15451307&#xD;
72132563&#xD;
Starting ChromeDriver 138.0.7204.168 (3e8d82e86e9f508e88ed406c2a24657a6c691d30-refs/branch-heads/7204@{#2081}) on port 54021&#xD;
Only local connections are allowed.&#xD;
Please see https://chromedriver.chromium.org/security-considerations for suggestions on keeping ChromeDriver safe.&#xD;
ChromeDriver was started successfully on port 54021.&#xD;
CAA653076&#xD;
CAA866928&#xD;
85383500&#xD;
46510911&#xD;
10456822&#xD;
74607651&#xD;
34876503&#xD;
33340884&#xD;
46697889&#xD;
64443646&#xD;
93556000&#xD;
Source Plasma&#xD;
Equipment Check&#xD;
Source Plasma&#xD;
\ud83d\udd0d Screenshot saved: C:\Users\Remy.Miller\source\repos\PulseDonations\Screenshots\25-07-2025\SetupGeneralReport_25072025_112038.png&#xD;
Starting ChromeDriver 138.0.7204.168 (3e8d82e86e9f508e88ed406c2a24657a6c691d30-refs/branch-heads/7204@{#2081}) on port 54056&#xD;
Only local connections are allowed.&#xD;
Please see https://chromedriver.chromium.org/security-considerations for suggestions on keeping ChromeDriver safe.&#xD;
ChromeDriver was started successfully on port 54056.&#xD;
CAA408718&#xD;
CAA722255&#xD;
62180738&#xD;
97028882&#xD;
20918198&#xD;
21779331&#xD;
86616434&#xD;
10476154&#xD;
47389281&#xD;
83139882&#xD;
48979066&#xD;
NUnit Adapter 4.5.0.0: Test execution complete&#xD;
</StdOut>
    </Output>
  </ResultSummary>
</TestRun>