<?xml version="1.0" encoding="utf-8"?>
<TestRun id="8a81b81f-600d-4656-8cef-3c4bea9d9653" name="Remy.Miller@LT-6MQPN94 2025-07-24 13:10:24" runUser="WPBTS\Remy.Miller" xmlns="http://microsoft.com/schemas/VisualStudio/TeamTest/2010">
  <Times creation="2025-07-24T13:10:24.4945730+02:00" queuing="2025-07-24T13:10:24.4945735+02:00" start="2025-07-24T13:10:12.1301980+02:00" finish="2025-07-24T13:11:43.0577053+02:00" />
  <TestSettings name="default" id="ae5b1d0e-be8e-46ce-bce8-7812b6684a51">
    <Deployment runDeploymentRoot="Remy.Miller_LT-6MQPN94_2025-07-24_13_10_24" />
  </TestSettings>
  <Results>
    <UnitTestResult executionId="c519e01d-c193-4f64-8c07-b476661f54c2" testId="7161e44b-21ea-2da7-bf6f-443915b46ee6" testName="GeneralReportAudit" computerName="LT-6MQPN94" duration="00:00:08.2293700" startTime="2025-07-24T13:11:34.7745668+02:00" endTime="2025-07-24T13:11:43.0039984+02:00" testType="13cdc9d9-ddb5-4fa4-a97d-d965ccfc6d4b" outcome="Passed" testListId="8c84fa94-04c1-424b-9868-57a2d4851a1d" relativeResultsDirectory="c519e01d-c193-4f64-8c07-b476661f54c2" />
    <UnitTestResult executionId="acc8e1c8-47d2-445d-9f8d-df07591e2f9c" testId="726c3606-88b0-a7d9-091a-e2e8916a9eb3" testName="SetupClinicReport" computerName="LT-6MQPN94" duration="00:00:09.8591700" startTime="2025-07-24T13:10:14.6005965+02:00" endTime="2025-07-24T13:10:24.4598019+02:00" testType="13cdc9d9-ddb5-4fa4-a97d-d965ccfc6d4b" outcome="Passed" testListId="8c84fa94-04c1-424b-9868-57a2d4851a1d" relativeResultsDirectory="acc8e1c8-47d2-445d-9f8d-df07591e2f9c" />
    <UnitTestResult executionId="97f6da95-1a19-4c1d-8681-910edc54df2f" testId="08d98018-9ca2-2264-0381-fbe9e6e470e8" testName="SetupGeneralReport" computerName="LT-6MQPN94" duration="00:01:10.3130970" startTime="2025-07-24T13:10:24.4607039+02:00" endTime="2025-07-24T13:11:34.7743282+02:00" testType="13cdc9d9-ddb5-4fa4-a97d-d965ccfc6d4b" outcome="Failed" testListId="8c84fa94-04c1-424b-9868-57a2d4851a1d" relativeResultsDirectory="97f6da95-1a19-4c1d-8681-910edc54df2f">
      <Output>
        <ErrorInfo>
          <Message>OpenQA.Selenium.WebDriverTimeoutException : Timed out after 30 seconds&#xD;
  ----&gt; OpenQA.Selenium.NoSuchElementException : Could not find element by: By.CssSelector: input[formcontrolname='serialNumber3']; For documentation on this error, please visit: https://www.selenium.dev/documentation/webdriver/troubleshooting/errors#no-such-element-exception</Message>
          <StackTrace>   at OpenQA.Selenium.Support.UI.DefaultWait`1.ThrowTimeoutException(String exceptionMessage, Exception lastException)&#xD;
   at OpenQA.Selenium.Support.UI.DefaultWait`1.Until[TResult](Func`2 condition, CancellationToken token)&#xD;
   at OpenQA.Selenium.Support.UI.DefaultWait`1.Until[TResult](Func`2 condition)&#xD;
   at PulseDonations.PageObjects.ClinicSetup.ClinicSetupPage.setupGeneralReport() in C:\Users\Remy.Miller\source\repos\PulseDonations\PageObjects\ClinicSetup\ClinicSetupPage.cs:line 381&#xD;
   at PulseDonations.Tests.Clinic.SetupGeneralReport() in C:\Users\Remy.Miller\source\repos\PulseDonations\Tests\Clinic.cs:line 41&#xD;
   at System.RuntimeMethodHandle.InvokeMethod(Object target, Void** arguments, Signature sig, Boolean isConstructor)&#xD;
   at System.Reflection.MethodBaseInvoker.InvokeWithNoArgs(Object obj, BindingFlags invokeAttr)&#xD;
--NoSuchElementException&#xD;
   at SeleniumExtras.PageObjects.DefaultElementLocator.LocateElement(IEnumerable`1 bys)&#xD;
   at SeleniumExtras.PageObjects.WebElementProxy.get_WrappedElement()&#xD;
   at SeleniumExtras.PageObjects.WebElementProxy.get_Displayed()&#xD;
   at SeleniumExtras.WaitHelpers.ExpectedConditions.&lt;&gt;c__DisplayClass20_0.&lt;ElementToBeClickable&gt;b__0(IWebDriver driver)&#xD;
   at OpenQA.Selenium.Support.UI.DefaultWait`1.Until[TResult](Func`2 condition, CancellationToken token)
</StackTrace>
        </ErrorInfo>
      </Output>
    </UnitTestResult>
  </Results>
  <TestDefinitions>
    <UnitTest name="SetupGeneralReport" storage="c:\users\remy.miller\source\repos\pulsedonations\bin\debug\net8.0\pulsedonations.dll" id="08d98018-9ca2-2264-0381-fbe9e6e470e8">
      <Execution id="97f6da95-1a19-4c1d-8681-910edc54df2f" />
      <TestMethod codeBase="C:\Users\Remy.Miller\source\repos\PulseDonations\bin\Debug\net8.0\PulseDonations.dll" adapterTypeName="executor://nunit3testexecutor/" className="PulseDonations.Tests.Clinic" name="SetupGeneralReport" />
    </UnitTest>
    <UnitTest name="GeneralReportAudit" storage="c:\users\remy.miller\source\repos\pulsedonations\bin\debug\net8.0\pulsedonations.dll" id="7161e44b-21ea-2da7-bf6f-443915b46ee6">
      <Execution id="c519e01d-c193-4f64-8c07-b476661f54c2" />
      <TestMethod codeBase="C:\Users\Remy.Miller\source\repos\PulseDonations\bin\Debug\net8.0\PulseDonations.dll" adapterTypeName="executor://nunit3testexecutor/" className="PulseDonations.Tests.Clinic" name="GeneralReportAudit" />
    </UnitTest>
    <UnitTest name="SetupClinicReport" storage="c:\users\remy.miller\source\repos\pulsedonations\bin\debug\net8.0\pulsedonations.dll" id="726c3606-88b0-a7d9-091a-e2e8916a9eb3">
      <Execution id="acc8e1c8-47d2-445d-9f8d-df07591e2f9c" />
      <TestMethod codeBase="C:\Users\Remy.Miller\source\repos\PulseDonations\bin\Debug\net8.0\PulseDonations.dll" adapterTypeName="executor://nunit3testexecutor/" className="PulseDonations.Tests.Clinic" name="SetupClinicReport" />
    </UnitTest>
  </TestDefinitions>
  <TestEntries>
    <TestEntry testId="7161e44b-21ea-2da7-bf6f-443915b46ee6" executionId="c519e01d-c193-4f64-8c07-b476661f54c2" testListId="8c84fa94-04c1-424b-9868-57a2d4851a1d" />
    <TestEntry testId="726c3606-88b0-a7d9-091a-e2e8916a9eb3" executionId="acc8e1c8-47d2-445d-9f8d-df07591e2f9c" testListId="8c84fa94-04c1-424b-9868-57a2d4851a1d" />
    <TestEntry testId="08d98018-9ca2-2264-0381-fbe9e6e470e8" executionId="97f6da95-1a19-4c1d-8681-910edc54df2f" testListId="8c84fa94-04c1-424b-9868-57a2d4851a1d" />
  </TestEntries>
  <TestLists>
    <TestList name="Results Not in a List" id="8c84fa94-04c1-424b-9868-57a2d4851a1d" />
    <TestList name="All Loaded Results" id="19431567-8539-422a-85d7-44ee4e166bda" />
  </TestLists>
  <ResultSummary outcome="Failed">
    <Counters total="3" executed="3" passed="2" failed="1" error="0" timeout="0" aborted="0" inconclusive="0" passedButRunAborted="0" notRunnable="0" notExecuted="0" disconnected="0" warning="0" completed="0" inProgress="0" pending="0" />
    <Output>
      <StdOut>NUnit Adapter 4.5.0.0: Test execution started&#xD;
Running selected tests in C:\Users\Remy.Miller\source\repos\PulseDonations\bin\Debug\net8.0\PulseDonations.dll&#xD;
   NUnit3TestExecutor discovered 3 of 3 NUnit test cases using Current Discovery mode, Non-Explicit run&#xD;
Starting ChromeDriver 138.0.7204.168 (3e8d82e86e9f508e88ed406c2a24657a6c691d30-refs/branch-heads/7204@{#2081}) on port 57968&#xD;
Only local connections are allowed.&#xD;
Please see https://chromedriver.chromium.org/security-considerations for suggestions on keeping ChromeDriver safe.&#xD;
ChromeDriver was started successfully on port 57968.&#xD;
CAA735405&#xD;
CAA282372&#xD;
Starting ChromeDriver 138.0.7204.168 (3e8d82e86e9f508e88ed406c2a24657a6c691d30-refs/branch-heads/7204@{#2081}) on port 57995&#xD;
Only local connections are allowed.&#xD;
Please see https://chromedriver.chromium.org/security-considerations for suggestions on keeping ChromeDriver safe.&#xD;
ChromeDriver was started successfully on port 57995.&#xD;
CAA273231&#xD;
CAA722330&#xD;
Source Plasma&#xD;
Equipment Check&#xD;
Source Plasma&#xD;
\ud83d\udd0d Screenshot saved: C:\Users\Remy.Miller\source\repos\PulseDonations\Screenshots\24-07-2025\SetupGeneralReport_24072025_131134.png&#xD;
Starting ChromeDriver 138.0.7204.168 (3e8d82e86e9f508e88ed406c2a24657a6c691d30-refs/branch-heads/7204@{#2081}) on port 58043&#xD;
Only local connections are allowed.&#xD;
Please see https://chromedriver.chromium.org/security-considerations for suggestions on keeping ChromeDriver safe.&#xD;
ChromeDriver was started successfully on port 58043.&#xD;
CAA519556&#xD;
CAA882796&#xD;
NUnit Adapter 4.5.0.0: Test execution complete&#xD;
</StdOut>
    </Output>
  </ResultSummary>
</TestRun>