<?xml version="1.0" encoding="utf-8"?>
<TestRun id="6a4642c6-9f37-4b25-8dab-39bb6d7dd4e7" name="Remy.Miller@LT-6MQPN94 2025-07-25 11:23:12" runUser="WPBTS\Remy.Miller" xmlns="http://microsoft.com/schemas/VisualStudio/TeamTest/2010">
  <Times creation="2025-07-25T11:23:12.0109920+02:00" queuing="2025-07-25T11:23:12.0109923+02:00" start="2025-07-25T11:22:56.6272824+02:00" finish="2025-07-25T11:25:07.5429353+02:00" />
  <TestSettings name="default" id="698b0df3-2456-4044-9d63-3715686487c1">
    <Deployment runDeploymentRoot="Remy.Miller_LT-6MQPN94_2025-07-25_11_23_12" />
  </TestSettings>
  <Results>
    <UnitTestResult executionId="080aa062-caaa-4013-af62-b984df2bab8c" testId="7161e44b-21ea-2da7-bf6f-443915b46ee6" testName="GeneralReportAudit" computerName="LT-6MQPN94" duration="00:00:12.5109549" startTime="2025-07-25T11:24:54.9850928+02:00" endTime="2025-07-25T11:25:07.4960027+02:00" testType="13cdc9d9-ddb5-4fa4-a97d-d965ccfc6d4b" outcome="Passed" testListId="8c84fa94-04c1-424b-9868-57a2d4851a1d" relativeResultsDirectory="080aa062-caaa-4013-af62-b984df2bab8c" />
    <UnitTestResult executionId="8bdea426-5f74-48bc-8532-900b4c227143" testId="08d98018-9ca2-2264-0381-fbe9e6e470e8" testName="SetupGeneralReport" computerName="LT-6MQPN94" duration="00:01:43.0102320" startTime="2025-07-25T11:23:11.9750869+02:00" endTime="2025-07-25T11:24:54.9849480+02:00" testType="13cdc9d9-ddb5-4fa4-a97d-d965ccfc6d4b" outcome="Passed" testListId="8c84fa94-04c1-424b-9868-57a2d4851a1d" relativeResultsDirectory="8bdea426-5f74-48bc-8532-900b4c227143" />
    <UnitTestResult executionId="1880f0c3-83ea-4bc0-bd64-eee0dad3640c" testId="726c3606-88b0-a7d9-091a-e2e8916a9eb3" testName="SetupClinicReport" computerName="LT-6MQPN94" duration="00:00:12.7974599" startTime="2025-07-25T11:22:59.1757114+02:00" endTime="2025-07-25T11:23:11.9730307+02:00" testType="13cdc9d9-ddb5-4fa4-a97d-d965ccfc6d4b" outcome="Failed" testListId="8c84fa94-04c1-424b-9868-57a2d4851a1d" relativeResultsDirectory="1880f0c3-83ea-4bc0-bd64-eee0dad3640c">
      <Output>
        <ErrorInfo>
          <Message>OpenQA.Selenium.ElementClickInterceptedException : element click intercepted: Element is not clickable at point (434, 911)&#xD;
  (Session info: chrome=138.0.7204.158)</Message>
          <StackTrace>   at OpenQA.Selenium.WebDriver.UnpackAndThrowOnError(Response errorResponse, String commandToExecute)&#xD;
   at OpenQA.Selenium.WebDriver.ExecuteAsync(String driverCommandToExecute, Dictionary`2 parameters)&#xD;
   at OpenQA.Selenium.WebDriver.Execute(String driverCommandToExecute, Dictionary`2 parameters)&#xD;
   at OpenQA.Selenium.WebElement.Execute(String commandToExecute, Dictionary`2 parameters)&#xD;
   at OpenQA.Selenium.WebElement.Click()&#xD;
   at SeleniumExtras.PageObjects.WebElementProxy.Click()&#xD;
   at PulseDonations.PageObjects.ClinicSetup.ClinicSetupPage.updateClinicDetails() in C:\Users\Remy.Miller\source\repos\PulseDonations\PageObjects\ClinicSetup\ClinicSetupPage.cs:line 232&#xD;
   at PulseDonations.Tests.Clinic.SetupClinicReport() in C:\Users\Remy.Miller\source\repos\PulseDonations\Tests\Clinic.cs:line 28&#xD;
   at System.RuntimeMethodHandle.InvokeMethod(Object target, Void** arguments, Signature sig, Boolean isConstructor)&#xD;
   at System.Reflection.MethodBaseInvoker.InvokeWithNoArgs(Object obj, BindingFlags invokeAttr)
</StackTrace>
        </ErrorInfo>
      </Output>
    </UnitTestResult>
  </Results>
  <TestDefinitions>
    <UnitTest name="SetupGeneralReport" storage="c:\users\remy.miller\source\repos\pulsedonations\bin\debug\net8.0\pulsedonations.dll" id="08d98018-9ca2-2264-0381-fbe9e6e470e8">
      <Execution id="8bdea426-5f74-48bc-8532-900b4c227143" />
      <TestMethod codeBase="C:\Users\Remy.Miller\source\repos\PulseDonations\bin\Debug\net8.0\PulseDonations.dll" adapterTypeName="executor://nunit3testexecutor/" className="PulseDonations.Tests.Clinic" name="SetupGeneralReport" />
    </UnitTest>
    <UnitTest name="GeneralReportAudit" storage="c:\users\remy.miller\source\repos\pulsedonations\bin\debug\net8.0\pulsedonations.dll" id="7161e44b-21ea-2da7-bf6f-443915b46ee6">
      <Execution id="080aa062-caaa-4013-af62-b984df2bab8c" />
      <TestMethod codeBase="C:\Users\Remy.Miller\source\repos\PulseDonations\bin\Debug\net8.0\PulseDonations.dll" adapterTypeName="executor://nunit3testexecutor/" className="PulseDonations.Tests.Clinic" name="GeneralReportAudit" />
    </UnitTest>
    <UnitTest name="SetupClinicReport" storage="c:\users\remy.miller\source\repos\pulsedonations\bin\debug\net8.0\pulsedonations.dll" id="726c3606-88b0-a7d9-091a-e2e8916a9eb3">
      <Execution id="1880f0c3-83ea-4bc0-bd64-eee0dad3640c" />
      <TestMethod codeBase="C:\Users\Remy.Miller\source\repos\PulseDonations\bin\Debug\net8.0\PulseDonations.dll" adapterTypeName="executor://nunit3testexecutor/" className="PulseDonations.Tests.Clinic" name="SetupClinicReport" />
    </UnitTest>
  </TestDefinitions>
  <TestEntries>
    <TestEntry testId="7161e44b-21ea-2da7-bf6f-443915b46ee6" executionId="080aa062-caaa-4013-af62-b984df2bab8c" testListId="8c84fa94-04c1-424b-9868-57a2d4851a1d" />
    <TestEntry testId="08d98018-9ca2-2264-0381-fbe9e6e470e8" executionId="8bdea426-5f74-48bc-8532-900b4c227143" testListId="8c84fa94-04c1-424b-9868-57a2d4851a1d" />
    <TestEntry testId="726c3606-88b0-a7d9-091a-e2e8916a9eb3" executionId="1880f0c3-83ea-4bc0-bd64-eee0dad3640c" testListId="8c84fa94-04c1-424b-9868-57a2d4851a1d" />
  </TestEntries>
  <TestLists>
    <TestList name="Results Not in a List" id="8c84fa94-04c1-424b-9868-57a2d4851a1d" />
    <TestList name="All Loaded Results" id="19431567-8539-422a-85d7-44ee4e166bda" />
  </TestLists>
  <ResultSummary outcome="Failed">
    <Counters total="3" executed="3" passed="2" failed="1" error="0" timeout="0" aborted="0" inconclusive="0" passedButRunAborted="0" notRunnable="0" notExecuted="0" disconnected="0" warning="0" completed="0" inProgress="0" pending="0" />
    <Output>
      <StdOut>NUnit Adapter 4.5.0.0: Test execution started&#xD;
Running selected tests in C:\Users\Remy.Miller\source\repos\PulseDonations\bin\Debug\net8.0\PulseDonations.dll&#xD;
   NUnit3TestExecutor discovered 3 of 3 NUnit test cases using Current Discovery mode, Non-Explicit run&#xD;
Starting ChromeDriver 138.0.7204.168 (3e8d82e86e9f508e88ed406c2a24657a6c691d30-refs/branch-heads/7204@{#2081}) on port 54132&#xD;
Only local connections are allowed.&#xD;
Please see https://chromedriver.chromium.org/security-considerations for suggestions on keeping ChromeDriver safe.&#xD;
ChromeDriver was started successfully on port 54132.&#xD;
CAA395016&#xD;
CAA829608&#xD;
30088581&#xD;
10356631&#xD;
97910593&#xD;
45196296&#xD;
14331905&#xD;
98251976&#xD;
82648936&#xD;
83165149&#xD;
61871673&#xD;
\ud83d\udd0d Screenshot saved: C:\Users\Remy.Miller\source\repos\PulseDonations\Screenshots\25-07-2025\SetupClinicReport_25072025_112311.png&#xD;
Starting ChromeDriver 138.0.7204.168 (3e8d82e86e9f508e88ed406c2a24657a6c691d30-refs/branch-heads/7204@{#2081}) on port 54158&#xD;
Only local connections are allowed.&#xD;
Please see https://chromedriver.chromium.org/security-considerations for suggestions on keeping ChromeDriver safe.&#xD;
ChromeDriver was started successfully on port 54158.&#xD;
CAA403860&#xD;
CAA275288&#xD;
21336858&#xD;
56931884&#xD;
18926414&#xD;
89685663&#xD;
90387013&#xD;
45849084&#xD;
18986731&#xD;
83424817&#xD;
28250613&#xD;
Source Plasma&#xD;
Equipment Check&#xD;
Source Plasma&#xD;
Starting ChromeDriver 138.0.7204.168 (3e8d82e86e9f508e88ed406c2a24657a6c691d30-refs/branch-heads/7204@{#2081}) on port 54203&#xD;
Only local connections are allowed.&#xD;
Please see https://chromedriver.chromium.org/security-considerations for suggestions on keeping ChromeDriver safe.&#xD;
ChromeDriver was started successfully on port 54203.&#xD;
CAA045816&#xD;
CAA711728&#xD;
34863385&#xD;
57472477&#xD;
36984104&#xD;
24681616&#xD;
31263140&#xD;
67227160&#xD;
63276239&#xD;
78845001&#xD;
84641749&#xD;
NUnit Adapter 4.5.0.0: Test execution complete&#xD;
</StdOut>
    </Output>
  </ResultSummary>
</TestRun>