<?xml version="1.0" encoding="utf-8"?>
<TestRun id="bc82204a-8007-4a94-a2f5-a71871226d1f" name="Remy.Miller@LT-6MQPN94 2025-07-24 12:43:19" runUser="WPBTS\Remy.Miller" xmlns="http://microsoft.com/schemas/VisualStudio/TeamTest/2010">
  <Times creation="2025-07-24T12:43:19.5801794+02:00" queuing="2025-07-24T12:43:19.5801800+02:00" start="2025-07-24T12:42:59.4717276+02:00" finish="2025-07-24T12:59:12.4606401+02:00" />
  <TestSettings name="default" id="17257c06-7c33-4a7b-bc27-4ac76104b83a">
    <Deployment runDeploymentRoot="Remy.Miller_LT-6MQPN94_2025-07-24_12_43_19" />
  </TestSettings>
  <Results>
    <UnitTestResult executionId="e7cd6841-3439-4070-ad10-44756a2464e1" testId="9bacd212-5b45-50cc-3adb-b253df06b616" testName="HaemovigilanceDetails" computerName="LT-6MQPN94" duration="00:00:11.5388249" startTime="2025-07-24T12:59:00.8628527+02:00" endTime="2025-07-24T12:59:12.4017727+02:00" testType="13cdc9d9-ddb5-4fa4-a97d-d965ccfc6d4b" outcome="Passed" testListId="8c84fa94-04c1-424b-9868-57a2d4851a1d" relativeResultsDirectory="e7cd6841-3439-4070-ad10-44756a2464e1" />
    <UnitTestResult executionId="f5d0fd83-69e7-435a-bef7-bc19aab1ddda" testId="e15b5d13-b1a0-4e4d-c6c2-9c5112ddc27d" testName="SourcePlasma_SP" computerName="LT-6MQPN94" duration="00:01:25.3596180" startTime="2025-07-24T12:48:49.4790889+02:00" endTime="2025-07-24T12:50:14.8394740+02:00" testType="13cdc9d9-ddb5-4fa4-a97d-d965ccfc6d4b" outcome="Passed" testListId="8c84fa94-04c1-424b-9868-57a2d4851a1d" relativeResultsDirectory="f5d0fd83-69e7-435a-bef7-bc19aab1ddda" />
    <UnitTestResult executionId="b2d217b3-e7be-411d-b708-e709def82c5d" testId="4be71b4c-a7b5-108c-aee5-f8de6da8144f" testName="BloodSampleTests_TestOnly" computerName="LT-6MQPN94" duration="00:01:20.8208200" startTime="2025-07-24T12:46:05.0778019+02:00" endTime="2025-07-24T12:47:25.8993806+02:00" testType="13cdc9d9-ddb5-4fa4-a97d-d965ccfc6d4b" outcome="Passed" testListId="8c84fa94-04c1-424b-9868-57a2d4851a1d" relativeResultsDirectory="b2d217b3-e7be-411d-b708-e709def82c5d" />
    <UnitTestResult executionId="a22fbb65-fb87-4396-922a-fbf397de8561" testId="1d2f2490-02e8-7317-f5f5-6a5057ea2d50" testName="ACreateHamper" computerName="LT-6MQPN94" duration="00:00:17.0697130" startTime="2025-07-24T12:43:02.4633449+02:00" endTime="2025-07-24T12:43:19.5331371+02:00" testType="13cdc9d9-ddb5-4fa4-a97d-d965ccfc6d4b" outcome="Passed" testListId="8c84fa94-04c1-424b-9868-57a2d4851a1d" relativeResultsDirectory="a22fbb65-fb87-4396-922a-fbf397de8561" />
    <UnitTestResult executionId="649993ab-d6dc-4eaa-985a-454ed89505d2" testId="2b91dfc4-2bb1-f807-8947-074d9166ee35" testName="LowHBDefferal" computerName="LT-6MQPN94" duration="00:01:02.0340430" startTime="2025-07-24T12:53:51.0474814+02:00" endTime="2025-07-24T12:54:53.0820575+02:00" testType="13cdc9d9-ddb5-4fa4-a97d-d965ccfc6d4b" outcome="Failed" testListId="8c84fa94-04c1-424b-9868-57a2d4851a1d" relativeResultsDirectory="649993ab-d6dc-4eaa-985a-454ed89505d2">
      <Output>
        <ErrorInfo>
          <Message>OpenQA.Selenium.WebDriverTimeoutException : Timed out after 30 seconds&#xD;
  ----&gt; OpenQA.Selenium.NoSuchElementException : Could not find element by: By.XPath: //button[.//span[text()='No']]; For documentation on this error, please visit: https://www.selenium.dev/documentation/webdriver/troubleshooting/errors#no-such-element-exception</Message>
          <StackTrace>   at OpenQA.Selenium.Support.UI.DefaultWait`1.ThrowTimeoutException(String exceptionMessage, Exception lastException)&#xD;
   at OpenQA.Selenium.Support.UI.DefaultWait`1.Until[TResult](Func`2 condition, CancellationToken token)&#xD;
   at OpenQA.Selenium.Support.UI.DefaultWait`1.Until[TResult](Func`2 condition)&#xD;
   at PulseDonations.PageObjects.Donations.TestingPage.negativeLowHBDeferralTestingInformation() in C:\Users\Remy.Miller\source\repos\PulseDonations\PageObjects\Donations\TestingPage.cs:line 229&#xD;
   at PulseDonations.Tests.Negative.LowHBDefferal() in C:\Users\Remy.Miller\source\repos\PulseDonations\Tests\Negative.cs:line 101&#xD;
   at System.RuntimeMethodHandle.InvokeMethod(Object target, Void** arguments, Signature sig, Boolean isConstructor)&#xD;
   at System.Reflection.MethodBaseInvoker.InvokeWithNoArgs(Object obj, BindingFlags invokeAttr)&#xD;
--NoSuchElementException&#xD;
   at SeleniumExtras.PageObjects.DefaultElementLocator.LocateElement(IEnumerable`1 bys)&#xD;
   at SeleniumExtras.PageObjects.WebElementProxy.get_WrappedElement()&#xD;
   at SeleniumExtras.PageObjects.WebElementProxy.get_Displayed()&#xD;
   at SeleniumExtras.WaitHelpers.ExpectedConditions.&lt;&gt;c__DisplayClass20_0.&lt;ElementToBeClickable&gt;b__0(IWebDriver driver)&#xD;
   at OpenQA.Selenium.Support.UI.DefaultWait`1.Until[TResult](Func`2 condition, CancellationToken token)
</StackTrace>
        </ErrorInfo>
      </Output>
    </UnitTestResult>
    <UnitTestResult executionId="3b32aa69-d5e7-47bd-bd76-070db26e3d6c" testId="d0582bdc-f8af-1265-7d05-bbdc666cdb7c" testName="DefferalAttendance" computerName="LT-6MQPN94" duration="00:00:07.6957080" startTime="2025-07-24T12:58:19.6673729+02:00" endTime="2025-07-24T12:58:27.3631454+02:00" testType="13cdc9d9-ddb5-4fa4-a97d-d965ccfc6d4b" outcome="Failed" testListId="8c84fa94-04c1-424b-9868-57a2d4851a1d" relativeResultsDirectory="3b32aa69-d5e7-47bd-bd76-070db26e3d6c">
      <Output>
        <ErrorInfo>
          <Message>  Expected: greater than or equal to 1&#xD;
  But was:  0&#xD;
</Message>
          <StackTrace>   at PulseDonations.PageObjects.DonorAttendance.DonorAttendancePage.defferalAttendanceRecord() in C:\Users\Remy.Miller\source\repos\PulseDonations\PageObjects\DonorAttendance\DonorAttendancePage.cs:line 86&#xD;
   at PulseDonations.Tests.Recon.DefferalAttendance() in C:\Users\Remy.Miller\source\repos\PulseDonations\Tests\Recon.cs:line 40&#xD;
   at InvokeStub_Recon.DefferalAttendance(Object, Object, IntPtr*)&#xD;

1)    at PulseDonations.PageObjects.DonorAttendance.DonorAttendancePage.defferalAttendanceRecord() in C:\Users\Remy.Miller\source\repos\PulseDonations\PageObjects\DonorAttendance\DonorAttendancePage.cs:line 86&#xD;
   at PulseDonations.Tests.Recon.DefferalAttendance() in C:\Users\Remy.Miller\source\repos\PulseDonations\Tests\Recon.cs:line 40&#xD;
   at InvokeStub_Recon.DefferalAttendance(Object, Object, IntPtr*)&#xD;

</StackTrace>
        </ErrorInfo>
      </Output>
    </UnitTestResult>
    <UnitTestResult executionId="5ff2f9b2-8b61-4e62-b52a-895d1e08d9df" testId="a6e83db4-54f2-b749-6f01-4c43b53e5974" testName="WholeBloodQuadPack" computerName="LT-6MQPN94" duration="00:01:49.5522390" startTime="2025-07-24T12:50:14.8440626+02:00" endTime="2025-07-24T12:52:04.3972874+02:00" testType="13cdc9d9-ddb5-4fa4-a97d-d965ccfc6d4b" outcome="Passed" testListId="8c84fa94-04c1-424b-9868-57a2d4851a1d" relativeResultsDirectory="5ff2f9b2-8b61-4e62-b52a-895d1e08d9df" />
    <UnitTestResult executionId="af7e4b0a-f1d4-4d7a-a654-5ebc52468591" testId="5526b7d8-991f-ed15-4c9d-98a30dcc6c05" testName="BloodSampleTests_FBC" computerName="LT-6MQPN94" duration="00:01:04.1548870" startTime="2025-07-24T12:52:46.8895635+02:00" endTime="2025-07-24T12:53:51.0450064+02:00" testType="13cdc9d9-ddb5-4fa4-a97d-d965ccfc6d4b" outcome="Passed" testListId="8c84fa94-04c1-424b-9868-57a2d4851a1d" relativeResultsDirectory="af7e4b0a-f1d4-4d7a-a654-5ebc52468591" />
    <UnitTestResult executionId="62d6ba6b-c0c1-4696-9771-ac0dcba640b7" testId="0ffc136e-2341-2a5e-f740-21fccb35950e" testName="OverallAttendance" computerName="LT-6MQPN94" duration="00:00:03.7466080" startTime="2025-07-24T12:58:15.9206711+02:00" endTime="2025-07-24T12:58:19.6673098+02:00" testType="13cdc9d9-ddb5-4fa4-a97d-d965ccfc6d4b" outcome="Passed" testListId="8c84fa94-04c1-424b-9868-57a2d4851a1d" relativeResultsDirectory="62d6ba6b-c0c1-4696-9771-ac0dcba640b7" />
    <UnitTestResult executionId="6d7ed740-2e3c-4c0e-b1b1-1abf7f088789" testId="b5254660-42fc-5c5b-415e-9b85658c65e9" testName="HaemovigilanceStats" computerName="LT-6MQPN94" duration="00:00:11.2022880" startTime="2025-07-24T12:58:49.6604284+02:00" endTime="2025-07-24T12:59:00.8628078+02:00" testType="13cdc9d9-ddb5-4fa4-a97d-d965ccfc6d4b" outcome="Passed" testListId="8c84fa94-04c1-424b-9868-57a2d4851a1d" relativeResultsDirectory="6d7ed740-2e3c-4c0e-b1b1-1abf7f088789" />
    <UnitTestResult executionId="5e9570b0-ec3c-44f9-9a31-484b5b130aaf" testId="ffca9fcd-efee-4b3c-db16-fd6fca7dc173" testName="Apheresis_PlasmaPack" computerName="LT-6MQPN94" duration="00:01:23.5787990" startTime="2025-07-24T12:47:25.8994866+02:00" endTime="2025-07-24T12:48:49.4790504+02:00" testType="13cdc9d9-ddb5-4fa4-a97d-d965ccfc6d4b" outcome="Passed" testListId="8c84fa94-04c1-424b-9868-57a2d4851a1d" relativeResultsDirectory="5e9570b0-ec3c-44f9-9a31-484b5b130aaf" />
    <UnitTestResult executionId="650f5f85-cd9d-4dd4-bb45-8cfd04f4e551" testId="08d98018-9ca2-2264-0381-fbe9e6e470e8" testName="SetupGeneralReport" computerName="LT-6MQPN94" duration="00:00:37.5496130" startTime="2025-07-24T12:57:31.4572061+02:00" endTime="2025-07-24T12:58:09.0071376+02:00" testType="13cdc9d9-ddb5-4fa4-a97d-d965ccfc6d4b" outcome="Failed" testListId="8c84fa94-04c1-424b-9868-57a2d4851a1d" relativeResultsDirectory="650f5f85-cd9d-4dd4-bb45-8cfd04f4e551">
      <Output>
        <ErrorInfo>
          <Message>OpenQA.Selenium.WebDriverTimeoutException : Timed out after 30 seconds</Message>
          <StackTrace>   at OpenQA.Selenium.Support.UI.DefaultWait`1.ThrowTimeoutException(String exceptionMessage, Exception lastException)&#xD;
   at OpenQA.Selenium.Support.UI.DefaultWait`1.Until[TResult](Func`2 condition, CancellationToken token)&#xD;
   at OpenQA.Selenium.Support.UI.DefaultWait`1.Until[TResult](Func`2 condition)&#xD;
   at PulseDonations.PageObjects.ClinicSetup.ClinicSetupPage.setupGeneralReport() in C:\Users\Remy.Miller\source\repos\PulseDonations\PageObjects\ClinicSetup\ClinicSetupPage.cs:line 349&#xD;
   at PulseDonations.Tests.Clinic.SetupGeneralReport() in C:\Users\Remy.Miller\source\repos\PulseDonations\Tests\Clinic.cs:line 41&#xD;
   at System.RuntimeMethodHandle.InvokeMethod(Object target, Void** arguments, Signature sig, Boolean isConstructor)&#xD;
   at System.Reflection.MethodBaseInvoker.InvokeWithNoArgs(Object obj, BindingFlags invokeAttr)
</StackTrace>
        </ErrorInfo>
      </Output>
    </UnitTestResult>
    <UnitTestResult executionId="054aa04c-2821-48e7-9b80-83f42f0ff68a" testId="6562ea9d-b262-d67c-d3b2-ff0efcd37646" testName="VasovagalHaemovigilance" computerName="LT-6MQPN94" duration="00:00:30.1279320" startTime="2025-07-24T12:55:34.9295313+02:00" endTime="2025-07-24T12:56:05.0577215+02:00" testType="13cdc9d9-ddb5-4fa4-a97d-d965ccfc6d4b" outcome="Passed" testListId="8c84fa94-04c1-424b-9868-57a2d4851a1d" relativeResultsDirectory="054aa04c-2821-48e7-9b80-83f42f0ff68a" />
    <UnitTestResult executionId="cb25765a-fded-4afb-aa29-525226112d32" testId="71c51bb9-cd11-5982-2bfb-01aad0d370fe" testName="TherapeuticsQuadPack" computerName="LT-6MQPN94" duration="00:01:23.3572830" startTime="2025-07-24T12:44:41.7196890+02:00" endTime="2025-07-24T12:46:05.0777552+02:00" testType="13cdc9d9-ddb5-4fa4-a97d-d965ccfc6d4b" outcome="Passed" testListId="8c84fa94-04c1-424b-9868-57a2d4851a1d" relativeResultsDirectory="cb25765a-fded-4afb-aa29-525226112d32" />
    <UnitTestResult executionId="61e2fac6-90f0-424e-9e2e-2dcb13129cce" testId="726c3606-88b0-a7d9-091a-e2e8916a9eb3" testName="SetupClinicReport" computerName="LT-6MQPN94" duration="00:00:14.4525930" startTime="2025-07-24T12:57:17.0044371+02:00" endTime="2025-07-24T12:57:31.4571534+02:00" testType="13cdc9d9-ddb5-4fa4-a97d-d965ccfc6d4b" outcome="Passed" testListId="8c84fa94-04c1-424b-9868-57a2d4851a1d" relativeResultsDirectory="61e2fac6-90f0-424e-9e2e-2dcb13129cce" />
    <UnitTestResult executionId="ec290788-741a-4be0-ad41-f5830a6fac88" testId="93c2b5e6-48d2-7c5a-9022-a6cad87f5d49" testName="OtherHaemovigilance" computerName="LT-6MQPN94" duration="00:00:31.2033910" startTime="2025-07-24T12:56:45.8004640+02:00" endTime="2025-07-24T12:57:17.0041221+02:00" testType="13cdc9d9-ddb5-4fa4-a97d-d965ccfc6d4b" outcome="Passed" testListId="8c84fa94-04c1-424b-9868-57a2d4851a1d" relativeResultsDirectory="ec290788-741a-4be0-ad41-f5830a6fac88" />
    <UnitTestResult executionId="9e111638-2ad3-498f-8575-598f8c586a74" testId="c5f9afab-6896-4f5d-be3e-4751a51580a4" testName="TherapeuticsDryPack" computerName="LT-6MQPN94" duration="00:00:42.4915070" startTime="2025-07-24T12:52:04.3973957+02:00" endTime="2025-07-24T12:52:46.8892842+02:00" testType="13cdc9d9-ddb5-4fa4-a97d-d965ccfc6d4b" outcome="Failed" testListId="8c84fa94-04c1-424b-9868-57a2d4851a1d" relativeResultsDirectory="9e111638-2ad3-498f-8575-598f8c586a74">
      <Output>
        <ErrorInfo>
          <Message>OpenQA.Selenium.WebDriverTimeoutException : Timed out after 30 seconds</Message>
          <StackTrace>   at OpenQA.Selenium.Support.UI.DefaultWait`1.ThrowTimeoutException(String exceptionMessage, Exception lastException)&#xD;
   at OpenQA.Selenium.Support.UI.DefaultWait`1.Until[TResult](Func`2 condition, CancellationToken token)&#xD;
   at OpenQA.Selenium.Support.UI.DefaultWait`1.Until[TResult](Func`2 condition)&#xD;
   at PulseDonations.PageObjects.Donations.RegistrationPage.updateFemaleExistingDonor() in C:\Users\Remy.Miller\source\repos\PulseDonations\PageObjects\Donations\RegistrationPage.cs:line 312&#xD;
   at PulseDonations.PageObjects.Donations.RegistrationPage.genderIdentification() in C:\Users\Remy.Miller\source\repos\PulseDonations\PageObjects\Donations\RegistrationPage.cs:line 204&#xD;
   at PulseDonations.Tests.ExistingDonorPositiveE2E.TherapeuticsDryPack() in C:\Users\Remy.Miller\source\repos\PulseDonations\Tests\ExistingDonorPositiveE2E.cs:line 82&#xD;
   at System.RuntimeMethodHandle.InvokeMethod(Object target, Void** arguments, Signature sig, Boolean isConstructor)&#xD;
   at System.Reflection.MethodBaseInvoker.InvokeWithNoArgs(Object obj, BindingFlags invokeAttr)
</StackTrace>
        </ErrorInfo>
      </Output>
    </UnitTestResult>
    <UnitTestResult executionId="0e152e7d-5fdf-4cd5-a0c1-6a98d1407b00" testId="10564b53-7445-0d86-604e-b27e875f9940" testName="VenepunctureHaemovigilance" computerName="LT-6MQPN94" duration="00:00:40.7422980" startTime="2025-07-24T12:56:05.0577768+02:00" endTime="2025-07-24T12:56:45.8004237+02:00" testType="13cdc9d9-ddb5-4fa4-a97d-d965ccfc6d4b" outcome="Passed" testListId="8c84fa94-04c1-424b-9868-57a2d4851a1d" relativeResultsDirectory="0e152e7d-5fdf-4cd5-a0c1-6a98d1407b00" />
    <UnitTestResult executionId="a735d960-9209-49cb-b491-63184bd01f1c" testId="7161e44b-21ea-2da7-bf6f-443915b46ee6" testName="GeneralReportAudit" computerName="LT-6MQPN94" duration="00:00:06.9131520" startTime="2025-07-24T12:58:09.0071703+02:00" endTime="2025-07-24T12:58:15.9203789+02:00" testType="13cdc9d9-ddb5-4fa4-a97d-d965ccfc6d4b" outcome="Passed" testListId="8c84fa94-04c1-424b-9868-57a2d4851a1d" relativeResultsDirectory="a735d960-9209-49cb-b491-63184bd01f1c" />
    <UnitTestResult executionId="8636f771-d130-468a-ba45-28d107b73e48" testId="792f23e0-04b0-2aba-a185-b3b9e62383a1" testName="UnderweightDefferal" computerName="LT-6MQPN94" duration="00:00:41.8470180" startTime="2025-07-24T12:54:53.0821044+02:00" endTime="2025-07-24T12:55:34.9294816+02:00" testType="13cdc9d9-ddb5-4fa4-a97d-d965ccfc6d4b" outcome="Passed" testListId="8c84fa94-04c1-424b-9868-57a2d4851a1d" relativeResultsDirectory="8636f771-d130-468a-ba45-28d107b73e48" />
    <UnitTestResult executionId="51f6cf98-3f95-49c6-a203-c73baaa3ca05" testId="20251c81-21c2-9e75-26d6-f5b27d242723" testName="DailyAttendanceDetails" computerName="LT-6MQPN94" duration="00:00:11.5307860" startTime="2025-07-24T12:58:38.1295102+02:00" endTime="2025-07-24T12:58:49.6603916+02:00" testType="13cdc9d9-ddb5-4fa4-a97d-d965ccfc6d4b" outcome="Passed" testListId="8c84fa94-04c1-424b-9868-57a2d4851a1d" relativeResultsDirectory="51f6cf98-3f95-49c6-a203-c73baaa3ca05" />
    <UnitTestResult executionId="3f0acdde-9455-477a-9040-e9f7e94952ff" testId="04c143f2-dde8-2681-56fb-0b4d3d4861ed" testName="WholeBloodDryPack" computerName="LT-6MQPN94" duration="00:01:22.1841199" startTime="2025-07-24T12:43:19.5346976+02:00" endTime="2025-07-24T12:44:41.7195900+02:00" testType="13cdc9d9-ddb5-4fa4-a97d-d965ccfc6d4b" outcome="Passed" testListId="8c84fa94-04c1-424b-9868-57a2d4851a1d" relativeResultsDirectory="3f0acdde-9455-477a-9040-e9f7e94952ff" />
    <UnitTestResult executionId="ada8a094-2b72-4714-9778-7724d7c50ac6" testId="58a238e3-9db9-a6a7-4a9e-2cc5e3457c6b" testName="DailyAttendanceStats" computerName="LT-6MQPN94" duration="00:00:10.7661970" startTime="2025-07-24T12:58:27.3631845+02:00" endTime="2025-07-24T12:58:38.1294700+02:00" testType="13cdc9d9-ddb5-4fa4-a97d-d965ccfc6d4b" outcome="Passed" testListId="8c84fa94-04c1-424b-9868-57a2d4851a1d" relativeResultsDirectory="ada8a094-2b72-4714-9778-7724d7c50ac6" />
  </Results>
  <TestDefinitions>
    <UnitTest name="ACreateHamper" storage="c:\users\remy.miller\source\repos\pulsedonations\bin\debug\net8.0\pulsedonations.dll" id="1d2f2490-02e8-7317-f5f5-6a5057ea2d50">
      <Execution id="a22fbb65-fb87-4396-922a-fbf397de8561" />
      <TestMethod codeBase="C:\Users\Remy.Miller\source\repos\PulseDonations\bin\Debug\net8.0\PulseDonations.dll" adapterTypeName="executor://nunit3testexecutor/" className="PulseDonations.Tests.NewDonorPositiveE2E" name="ACreateHamper" />
    </UnitTest>
    <UnitTest name="UnderweightDefferal" storage="c:\users\remy.miller\source\repos\pulsedonations\bin\debug\net8.0\pulsedonations.dll" id="792f23e0-04b0-2aba-a185-b3b9e62383a1">
      <Execution id="8636f771-d130-468a-ba45-28d107b73e48" />
      <TestMethod codeBase="C:\Users\Remy.Miller\source\repos\PulseDonations\bin\Debug\net8.0\PulseDonations.dll" adapterTypeName="executor://nunit3testexecutor/" className="PulseDonations.Tests.Negative" name="UnderweightDefferal" />
    </UnitTest>
    <UnitTest name="DefferalAttendance" storage="c:\users\remy.miller\source\repos\pulsedonations\bin\debug\net8.0\pulsedonations.dll" id="d0582bdc-f8af-1265-7d05-bbdc666cdb7c">
      <Execution id="3b32aa69-d5e7-47bd-bd76-070db26e3d6c" />
      <TestMethod codeBase="C:\Users\Remy.Miller\source\repos\PulseDonations\bin\Debug\net8.0\PulseDonations.dll" adapterTypeName="executor://nunit3testexecutor/" className="PulseDonations.Tests.Recon" name="DefferalAttendance" />
    </UnitTest>
    <UnitTest name="OtherHaemovigilance" storage="c:\users\remy.miller\source\repos\pulsedonations\bin\debug\net8.0\pulsedonations.dll" id="93c2b5e6-48d2-7c5a-9022-a6cad87f5d49">
      <Execution id="ec290788-741a-4be0-ad41-f5830a6fac88" />
      <TestMethod codeBase="C:\Users\Remy.Miller\source\repos\PulseDonations\bin\Debug\net8.0\PulseDonations.dll" adapterTypeName="executor://nunit3testexecutor/" className="PulseDonations.Tests.Negative" name="OtherHaemovigilance" />
    </UnitTest>
    <UnitTest name="GeneralReportAudit" storage="c:\users\remy.miller\source\repos\pulsedonations\bin\debug\net8.0\pulsedonations.dll" id="7161e44b-21ea-2da7-bf6f-443915b46ee6">
      <Execution id="a735d960-9209-49cb-b491-63184bd01f1c" />
      <TestMethod codeBase="C:\Users\Remy.Miller\source\repos\PulseDonations\bin\Debug\net8.0\PulseDonations.dll" adapterTypeName="executor://nunit3testexecutor/" className="PulseDonations.Tests.Clinic" name="GeneralReportAudit" />
    </UnitTest>
    <UnitTest name="LowHBDefferal" storage="c:\users\remy.miller\source\repos\pulsedonations\bin\debug\net8.0\pulsedonations.dll" id="2b91dfc4-2bb1-f807-8947-074d9166ee35">
      <Execution id="649993ab-d6dc-4eaa-985a-454ed89505d2" />
      <TestMethod codeBase="C:\Users\Remy.Miller\source\repos\PulseDonations\bin\Debug\net8.0\PulseDonations.dll" adapterTypeName="executor://nunit3testexecutor/" className="PulseDonations.Tests.Negative" name="LowHBDefferal" />
    </UnitTest>
    <UnitTest name="OverallAttendance" storage="c:\users\remy.miller\source\repos\pulsedonations\bin\debug\net8.0\pulsedonations.dll" id="0ffc136e-2341-2a5e-f740-21fccb35950e">
      <Execution id="62d6ba6b-c0c1-4696-9771-ac0dcba640b7" />
      <TestMethod codeBase="C:\Users\Remy.Miller\source\repos\PulseDonations\bin\Debug\net8.0\PulseDonations.dll" adapterTypeName="executor://nunit3testexecutor/" className="PulseDonations.Tests.Recon" name="OverallAttendance" />
    </UnitTest>
    <UnitTest name="DailyAttendanceStats" storage="c:\users\remy.miller\source\repos\pulsedonations\bin\debug\net8.0\pulsedonations.dll" id="58a238e3-9db9-a6a7-4a9e-2cc5e3457c6b">
      <Execution id="ada8a094-2b72-4714-9778-7724d7c50ac6" />
      <TestMethod codeBase="C:\Users\Remy.Miller\source\repos\PulseDonations\bin\Debug\net8.0\PulseDonations.dll" adapterTypeName="executor://nunit3testexecutor/" className="PulseDonations.Tests.Recon" name="DailyAttendanceStats" />
    </UnitTest>
    <UnitTest name="Apheresis_PlasmaPack" storage="c:\users\remy.miller\source\repos\pulsedonations\bin\debug\net8.0\pulsedonations.dll" id="ffca9fcd-efee-4b3c-db16-fd6fca7dc173">
      <Execution id="5e9570b0-ec3c-44f9-9a31-484b5b130aaf" />
      <TestMethod codeBase="C:\Users\Remy.Miller\source\repos\PulseDonations\bin\Debug\net8.0\PulseDonations.dll" adapterTypeName="executor://nunit3testexecutor/" className="PulseDonations.Tests.NewDonorPositiveE2E" name="Apheresis_PlasmaPack" />
    </UnitTest>
    <UnitTest name="SetupGeneralReport" storage="c:\users\remy.miller\source\repos\pulsedonations\bin\debug\net8.0\pulsedonations.dll" id="08d98018-9ca2-2264-0381-fbe9e6e470e8">
      <Execution id="650f5f85-cd9d-4dd4-bb45-8cfd04f4e551" />
      <TestMethod codeBase="C:\Users\Remy.Miller\source\repos\PulseDonations\bin\Debug\net8.0\PulseDonations.dll" adapterTypeName="executor://nunit3testexecutor/" className="PulseDonations.Tests.Clinic" name="SetupGeneralReport" />
    </UnitTest>
    <UnitTest name="BloodSampleTests_TestOnly" storage="c:\users\remy.miller\source\repos\pulsedonations\bin\debug\net8.0\pulsedonations.dll" id="4be71b4c-a7b5-108c-aee5-f8de6da8144f">
      <Execution id="b2d217b3-e7be-411d-b708-e709def82c5d" />
      <TestMethod codeBase="C:\Users\Remy.Miller\source\repos\PulseDonations\bin\Debug\net8.0\PulseDonations.dll" adapterTypeName="executor://nunit3testexecutor/" className="PulseDonations.Tests.NewDonorPositiveE2E" name="BloodSampleTests_TestOnly" />
    </UnitTest>
    <UnitTest name="TherapeuticsQuadPack" storage="c:\users\remy.miller\source\repos\pulsedonations\bin\debug\net8.0\pulsedonations.dll" id="71c51bb9-cd11-5982-2bfb-01aad0d370fe">
      <Execution id="cb25765a-fded-4afb-aa29-525226112d32" />
      <TestMethod codeBase="C:\Users\Remy.Miller\source\repos\PulseDonations\bin\Debug\net8.0\PulseDonations.dll" adapterTypeName="executor://nunit3testexecutor/" className="PulseDonations.Tests.NewDonorPositiveE2E" name="TherapeuticsQuadPack" />
    </UnitTest>
    <UnitTest name="DailyAttendanceDetails" storage="c:\users\remy.miller\source\repos\pulsedonations\bin\debug\net8.0\pulsedonations.dll" id="20251c81-21c2-9e75-26d6-f5b27d242723">
      <Execution id="51f6cf98-3f95-49c6-a203-c73baaa3ca05" />
      <TestMethod codeBase="C:\Users\Remy.Miller\source\repos\PulseDonations\bin\Debug\net8.0\PulseDonations.dll" adapterTypeName="executor://nunit3testexecutor/" className="PulseDonations.Tests.Recon" name="DailyAttendanceDetails" />
    </UnitTest>
    <UnitTest name="WholeBloodQuadPack" storage="c:\users\remy.miller\source\repos\pulsedonations\bin\debug\net8.0\pulsedonations.dll" id="a6e83db4-54f2-b749-6f01-4c43b53e5974">
      <Execution id="5ff2f9b2-8b61-4e62-b52a-895d1e08d9df" />
      <TestMethod codeBase="C:\Users\Remy.Miller\source\repos\PulseDonations\bin\Debug\net8.0\PulseDonations.dll" adapterTypeName="executor://nunit3testexecutor/" className="PulseDonations.Tests.ExistingDonorPositiveE2E" name="WholeBloodQuadPack" />
    </UnitTest>
    <UnitTest name="TherapeuticsDryPack" storage="c:\users\remy.miller\source\repos\pulsedonations\bin\debug\net8.0\pulsedonations.dll" id="c5f9afab-6896-4f5d-be3e-4751a51580a4">
      <Execution id="9e111638-2ad3-498f-8575-598f8c586a74" />
      <TestMethod codeBase="C:\Users\Remy.Miller\source\repos\PulseDonations\bin\Debug\net8.0\PulseDonations.dll" adapterTypeName="executor://nunit3testexecutor/" className="PulseDonations.Tests.ExistingDonorPositiveE2E" name="TherapeuticsDryPack" />
    </UnitTest>
    <UnitTest name="HaemovigilanceStats" storage="c:\users\remy.miller\source\repos\pulsedonations\bin\debug\net8.0\pulsedonations.dll" id="b5254660-42fc-5c5b-415e-9b85658c65e9">
      <Execution id="6d7ed740-2e3c-4c0e-b1b1-1abf7f088789" />
      <TestMethod codeBase="C:\Users\Remy.Miller\source\repos\PulseDonations\bin\Debug\net8.0\PulseDonations.dll" adapterTypeName="executor://nunit3testexecutor/" className="PulseDonations.Tests.Recon" name="HaemovigilanceStats" />
    </UnitTest>
    <UnitTest name="WholeBloodDryPack" storage="c:\users\remy.miller\source\repos\pulsedonations\bin\debug\net8.0\pulsedonations.dll" id="04c143f2-dde8-2681-56fb-0b4d3d4861ed">
      <Execution id="3f0acdde-9455-477a-9040-e9f7e94952ff" />
      <TestMethod codeBase="C:\Users\Remy.Miller\source\repos\PulseDonations\bin\Debug\net8.0\PulseDonations.dll" adapterTypeName="executor://nunit3testexecutor/" className="PulseDonations.Tests.NewDonorPositiveE2E" name="WholeBloodDryPack" />
    </UnitTest>
    <UnitTest name="SetupClinicReport" storage="c:\users\remy.miller\source\repos\pulsedonations\bin\debug\net8.0\pulsedonations.dll" id="726c3606-88b0-a7d9-091a-e2e8916a9eb3">
      <Execution id="61e2fac6-90f0-424e-9e2e-2dcb13129cce" />
      <TestMethod codeBase="C:\Users\Remy.Miller\source\repos\PulseDonations\bin\Debug\net8.0\PulseDonations.dll" adapterTypeName="executor://nunit3testexecutor/" className="PulseDonations.Tests.Clinic" name="SetupClinicReport" />
    </UnitTest>
    <UnitTest name="BloodSampleTests_FBC" storage="c:\users\remy.miller\source\repos\pulsedonations\bin\debug\net8.0\pulsedonations.dll" id="5526b7d8-991f-ed15-4c9d-98a30dcc6c05">
      <Execution id="af7e4b0a-f1d4-4d7a-a654-5ebc52468591" />
      <TestMethod codeBase="C:\Users\Remy.Miller\source\repos\PulseDonations\bin\Debug\net8.0\PulseDonations.dll" adapterTypeName="executor://nunit3testexecutor/" className="PulseDonations.Tests.ExistingDonorPositiveE2E" name="BloodSampleTests_FBC" />
    </UnitTest>
    <UnitTest name="VenepunctureHaemovigilance" storage="c:\users\remy.miller\source\repos\pulsedonations\bin\debug\net8.0\pulsedonations.dll" id="10564b53-7445-0d86-604e-b27e875f9940">
      <Execution id="0e152e7d-5fdf-4cd5-a0c1-6a98d1407b00" />
      <TestMethod codeBase="C:\Users\Remy.Miller\source\repos\PulseDonations\bin\Debug\net8.0\PulseDonations.dll" adapterTypeName="executor://nunit3testexecutor/" className="PulseDonations.Tests.Negative" name="VenepunctureHaemovigilance" />
    </UnitTest>
    <UnitTest name="VasovagalHaemovigilance" storage="c:\users\remy.miller\source\repos\pulsedonations\bin\debug\net8.0\pulsedonations.dll" id="6562ea9d-b262-d67c-d3b2-ff0efcd37646">
      <Execution id="054aa04c-2821-48e7-9b80-83f42f0ff68a" />
      <TestMethod codeBase="C:\Users\Remy.Miller\source\repos\PulseDonations\bin\Debug\net8.0\PulseDonations.dll" adapterTypeName="executor://nunit3testexecutor/" className="PulseDonations.Tests.Negative" name="VasovagalHaemovigilance" />
    </UnitTest>
    <UnitTest name="SourcePlasma_SP" storage="c:\users\remy.miller\source\repos\pulsedonations\bin\debug\net8.0\pulsedonations.dll" id="e15b5d13-b1a0-4e4d-c6c2-9c5112ddc27d">
      <Execution id="f5d0fd83-69e7-435a-bef7-bc19aab1ddda" />
      <TestMethod codeBase="C:\Users\Remy.Miller\source\repos\PulseDonations\bin\Debug\net8.0\PulseDonations.dll" adapterTypeName="executor://nunit3testexecutor/" className="PulseDonations.Tests.NewDonorPositiveE2E" name="SourcePlasma_SP" />
    </UnitTest>
    <UnitTest name="HaemovigilanceDetails" storage="c:\users\remy.miller\source\repos\pulsedonations\bin\debug\net8.0\pulsedonations.dll" id="9bacd212-5b45-50cc-3adb-b253df06b616">
      <Execution id="e7cd6841-3439-4070-ad10-44756a2464e1" />
      <TestMethod codeBase="C:\Users\Remy.Miller\source\repos\PulseDonations\bin\Debug\net8.0\PulseDonations.dll" adapterTypeName="executor://nunit3testexecutor/" className="PulseDonations.Tests.Recon" name="HaemovigilanceDetails" />
    </UnitTest>
  </TestDefinitions>
  <TestEntries>
    <TestEntry testId="9bacd212-5b45-50cc-3adb-b253df06b616" executionId="e7cd6841-3439-4070-ad10-44756a2464e1" testListId="8c84fa94-04c1-424b-9868-57a2d4851a1d" />
    <TestEntry testId="e15b5d13-b1a0-4e4d-c6c2-9c5112ddc27d" executionId="f5d0fd83-69e7-435a-bef7-bc19aab1ddda" testListId="8c84fa94-04c1-424b-9868-57a2d4851a1d" />
    <TestEntry testId="4be71b4c-a7b5-108c-aee5-f8de6da8144f" executionId="b2d217b3-e7be-411d-b708-e709def82c5d" testListId="8c84fa94-04c1-424b-9868-57a2d4851a1d" />
    <TestEntry testId="1d2f2490-02e8-7317-f5f5-6a5057ea2d50" executionId="a22fbb65-fb87-4396-922a-fbf397de8561" testListId="8c84fa94-04c1-424b-9868-57a2d4851a1d" />
    <TestEntry testId="2b91dfc4-2bb1-f807-8947-074d9166ee35" executionId="649993ab-d6dc-4eaa-985a-454ed89505d2" testListId="8c84fa94-04c1-424b-9868-57a2d4851a1d" />
    <TestEntry testId="d0582bdc-f8af-1265-7d05-bbdc666cdb7c" executionId="3b32aa69-d5e7-47bd-bd76-070db26e3d6c" testListId="8c84fa94-04c1-424b-9868-57a2d4851a1d" />
    <TestEntry testId="a6e83db4-54f2-b749-6f01-4c43b53e5974" executionId="5ff2f9b2-8b61-4e62-b52a-895d1e08d9df" testListId="8c84fa94-04c1-424b-9868-57a2d4851a1d" />
    <TestEntry testId="5526b7d8-991f-ed15-4c9d-98a30dcc6c05" executionId="af7e4b0a-f1d4-4d7a-a654-5ebc52468591" testListId="8c84fa94-04c1-424b-9868-57a2d4851a1d" />
    <TestEntry testId="0ffc136e-2341-2a5e-f740-21fccb35950e" executionId="62d6ba6b-c0c1-4696-9771-ac0dcba640b7" testListId="8c84fa94-04c1-424b-9868-57a2d4851a1d" />
    <TestEntry testId="b5254660-42fc-5c5b-415e-9b85658c65e9" executionId="6d7ed740-2e3c-4c0e-b1b1-1abf7f088789" testListId="8c84fa94-04c1-424b-9868-57a2d4851a1d" />
    <TestEntry testId="ffca9fcd-efee-4b3c-db16-fd6fca7dc173" executionId="5e9570b0-ec3c-44f9-9a31-484b5b130aaf" testListId="8c84fa94-04c1-424b-9868-57a2d4851a1d" />
    <TestEntry testId="08d98018-9ca2-2264-0381-fbe9e6e470e8" executionId="650f5f85-cd9d-4dd4-bb45-8cfd04f4e551" testListId="8c84fa94-04c1-424b-9868-57a2d4851a1d" />
    <TestEntry testId="6562ea9d-b262-d67c-d3b2-ff0efcd37646" executionId="054aa04c-2821-48e7-9b80-83f42f0ff68a" testListId="8c84fa94-04c1-424b-9868-57a2d4851a1d" />
    <TestEntry testId="71c51bb9-cd11-5982-2bfb-01aad0d370fe" executionId="cb25765a-fded-4afb-aa29-525226112d32" testListId="8c84fa94-04c1-424b-9868-57a2d4851a1d" />
    <TestEntry testId="726c3606-88b0-a7d9-091a-e2e8916a9eb3" executionId="61e2fac6-90f0-424e-9e2e-2dcb13129cce" testListId="8c84fa94-04c1-424b-9868-57a2d4851a1d" />
    <TestEntry testId="93c2b5e6-48d2-7c5a-9022-a6cad87f5d49" executionId="ec290788-741a-4be0-ad41-f5830a6fac88" testListId="8c84fa94-04c1-424b-9868-57a2d4851a1d" />
    <TestEntry testId="c5f9afab-6896-4f5d-be3e-4751a51580a4" executionId="9e111638-2ad3-498f-8575-598f8c586a74" testListId="8c84fa94-04c1-424b-9868-57a2d4851a1d" />
    <TestEntry testId="10564b53-7445-0d86-604e-b27e875f9940" executionId="0e152e7d-5fdf-4cd5-a0c1-6a98d1407b00" testListId="8c84fa94-04c1-424b-9868-57a2d4851a1d" />
    <TestEntry testId="7161e44b-21ea-2da7-bf6f-443915b46ee6" executionId="a735d960-9209-49cb-b491-63184bd01f1c" testListId="8c84fa94-04c1-424b-9868-57a2d4851a1d" />
    <TestEntry testId="792f23e0-04b0-2aba-a185-b3b9e62383a1" executionId="8636f771-d130-468a-ba45-28d107b73e48" testListId="8c84fa94-04c1-424b-9868-57a2d4851a1d" />
    <TestEntry testId="20251c81-21c2-9e75-26d6-f5b27d242723" executionId="51f6cf98-3f95-49c6-a203-c73baaa3ca05" testListId="8c84fa94-04c1-424b-9868-57a2d4851a1d" />
    <TestEntry testId="04c143f2-dde8-2681-56fb-0b4d3d4861ed" executionId="3f0acdde-9455-477a-9040-e9f7e94952ff" testListId="8c84fa94-04c1-424b-9868-57a2d4851a1d" />
    <TestEntry testId="58a238e3-9db9-a6a7-4a9e-2cc5e3457c6b" executionId="ada8a094-2b72-4714-9778-7724d7c50ac6" testListId="8c84fa94-04c1-424b-9868-57a2d4851a1d" />
  </TestEntries>
  <TestLists>
    <TestList name="Results Not in a List" id="8c84fa94-04c1-424b-9868-57a2d4851a1d" />
    <TestList name="All Loaded Results" id="19431567-8539-422a-85d7-44ee4e166bda" />
  </TestLists>
  <ResultSummary outcome="Failed">
    <Counters total="23" executed="23" passed="19" failed="4" error="0" timeout="0" aborted="0" inconclusive="0" passedButRunAborted="0" notRunnable="0" notExecuted="0" disconnected="0" warning="0" completed="0" inProgress="0" pending="0" />
    <Output>
      <StdOut>NUnit Adapter 4.5.0.0: Test execution started&#xD;
Running selected tests in C:\Users\Remy.Miller\source\repos\PulseDonations\bin\Debug\net8.0\PulseDonations.dll&#xD;
   NUnit3TestExecutor discovered 23 of 23 NUnit test cases using Current Discovery mode, Non-Explicit run&#xD;
Starting ChromeDriver 138.0.7204.168 (3e8d82e86e9f508e88ed406c2a24657a6c691d30-refs/branch-heads/7204@{#2081}) on port 56608&#xD;
Only local connections are allowed.&#xD;
Please see https://chromedriver.chromium.org/security-considerations for suggestions on keeping ChromeDriver safe.&#xD;
ChromeDriver was started successfully on port 56608.&#xD;
55572983&#xD;
Starting ChromeDriver 138.0.7204.168 (3e8d82e86e9f508e88ed406c2a24657a6c691d30-refs/branch-heads/7204@{#2081}) on port 56639&#xD;
Only local connections are allowed.&#xD;
Please see https://chromedriver.chromium.org/security-considerations for suggestions on keeping ChromeDriver safe.&#xD;
ChromeDriver was started successfully on port 56639.&#xD;
Female Donor&#xD;
8205264842086&#xD;
Lela&#xD;
Shelly&#xD;
Nikolaus&#xD;
Lela@myspy.com&#xD;
0830768908&#xD;
70365 Reilly Island&#xD;
Franschhoek&#xD;
4399&#xD;
25196291&#xD;
13.1&#xD;
11.5&#xD;
CAA033730&#xD;
CAA652055&#xD;
n&#xD;
d&#xD;
26/05/1994&#xD;
24/07/2025&#xD;
135712939&#xD;
194830600&#xD;
120643830&#xD;
Female Donor&#xD;
Lela&#xD;
Nikolaus&#xD;
8205264842086&#xD;
Whole Blood Donation&#xD;
Dry Pack&#xD;
Starting ChromeDriver 138.0.7204.168 (3e8d82e86e9f508e88ed406c2a24657a6c691d30-refs/branch-heads/7204@{#2081}) on port 56712&#xD;
Only local connections are allowed.&#xD;
Please see https://chromedriver.chromium.org/security-considerations for suggestions on keeping ChromeDriver safe.&#xD;
ChromeDriver was started successfully on port 56712.&#xD;
Male Donor&#xD;
8409019519086&#xD;
Harry&#xD;
Francis&#xD;
Rohan&#xD;
Harry@myspy.com&#xD;
0830532665&#xD;
575 Rippin Land&#xD;
De Waterkant&#xD;
2340&#xD;
64509311&#xD;
13.6&#xD;
g&#xD;
c&#xD;
01/09/2002&#xD;
24/07/2025&#xD;
657489098&#xD;
131556792&#xD;
359541692&#xD;
Male Donor&#xD;
Harry&#xD;
Rohan&#xD;
8409019519086&#xD;
Therapeutics&#xD;
Quad Pack&#xD;
Starting ChromeDriver 138.0.7204.168 (3e8d82e86e9f508e88ed406c2a24657a6c691d30-refs/branch-heads/7204@{#2081}) on port 56811&#xD;
Only local connections are allowed.&#xD;
Please see https://chromedriver.chromium.org/security-considerations for suggestions on keeping ChromeDriver safe.&#xD;
ChromeDriver was started successfully on port 56811.&#xD;
Male Donor&#xD;
8107236768185&#xD;
Zachary&#xD;
Dean&#xD;
Rath&#xD;
Zachary@myspy.com&#xD;
0839602411&#xD;
03283 Ubaldo Corners&#xD;
Tokai&#xD;
6869&#xD;
67752609&#xD;
14.2&#xD;
t&#xD;
g&#xD;
23/07/1987&#xD;
24/07/2025&#xD;
564689315&#xD;
274504622&#xD;
180570938&#xD;
Male Donor&#xD;
Zachary&#xD;
Rath&#xD;
8107236768185&#xD;
Blood Samples/Tests&#xD;
Test Only&#xD;
Starting ChromeDriver 138.0.7204.168 (3e8d82e86e9f508e88ed406c2a24657a6c691d30-refs/branch-heads/7204@{#2081}) on port 56873&#xD;
Only local connections are allowed.&#xD;
Please see https://chromedriver.chromium.org/security-considerations for suggestions on keeping ChromeDriver safe.&#xD;
ChromeDriver was started successfully on port 56873.&#xD;
Female Donor&#xD;
9106263886083&#xD;
Francis&#xD;
Hazel&#xD;
Wintheiser&#xD;
Francis@myspy.com&#xD;
0832146665&#xD;
7360 Yundt Fort&#xD;
Camps Bay&#xD;
8031&#xD;
82720785&#xD;
12.5&#xD;
11.5&#xD;
CAA910702&#xD;
CAA868760&#xD;
c&#xD;
c&#xD;
26/06/2002&#xD;
24/07/2025&#xD;
942940874&#xD;
727780093&#xD;
121374021&#xD;
Female Donor&#xD;
Francis&#xD;
Wintheiser&#xD;
9106263886083&#xD;
Apheresis&#xD;
Plasma Pack&#xD;
Starting ChromeDriver 138.0.7204.168 (3e8d82e86e9f508e88ed406c2a24657a6c691d30-refs/branch-heads/7204@{#2081}) on port 56929&#xD;
Only local connections are allowed.&#xD;
Please see https://chromedriver.chromium.org/security-considerations for suggestions on keeping ChromeDriver safe.&#xD;
ChromeDriver was started successfully on port 56929.&#xD;
Female Donor&#xD;
9702270753181&#xD;
Constance&#xD;
Nettie&#xD;
Koelpin&#xD;
Constance@myspy.com&#xD;
0836067476&#xD;
478 Edgardo Points&#xD;
Woodstock&#xD;
7478&#xD;
50740026&#xD;
13.0&#xD;
11.5&#xD;
CAA837070&#xD;
CAA024872&#xD;
n&#xD;
l&#xD;
27/02/1995&#xD;
24/07/2025&#xD;
210187043&#xD;
765462050&#xD;
476248240&#xD;
Female Donor&#xD;
Constance&#xD;
Koelpin&#xD;
9702270753181&#xD;
Source Plasma&#xD;
Source Plasma + 5 ml SST Gel&#xD;
Starting ChromeDriver 138.0.7204.168 (3e8d82e86e9f508e88ed406c2a24657a6c691d30-refs/branch-heads/7204@{#2081}) on port 56998&#xD;
Only local connections are allowed.&#xD;
Please see https://chromedriver.chromium.org/security-considerations for suggestions on keeping ChromeDriver safe.&#xD;
ChromeDriver was started successfully on port 56998.&#xD;
57465513&#xD;
g&#xD;
m&#xD;
11/02/1995&#xD;
No Donors available for initals and year provided&#xD;
\ud83d\udd0d Screenshot saved: C:\Users\Remy.Miller\source\repos\PulseDonations\Screenshots\24-07-2025\WholeBloodQuadPack_24072025_125018.png&#xD;
\ud83d\udd0d Screenshot saved: C:\Users\Remy.Miller\source\repos\PulseDonations\Screenshots\24-07-2025\WholeBloodQuadPack_24072025_125019.png&#xD;
Starting ChromeDriver 138.0.7204.168 (3e8d82e86e9f508e88ed406c2a24657a6c691d30-refs/branch-heads/7204@{#2081}) on port 57021&#xD;
Only local connections are allowed.&#xD;
Please see https://chromedriver.chromium.org/security-considerations for suggestions on keeping ChromeDriver safe.&#xD;
ChromeDriver was started successfully on port 57021.&#xD;
59113509&#xD;
m&#xD;
k&#xD;
20/05/2003&#xD;
Sex at Birth: Female&#xD;
Female Donor&#xD;
13.2&#xD;
Whole Blood Donation&#xD;
Quad Pack&#xD;
Starting ChromeDriver 138.0.7204.168 (3e8d82e86e9f508e88ed406c2a24657a6c691d30-refs/branch-heads/7204@{#2081}) on port 57060&#xD;
Only local connections are allowed.&#xD;
Please see https://chromedriver.chromium.org/security-considerations for suggestions on keeping ChromeDriver safe.&#xD;
ChromeDriver was started successfully on port 57060.&#xD;
29542978&#xD;
b&#xD;
b&#xD;
03/04/2000&#xD;
Sex at Birth: Female&#xD;
Female Donor&#xD;
12.7&#xD;
\ud83d\udd0d Screenshot saved: C:\Users\Remy.Miller\source\repos\PulseDonations\Screenshots\24-07-2025\TherapeuticsDryPack_24072025_125246.png&#xD;
Starting ChromeDriver 138.0.7204.168 (3e8d82e86e9f508e88ed406c2a24657a6c691d30-refs/branch-heads/7204@{#2081}) on port 57095&#xD;
Only local connections are allowed.&#xD;
Please see https://chromedriver.chromium.org/security-considerations for suggestions on keeping ChromeDriver safe.&#xD;
ChromeDriver was started successfully on port 57095.&#xD;
29925389&#xD;
k&#xD;
m&#xD;
11/11/1993&#xD;
Sex at Birth: Male&#xD;
Male Donor&#xD;
13.6&#xD;
Blood Samples/Tests&#xD;
FBC&#xD;
Starting ChromeDriver 138.0.7204.168 (3e8d82e86e9f508e88ed406c2a24657a6c691d30-refs/branch-heads/7204@{#2081}) on port 57147&#xD;
Only local connections are allowed.&#xD;
Please see https://chromedriver.chromium.org/security-considerations for suggestions on keeping ChromeDriver safe.&#xD;
ChromeDriver was started successfully on port 57147.&#xD;
Female Donor&#xD;
0304124443082&#xD;
Geraldine&#xD;
Vivian&#xD;
Wintheiser&#xD;
Geraldine@myspy.com&#xD;
0830565702&#xD;
6392 Lucienne Causeway&#xD;
Durbanville&#xD;
0110&#xD;
57385044&#xD;
13.5&#xD;
11.5&#xD;
CAA709723&#xD;
CAA116867&#xD;
g&#xD;
s&#xD;
12/04/1995&#xD;
24/07/2025&#xD;
756014105&#xD;
224194565&#xD;
900381800&#xD;
Female Donor&#xD;
Geraldine&#xD;
Wintheiser&#xD;
0304124443082&#xD;
\ud83d\udd0d Screenshot saved: C:\Users\Remy.Miller\source\repos\PulseDonations\Screenshots\24-07-2025\LowHBDefferal_24072025_125452.png&#xD;
Starting ChromeDriver 138.0.7204.168 (3e8d82e86e9f508e88ed406c2a24657a6c691d30-refs/branch-heads/7204@{#2081}) on port 57203&#xD;
Only local connections are allowed.&#xD;
Please see https://chromedriver.chromium.org/security-considerations for suggestions on keeping ChromeDriver safe.&#xD;
ChromeDriver was started successfully on port 57203.&#xD;
Female Donor&#xD;
7605234257185&#xD;
Annette&#xD;
Kathryn&#xD;
Kunde&#xD;
Annette@myspy.com&#xD;
0836994902&#xD;
2374 Wellington Well&#xD;
Durbanville&#xD;
1111&#xD;
82042859&#xD;
12.8&#xD;
11.5&#xD;
CAA690687&#xD;
CAA645450&#xD;
p&#xD;
a&#xD;
23/05/1995&#xD;
24/07/2025&#xD;
637938582&#xD;
195940669&#xD;
416730467&#xD;
Female Donor&#xD;
Annette&#xD;
Kunde&#xD;
7605234257185&#xD;
Underweight &lt; 50&#xD;
Starting ChromeDriver 138.0.7204.168 (3e8d82e86e9f508e88ed406c2a24657a6c691d30-refs/branch-heads/7204@{#2081}) on port 57270&#xD;
Only local connections are allowed.&#xD;
Please see https://chromedriver.chromium.org/security-considerations for suggestions on keeping ChromeDriver safe.&#xD;
ChromeDriver was started successfully on port 57270.&#xD;
Female Donor&#xD;
7708153904082&#xD;
Cristina&#xD;
Shelly&#xD;
Emmerich&#xD;
Cristina@myspy.com&#xD;
0839291344&#xD;
28182 Zemlak Loaf&#xD;
Newlands&#xD;
7942&#xD;
39533041&#xD;
12.9&#xD;
11.5&#xD;
CAA840966&#xD;
CAA163540&#xD;
s&#xD;
f&#xD;
15/08/2002&#xD;
24/07/2025&#xD;
280027141&#xD;
815957059&#xD;
785101020&#xD;
Starting ChromeDriver 138.0.7204.168 (3e8d82e86e9f508e88ed406c2a24657a6c691d30-refs/branch-heads/7204@{#2081}) on port 57319&#xD;
Only local connections are allowed.&#xD;
Please see https://chromedriver.chromium.org/security-considerations for suggestions on keeping ChromeDriver safe.&#xD;
ChromeDriver was started successfully on port 57319.&#xD;
Female Donor&#xD;
9503134931082&#xD;
Kate&#xD;
Gladys&#xD;
Rice&#xD;
Kate@myspy.com&#xD;
0839359714&#xD;
225 Reichert Crescent&#xD;
Salt River&#xD;
6543&#xD;
17517465&#xD;
12.9&#xD;
11.5&#xD;
CAA080525&#xD;
CAA169269&#xD;
t&#xD;
n&#xD;
13/03/1989&#xD;
24/07/2025&#xD;
676432327&#xD;
254990721&#xD;
352787935&#xD;
Starting ChromeDriver 138.0.7204.168 (3e8d82e86e9f508e88ed406c2a24657a6c691d30-refs/branch-heads/7204@{#2081}) on port 57407&#xD;
Only local connections are allowed.&#xD;
Please see https://chromedriver.chromium.org/security-considerations for suggestions on keeping ChromeDriver safe.&#xD;
ChromeDriver was started successfully on port 57407.&#xD;
Male Donor&#xD;
7503088978181&#xD;
Hector&#xD;
Howard&#xD;
Emmerich&#xD;
Hector@myspy.com&#xD;
0836253566&#xD;
0382 Luther Station&#xD;
Sea Point&#xD;
8313&#xD;
33170957&#xD;
13.6&#xD;
r&#xD;
j&#xD;
08/03/1994&#xD;
24/07/2025&#xD;
289985146&#xD;
173743534&#xD;
582885526&#xD;
Starting ChromeDriver 138.0.7204.168 (3e8d82e86e9f508e88ed406c2a24657a6c691d30-refs/branch-heads/7204@{#2081}) on port 57455&#xD;
Only local connections are allowed.&#xD;
Please see https://chromedriver.chromium.org/security-considerations for suggestions on keeping ChromeDriver safe.&#xD;
ChromeDriver was started successfully on port 57455.&#xD;
CAA008209&#xD;
CAA010260&#xD;
Starting ChromeDriver 138.0.7204.168 (3e8d82e86e9f508e88ed406c2a24657a6c691d30-refs/branch-heads/7204@{#2081}) on port 57488&#xD;
Only local connections are allowed.&#xD;
Please see https://chromedriver.chromium.org/security-considerations for suggestions on keeping ChromeDriver safe.&#xD;
ChromeDriver was started successfully on port 57488.&#xD;
CAA614348&#xD;
CAA909732&#xD;
Source Plasma&#xD;
Equipment Check&#xD;
Source Plasma&#xD;
\ud83d\udd0d Screenshot saved: C:\Users\Remy.Miller\source\repos\PulseDonations\Screenshots\24-07-2025\SetupGeneralReport_24072025_125808.png&#xD;
Starting ChromeDriver 138.0.7204.168 (3e8d82e86e9f508e88ed406c2a24657a6c691d30-refs/branch-heads/7204@{#2081}) on port 57522&#xD;
Only local connections are allowed.&#xD;
Please see https://chromedriver.chromium.org/security-considerations for suggestions on keeping ChromeDriver safe.&#xD;
ChromeDriver was started successfully on port 57522.&#xD;
CAA917528&#xD;
CAA481180&#xD;
Starting ChromeDriver 138.0.7204.168 (3e8d82e86e9f508e88ed406c2a24657a6c691d30-refs/branch-heads/7204@{#2081}) on port 57543&#xD;
Only local connections are allowed.&#xD;
Please see https://chromedriver.chromium.org/security-considerations for suggestions on keeping ChromeDriver safe.&#xD;
ChromeDriver was started successfully on port 57543.&#xD;
Starting ChromeDriver 138.0.7204.168 (3e8d82e86e9f508e88ed406c2a24657a6c691d30-refs/branch-heads/7204@{#2081}) on port 57569&#xD;
Only local connections are allowed.&#xD;
Please see https://chromedriver.chromium.org/security-considerations for suggestions on keeping ChromeDriver safe.&#xD;
ChromeDriver was started successfully on port 57569.&#xD;
\ud83d\udd0d Screenshot saved: C:\Users\Remy.Miller\source\repos\PulseDonations\Screenshots\24-07-2025\DefferalAttendance_24072025_125823.png&#xD;
Starting ChromeDriver 138.0.7204.168 (3e8d82e86e9f508e88ed406c2a24657a6c691d30-refs/branch-heads/7204@{#2081}) on port 57592&#xD;
Only local connections are allowed.&#xD;
Please see https://chromedriver.chromium.org/security-considerations for suggestions on keeping ChromeDriver safe.&#xD;
ChromeDriver was started successfully on port 57592.&#xD;
\ud83d\udd0d Screenshot saved: C:\Users\Remy.Miller\source\repos\PulseDonations\Screenshots\24-07-2025\DefferalAttendance_24072025_125827.png&#xD;
Starting ChromeDriver 138.0.7204.168 (3e8d82e86e9f508e88ed406c2a24657a6c691d30-refs/branch-heads/7204@{#2081}) on port 57615&#xD;
Only local connections are allowed.&#xD;
Please see https://chromedriver.chromium.org/security-considerations for suggestions on keeping ChromeDriver safe.&#xD;
ChromeDriver was started successfully on port 57615.&#xD;
Starting ChromeDriver 138.0.7204.168 (3e8d82e86e9f508e88ed406c2a24657a6c691d30-refs/branch-heads/7204@{#2081}) on port 57640&#xD;
Only local connections are allowed.&#xD;
Please see https://chromedriver.chromium.org/security-considerations for suggestions on keeping ChromeDriver safe.&#xD;
ChromeDriver was started successfully on port 57640.&#xD;
Starting ChromeDriver 138.0.7204.168 (3e8d82e86e9f508e88ed406c2a24657a6c691d30-refs/branch-heads/7204@{#2081}) on port 57666&#xD;
Only local connections are allowed.&#xD;
Please see https://chromedriver.chromium.org/security-considerations for suggestions on keeping ChromeDriver safe.&#xD;
ChromeDriver was started successfully on port 57666.&#xD;
Starting ChromeDriver 138.0.7204.168 (3e8d82e86e9f508e88ed406c2a24657a6c691d30-refs/branch-heads/7204@{#2081}) on port 57690&#xD;
Only local connections are allowed.&#xD;
Please see https://chromedriver.chromium.org/security-considerations for suggestions on keeping ChromeDriver safe.&#xD;
ChromeDriver was started successfully on port 57690.&#xD;
NUnit Adapter 4.5.0.0: Test execution complete&#xD;
</StdOut>
    </Output>
  </ResultSummary>
</TestRun>