<?xml version="1.0" encoding="utf-8"?>
<TestRun id="da8c4f7c-7638-4c95-ae50-431aaee277e5" name="Remy.Miller@LT-6MQPN94 2025-07-23 09:51:05" runUser="WPBTS\Remy.Miller" xmlns="http://microsoft.com/schemas/VisualStudio/TeamTest/2010">
  <Times creation="2025-07-23T09:51:05.6400049+02:00" queuing="2025-07-23T09:51:05.6400053+02:00" start="2025-07-23T09:50:00.4488693+02:00" finish="2025-07-23T09:57:50.2662308+02:00" />
  <TestSettings name="default" id="4e70923c-94bc-4602-9521-0687f2dcd121">
    <Deployment runDeploymentRoot="Remy.Miller_LT-6MQPN94_2025-07-23_09_51_05" />
  </TestSettings>
  <Results>
    <UnitTestResult executionId="617761c6-8480-45a2-9fe0-958da7ea4e16" testId="ffca9fcd-efee-4b3c-db16-fd6fca7dc173" testName="Apheresis_PlasmaPack" computerName="LT-6MQPN94" duration="00:00:55.4283360" startTime="2025-07-23T09:51:19.9886751+02:00" endTime="2025-07-23T09:52:15.4166332+02:00" testType="13cdc9d9-ddb5-4fa4-a97d-d965ccfc6d4b" outcome="Failed" testListId="8c84fa94-04c1-424b-9868-57a2d4851a1d" relativeResultsDirectory="617761c6-8480-45a2-9fe0-958da7ea4e16">
      <Output>
        <ErrorInfo>
          <Message>OpenQA.Selenium.WebDriverTimeoutException : Timed out after 30 seconds&#xD;
  ----&gt; OpenQA.Selenium.NoSuchElementException : no such element: Unable to locate element: {"method":"css selector","selector":".mat-dialog-title"}&#xD;
  (Session info: chrome=138.0.7204.158); For documentation on this error, please visit: https://www.selenium.dev/documentation/webdriver/troubleshooting/errors#no-such-element-exception</Message>
          <StackTrace>   at OpenQA.Selenium.Support.UI.DefaultWait`1.ThrowTimeoutException(String exceptionMessage, Exception lastException)&#xD;
   at OpenQA.Selenium.Support.UI.DefaultWait`1.Until[TResult](Func`2 condition, CancellationToken token)&#xD;
   at OpenQA.Selenium.Support.UI.DefaultWait`1.Until[TResult](Func`2 condition)&#xD;
   at PulseDonations.PageObjects.Donations.RegistrationPage.updateMalePersonalInformation() in C:\Users\Remy.Miller\source\repos\PulseDonations\PageObjects\Donations\RegistrationPage.cs:line 424&#xD;
   at PulseDonations.PageObjects.Donations.RegistrationPage.updateNewDonorInformation() in C:\Users\Remy.Miller\source\repos\PulseDonations\PageObjects\Donations\RegistrationPage.cs:line 220&#xD;
   at PulseDonations.Tests.NewDonorPositiveE2E.Apheresis_PlasmaPack() in C:\Users\Remy.Miller\source\repos\PulseDonations\Tests\NewDonorPositiveE2E.cs:line 283&#xD;
   at System.RuntimeMethodHandle.InvokeMethod(Object target, Void** arguments, Signature sig, Boolean isConstructor)&#xD;
   at System.Reflection.MethodBaseInvoker.InvokeWithNoArgs(Object obj, BindingFlags invokeAttr)&#xD;
--NoSuchElementException&#xD;
   at OpenQA.Selenium.WebDriver.UnpackAndThrowOnError(Response errorResponse, String commandToExecute)&#xD;
   at OpenQA.Selenium.WebDriver.ExecuteAsync(String driverCommandToExecute, Dictionary`2 parameters)&#xD;
   at OpenQA.Selenium.WebDriver.Execute(String driverCommandToExecute, Dictionary`2 parameters)&#xD;
   at OpenQA.Selenium.WebDriver.FindElement(String mechanism, String value)&#xD;
   at OpenQA.Selenium.By.&lt;.ctor&gt;b__6_0(ISearchContext context)&#xD;
   at OpenQA.Selenium.By.FindElement(ISearchContext context)&#xD;
   at OpenQA.Selenium.WebDriver.FindElement(By by)&#xD;
   at SeleniumExtras.WaitHelpers.ExpectedConditions.&lt;&gt;c__DisplayClass7_0.&lt;ElementIsVisible&gt;b__0(IWebDriver driver)&#xD;
   at OpenQA.Selenium.Support.UI.DefaultWait`1.Until[TResult](Func`2 condition, CancellationToken token)
</StackTrace>
        </ErrorInfo>
      </Output>
    </UnitTestResult>
    <UnitTestResult executionId="6d0fa284-0d8d-4d72-982f-fffd28735951" testId="792f23e0-04b0-2aba-a185-b3b9e62383a1" testName="UnderweightDefferal" computerName="LT-6MQPN94" duration="00:01:02.1017350" startTime="2025-07-23T09:50:03.4470772+02:00" endTime="2025-07-23T09:51:05.5482726+02:00" testType="13cdc9d9-ddb5-4fa4-a97d-d965ccfc6d4b" outcome="Passed" testListId="8c84fa94-04c1-424b-9868-57a2d4851a1d" relativeResultsDirectory="6d0fa284-0d8d-4d72-982f-fffd28735951" />
    <UnitTestResult executionId="17972407-31bd-45b3-84c6-b5f5c11e9764" testId="04c143f2-dde8-2681-56fb-0b4d3d4861ed" testName="WholeBloodDryPack" computerName="LT-6MQPN94" duration="00:01:22.3977070" startTime="2025-07-23T09:56:27.8016575+02:00" endTime="2025-07-23T09:57:50.1988211+02:00" testType="13cdc9d9-ddb5-4fa4-a97d-d965ccfc6d4b" outcome="Passed" testListId="8c84fa94-04c1-424b-9868-57a2d4851a1d" relativeResultsDirectory="17972407-31bd-45b3-84c6-b5f5c11e9764" />
    <UnitTestResult executionId="abe8b775-d64a-453f-8f65-dac374749e35" testId="1d2f2490-02e8-7317-f5f5-6a5057ea2d50" testName="ACreateHamper" computerName="LT-6MQPN94" duration="00:00:14.4296360" startTime="2025-07-23T09:51:05.5591022+02:00" endTime="2025-07-23T09:51:19.9886396+02:00" testType="13cdc9d9-ddb5-4fa4-a97d-d965ccfc6d4b" outcome="Passed" testListId="8c84fa94-04c1-424b-9868-57a2d4851a1d" relativeResultsDirectory="abe8b775-d64a-453f-8f65-dac374749e35" />
    <UnitTestResult executionId="e2ff268d-ecc7-424b-bd06-463b4f3c9df3" testId="e15b5d13-b1a0-4e4d-c6c2-9c5112ddc27d" testName="SourcePlasma_SP" computerName="LT-6MQPN94" duration="00:01:29.0689979" startTime="2025-07-23T09:53:36.6429723+02:00" endTime="2025-07-23T09:55:05.7113732+02:00" testType="13cdc9d9-ddb5-4fa4-a97d-d965ccfc6d4b" outcome="Passed" testListId="8c84fa94-04c1-424b-9868-57a2d4851a1d" relativeResultsDirectory="e2ff268d-ecc7-424b-bd06-463b4f3c9df3" />
    <UnitTestResult executionId="4cb99925-260d-42e1-ad74-da94ffdd187f" testId="71c51bb9-cd11-5982-2bfb-01aad0d370fe" testName="TherapeuticsQuadPack" computerName="LT-6MQPN94" duration="00:01:22.0907080" startTime="2025-07-23T09:55:05.7114334+02:00" endTime="2025-07-23T09:56:27.8016001+02:00" testType="13cdc9d9-ddb5-4fa4-a97d-d965ccfc6d4b" outcome="Passed" testListId="8c84fa94-04c1-424b-9868-57a2d4851a1d" relativeResultsDirectory="4cb99925-260d-42e1-ad74-da94ffdd187f" />
    <UnitTestResult executionId="136481e9-30b2-4b6c-ab0a-9b787538e66c" testId="3305efcc-447b-80b1-7bc7-05e799f3a450" testName="BloodSampleTests_ConvalescentPlasma" computerName="LT-6MQPN94" duration="00:01:21.2265620" startTime="2025-07-23T09:52:15.4169284+02:00" endTime="2025-07-23T09:53:36.6429383+02:00" testType="13cdc9d9-ddb5-4fa4-a97d-d965ccfc6d4b" outcome="Passed" testListId="8c84fa94-04c1-424b-9868-57a2d4851a1d" relativeResultsDirectory="136481e9-30b2-4b6c-ab0a-9b787538e66c" />
  </Results>
  <TestDefinitions>
    <UnitTest name="SourcePlasma_SP" storage="c:\users\remy.miller\source\repos\pulsedonations\bin\debug\net8.0\pulsedonations.dll" id="e15b5d13-b1a0-4e4d-c6c2-9c5112ddc27d">
      <Execution id="e2ff268d-ecc7-424b-bd06-463b4f3c9df3" />
      <TestMethod codeBase="C:\Users\Remy.Miller\source\repos\PulseDonations\bin\Debug\net8.0\PulseDonations.dll" adapterTypeName="executor://nunit3testexecutor/" className="PulseDonations.Tests.NewDonorPositiveE2E" name="SourcePlasma_SP" />
    </UnitTest>
    <UnitTest name="TherapeuticsQuadPack" storage="c:\users\remy.miller\source\repos\pulsedonations\bin\debug\net8.0\pulsedonations.dll" id="71c51bb9-cd11-5982-2bfb-01aad0d370fe">
      <Execution id="4cb99925-260d-42e1-ad74-da94ffdd187f" />
      <TestMethod codeBase="C:\Users\Remy.Miller\source\repos\PulseDonations\bin\Debug\net8.0\PulseDonations.dll" adapterTypeName="executor://nunit3testexecutor/" className="PulseDonations.Tests.NewDonorPositiveE2E" name="TherapeuticsQuadPack" />
    </UnitTest>
    <UnitTest name="UnderweightDefferal" storage="c:\users\remy.miller\source\repos\pulsedonations\bin\debug\net8.0\pulsedonations.dll" id="792f23e0-04b0-2aba-a185-b3b9e62383a1">
      <Execution id="6d0fa284-0d8d-4d72-982f-fffd28735951" />
      <TestMethod codeBase="C:\Users\Remy.Miller\source\repos\PulseDonations\bin\Debug\net8.0\PulseDonations.dll" adapterTypeName="executor://nunit3testexecutor/" className="PulseDonations.Tests.Negative" name="UnderweightDefferal" />
    </UnitTest>
    <UnitTest name="BloodSampleTests_ConvalescentPlasma" storage="c:\users\remy.miller\source\repos\pulsedonations\bin\debug\net8.0\pulsedonations.dll" id="3305efcc-447b-80b1-7bc7-05e799f3a450">
      <Execution id="136481e9-30b2-4b6c-ab0a-9b787538e66c" />
      <TestMethod codeBase="C:\Users\Remy.Miller\source\repos\PulseDonations\bin\Debug\net8.0\PulseDonations.dll" adapterTypeName="executor://nunit3testexecutor/" className="PulseDonations.Tests.NewDonorPositiveE2E" name="BloodSampleTests_ConvalescentPlasma" />
    </UnitTest>
    <UnitTest name="Apheresis_PlasmaPack" storage="c:\users\remy.miller\source\repos\pulsedonations\bin\debug\net8.0\pulsedonations.dll" id="ffca9fcd-efee-4b3c-db16-fd6fca7dc173">
      <Execution id="617761c6-8480-45a2-9fe0-958da7ea4e16" />
      <TestMethod codeBase="C:\Users\Remy.Miller\source\repos\PulseDonations\bin\Debug\net8.0\PulseDonations.dll" adapterTypeName="executor://nunit3testexecutor/" className="PulseDonations.Tests.NewDonorPositiveE2E" name="Apheresis_PlasmaPack" />
    </UnitTest>
    <UnitTest name="WholeBloodDryPack" storage="c:\users\remy.miller\source\repos\pulsedonations\bin\debug\net8.0\pulsedonations.dll" id="04c143f2-dde8-2681-56fb-0b4d3d4861ed">
      <Execution id="17972407-31bd-45b3-84c6-b5f5c11e9764" />
      <TestMethod codeBase="C:\Users\Remy.Miller\source\repos\PulseDonations\bin\Debug\net8.0\PulseDonations.dll" adapterTypeName="executor://nunit3testexecutor/" className="PulseDonations.Tests.NewDonorPositiveE2E" name="WholeBloodDryPack" />
    </UnitTest>
    <UnitTest name="ACreateHamper" storage="c:\users\remy.miller\source\repos\pulsedonations\bin\debug\net8.0\pulsedonations.dll" id="1d2f2490-02e8-7317-f5f5-6a5057ea2d50">
      <Execution id="abe8b775-d64a-453f-8f65-dac374749e35" />
      <TestMethod codeBase="C:\Users\Remy.Miller\source\repos\PulseDonations\bin\Debug\net8.0\PulseDonations.dll" adapterTypeName="executor://nunit3testexecutor/" className="PulseDonations.Tests.NewDonorPositiveE2E" name="ACreateHamper" />
    </UnitTest>
  </TestDefinitions>
  <TestEntries>
    <TestEntry testId="ffca9fcd-efee-4b3c-db16-fd6fca7dc173" executionId="617761c6-8480-45a2-9fe0-958da7ea4e16" testListId="8c84fa94-04c1-424b-9868-57a2d4851a1d" />
    <TestEntry testId="792f23e0-04b0-2aba-a185-b3b9e62383a1" executionId="6d0fa284-0d8d-4d72-982f-fffd28735951" testListId="8c84fa94-04c1-424b-9868-57a2d4851a1d" />
    <TestEntry testId="04c143f2-dde8-2681-56fb-0b4d3d4861ed" executionId="17972407-31bd-45b3-84c6-b5f5c11e9764" testListId="8c84fa94-04c1-424b-9868-57a2d4851a1d" />
    <TestEntry testId="1d2f2490-02e8-7317-f5f5-6a5057ea2d50" executionId="abe8b775-d64a-453f-8f65-dac374749e35" testListId="8c84fa94-04c1-424b-9868-57a2d4851a1d" />
    <TestEntry testId="e15b5d13-b1a0-4e4d-c6c2-9c5112ddc27d" executionId="e2ff268d-ecc7-424b-bd06-463b4f3c9df3" testListId="8c84fa94-04c1-424b-9868-57a2d4851a1d" />
    <TestEntry testId="71c51bb9-cd11-5982-2bfb-01aad0d370fe" executionId="4cb99925-260d-42e1-ad74-da94ffdd187f" testListId="8c84fa94-04c1-424b-9868-57a2d4851a1d" />
    <TestEntry testId="3305efcc-447b-80b1-7bc7-05e799f3a450" executionId="136481e9-30b2-4b6c-ab0a-9b787538e66c" testListId="8c84fa94-04c1-424b-9868-57a2d4851a1d" />
  </TestEntries>
  <TestLists>
    <TestList name="Results Not in a List" id="8c84fa94-04c1-424b-9868-57a2d4851a1d" />
    <TestList name="All Loaded Results" id="19431567-8539-422a-85d7-44ee4e166bda" />
  </TestLists>
  <ResultSummary outcome="Failed">
    <Counters total="7" executed="7" passed="6" failed="1" error="0" timeout="0" aborted="0" inconclusive="0" passedButRunAborted="0" notRunnable="0" notExecuted="0" disconnected="0" warning="0" completed="0" inProgress="0" pending="0" />
    <Output>
      <StdOut>NUnit Adapter 4.5.0.0: Test execution started&#xD;
Running selected tests in C:\Users\Remy.Miller\source\repos\PulseDonations\bin\Debug\net8.0\PulseDonations.dll&#xD;
   NUnit3TestExecutor discovered 7 of 7 NUnit test cases using Current Discovery mode, Non-Explicit run&#xD;
Starting ChromeDriver 138.0.7204.168 (3e8d82e86e9f508e88ed406c2a24657a6c691d30-refs/branch-heads/7204@{#2081}) on port 51260&#xD;
Only local connections are allowed.&#xD;
Please see https://chromedriver.chromium.org/security-considerations for suggestions on keeping ChromeDriver safe.&#xD;
ChromeDriver was started successfully on port 51260.&#xD;
Male Donor&#xD;
7103035904189&#xD;
Tim&#xD;
Domingo&#xD;
Durgan&#xD;
Tim@myspy.com&#xD;
0837884350&#xD;
446 Margarita Neck&#xD;
Green Point&#xD;
8120&#xD;
98214963&#xD;
14.5&#xD;
a&#xD;
h&#xD;
03/03/2003&#xD;
23/07/2025&#xD;
614349756&#xD;
948053824&#xD;
917249178&#xD;
Male Donor&#xD;
Tim&#xD;
Durgan&#xD;
7103035904189&#xD;
Underweight &lt; 50&#xD;
Starting ChromeDriver 138.0.7204.168 (3e8d82e86e9f508e88ed406c2a24657a6c691d30-refs/branch-heads/7204@{#2081}) on port 51331&#xD;
Only local connections are allowed.&#xD;
Please see https://chromedriver.chromium.org/security-considerations for suggestions on keeping ChromeDriver safe.&#xD;
ChromeDriver was started successfully on port 51331.&#xD;
89743136&#xD;
Starting ChromeDriver 138.0.7204.168 (3e8d82e86e9f508e88ed406c2a24657a6c691d30-refs/branch-heads/7204@{#2081}) on port 51357&#xD;
Only local connections are allowed.&#xD;
Please see https://chromedriver.chromium.org/security-considerations for suggestions on keeping ChromeDriver safe.&#xD;
ChromeDriver was started successfully on port 51357.&#xD;
Male Donor&#xD;
0410159831181&#xD;
Nicholas&#xD;
Pete&#xD;
Huel&#xD;
Nicholas@myspy.com&#xD;
0835249108&#xD;
848 Dulce Orchard&#xD;
Gordon’s Bay&#xD;
5352&#xD;
57383442&#xD;
14.3&#xD;
g&#xD;
b&#xD;
15/10/1992&#xD;
23/07/2025&#xD;
406685094&#xD;
668181435&#xD;
846162025&#xD;
Male Donor&#xD;
\ud83d\udd0d Screenshot saved: C:\Users\Remy.Miller\source\repos\PulseDonations\Screenshots\23-07-2025\Apheresis_PlasmaPack_23072025_095214.png&#xD;
Starting ChromeDriver 138.0.7204.168 (3e8d82e86e9f508e88ed406c2a24657a6c691d30-refs/branch-heads/7204@{#2081}) on port 51408&#xD;
Only local connections are allowed.&#xD;
Please see https://chromedriver.chromium.org/security-considerations for suggestions on keeping ChromeDriver safe.&#xD;
ChromeDriver was started successfully on port 51408.&#xD;
Female Donor&#xD;
0505183365186&#xD;
Kay&#xD;
Tasha&#xD;
Robel&#xD;
Kay@myspy.com&#xD;
0836491809&#xD;
86581 Cummings Lake&#xD;
Woodstock&#xD;
7877&#xD;
77325635&#xD;
13.4&#xD;
11.5&#xD;
CAA729136&#xD;
CAA814721&#xD;
h&#xD;
s&#xD;
18/05/2003&#xD;
23/07/2025&#xD;
303432697&#xD;
859631455&#xD;
136890130&#xD;
Female Donor&#xD;
Kay&#xD;
Robel&#xD;
0505183365186&#xD;
Blood Samples/Tests&#xD;
Convalescent Plasma - Pre Assessment&#xD;
Starting ChromeDriver 138.0.7204.168 (3e8d82e86e9f508e88ed406c2a24657a6c691d30-refs/branch-heads/7204@{#2081}) on port 51512&#xD;
Only local connections are allowed.&#xD;
Please see https://chromedriver.chromium.org/security-considerations for suggestions on keeping ChromeDriver safe.&#xD;
ChromeDriver was started successfully on port 51512.&#xD;
Male Donor&#xD;
9411076828185&#xD;
Donnie&#xD;
Ernest&#xD;
Champlin&#xD;
Donnie@myspy.com&#xD;
0834238407&#xD;
814 Rylan Glens&#xD;
Century City&#xD;
4043&#xD;
27669154&#xD;
13.6&#xD;
n&#xD;
g&#xD;
07/11/1993&#xD;
23/07/2025&#xD;
352373035&#xD;
598057503&#xD;
468332071&#xD;
Male Donor&#xD;
Donnie&#xD;
Champlin&#xD;
9411076828185&#xD;
Source Plasma&#xD;
Source Plasma + 5 ml SST Gel&#xD;
Starting ChromeDriver 138.0.7204.168 (3e8d82e86e9f508e88ed406c2a24657a6c691d30-refs/branch-heads/7204@{#2081}) on port 51597&#xD;
Only local connections are allowed.&#xD;
Please see https://chromedriver.chromium.org/security-considerations for suggestions on keeping ChromeDriver safe.&#xD;
ChromeDriver was started successfully on port 51597.&#xD;
Female Donor&#xD;
0705112344183&#xD;
Josephine&#xD;
Ana&#xD;
Lehner&#xD;
Josephine@myspy.com&#xD;
0833195790&#xD;
09927 Hettinger River&#xD;
Bergvliet&#xD;
5767&#xD;
71894515&#xD;
13.2&#xD;
11.5&#xD;
CAA041504&#xD;
CAA793115&#xD;
t&#xD;
s&#xD;
11/05/2004&#xD;
23/07/2025&#xD;
195445678&#xD;
563652437&#xD;
406362605&#xD;
Female Donor&#xD;
Josephine&#xD;
Lehner&#xD;
0705112344183&#xD;
Therapeutics&#xD;
Quad Pack&#xD;
Starting ChromeDriver 138.0.7204.168 (3e8d82e86e9f508e88ed406c2a24657a6c691d30-refs/branch-heads/7204@{#2081}) on port 51675&#xD;
Only local connections are allowed.&#xD;
Please see https://chromedriver.chromium.org/security-considerations for suggestions on keeping ChromeDriver safe.&#xD;
ChromeDriver was started successfully on port 51675.&#xD;
Female Donor&#xD;
9910091747189&#xD;
Paula&#xD;
Kay&#xD;
Kemmer&#xD;
Paula@myspy.com&#xD;
0832920080&#xD;
946 Mitchell Shore&#xD;
Bishopscourt&#xD;
7054&#xD;
79351334&#xD;
13.2&#xD;
11.5&#xD;
CAA042864&#xD;
CAA998645&#xD;
j&#xD;
c&#xD;
09/10/2000&#xD;
23/07/2025&#xD;
158068682&#xD;
731554119&#xD;
932372890&#xD;
Female Donor&#xD;
Paula&#xD;
Kemmer&#xD;
9910091747189&#xD;
Whole Blood Donation&#xD;
Dry Pack&#xD;
NUnit Adapter 4.5.0.0: Test execution complete&#xD;
</StdOut>
    </Output>
  </ResultSummary>
</TestRun>