<?xml version="1.0" encoding="utf-8"?>
<TestRun id="b43f6518-0a83-45ad-972e-fea2a0821777" name="Remy.Miller@LT-6MQPN94 2025-07-15 12:13:14" runUser="WPBTS\Remy.Miller" xmlns="http://microsoft.com/schemas/VisualStudio/TeamTest/2010">
  <Times creation="2025-07-15T12:13:14.1218019+02:00" queuing="2025-07-15T12:13:14.1218023+02:00" start="2025-07-15T12:12:57.1574975+02:00" finish="2025-07-15T12:18:00.8701687+02:00" />
  <TestSettings name="default" id="5adacbc2-f3e6-4f20-8391-e0ac583d89eb">
    <Deployment runDeploymentRoot="Remy.Miller_LT-6MQPN94_2025-07-15_12_13_14" />
  </TestSettings>
  <Results>
    <UnitTestResult executionId="d862aecc-f889-4f97-b91f-f88029a91e5a" testId="3305efcc-447b-80b1-7bc7-05e799f3a450" testName="BloodSampleTests_ConvalescentPlasma" computerName="LT-6MQPN94" duration="00:00:43.5348309" startTime="2025-07-15T12:13:48.9879288+02:00" endTime="2025-07-15T12:14:32.5226427+02:00" testType="13cdc9d9-ddb5-4fa4-a97d-d965ccfc6d4b" outcome="Failed" testListId="8c84fa94-04c1-424b-9868-57a2d4851a1d" relativeResultsDirectory="d862aecc-f889-4f97-b91f-f88029a91e5a">
      <Output>
        <ErrorInfo>
          <Message>OpenQA.Selenium.WebDriverTimeoutException : Timed out after 30 seconds&#xD;
  ----&gt; OpenQA.Selenium.NoSuchElementException : no such element: Unable to locate element: {"method":"css selector","selector":".PanelCode"}&#xD;
  (Session info: MicrosoftEdge=138.0.3351.83); For documentation on this error, please visit: https://www.selenium.dev/documentation/webdriver/troubleshooting/errors#no-such-element-exception</Message>
          <StackTrace>   at OpenQA.Selenium.Support.UI.DefaultWait`1.ThrowTimeoutException(String exceptionMessage, Exception lastException)&#xD;
   at OpenQA.Selenium.Support.UI.DefaultWait`1.Until[TResult](Func`2 condition, CancellationToken token)&#xD;
   at OpenQA.Selenium.Support.UI.DefaultWait`1.Until[TResult](Func`2 condition)&#xD;
   at PulseDonations.PageObjects.LoginPage.standard() in C:\Users\Remy.Miller\source\repos\PulseDonations\PageObjects\LoginPage.cs:line 68&#xD;
   at PulseDonations.Tests.NewDonorPositiveE2E.BloodSampleTests_ConvalescentPlasma() in C:\Users\Remy.Miller\source\repos\PulseDonations\Tests\NewDonorPositiveE2E.cs:line 219&#xD;
   at System.RuntimeMethodHandle.InvokeMethod(Object target, Void** arguments, Signature sig, Boolean isConstructor)&#xD;
   at System.Reflection.MethodBaseInvoker.InvokeWithNoArgs(Object obj, BindingFlags invokeAttr)&#xD;
--NoSuchElementException&#xD;
   at OpenQA.Selenium.WebDriver.UnpackAndThrowOnError(Response errorResponse, String commandToExecute)&#xD;
   at OpenQA.Selenium.WebDriver.ExecuteAsync(String driverCommandToExecute, Dictionary`2 parameters)&#xD;
   at OpenQA.Selenium.WebDriver.Execute(String driverCommandToExecute, Dictionary`2 parameters)&#xD;
   at OpenQA.Selenium.WebDriver.FindElement(String mechanism, String value)&#xD;
   at OpenQA.Selenium.By.&lt;.ctor&gt;b__6_0(ISearchContext context)&#xD;
   at OpenQA.Selenium.By.FindElement(ISearchContext context)&#xD;
   at OpenQA.Selenium.WebDriver.FindElement(By by)&#xD;
   at SeleniumExtras.WaitHelpers.ExpectedConditions.&lt;&gt;c__DisplayClass7_0.&lt;ElementIsVisible&gt;b__0(IWebDriver driver)&#xD;
   at OpenQA.Selenium.Support.UI.DefaultWait`1.Until[TResult](Func`2 condition, CancellationToken token)
</StackTrace>
        </ErrorInfo>
      </Output>
    </UnitTestResult>
    <UnitTestResult executionId="45e34dca-affa-4760-ad4a-98a94a60a343" testId="04c143f2-dde8-2681-56fb-0b4d3d4861ed" testName="WholeBloodDryPack" computerName="LT-6MQPN94" duration="00:01:22.3071940" startTime="2025-07-15T12:16:38.4841597+02:00" endTime="2025-07-15T12:18:00.7911388+02:00" testType="13cdc9d9-ddb5-4fa4-a97d-d965ccfc6d4b" outcome="Passed" testListId="8c84fa94-04c1-424b-9868-57a2d4851a1d" relativeResultsDirectory="45e34dca-affa-4760-ad4a-98a94a60a343" />
    <UnitTestResult executionId="70ffa320-54e1-47df-9b1f-b44673a49b6d" testId="ffca9fcd-efee-4b3c-db16-fd6fca7dc173" testName="Apheresis_PlasmaPack" computerName="LT-6MQPN94" duration="00:00:34.9045289" startTime="2025-07-15T12:13:14.0831437+02:00" endTime="2025-07-15T12:13:48.9875788+02:00" testType="13cdc9d9-ddb5-4fa4-a97d-d965ccfc6d4b" outcome="Failed" testListId="8c84fa94-04c1-424b-9868-57a2d4851a1d" relativeResultsDirectory="70ffa320-54e1-47df-9b1f-b44673a49b6d">
      <Output>
        <ErrorInfo>
          <Message>OpenQA.Selenium.StaleElementReferenceException : stale element reference: stale element not found in the current frame&#xD;
  (Session info: MicrosoftEdge=138.0.3351.83); For documentation on this error, please visit: https://www.selenium.dev/documentation/webdriver/troubleshooting/errors#stale-element-reference-exception</Message>
          <StackTrace>   at OpenQA.Selenium.WebDriver.UnpackAndThrowOnError(Response errorResponse, String commandToExecute)&#xD;
   at OpenQA.Selenium.WebDriver.ExecuteAsync(String driverCommandToExecute, Dictionary`2 parameters)&#xD;
   at OpenQA.Selenium.WebDriver.Execute(String driverCommandToExecute, Dictionary`2 parameters)&#xD;
   at OpenQA.Selenium.WebElement.Execute(String commandToExecute, Dictionary`2 parameters)&#xD;
   at OpenQA.Selenium.WebElement.get_Text()&#xD;
   at SeleniumExtras.PageObjects.WebElementProxy.get_Text()&#xD;
   at PulseDonations.PageObjects.Donations.TestingPage.updatePostiveTestingInformation() in C:\Users\Remy.Miller\source\repos\PulseDonations\PageObjects\Donations\TestingPage.cs:line 115&#xD;
   at PulseDonations.Tests.NewDonorPositiveE2E.Apheresis_PlasmaPack() in C:\Users\Remy.Miller\source\repos\PulseDonations\Tests\NewDonorPositiveE2E.cs:line 284&#xD;
   at System.RuntimeMethodHandle.InvokeMethod(Object target, Void** arguments, Signature sig, Boolean isConstructor)&#xD;
   at System.Reflection.MethodBaseInvoker.InvokeWithNoArgs(Object obj, BindingFlags invokeAttr)
</StackTrace>
        </ErrorInfo>
      </Output>
    </UnitTestResult>
    <UnitTestResult executionId="d2e3a10a-268c-412e-8918-6ed3e0db3072" testId="1d2f2490-02e8-7317-f5f5-6a5057ea2d50" testName="ACreateHamper" computerName="LT-6MQPN94" duration="00:00:14.8209320" startTime="2025-07-15T12:12:59.2611456+02:00" endTime="2025-07-15T12:13:14.0819694+02:00" testType="13cdc9d9-ddb5-4fa4-a97d-d965ccfc6d4b" outcome="Passed" testListId="8c84fa94-04c1-424b-9868-57a2d4851a1d" relativeResultsDirectory="d2e3a10a-268c-412e-8918-6ed3e0db3072" />
    <UnitTestResult executionId="7022bff5-22a5-47e9-8699-4b7816b3a4bd" testId="71c51bb9-cd11-5982-2bfb-01aad0d370fe" testName="TherapeuticsQuadPack" computerName="LT-6MQPN94" duration="00:01:22.5030110" startTime="2025-07-15T12:15:15.9813352+02:00" endTime="2025-07-15T12:16:38.4841252+02:00" testType="13cdc9d9-ddb5-4fa4-a97d-d965ccfc6d4b" outcome="Passed" testListId="8c84fa94-04c1-424b-9868-57a2d4851a1d" relativeResultsDirectory="7022bff5-22a5-47e9-8699-4b7816b3a4bd" />
    <UnitTestResult executionId="f12208aa-93e9-4922-bc2e-c1b61fbf4c0b" testId="e15b5d13-b1a0-4e4d-c6c2-9c5112ddc27d" testName="SourcePlasma_SP" computerName="LT-6MQPN94" duration="00:00:43.4581620" startTime="2025-07-15T12:14:32.5226851+02:00" endTime="2025-07-15T12:15:15.9807287+02:00" testType="13cdc9d9-ddb5-4fa4-a97d-d965ccfc6d4b" outcome="Failed" testListId="8c84fa94-04c1-424b-9868-57a2d4851a1d" relativeResultsDirectory="f12208aa-93e9-4922-bc2e-c1b61fbf4c0b">
      <Output>
        <ErrorInfo>
          <Message>OpenQA.Selenium.WebDriverTimeoutException : Timed out after 30 seconds&#xD;
  ----&gt; OpenQA.Selenium.NoSuchElementException : no such element: Unable to locate element: {"method":"css selector","selector":".PanelCode"}&#xD;
  (Session info: MicrosoftEdge=138.0.3351.83); For documentation on this error, please visit: https://www.selenium.dev/documentation/webdriver/troubleshooting/errors#no-such-element-exception</Message>
          <StackTrace>   at OpenQA.Selenium.Support.UI.DefaultWait`1.ThrowTimeoutException(String exceptionMessage, Exception lastException)&#xD;
   at OpenQA.Selenium.Support.UI.DefaultWait`1.Until[TResult](Func`2 condition, CancellationToken token)&#xD;
   at OpenQA.Selenium.Support.UI.DefaultWait`1.Until[TResult](Func`2 condition)&#xD;
   at PulseDonations.PageObjects.LoginPage.standard() in C:\Users\Remy.Miller\source\repos\PulseDonations\PageObjects\LoginPage.cs:line 68&#xD;
   at PulseDonations.Tests.NewDonorPositiveE2E.SourcePlasma_SP() in C:\Users\Remy.Miller\source\repos\PulseDonations\Tests\NewDonorPositiveE2E.cs:line 301&#xD;
   at System.RuntimeMethodHandle.InvokeMethod(Object target, Void** arguments, Signature sig, Boolean isConstructor)&#xD;
   at System.Reflection.MethodBaseInvoker.InvokeWithNoArgs(Object obj, BindingFlags invokeAttr)&#xD;
--NoSuchElementException&#xD;
   at OpenQA.Selenium.WebDriver.UnpackAndThrowOnError(Response errorResponse, String commandToExecute)&#xD;
   at OpenQA.Selenium.WebDriver.ExecuteAsync(String driverCommandToExecute, Dictionary`2 parameters)&#xD;
   at OpenQA.Selenium.WebDriver.Execute(String driverCommandToExecute, Dictionary`2 parameters)&#xD;
   at OpenQA.Selenium.WebDriver.FindElement(String mechanism, String value)&#xD;
   at OpenQA.Selenium.By.&lt;.ctor&gt;b__6_0(ISearchContext context)&#xD;
   at OpenQA.Selenium.By.FindElement(ISearchContext context)&#xD;
   at OpenQA.Selenium.WebDriver.FindElement(By by)&#xD;
   at SeleniumExtras.WaitHelpers.ExpectedConditions.&lt;&gt;c__DisplayClass7_0.&lt;ElementIsVisible&gt;b__0(IWebDriver driver)&#xD;
   at OpenQA.Selenium.Support.UI.DefaultWait`1.Until[TResult](Func`2 condition, CancellationToken token)
</StackTrace>
        </ErrorInfo>
      </Output>
    </UnitTestResult>
  </Results>
  <TestDefinitions>
    <UnitTest name="SourcePlasma_SP" storage="c:\users\remy.miller\source\repos\pulsedonations\bin\debug\net8.0\pulsedonations.dll" id="e15b5d13-b1a0-4e4d-c6c2-9c5112ddc27d">
      <Execution id="f12208aa-93e9-4922-bc2e-c1b61fbf4c0b" />
      <TestMethod codeBase="C:\Users\Remy.Miller\source\repos\PulseDonations\bin\Debug\net8.0\PulseDonations.dll" adapterTypeName="executor://nunit3testexecutor/" className="PulseDonations.Tests.NewDonorPositiveE2E" name="SourcePlasma_SP" />
    </UnitTest>
    <UnitTest name="TherapeuticsQuadPack" storage="c:\users\remy.miller\source\repos\pulsedonations\bin\debug\net8.0\pulsedonations.dll" id="71c51bb9-cd11-5982-2bfb-01aad0d370fe">
      <Execution id="7022bff5-22a5-47e9-8699-4b7816b3a4bd" />
      <TestMethod codeBase="C:\Users\Remy.Miller\source\repos\PulseDonations\bin\Debug\net8.0\PulseDonations.dll" adapterTypeName="executor://nunit3testexecutor/" className="PulseDonations.Tests.NewDonorPositiveE2E" name="TherapeuticsQuadPack" />
    </UnitTest>
    <UnitTest name="BloodSampleTests_ConvalescentPlasma" storage="c:\users\remy.miller\source\repos\pulsedonations\bin\debug\net8.0\pulsedonations.dll" id="3305efcc-447b-80b1-7bc7-05e799f3a450">
      <Execution id="d862aecc-f889-4f97-b91f-f88029a91e5a" />
      <TestMethod codeBase="C:\Users\Remy.Miller\source\repos\PulseDonations\bin\Debug\net8.0\PulseDonations.dll" adapterTypeName="executor://nunit3testexecutor/" className="PulseDonations.Tests.NewDonorPositiveE2E" name="BloodSampleTests_ConvalescentPlasma" />
    </UnitTest>
    <UnitTest name="Apheresis_PlasmaPack" storage="c:\users\remy.miller\source\repos\pulsedonations\bin\debug\net8.0\pulsedonations.dll" id="ffca9fcd-efee-4b3c-db16-fd6fca7dc173">
      <Execution id="70ffa320-54e1-47df-9b1f-b44673a49b6d" />
      <TestMethod codeBase="C:\Users\Remy.Miller\source\repos\PulseDonations\bin\Debug\net8.0\PulseDonations.dll" adapterTypeName="executor://nunit3testexecutor/" className="PulseDonations.Tests.NewDonorPositiveE2E" name="Apheresis_PlasmaPack" />
    </UnitTest>
    <UnitTest name="WholeBloodDryPack" storage="c:\users\remy.miller\source\repos\pulsedonations\bin\debug\net8.0\pulsedonations.dll" id="04c143f2-dde8-2681-56fb-0b4d3d4861ed">
      <Execution id="45e34dca-affa-4760-ad4a-98a94a60a343" />
      <TestMethod codeBase="C:\Users\Remy.Miller\source\repos\PulseDonations\bin\Debug\net8.0\PulseDonations.dll" adapterTypeName="executor://nunit3testexecutor/" className="PulseDonations.Tests.NewDonorPositiveE2E" name="WholeBloodDryPack" />
    </UnitTest>
    <UnitTest name="ACreateHamper" storage="c:\users\remy.miller\source\repos\pulsedonations\bin\debug\net8.0\pulsedonations.dll" id="1d2f2490-02e8-7317-f5f5-6a5057ea2d50">
      <Execution id="d2e3a10a-268c-412e-8918-6ed3e0db3072" />
      <TestMethod codeBase="C:\Users\Remy.Miller\source\repos\PulseDonations\bin\Debug\net8.0\PulseDonations.dll" adapterTypeName="executor://nunit3testexecutor/" className="PulseDonations.Tests.NewDonorPositiveE2E" name="ACreateHamper" />
    </UnitTest>
  </TestDefinitions>
  <TestEntries>
    <TestEntry testId="3305efcc-447b-80b1-7bc7-05e799f3a450" executionId="d862aecc-f889-4f97-b91f-f88029a91e5a" testListId="8c84fa94-04c1-424b-9868-57a2d4851a1d" />
    <TestEntry testId="04c143f2-dde8-2681-56fb-0b4d3d4861ed" executionId="45e34dca-affa-4760-ad4a-98a94a60a343" testListId="8c84fa94-04c1-424b-9868-57a2d4851a1d" />
    <TestEntry testId="ffca9fcd-efee-4b3c-db16-fd6fca7dc173" executionId="70ffa320-54e1-47df-9b1f-b44673a49b6d" testListId="8c84fa94-04c1-424b-9868-57a2d4851a1d" />
    <TestEntry testId="1d2f2490-02e8-7317-f5f5-6a5057ea2d50" executionId="d2e3a10a-268c-412e-8918-6ed3e0db3072" testListId="8c84fa94-04c1-424b-9868-57a2d4851a1d" />
    <TestEntry testId="71c51bb9-cd11-5982-2bfb-01aad0d370fe" executionId="7022bff5-22a5-47e9-8699-4b7816b3a4bd" testListId="8c84fa94-04c1-424b-9868-57a2d4851a1d" />
    <TestEntry testId="e15b5d13-b1a0-4e4d-c6c2-9c5112ddc27d" executionId="f12208aa-93e9-4922-bc2e-c1b61fbf4c0b" testListId="8c84fa94-04c1-424b-9868-57a2d4851a1d" />
  </TestEntries>
  <TestLists>
    <TestList name="Results Not in a List" id="8c84fa94-04c1-424b-9868-57a2d4851a1d" />
    <TestList name="All Loaded Results" id="19431567-8539-422a-85d7-44ee4e166bda" />
  </TestLists>
  <ResultSummary outcome="Failed">
    <Counters total="6" executed="6" passed="3" failed="3" error="0" timeout="0" aborted="0" inconclusive="0" passedButRunAborted="0" notRunnable="0" notExecuted="0" disconnected="0" warning="0" completed="0" inProgress="0" pending="0" />
    <Output>
      <StdOut>NUnit Adapter 4.5.0.0: Test execution started&#xD;
Running selected tests in C:\Users\Remy.Miller\source\repos\PulseDonations\bin\Debug\net8.0\PulseDonations.dll&#xD;
   NUnit3TestExecutor discovered 6 of 6 NUnit test cases using Current Discovery mode, Non-Explicit run&#xD;
Starting Microsoft Edge WebDriver 138.0.3351.83 (16e2a7bef3208e592c2c1a00548d2736a0d23ec7) on port 57526&#xD;
To submit feedback, report a bug, or suggest new features, please visit https://github.com/MicrosoftEdge/EdgeWebDriver&#xD;
Only local connections are allowed.&#xD;
Please see https://aka.ms/WebDriverSecurity for suggestions on keeping Microsoft Edge WebDriver safe.&#xD;
msedgedriver was started successfully on port 57526.&#xD;
76006429&#xD;
Starting Microsoft Edge WebDriver 138.0.3351.83 (16e2a7bef3208e592c2c1a00548d2736a0d23ec7) on port 57579&#xD;
To submit feedback, report a bug, or suggest new features, please visit https://github.com/MicrosoftEdge/EdgeWebDriver&#xD;
Only local connections are allowed.&#xD;
Please see https://aka.ms/WebDriverSecurity for suggestions on keeping Microsoft Edge WebDriver safe.&#xD;
msedgedriver was started successfully on port 57579.&#xD;
Male Donor&#xD;
0504207537185&#xD;
Duane&#xD;
Percy&#xD;
Haag&#xD;
Duane@myspy.com&#xD;
0835828446&#xD;
7033 Smith Pine&#xD;
Paarl&#xD;
4686&#xD;
97116494&#xD;
14.4&#xD;
d&#xD;
r&#xD;
20/04/2000&#xD;
15/07/2025&#xD;
364001909&#xD;
433548660&#xD;
727175566&#xD;
Male Donor&#xD;
Duane&#xD;
Haag&#xD;
0504207537185&#xD;
\ud83d\udd0d Screenshot saved: C:\Users\Remy.Miller\source\repos\PulseDonations\Screenshots\15-07-2025\Apheresis_PlasmaPack_15072025_121348.png&#xD;
Starting Microsoft Edge WebDriver 138.0.3351.83 (16e2a7bef3208e592c2c1a00548d2736a0d23ec7) on port 57676&#xD;
To submit feedback, report a bug, or suggest new features, please visit https://github.com/MicrosoftEdge/EdgeWebDriver&#xD;
Only local connections are allowed.&#xD;
Please see https://aka.ms/WebDriverSecurity for suggestions on keeping Microsoft Edge WebDriver safe.&#xD;
msedgedriver was started successfully on port 57676.&#xD;
Male Donor&#xD;
8006155401085&#xD;
Joey&#xD;
Aubrey&#xD;
Wilderman&#xD;
Joey@myspy.com&#xD;
0833113326&#xD;
40784 Neva Street&#xD;
Parklands&#xD;
0818&#xD;
31370876&#xD;
13.7&#xD;
h&#xD;
j&#xD;
15/06/1993&#xD;
15/07/2025&#xD;
976939013&#xD;
368931301&#xD;
731356242&#xD;
\ud83d\udd0d Screenshot saved: C:\Users\Remy.Miller\source\repos\PulseDonations\Screenshots\15-07-2025\BloodSampleTests_ConvalescentPlasma_15072025_121432.png&#xD;
Starting Microsoft Edge WebDriver 138.0.3351.83 (16e2a7bef3208e592c2c1a00548d2736a0d23ec7) on port 57770&#xD;
To submit feedback, report a bug, or suggest new features, please visit https://github.com/MicrosoftEdge/EdgeWebDriver&#xD;
Only local connections are allowed.&#xD;
Please see https://aka.ms/WebDriverSecurity for suggestions on keeping Microsoft Edge WebDriver safe.&#xD;
msedgedriver was started successfully on port 57770.&#xD;
Female Donor&#xD;
0504213289185&#xD;
Luz&#xD;
Melissa&#xD;
Okuneva&#xD;
Luz@myspy.com&#xD;
0833209249&#xD;
88636 Gleason Island&#xD;
Bloubergstrand&#xD;
5031&#xD;
17621136&#xD;
13.4&#xD;
11.5&#xD;
CAA406633&#xD;
CAA614202&#xD;
k&#xD;
k&#xD;
21/04/2002&#xD;
15/07/2025&#xD;
817237511&#xD;
225772481&#xD;
146718018&#xD;
\ud83d\udd0d Screenshot saved: C:\Users\Remy.Miller\source\repos\PulseDonations\Screenshots\15-07-2025\SourcePlasma_SP_15072025_121515.png&#xD;
Starting Microsoft Edge WebDriver 138.0.3351.83 (16e2a7bef3208e592c2c1a00548d2736a0d23ec7) on port 57873&#xD;
To submit feedback, report a bug, or suggest new features, please visit https://github.com/MicrosoftEdge/EdgeWebDriver&#xD;
Only local connections are allowed.&#xD;
Please see https://aka.ms/WebDriverSecurity for suggestions on keeping Microsoft Edge WebDriver safe.&#xD;
msedgedriver was started successfully on port 57873.&#xD;
Male Donor&#xD;
9111278125188&#xD;
Lewis&#xD;
Walter&#xD;
Hermiston&#xD;
Lewis@myspy.com&#xD;
0835673279&#xD;
2289 Kamille Islands&#xD;
Clifton&#xD;
0622&#xD;
80692810&#xD;
13.6&#xD;
f&#xD;
d&#xD;
27/11/2003&#xD;
15/07/2025&#xD;
899298426&#xD;
770397733&#xD;
477037600&#xD;
Male Donor&#xD;
Lewis&#xD;
Hermiston&#xD;
9111278125188&#xD;
Therapeutics&#xD;
Quad Pack&#xD;
Starting Microsoft Edge WebDriver 138.0.3351.83 (16e2a7bef3208e592c2c1a00548d2736a0d23ec7) on port 58027&#xD;
To submit feedback, report a bug, or suggest new features, please visit https://github.com/MicrosoftEdge/EdgeWebDriver&#xD;
Only local connections are allowed.&#xD;
Please see https://aka.ms/WebDriverSecurity for suggestions on keeping Microsoft Edge WebDriver safe.&#xD;
msedgedriver was started successfully on port 58027.&#xD;
Female Donor&#xD;
9502272194081&#xD;
Janet&#xD;
Francis&#xD;
Mueller&#xD;
Janet@myspy.com&#xD;
0838966445&#xD;
324 Edgar Lights&#xD;
Camps Bay&#xD;
5609&#xD;
70355326&#xD;
13.1&#xD;
11.5&#xD;
CAA014262&#xD;
CAA856267&#xD;
h&#xD;
j&#xD;
27/02/1992&#xD;
15/07/2025&#xD;
579709561&#xD;
687082705&#xD;
154096837&#xD;
Female Donor&#xD;
Janet&#xD;
Mueller&#xD;
9502272194081&#xD;
Whole Blood Donation&#xD;
Dry Pack&#xD;
NUnit Adapter 4.5.0.0: Test execution complete&#xD;
</StdOut>
    </Output>
  </ResultSummary>
</TestRun>