<?xml version="1.0" encoding="utf-8"?>
<TestRun id="847aafdb-639a-4620-bc92-9c651793ad0f" name="Remy.Miller@LT-6MQPN94 2025-07-17 16:07:05" runUser="WPBTS\Remy.Miller" xmlns="http://microsoft.com/schemas/VisualStudio/TeamTest/2010">
  <Times creation="2025-07-17T16:07:05.3483166+02:00" queuing="2025-07-17T16:07:05.3483171+02:00" start="2025-07-17T16:06:49.7857521+02:00" finish="2025-07-17T16:21:51.8052715+02:00" />
  <TestSettings name="default" id="6a9bdda0-eb4b-48c9-9dc6-f5c0b33d4c19">
    <Deployment runDeploymentRoot="Remy.Miller_LT-6MQPN94_2025-07-17_16_07_05" />
  </TestSettings>
  <Results>
    <UnitTestResult executionId="c42ec831-f411-4cf2-9832-b15e231380ed" testId="d4f8a6fc-b402-c858-f83c-91d41c1c69fe" testName="BloodSampleTests_HepatitisQuery" computerName="LT-6MQPN94" duration="00:01:11.9141020" startTime="2025-07-17T16:10:36.5726892+02:00" endTime="2025-07-17T16:11:48.4861372+02:00" testType="13cdc9d9-ddb5-4fa4-a97d-d965ccfc6d4b" outcome="Passed" testListId="8c84fa94-04c1-424b-9868-57a2d4851a1d" relativeResultsDirectory="c42ec831-f411-4cf2-9832-b15e231380ed" />
    <UnitTestResult executionId="9800b597-07d6-40b9-86bb-f4b5ee006521" testId="57c5e0f0-284c-9aab-1098-5e12187e6bfa" testName="BloodSampleTests_Virology" computerName="LT-6MQPN94" duration="00:01:04.6133399" startTime="2025-07-17T16:14:38.2358849+02:00" endTime="2025-07-17T16:15:42.8486558+02:00" testType="13cdc9d9-ddb5-4fa4-a97d-d965ccfc6d4b" outcome="Passed" testListId="8c84fa94-04c1-424b-9868-57a2d4851a1d" relativeResultsDirectory="9800b597-07d6-40b9-86bb-f4b5ee006521" />
    <UnitTestResult executionId="6d25e7d2-6645-4360-92d6-1cab0950a824" testId="a1e6625c-a982-6d49-459f-07a73a6da5dd" testName="SourcePlasma_SP" computerName="LT-6MQPN94" duration="00:01:28.5638410" startTime="2025-07-17T16:15:42.8486993+02:00" endTime="2025-07-17T16:17:11.4117620+02:00" testType="13cdc9d9-ddb5-4fa4-a97d-d965ccfc6d4b" outcome="Passed" testListId="8c84fa94-04c1-424b-9868-57a2d4851a1d" relativeResultsDirectory="6d25e7d2-6645-4360-92d6-1cab0950a824" />
    <UnitTestResult executionId="bbf8ff03-cdca-4ca8-9d5c-f82b9f991ca3" testId="6af31d04-5f6f-d7c3-f33e-831612a8ad74" testName="BloodSampleTests_ConvalescentPlasma" computerName="LT-6MQPN94" duration="00:00:41.2332410" startTime="2025-07-17T16:07:50.3865206+02:00" endTime="2025-07-17T16:08:31.6193865+02:00" testType="13cdc9d9-ddb5-4fa4-a97d-d965ccfc6d4b" outcome="Failed" testListId="8c84fa94-04c1-424b-9868-57a2d4851a1d" relativeResultsDirectory="bbf8ff03-cdca-4ca8-9d5c-f82b9f991ca3">
      <Output>
        <ErrorInfo>
          <Message>OpenQA.Selenium.WebDriverTimeoutException : Timed out after 30 seconds&#xD;
  ----&gt; OpenQA.Selenium.NoSuchElementException : no such element: Unable to locate element: {"method":"css selector","selector":".mat-dialog-title"}&#xD;
  (Session info: chrome=138.0.7204.101); For documentation on this error, please visit: https://www.selenium.dev/documentation/webdriver/troubleshooting/errors#no-such-element-exception</Message>
          <StackTrace>   at OpenQA.Selenium.Support.UI.DefaultWait`1.ThrowTimeoutException(String exceptionMessage, Exception lastException)&#xD;
   at OpenQA.Selenium.Support.UI.DefaultWait`1.Until[TResult](Func`2 condition, CancellationToken token)&#xD;
   at OpenQA.Selenium.Support.UI.DefaultWait`1.Until[TResult](Func`2 condition)&#xD;
   at PulseDonations.PageObjects.Donations.RegistrationPage.updateFemaleExistingDonor() in C:\Users\Remy.Miller\source\repos\PulseDonations\PageObjects\Donations\RegistrationPage.cs:line 314&#xD;
   at PulseDonations.PageObjects.Donations.RegistrationPage.genderIdentification() in C:\Users\Remy.Miller\source\repos\PulseDonations\PageObjects\Donations\RegistrationPage.cs:line 204&#xD;
   at PulseDonations.Tests.ExistingDonorPositiveE2E.BloodSampleTests_ConvalescentPlasma() in C:\Users\Remy.Miller\source\repos\PulseDonations\Tests\ExistingDonorPositiveE2E.cs:line 219&#xD;
   at System.RuntimeMethodHandle.InvokeMethod(Object target, Void** arguments, Signature sig, Boolean isConstructor)&#xD;
   at System.Reflection.MethodBaseInvoker.InvokeWithNoArgs(Object obj, BindingFlags invokeAttr)&#xD;
--NoSuchElementException&#xD;
   at OpenQA.Selenium.WebDriver.UnpackAndThrowOnError(Response errorResponse, String commandToExecute)&#xD;
   at OpenQA.Selenium.WebDriver.ExecuteAsync(String driverCommandToExecute, Dictionary`2 parameters)&#xD;
   at OpenQA.Selenium.WebDriver.Execute(String driverCommandToExecute, Dictionary`2 parameters)&#xD;
   at OpenQA.Selenium.WebDriver.FindElement(String mechanism, String value)&#xD;
   at OpenQA.Selenium.By.&lt;.ctor&gt;b__6_0(ISearchContext context)&#xD;
   at OpenQA.Selenium.By.FindElement(ISearchContext context)&#xD;
   at OpenQA.Selenium.WebDriver.FindElement(By by)&#xD;
   at SeleniumExtras.WaitHelpers.ExpectedConditions.&lt;&gt;c__DisplayClass7_0.&lt;ElementIsVisible&gt;b__0(IWebDriver driver)&#xD;
   at OpenQA.Selenium.Support.UI.DefaultWait`1.Until[TResult](Func`2 condition, CancellationToken token)
</StackTrace>
        </ErrorInfo>
      </Output>
    </UnitTestResult>
    <UnitTestResult executionId="46a0f4ea-36ca-4500-9c5a-c606e4251de3" testId="11978525-a901-0717-a4d6-e915f0cd232f" testName="BloodSampleTests_Reagents" computerName="LT-6MQPN94" duration="00:01:32.7434050" startTime="2025-07-17T16:12:54.8972719+02:00" endTime="2025-07-17T16:14:27.6398602+02:00" testType="13cdc9d9-ddb5-4fa4-a97d-d965ccfc6d4b" outcome="Passed" testListId="8c84fa94-04c1-424b-9868-57a2d4851a1d" relativeResultsDirectory="46a0f4ea-36ca-4500-9c5a-c606e4251de3" />
    <UnitTestResult executionId="66879073-f334-4bdd-9d1f-7ee9feeefaf5" testId="4ff5f554-eab4-571b-1676-34a85d910854" testName="BloodSampleTests_TestOnly" computerName="LT-6MQPN94" duration="00:00:10.5960330" startTime="2025-07-17T16:14:27.6399062+02:00" endTime="2025-07-17T16:14:38.2358453+02:00" testType="13cdc9d9-ddb5-4fa4-a97d-d965ccfc6d4b" outcome="Failed" testListId="8c84fa94-04c1-424b-9868-57a2d4851a1d" relativeResultsDirectory="66879073-f334-4bdd-9d1f-7ee9feeefaf5">
      <Output>
        <ErrorInfo>
          <Message>No Donors available for initals and year provided</Message>
          <StackTrace>   at PulseDonations.PageObjects.Donations.FindADonorPage.findADonorDonation() in C:\Users\Remy.Miller\source\repos\PulseDonations\PageObjects\Donations\FindADonorPage.cs:line 110&#xD;
   at PulseDonations.Tests.ExistingDonorPositiveE2E.BloodSampleTests_TestOnly() in C:\Users\Remy.Miller\source\repos\PulseDonations\Tests\ExistingDonorPositiveE2E.cs:line 158&#xD;
   at InvokeStub_ExistingDonorPositiveE2E.BloodSampleTests_TestOnly(Object, Object, IntPtr*)&#xD;

1)    at PulseDonations.PageObjects.Donations.FindADonorPage.findADonorDonation() in C:\Users\Remy.Miller\source\repos\PulseDonations\PageObjects\Donations\FindADonorPage.cs:line 110&#xD;
   at PulseDonations.Tests.ExistingDonorPositiveE2E.BloodSampleTests_TestOnly() in C:\Users\Remy.Miller\source\repos\PulseDonations\Tests\ExistingDonorPositiveE2E.cs:line 158&#xD;
   at InvokeStub_ExistingDonorPositiveE2E.BloodSampleTests_TestOnly(Object, Object, IntPtr*)&#xD;

</StackTrace>
        </ErrorInfo>
      </Output>
    </UnitTestResult>
    <UnitTestResult executionId="1e2654dd-fdd0-4481-8ff5-19532d75d7b9" testId="5526b7d8-991f-ed15-4c9d-98a30dcc6c05" testName="BloodSampleTests_FBC" computerName="LT-6MQPN94" duration="00:00:52.4394360" startTime="2025-07-17T16:09:44.1336650+02:00" endTime="2025-07-17T16:10:36.5726232+02:00" testType="13cdc9d9-ddb5-4fa4-a97d-d965ccfc6d4b" outcome="Failed" testListId="8c84fa94-04c1-424b-9868-57a2d4851a1d" relativeResultsDirectory="1e2654dd-fdd0-4481-8ff5-19532d75d7b9">
      <Output>
        <ErrorInfo>
          <Message>OpenQA.Selenium.WebDriverTimeoutException : Timed out after 30 seconds</Message>
          <StackTrace>   at OpenQA.Selenium.Support.UI.DefaultWait`1.ThrowTimeoutException(String exceptionMessage, Exception lastException)&#xD;
   at OpenQA.Selenium.Support.UI.DefaultWait`1.Until[TResult](Func`2 condition, CancellationToken token)&#xD;
   at OpenQA.Selenium.Support.UI.DefaultWait`1.Until[TResult](Func`2 condition)&#xD;
   at PulseDonations.PageObjects.Donations.RegistrationPage.updateFemaleExistingDonor() in C:\Users\Remy.Miller\source\repos\PulseDonations\PageObjects\Donations\RegistrationPage.cs:line 312&#xD;
   at PulseDonations.PageObjects.Donations.RegistrationPage.genderIdentification() in C:\Users\Remy.Miller\source\repos\PulseDonations\PageObjects\Donations\RegistrationPage.cs:line 204&#xD;
   at PulseDonations.Tests.ExistingDonorPositiveE2E.BloodSampleTests_FBC() in C:\Users\Remy.Miller\source\repos\PulseDonations\Tests\ExistingDonorPositiveE2E.cs:line 119&#xD;
   at System.RuntimeMethodHandle.InvokeMethod(Object target, Void** arguments, Signature sig, Boolean isConstructor)&#xD;
   at System.Reflection.MethodBaseInvoker.InvokeWithNoArgs(Object obj, BindingFlags invokeAttr)
</StackTrace>
        </ErrorInfo>
      </Output>
    </UnitTestResult>
    <UnitTestResult executionId="bb0f3edc-6452-4765-bf11-36b62d01bce5" testId="c62f19e2-8905-4152-04f2-5f0cc8b6d47d" testName="TherapeuticsQuadPack" computerName="LT-6MQPN94" duration="00:00:40.1149150" startTime="2025-07-17T16:18:23.1117261+02:00" endTime="2025-07-17T16:19:03.2262955+02:00" testType="13cdc9d9-ddb5-4fa4-a97d-d965ccfc6d4b" outcome="Failed" testListId="8c84fa94-04c1-424b-9868-57a2d4851a1d" relativeResultsDirectory="bb0f3edc-6452-4765-bf11-36b62d01bce5">
      <Output>
        <ErrorInfo>
          <Message>OpenQA.Selenium.WebDriverTimeoutException : Timed out after 30 seconds&#xD;
  ----&gt; OpenQA.Selenium.NoSuchElementException : no such element: Unable to locate element: {"method":"css selector","selector":".mat-dialog-title"}&#xD;
  (Session info: chrome=138.0.7204.101); For documentation on this error, please visit: https://www.selenium.dev/documentation/webdriver/troubleshooting/errors#no-such-element-exception</Message>
          <StackTrace>   at OpenQA.Selenium.Support.UI.DefaultWait`1.ThrowTimeoutException(String exceptionMessage, Exception lastException)&#xD;
   at OpenQA.Selenium.Support.UI.DefaultWait`1.Until[TResult](Func`2 condition, CancellationToken token)&#xD;
   at OpenQA.Selenium.Support.UI.DefaultWait`1.Until[TResult](Func`2 condition)&#xD;
   at PulseDonations.PageObjects.Donations.RegistrationPage.updateFemaleExistingDonor() in C:\Users\Remy.Miller\source\repos\PulseDonations\PageObjects\Donations\RegistrationPage.cs:line 314&#xD;
   at PulseDonations.PageObjects.Donations.RegistrationPage.genderIdentification() in C:\Users\Remy.Miller\source\repos\PulseDonations\PageObjects\Donations\RegistrationPage.cs:line 204&#xD;
   at PulseDonations.Tests.ExistingDonorPositiveE2E.TherapeuticsQuadPack() in C:\Users\Remy.Miller\source\repos\PulseDonations\Tests\ExistingDonorPositiveE2E.cs:line 99&#xD;
   at System.RuntimeMethodHandle.InvokeMethod(Object target, Void** arguments, Signature sig, Boolean isConstructor)&#xD;
   at System.Reflection.MethodBaseInvoker.InvokeWithNoArgs(Object obj, BindingFlags invokeAttr)&#xD;
--NoSuchElementException&#xD;
   at OpenQA.Selenium.WebDriver.UnpackAndThrowOnError(Response errorResponse, String commandToExecute)&#xD;
   at OpenQA.Selenium.WebDriver.ExecuteAsync(String driverCommandToExecute, Dictionary`2 parameters)&#xD;
   at OpenQA.Selenium.WebDriver.Execute(String driverCommandToExecute, Dictionary`2 parameters)&#xD;
   at OpenQA.Selenium.WebDriver.FindElement(String mechanism, String value)&#xD;
   at OpenQA.Selenium.By.&lt;.ctor&gt;b__6_0(ISearchContext context)&#xD;
   at OpenQA.Selenium.By.FindElement(ISearchContext context)&#xD;
   at OpenQA.Selenium.WebDriver.FindElement(By by)&#xD;
   at SeleniumExtras.WaitHelpers.ExpectedConditions.&lt;&gt;c__DisplayClass7_0.&lt;ElementIsVisible&gt;b__0(IWebDriver driver)&#xD;
   at OpenQA.Selenium.Support.UI.DefaultWait`1.Until[TResult](Func`2 condition, CancellationToken token)
</StackTrace>
        </ErrorInfo>
      </Output>
    </UnitTestResult>
    <UnitTestResult executionId="f82c7879-327c-4238-ba9a-de524c2137f8" testId="5b1dd3fe-b898-4ee5-1a34-7dc383f78379" testName="BloodSampleTests_LookBack" computerName="LT-6MQPN94" duration="00:01:06.4116500" startTime="2025-07-17T16:11:48.4861740+02:00" endTime="2025-07-17T16:12:54.8972354+02:00" testType="13cdc9d9-ddb5-4fa4-a97d-d965ccfc6d4b" outcome="Passed" testListId="8c84fa94-04c1-424b-9868-57a2d4851a1d" relativeResultsDirectory="f82c7879-327c-4238-ba9a-de524c2137f8" />
    <UnitTestResult executionId="c42700b4-0142-49c3-a70c-c426d49a04c6" testId="c5f9afab-6896-4f5d-be3e-4751a51580a4" testName="TherapeuticsDryPack" computerName="LT-6MQPN94" duration="00:01:11.7004650" startTime="2025-07-17T16:17:11.4118076+02:00" endTime="2025-07-17T16:18:23.1116549+02:00" testType="13cdc9d9-ddb5-4fa4-a97d-d965ccfc6d4b" outcome="Passed" testListId="8c84fa94-04c1-424b-9868-57a2d4851a1d" relativeResultsDirectory="c42700b4-0142-49c3-a70c-c426d49a04c6" />
    <UnitTestResult executionId="6b712174-7e64-4d9b-8c8d-513b345aad8b" testId="b3185e1d-99aa-4db1-f0cf-2422f85263cf" testName="BloodSampleTests_Counselling" computerName="LT-6MQPN94" duration="00:01:12.5148650" startTime="2025-07-17T16:08:31.6194259+02:00" endTime="2025-07-17T16:09:44.1336305+02:00" testType="13cdc9d9-ddb5-4fa4-a97d-d965ccfc6d4b" outcome="Passed" testListId="8c84fa94-04c1-424b-9868-57a2d4851a1d" relativeResultsDirectory="6b712174-7e64-4d9b-8c8d-513b345aad8b" />
    <UnitTestResult executionId="880bd220-51d8-4b65-92fc-ef100abb1fa7" testId="be6362ed-9d57-bcb8-0ad9-83eaa097732e" testName="WholeBloodDryPack" computerName="LT-6MQPN94" duration="00:01:10.3081390" startTime="2025-07-17T16:19:03.2263604+02:00" endTime="2025-07-17T16:20:13.5338943+02:00" testType="13cdc9d9-ddb5-4fa4-a97d-d965ccfc6d4b" outcome="Passed" testListId="8c84fa94-04c1-424b-9868-57a2d4851a1d" relativeResultsDirectory="880bd220-51d8-4b65-92fc-ef100abb1fa7" />
    <UnitTestResult executionId="7127cf64-a51d-4eae-afce-555884829f1b" testId="1cc70345-280c-ca90-1b98-ee4eb12635bb" testName="ACreateHamper" computerName="LT-6MQPN94" duration="00:00:14.9366950" startTime="2025-07-17T16:06:50.3740562+02:00" endTime="2025-07-17T16:07:05.3105686+02:00" testType="13cdc9d9-ddb5-4fa4-a97d-d965ccfc6d4b" outcome="Passed" testListId="8c84fa94-04c1-424b-9868-57a2d4851a1d" relativeResultsDirectory="7127cf64-a51d-4eae-afce-555884829f1b" />
    <UnitTestResult executionId="e7509283-9440-4518-9a9b-872ba29989f0" testId="d8dadee0-98bd-d728-3e04-5a8c408fd8a5" testName="Apheresis_PlasmaPack" computerName="LT-6MQPN94" duration="00:00:45.0749150" startTime="2025-07-17T16:07:05.3117301+02:00" endTime="2025-07-17T16:07:50.3862352+02:00" testType="13cdc9d9-ddb5-4fa4-a97d-d965ccfc6d4b" outcome="Failed" testListId="8c84fa94-04c1-424b-9868-57a2d4851a1d" relativeResultsDirectory="e7509283-9440-4518-9a9b-872ba29989f0">
      <Output>
        <ErrorInfo>
          <Message>OpenQA.Selenium.WebDriverTimeoutException : Timed out after 30 seconds</Message>
          <StackTrace>   at OpenQA.Selenium.Support.UI.DefaultWait`1.ThrowTimeoutException(String exceptionMessage, Exception lastException)&#xD;
   at OpenQA.Selenium.Support.UI.DefaultWait`1.Until[TResult](Func`2 condition, CancellationToken token)&#xD;
   at OpenQA.Selenium.Support.UI.DefaultWait`1.Until[TResult](Func`2 condition)&#xD;
   at PulseDonations.PageObjects.Donations.RegistrationPage.updateFemaleExistingDonor() in C:\Users\Remy.Miller\source\repos\PulseDonations\PageObjects\Donations\RegistrationPage.cs:line 312&#xD;
   at PulseDonations.PageObjects.Donations.RegistrationPage.genderIdentification() in C:\Users\Remy.Miller\source\repos\PulseDonations\PageObjects\Donations\RegistrationPage.cs:line 204&#xD;
   at PulseDonations.Tests.ExistingDonorPositiveE2E.Apheresis_PlasmaPack() in C:\Users\Remy.Miller\source\repos\PulseDonations\Tests\ExistingDonorPositiveE2E.cs:line 279&#xD;
   at System.RuntimeMethodHandle.InvokeMethod(Object target, Void** arguments, Signature sig, Boolean isConstructor)&#xD;
   at System.Reflection.MethodBaseInvoker.InvokeWithNoArgs(Object obj, BindingFlags invokeAttr)
</StackTrace>
        </ErrorInfo>
      </Output>
    </UnitTestResult>
    <UnitTestResult executionId="6058b6c9-74f6-4b5f-ad32-5dc1b01a1db2" testId="a6e83db4-54f2-b749-6f01-4c43b53e5974" testName="WholeBloodQuadPack" computerName="LT-6MQPN94" duration="00:01:38.1899540" startTime="2025-07-17T16:20:13.5339354+02:00" endTime="2025-07-17T16:21:51.7230452+02:00" testType="13cdc9d9-ddb5-4fa4-a97d-d965ccfc6d4b" outcome="Passed" testListId="8c84fa94-04c1-424b-9868-57a2d4851a1d" relativeResultsDirectory="6058b6c9-74f6-4b5f-ad32-5dc1b01a1db2" />
  </Results>
  <TestDefinitions>
    <UnitTest name="BloodSampleTests_LookBack" storage="c:\users\remy.miller\source\repos\pulsedonations\bin\debug\net8.0\pulsedonations.dll" id="5b1dd3fe-b898-4ee5-1a34-7dc383f78379">
      <Execution id="f82c7879-327c-4238-ba9a-de524c2137f8" />
      <TestMethod codeBase="C:\Users\Remy.Miller\source\repos\PulseDonations\bin\Debug\net8.0\PulseDonations.dll" adapterTypeName="executor://nunit3testexecutor/" className="PulseDonations.Tests.ExistingDonorPositiveE2E" name="BloodSampleTests_LookBack" />
    </UnitTest>
    <UnitTest name="WholeBloodDryPack" storage="c:\users\remy.miller\source\repos\pulsedonations\bin\debug\net8.0\pulsedonations.dll" id="be6362ed-9d57-bcb8-0ad9-83eaa097732e">
      <Execution id="880bd220-51d8-4b65-92fc-ef100abb1fa7" />
      <TestMethod codeBase="C:\Users\Remy.Miller\source\repos\PulseDonations\bin\Debug\net8.0\PulseDonations.dll" adapterTypeName="executor://nunit3testexecutor/" className="PulseDonations.Tests.ExistingDonorPositiveE2E" name="WholeBloodDryPack" />
    </UnitTest>
    <UnitTest name="SourcePlasma_SP" storage="c:\users\remy.miller\source\repos\pulsedonations\bin\debug\net8.0\pulsedonations.dll" id="a1e6625c-a982-6d49-459f-07a73a6da5dd">
      <Execution id="6d25e7d2-6645-4360-92d6-1cab0950a824" />
      <TestMethod codeBase="C:\Users\Remy.Miller\source\repos\PulseDonations\bin\Debug\net8.0\PulseDonations.dll" adapterTypeName="executor://nunit3testexecutor/" className="PulseDonations.Tests.ExistingDonorPositiveE2E" name="SourcePlasma_SP" />
    </UnitTest>
    <UnitTest name="BloodSampleTests_ConvalescentPlasma" storage="c:\users\remy.miller\source\repos\pulsedonations\bin\debug\net8.0\pulsedonations.dll" id="6af31d04-5f6f-d7c3-f33e-831612a8ad74">
      <Execution id="bbf8ff03-cdca-4ca8-9d5c-f82b9f991ca3" />
      <TestMethod codeBase="C:\Users\Remy.Miller\source\repos\PulseDonations\bin\Debug\net8.0\PulseDonations.dll" adapterTypeName="executor://nunit3testexecutor/" className="PulseDonations.Tests.ExistingDonorPositiveE2E" name="BloodSampleTests_ConvalescentPlasma" />
    </UnitTest>
    <UnitTest name="BloodSampleTests_TestOnly" storage="c:\users\remy.miller\source\repos\pulsedonations\bin\debug\net8.0\pulsedonations.dll" id="4ff5f554-eab4-571b-1676-34a85d910854">
      <Execution id="66879073-f334-4bdd-9d1f-7ee9feeefaf5" />
      <TestMethod codeBase="C:\Users\Remy.Miller\source\repos\PulseDonations\bin\Debug\net8.0\PulseDonations.dll" adapterTypeName="executor://nunit3testexecutor/" className="PulseDonations.Tests.ExistingDonorPositiveE2E" name="BloodSampleTests_TestOnly" />
    </UnitTest>
    <UnitTest name="BloodSampleTests_Virology" storage="c:\users\remy.miller\source\repos\pulsedonations\bin\debug\net8.0\pulsedonations.dll" id="57c5e0f0-284c-9aab-1098-5e12187e6bfa">
      <Execution id="9800b597-07d6-40b9-86bb-f4b5ee006521" />
      <TestMethod codeBase="C:\Users\Remy.Miller\source\repos\PulseDonations\bin\Debug\net8.0\PulseDonations.dll" adapterTypeName="executor://nunit3testexecutor/" className="PulseDonations.Tests.ExistingDonorPositiveE2E" name="BloodSampleTests_Virology" />
    </UnitTest>
    <UnitTest name="WholeBloodQuadPack" storage="c:\users\remy.miller\source\repos\pulsedonations\bin\debug\net8.0\pulsedonations.dll" id="a6e83db4-54f2-b749-6f01-4c43b53e5974">
      <Execution id="6058b6c9-74f6-4b5f-ad32-5dc1b01a1db2" />
      <TestMethod codeBase="C:\Users\Remy.Miller\source\repos\PulseDonations\bin\Debug\net8.0\PulseDonations.dll" adapterTypeName="executor://nunit3testexecutor/" className="PulseDonations.Tests.ExistingDonorPositiveE2E" name="WholeBloodQuadPack" />
    </UnitTest>
    <UnitTest name="TherapeuticsQuadPack" storage="c:\users\remy.miller\source\repos\pulsedonations\bin\debug\net8.0\pulsedonations.dll" id="c62f19e2-8905-4152-04f2-5f0cc8b6d47d">
      <Execution id="bb0f3edc-6452-4765-bf11-36b62d01bce5" />
      <TestMethod codeBase="C:\Users\Remy.Miller\source\repos\PulseDonations\bin\Debug\net8.0\PulseDonations.dll" adapterTypeName="executor://nunit3testexecutor/" className="PulseDonations.Tests.ExistingDonorPositiveE2E" name="TherapeuticsQuadPack" />
    </UnitTest>
    <UnitTest name="TherapeuticsDryPack" storage="c:\users\remy.miller\source\repos\pulsedonations\bin\debug\net8.0\pulsedonations.dll" id="c5f9afab-6896-4f5d-be3e-4751a51580a4">
      <Execution id="c42700b4-0142-49c3-a70c-c426d49a04c6" />
      <TestMethod codeBase="C:\Users\Remy.Miller\source\repos\PulseDonations\bin\Debug\net8.0\PulseDonations.dll" adapterTypeName="executor://nunit3testexecutor/" className="PulseDonations.Tests.ExistingDonorPositiveE2E" name="TherapeuticsDryPack" />
    </UnitTest>
    <UnitTest name="BloodSampleTests_Reagents" storage="c:\users\remy.miller\source\repos\pulsedonations\bin\debug\net8.0\pulsedonations.dll" id="11978525-a901-0717-a4d6-e915f0cd232f">
      <Execution id="46a0f4ea-36ca-4500-9c5a-c606e4251de3" />
      <TestMethod codeBase="C:\Users\Remy.Miller\source\repos\PulseDonations\bin\Debug\net8.0\PulseDonations.dll" adapterTypeName="executor://nunit3testexecutor/" className="PulseDonations.Tests.ExistingDonorPositiveE2E" name="BloodSampleTests_Reagents" />
    </UnitTest>
    <UnitTest name="ACreateHamper" storage="c:\users\remy.miller\source\repos\pulsedonations\bin\debug\net8.0\pulsedonations.dll" id="1cc70345-280c-ca90-1b98-ee4eb12635bb">
      <Execution id="7127cf64-a51d-4eae-afce-555884829f1b" />
      <TestMethod codeBase="C:\Users\Remy.Miller\source\repos\PulseDonations\bin\Debug\net8.0\PulseDonations.dll" adapterTypeName="executor://nunit3testexecutor/" className="PulseDonations.Tests.ExistingDonorPositiveE2E" name="ACreateHamper" />
    </UnitTest>
    <UnitTest name="BloodSampleTests_HepatitisQuery" storage="c:\users\remy.miller\source\repos\pulsedonations\bin\debug\net8.0\pulsedonations.dll" id="d4f8a6fc-b402-c858-f83c-91d41c1c69fe">
      <Execution id="c42ec831-f411-4cf2-9832-b15e231380ed" />
      <TestMethod codeBase="C:\Users\Remy.Miller\source\repos\PulseDonations\bin\Debug\net8.0\PulseDonations.dll" adapterTypeName="executor://nunit3testexecutor/" className="PulseDonations.Tests.ExistingDonorPositiveE2E" name="BloodSampleTests_HepatitisQuery" />
    </UnitTest>
    <UnitTest name="BloodSampleTests_FBC" storage="c:\users\remy.miller\source\repos\pulsedonations\bin\debug\net8.0\pulsedonations.dll" id="5526b7d8-991f-ed15-4c9d-98a30dcc6c05">
      <Execution id="1e2654dd-fdd0-4481-8ff5-19532d75d7b9" />
      <TestMethod codeBase="C:\Users\Remy.Miller\source\repos\PulseDonations\bin\Debug\net8.0\PulseDonations.dll" adapterTypeName="executor://nunit3testexecutor/" className="PulseDonations.Tests.ExistingDonorPositiveE2E" name="BloodSampleTests_FBC" />
    </UnitTest>
    <UnitTest name="Apheresis_PlasmaPack" storage="c:\users\remy.miller\source\repos\pulsedonations\bin\debug\net8.0\pulsedonations.dll" id="d8dadee0-98bd-d728-3e04-5a8c408fd8a5">
      <Execution id="e7509283-9440-4518-9a9b-872ba29989f0" />
      <TestMethod codeBase="C:\Users\Remy.Miller\source\repos\PulseDonations\bin\Debug\net8.0\PulseDonations.dll" adapterTypeName="executor://nunit3testexecutor/" className="PulseDonations.Tests.ExistingDonorPositiveE2E" name="Apheresis_PlasmaPack" />
    </UnitTest>
    <UnitTest name="BloodSampleTests_Counselling" storage="c:\users\remy.miller\source\repos\pulsedonations\bin\debug\net8.0\pulsedonations.dll" id="b3185e1d-99aa-4db1-f0cf-2422f85263cf">
      <Execution id="6b712174-7e64-4d9b-8c8d-513b345aad8b" />
      <TestMethod codeBase="C:\Users\Remy.Miller\source\repos\PulseDonations\bin\Debug\net8.0\PulseDonations.dll" adapterTypeName="executor://nunit3testexecutor/" className="PulseDonations.Tests.ExistingDonorPositiveE2E" name="BloodSampleTests_Counselling" />
    </UnitTest>
  </TestDefinitions>
  <TestEntries>
    <TestEntry testId="d4f8a6fc-b402-c858-f83c-91d41c1c69fe" executionId="c42ec831-f411-4cf2-9832-b15e231380ed" testListId="8c84fa94-04c1-424b-9868-57a2d4851a1d" />
    <TestEntry testId="57c5e0f0-284c-9aab-1098-5e12187e6bfa" executionId="9800b597-07d6-40b9-86bb-f4b5ee006521" testListId="8c84fa94-04c1-424b-9868-57a2d4851a1d" />
    <TestEntry testId="a1e6625c-a982-6d49-459f-07a73a6da5dd" executionId="6d25e7d2-6645-4360-92d6-1cab0950a824" testListId="8c84fa94-04c1-424b-9868-57a2d4851a1d" />
    <TestEntry testId="6af31d04-5f6f-d7c3-f33e-831612a8ad74" executionId="bbf8ff03-cdca-4ca8-9d5c-f82b9f991ca3" testListId="8c84fa94-04c1-424b-9868-57a2d4851a1d" />
    <TestEntry testId="11978525-a901-0717-a4d6-e915f0cd232f" executionId="46a0f4ea-36ca-4500-9c5a-c606e4251de3" testListId="8c84fa94-04c1-424b-9868-57a2d4851a1d" />
    <TestEntry testId="4ff5f554-eab4-571b-1676-34a85d910854" executionId="66879073-f334-4bdd-9d1f-7ee9feeefaf5" testListId="8c84fa94-04c1-424b-9868-57a2d4851a1d" />
    <TestEntry testId="5526b7d8-991f-ed15-4c9d-98a30dcc6c05" executionId="1e2654dd-fdd0-4481-8ff5-19532d75d7b9" testListId="8c84fa94-04c1-424b-9868-57a2d4851a1d" />
    <TestEntry testId="c62f19e2-8905-4152-04f2-5f0cc8b6d47d" executionId="bb0f3edc-6452-4765-bf11-36b62d01bce5" testListId="8c84fa94-04c1-424b-9868-57a2d4851a1d" />
    <TestEntry testId="5b1dd3fe-b898-4ee5-1a34-7dc383f78379" executionId="f82c7879-327c-4238-ba9a-de524c2137f8" testListId="8c84fa94-04c1-424b-9868-57a2d4851a1d" />
    <TestEntry testId="c5f9afab-6896-4f5d-be3e-4751a51580a4" executionId="c42700b4-0142-49c3-a70c-c426d49a04c6" testListId="8c84fa94-04c1-424b-9868-57a2d4851a1d" />
    <TestEntry testId="b3185e1d-99aa-4db1-f0cf-2422f85263cf" executionId="6b712174-7e64-4d9b-8c8d-513b345aad8b" testListId="8c84fa94-04c1-424b-9868-57a2d4851a1d" />
    <TestEntry testId="be6362ed-9d57-bcb8-0ad9-83eaa097732e" executionId="880bd220-51d8-4b65-92fc-ef100abb1fa7" testListId="8c84fa94-04c1-424b-9868-57a2d4851a1d" />
    <TestEntry testId="1cc70345-280c-ca90-1b98-ee4eb12635bb" executionId="7127cf64-a51d-4eae-afce-555884829f1b" testListId="8c84fa94-04c1-424b-9868-57a2d4851a1d" />
    <TestEntry testId="d8dadee0-98bd-d728-3e04-5a8c408fd8a5" executionId="e7509283-9440-4518-9a9b-872ba29989f0" testListId="8c84fa94-04c1-424b-9868-57a2d4851a1d" />
    <TestEntry testId="a6e83db4-54f2-b749-6f01-4c43b53e5974" executionId="6058b6c9-74f6-4b5f-ad32-5dc1b01a1db2" testListId="8c84fa94-04c1-424b-9868-57a2d4851a1d" />
  </TestEntries>
  <TestLists>
    <TestList name="Results Not in a List" id="8c84fa94-04c1-424b-9868-57a2d4851a1d" />
    <TestList name="All Loaded Results" id="19431567-8539-422a-85d7-44ee4e166bda" />
  </TestLists>
  <ResultSummary outcome="Failed">
    <Counters total="15" executed="15" passed="10" failed="5" error="0" timeout="0" aborted="0" inconclusive="0" passedButRunAborted="0" notRunnable="0" notExecuted="0" disconnected="0" warning="0" completed="0" inProgress="0" pending="0" />
    <Output>
      <StdOut>NUnit Adapter 4.5.0.0: Test execution started&#xD;
Running selected tests in C:\Users\Remy.Miller\source\repos\PulseDonations\bin\Debug\net8.0\PulseDonations.dll&#xD;
   NUnit3TestExecutor discovered 15 of 15 NUnit test cases using Current Discovery mode, Non-Explicit run&#xD;
Starting ChromeDriver 138.0.7204.157 (e533e98b1267baa1f1c46d666b120e64e5146aa9-refs/branch-heads/7204@{#2046}) on port 58844&#xD;
Only local connections are allowed.&#xD;
Please see https://chromedriver.chromium.org/security-considerations for suggestions on keeping ChromeDriver safe.&#xD;
ChromeDriver was started successfully on port 58844.&#xD;
90454913&#xD;
Starting ChromeDriver 138.0.7204.157 (e533e98b1267baa1f1c46d666b120e64e5146aa9-refs/branch-heads/7204@{#2046}) on port 58880&#xD;
Only local connections are allowed.&#xD;
Please see https://chromedriver.chromium.org/security-considerations for suggestions on keeping ChromeDriver safe.&#xD;
ChromeDriver was started successfully on port 58880.&#xD;
10390493&#xD;
j&#xD;
a&#xD;
03/09/1991&#xD;
Sex at Birth: Female&#xD;
Female Donor&#xD;
13.2&#xD;
\ud83d\udd0d Screenshot saved: C:\Users\Remy.Miller\source\repos\PulseDonations\Screenshots\17-07-2025\Apheresis_PlasmaPack_17072025_160750.png&#xD;
Starting ChromeDriver 138.0.7204.157 (e533e98b1267baa1f1c46d666b120e64e5146aa9-refs/branch-heads/7204@{#2046}) on port 58922&#xD;
Only local connections are allowed.&#xD;
Please see https://chromedriver.chromium.org/security-considerations for suggestions on keeping ChromeDriver safe.&#xD;
ChromeDriver was started successfully on port 58922.&#xD;
54638606&#xD;
s&#xD;
c&#xD;
24/09/2004&#xD;
Sex at Birth: Female&#xD;
Female Donor&#xD;
13.1&#xD;
\ud83d\udd0d Screenshot saved: C:\Users\Remy.Miller\source\repos\PulseDonations\Screenshots\17-07-2025\BloodSampleTests_ConvalescentPlasma_17072025_160831.png&#xD;
Starting ChromeDriver 138.0.7204.157 (e533e98b1267baa1f1c46d666b120e64e5146aa9-refs/branch-heads/7204@{#2046}) on port 58960&#xD;
Only local connections are allowed.&#xD;
Please see https://chromedriver.chromium.org/security-considerations for suggestions on keeping ChromeDriver safe.&#xD;
ChromeDriver was started successfully on port 58960.&#xD;
68264743&#xD;
k&#xD;
m&#xD;
14/02/1997&#xD;
Sex at Birth: Female&#xD;
Female Donor&#xD;
13.0&#xD;
Blood Samples/Tests&#xD;
Counselling&#xD;
Starting ChromeDriver 138.0.7204.157 (e533e98b1267baa1f1c46d666b120e64e5146aa9-refs/branch-heads/7204@{#2046}) on port 59006&#xD;
Only local connections are allowed.&#xD;
Please see https://chromedriver.chromium.org/security-considerations for suggestions on keeping ChromeDriver safe.&#xD;
ChromeDriver was started successfully on port 59006.&#xD;
62659765&#xD;
b&#xD;
s&#xD;
22/04/1996&#xD;
Sex at Birth: Female&#xD;
Female Donor&#xD;
12.8&#xD;
\ud83d\udd0d Screenshot saved: C:\Users\Remy.Miller\source\repos\PulseDonations\Screenshots\17-07-2025\BloodSampleTests_FBC_17072025_161036.png&#xD;
Starting ChromeDriver 138.0.7204.157 (e533e98b1267baa1f1c46d666b120e64e5146aa9-refs/branch-heads/7204@{#2046}) on port 59061&#xD;
Only local connections are allowed.&#xD;
Please see https://chromedriver.chromium.org/security-considerations for suggestions on keeping ChromeDriver safe.&#xD;
ChromeDriver was started successfully on port 59061.&#xD;
41332643&#xD;
p&#xD;
d&#xD;
23/06/1997&#xD;
Sex at Birth: Male&#xD;
Male Donor&#xD;
13.7&#xD;
Blood Samples/Tests&#xD;
Hepatitis Query&#xD;
Starting ChromeDriver 138.0.7204.157 (e533e98b1267baa1f1c46d666b120e64e5146aa9-refs/branch-heads/7204@{#2046}) on port 59108&#xD;
Only local connections are allowed.&#xD;
Please see https://chromedriver.chromium.org/security-considerations for suggestions on keeping ChromeDriver safe.&#xD;
ChromeDriver was started successfully on port 59108.&#xD;
35092995&#xD;
d&#xD;
g&#xD;
06/05/1999&#xD;
Sex at Birth: Male&#xD;
Male Donor&#xD;
14.0&#xD;
Blood Samples/Tests&#xD;
Look Back&#xD;
Starting ChromeDriver 138.0.7204.157 (e533e98b1267baa1f1c46d666b120e64e5146aa9-refs/branch-heads/7204@{#2046}) on port 59154&#xD;
Only local connections are allowed.&#xD;
Please see https://chromedriver.chromium.org/security-considerations for suggestions on keeping ChromeDriver safe.&#xD;
ChromeDriver was started successfully on port 59154.&#xD;
93005017&#xD;
r&#xD;
c&#xD;
19/04/1988&#xD;
Sex at Birth: Male&#xD;
Male Donor&#xD;
13.9&#xD;
Blood Samples/Tests&#xD;
Reagents&#xD;
Starting ChromeDriver 138.0.7204.157 (e533e98b1267baa1f1c46d666b120e64e5146aa9-refs/branch-heads/7204@{#2046}) on port 59204&#xD;
Only local connections are allowed.&#xD;
Please see https://chromedriver.chromium.org/security-considerations for suggestions on keeping ChromeDriver safe.&#xD;
ChromeDriver was started successfully on port 59204.&#xD;
96525056&#xD;
f&#xD;
m&#xD;
18/10/1985&#xD;
No Donors available for initals and year provided&#xD;
\ud83d\udd0d Screenshot saved: C:\Users\Remy.Miller\source\repos\PulseDonations\Screenshots\17-07-2025\BloodSampleTests_TestOnly_17072025_161433.png&#xD;
\ud83d\udd0d Screenshot saved: C:\Users\Remy.Miller\source\repos\PulseDonations\Screenshots\17-07-2025\BloodSampleTests_TestOnly_17072025_161433.png&#xD;
Starting ChromeDriver 138.0.7204.157 (e533e98b1267baa1f1c46d666b120e64e5146aa9-refs/branch-heads/7204@{#2046}) on port 59229&#xD;
Only local connections are allowed.&#xD;
Please see https://chromedriver.chromium.org/security-considerations for suggestions on keeping ChromeDriver safe.&#xD;
ChromeDriver was started successfully on port 59229.&#xD;
33586054&#xD;
p&#xD;
m&#xD;
05/10/2004&#xD;
No Donors available for initals and year provided&#xD;
\ud83d\udd0d Screenshot saved: C:\Users\Remy.Miller\source\repos\PulseDonations\Screenshots\17-07-2025\BloodSampleTests_TestOnly_17072025_161437.png&#xD;
\ud83d\udd0d Screenshot saved: C:\Users\Remy.Miller\source\repos\PulseDonations\Screenshots\17-07-2025\BloodSampleTests_TestOnly_17072025_161437.png&#xD;
Starting ChromeDriver 138.0.7204.157 (e533e98b1267baa1f1c46d666b120e64e5146aa9-refs/branch-heads/7204@{#2046}) on port 59251&#xD;
Only local connections are allowed.&#xD;
Please see https://chromedriver.chromium.org/security-considerations for suggestions on keeping ChromeDriver safe.&#xD;
ChromeDriver was started successfully on port 59251.&#xD;
51828750&#xD;
c&#xD;
b&#xD;
08/06/2004&#xD;
Sex at Birth: Female&#xD;
Female Donor&#xD;
12.8&#xD;
Blood Samples/Tests&#xD;
Virology&#xD;
Starting ChromeDriver 138.0.7204.157 (e533e98b1267baa1f1c46d666b120e64e5146aa9-refs/branch-heads/7204@{#2046}) on port 59288&#xD;
Only local connections are allowed.&#xD;
Please see https://chromedriver.chromium.org/security-considerations for suggestions on keeping ChromeDriver safe.&#xD;
ChromeDriver was started successfully on port 59288.&#xD;
77050994&#xD;
l&#xD;
d&#xD;
18/08/1988&#xD;
Sex at Birth: Female&#xD;
Female Donor&#xD;
13.4&#xD;
Source Plasma&#xD;
Source Plasma + 5 ml SST Gel&#xD;
Starting ChromeDriver 138.0.7204.157 (e533e98b1267baa1f1c46d666b120e64e5146aa9-refs/branch-heads/7204@{#2046}) on port 59321&#xD;
Only local connections are allowed.&#xD;
Please see https://chromedriver.chromium.org/security-considerations for suggestions on keeping ChromeDriver safe.&#xD;
ChromeDriver was started successfully on port 59321.&#xD;
47249517&#xD;
m&#xD;
h&#xD;
02/02/2002&#xD;
Sex at Birth: Female&#xD;
Female Donor&#xD;
12.5&#xD;
Therapeutics&#xD;
Dry Pack&#xD;
Starting ChromeDriver 138.0.7204.157 (e533e98b1267baa1f1c46d666b120e64e5146aa9-refs/branch-heads/7204@{#2046}) on port 59348&#xD;
Only local connections are allowed.&#xD;
Please see https://chromedriver.chromium.org/security-considerations for suggestions on keeping ChromeDriver safe.&#xD;
ChromeDriver was started successfully on port 59348.&#xD;
30050326&#xD;
t&#xD;
b&#xD;
01/06/2002&#xD;
Sex at Birth: Female&#xD;
Female Donor&#xD;
12.6&#xD;
\ud83d\udd0d Screenshot saved: C:\Users\Remy.Miller\source\repos\PulseDonations\Screenshots\17-07-2025\TherapeuticsQuadPack_17072025_161902.png&#xD;
Starting ChromeDriver 138.0.7204.157 (e533e98b1267baa1f1c46d666b120e64e5146aa9-refs/branch-heads/7204@{#2046}) on port 59381&#xD;
Only local connections are allowed.&#xD;
Please see https://chromedriver.chromium.org/security-considerations for suggestions on keeping ChromeDriver safe.&#xD;
ChromeDriver was started successfully on port 59381.&#xD;
47848486&#xD;
j&#xD;
r&#xD;
27/07/1993&#xD;
Sex at Birth: Female&#xD;
Female Donor&#xD;
13.3&#xD;
Whole Blood Donation&#xD;
Dry Pack&#xD;
Starting ChromeDriver 138.0.7204.157 (e533e98b1267baa1f1c46d666b120e64e5146aa9-refs/branch-heads/7204@{#2046}) on port 59424&#xD;
Only local connections are allowed.&#xD;
Please see https://chromedriver.chromium.org/security-considerations for suggestions on keeping ChromeDriver safe.&#xD;
ChromeDriver was started successfully on port 59424.&#xD;
82777630&#xD;
m&#xD;
f&#xD;
27/03/1989&#xD;
Sex at Birth: Female&#xD;
Female Donor&#xD;
13.1&#xD;
Whole Blood Donation&#xD;
Quad Pack&#xD;
NUnit Adapter 4.5.0.0: Test execution complete&#xD;
</StdOut>
    </Output>
  </ResultSummary>
</TestRun>