<?xml version="1.0" encoding="utf-8"?>
<TestRun id="4d3f0fbc-33c5-4456-a231-7546d15b8681" name="Remy.Miller@LT-6MQPN94 2025-07-17 15:43:13" runUser="WPBTS\Remy.Miller" xmlns="http://microsoft.com/schemas/VisualStudio/TeamTest/2010">
  <Times creation="2025-07-17T15:43:13.5950914+02:00" queuing="2025-07-17T15:43:13.5950919+02:00" start="2025-07-17T15:42:58.3674115+02:00" finish="2025-07-17T15:59:34.3460238+02:00" />
  <TestSettings name="default" id="9a38925c-74b6-452c-894e-f368203710b9">
    <Deployment runDeploymentRoot="Remy.Miller_LT-6MQPN94_2025-07-17_15_43_13" />
  </TestSettings>
  <Results>
    <UnitTestResult executionId="cff4ad96-81f5-4985-811f-c1493f824bd7" testId="ffca9fcd-efee-4b3c-db16-fd6fca7dc173" testName="Apheresis_PlasmaPack" computerName="LT-6MQPN94" duration="00:01:22.9256070" startTime="2025-07-17T15:43:13.5528830+02:00" endTime="2025-07-17T15:44:36.4776191+02:00" testType="13cdc9d9-ddb5-4fa4-a97d-d965ccfc6d4b" outcome="Passed" testListId="8c84fa94-04c1-424b-9868-57a2d4851a1d" relativeResultsDirectory="cff4ad96-81f5-4985-811f-c1493f824bd7" />
    <UnitTestResult executionId="a49833c2-a924-4085-a310-c473b83ef3f9" testId="5af3983d-cdbf-ec40-f202-aeb43aebb70a" testName="BloodSampleTests_Counselling" computerName="LT-6MQPN94" duration="00:01:17.5022150" startTime="2025-07-17T15:45:30.2417164+02:00" endTime="2025-07-17T15:46:47.7431176+02:00" testType="13cdc9d9-ddb5-4fa4-a97d-d965ccfc6d4b" outcome="Passed" testListId="8c84fa94-04c1-424b-9868-57a2d4851a1d" relativeResultsDirectory="a49833c2-a924-4085-a310-c473b83ef3f9" />
    <UnitTestResult executionId="2ab58637-86cf-4ad3-b629-ad5a9d2553eb" testId="1d2f2490-02e8-7317-f5f5-6a5057ea2d50" testName="ACreateHamper" computerName="LT-6MQPN94" duration="00:00:14.4871120" startTime="2025-07-17T15:42:59.0650203+02:00" endTime="2025-07-17T15:43:13.5519357+02:00" testType="13cdc9d9-ddb5-4fa4-a97d-d965ccfc6d4b" outcome="Passed" testListId="8c84fa94-04c1-424b-9868-57a2d4851a1d" relativeResultsDirectory="2ab58637-86cf-4ad3-b629-ad5a9d2553eb" />
    <UnitTestResult executionId="21969c83-dc3a-435d-890e-e4ca79e99663" testId="4be71b4c-a7b5-108c-aee5-f8de6da8144f" testName="BloodSampleTests_TestOnly" computerName="LT-6MQPN94" duration="00:00:43.9227410" startTime="2025-07-17T15:51:54.1710054+02:00" endTime="2025-07-17T15:52:38.0933089+02:00" testType="13cdc9d9-ddb5-4fa4-a97d-d965ccfc6d4b" outcome="Failed" testListId="8c84fa94-04c1-424b-9868-57a2d4851a1d" relativeResultsDirectory="21969c83-dc3a-435d-890e-e4ca79e99663">
      <Output>
        <ErrorInfo>
          <Message>OpenQA.Selenium.WebDriverTimeoutException : Timed out after 30 seconds&#xD;
  ----&gt; OpenQA.Selenium.NoSuchElementException : no such element: Unable to locate element: {"method":"css selector","selector":".PanelCode"}&#xD;
  (Session info: chrome=138.0.7204.101); For documentation on this error, please visit: https://www.selenium.dev/documentation/webdriver/troubleshooting/errors#no-such-element-exception</Message>
          <StackTrace>   at OpenQA.Selenium.Support.UI.DefaultWait`1.ThrowTimeoutException(String exceptionMessage, Exception lastException)&#xD;
   at OpenQA.Selenium.Support.UI.DefaultWait`1.Until[TResult](Func`2 condition, CancellationToken token)&#xD;
   at OpenQA.Selenium.Support.UI.DefaultWait`1.Until[TResult](Func`2 condition)&#xD;
   at PulseDonations.PageObjects.LoginPage.standard() in C:\Users\Remy.Miller\source\repos\PulseDonations\PageObjects\LoginPage.cs:line 68&#xD;
   at PulseDonations.Tests.NewDonorPositiveE2E.BloodSampleTests_TestOnly() in C:\Users\Remy.Miller\source\repos\PulseDonations\Tests\NewDonorPositiveE2E.cs:line 158&#xD;
   at System.RuntimeMethodHandle.InvokeMethod(Object target, Void** arguments, Signature sig, Boolean isConstructor)&#xD;
   at System.Reflection.MethodBaseInvoker.InvokeWithNoArgs(Object obj, BindingFlags invokeAttr)&#xD;
--NoSuchElementException&#xD;
   at OpenQA.Selenium.WebDriver.UnpackAndThrowOnError(Response errorResponse, String commandToExecute)&#xD;
   at OpenQA.Selenium.WebDriver.ExecuteAsync(String driverCommandToExecute, Dictionary`2 parameters)&#xD;
   at OpenQA.Selenium.WebDriver.Execute(String driverCommandToExecute, Dictionary`2 parameters)&#xD;
   at OpenQA.Selenium.WebDriver.FindElement(String mechanism, String value)&#xD;
   at OpenQA.Selenium.By.&lt;.ctor&gt;b__6_0(ISearchContext context)&#xD;
   at OpenQA.Selenium.By.FindElement(ISearchContext context)&#xD;
   at OpenQA.Selenium.WebDriver.FindElement(By by)&#xD;
   at SeleniumExtras.WaitHelpers.ExpectedConditions.&lt;&gt;c__DisplayClass7_0.&lt;ElementIsVisible&gt;b__0(IWebDriver driver)&#xD;
   at OpenQA.Selenium.Support.UI.DefaultWait`1.Until[TResult](Func`2 condition, CancellationToken token)
</StackTrace>
        </ErrorInfo>
      </Output>
    </UnitTestResult>
    <UnitTestResult executionId="162e92e4-79d5-4693-8afd-c8c7a1931a9e" testId="71c51bb9-cd11-5982-2bfb-01aad0d370fe" testName="TherapeuticsQuadPack" computerName="LT-6MQPN94" duration="00:01:22.4341390" startTime="2025-07-17T15:55:27.0027821+02:00" endTime="2025-07-17T15:56:49.4361042+02:00" testType="13cdc9d9-ddb5-4fa4-a97d-d965ccfc6d4b" outcome="Passed" testListId="8c84fa94-04c1-424b-9868-57a2d4851a1d" relativeResultsDirectory="162e92e4-79d5-4693-8afd-c8c7a1931a9e" />
    <UnitTestResult executionId="b6b87693-42a9-48c2-bf8c-744d054456e6" testId="52473030-707a-fcf9-3b35-e0a73ae51aa1" testName="BloodSampleTests_FBC" computerName="LT-6MQPN94" duration="00:01:20.3775900" startTime="2025-07-17T15:46:47.7431615+02:00" endTime="2025-07-17T15:48:08.1199283+02:00" testType="13cdc9d9-ddb5-4fa4-a97d-d965ccfc6d4b" outcome="Passed" testListId="8c84fa94-04c1-424b-9868-57a2d4851a1d" relativeResultsDirectory="b6b87693-42a9-48c2-bf8c-744d054456e6" />
    <UnitTestResult executionId="e2535754-afad-4cf8-bc53-330c3730bc8f" testId="04c143f2-dde8-2681-56fb-0b4d3d4861ed" testName="WholeBloodDryPack" computerName="LT-6MQPN94" duration="00:01:24.2522320" startTime="2025-07-17T15:56:49.4361529+02:00" endTime="2025-07-17T15:58:13.6875721+02:00" testType="13cdc9d9-ddb5-4fa4-a97d-d965ccfc6d4b" outcome="Passed" testListId="8c84fa94-04c1-424b-9868-57a2d4851a1d" relativeResultsDirectory="e2535754-afad-4cf8-bc53-330c3730bc8f" />
    <UnitTestResult executionId="a5ffdf32-2bb5-410d-9a03-4ac64dd3d59a" testId="3305efcc-447b-80b1-7bc7-05e799f3a450" testName="BloodSampleTests_ConvalescentPlasma" computerName="LT-6MQPN94" duration="00:00:53.7643150" startTime="2025-07-17T15:44:36.4776803+02:00" endTime="2025-07-17T15:45:30.2414307+02:00" testType="13cdc9d9-ddb5-4fa4-a97d-d965ccfc6d4b" outcome="Failed" testListId="8c84fa94-04c1-424b-9868-57a2d4851a1d" relativeResultsDirectory="a5ffdf32-2bb5-410d-9a03-4ac64dd3d59a">
      <Output>
        <ErrorInfo>
          <Message>OpenQA.Selenium.WebDriverTimeoutException : Timed out after 30 seconds&#xD;
  ----&gt; OpenQA.Selenium.NoSuchElementException : no such element: Unable to locate element: {"method":"css selector","selector":".mat-dialog-title"}&#xD;
  (Session info: chrome=138.0.7204.101); For documentation on this error, please visit: https://www.selenium.dev/documentation/webdriver/troubleshooting/errors#no-such-element-exception</Message>
          <StackTrace>   at OpenQA.Selenium.Support.UI.DefaultWait`1.ThrowTimeoutException(String exceptionMessage, Exception lastException)&#xD;
   at OpenQA.Selenium.Support.UI.DefaultWait`1.Until[TResult](Func`2 condition, CancellationToken token)&#xD;
   at OpenQA.Selenium.Support.UI.DefaultWait`1.Until[TResult](Func`2 condition)&#xD;
   at PulseDonations.PageObjects.Donations.RegistrationPage.updateFemalePersonalInformation() in C:\Users\Remy.Miller\source\repos\PulseDonations\PageObjects\Donations\RegistrationPage.cs:line 536&#xD;
   at PulseDonations.PageObjects.Donations.RegistrationPage.updateNewDonorInformation() in C:\Users\Remy.Miller\source\repos\PulseDonations\PageObjects\Donations\RegistrationPage.cs:line 225&#xD;
   at PulseDonations.Tests.NewDonorPositiveE2E.BloodSampleTests_ConvalescentPlasma() in C:\Users\Remy.Miller\source\repos\PulseDonations\Tests\NewDonorPositiveE2E.cs:line 222&#xD;
   at System.RuntimeMethodHandle.InvokeMethod(Object target, Void** arguments, Signature sig, Boolean isConstructor)&#xD;
   at System.Reflection.MethodBaseInvoker.InvokeWithNoArgs(Object obj, BindingFlags invokeAttr)&#xD;
--NoSuchElementException&#xD;
   at OpenQA.Selenium.WebDriver.UnpackAndThrowOnError(Response errorResponse, String commandToExecute)&#xD;
   at OpenQA.Selenium.WebDriver.ExecuteAsync(String driverCommandToExecute, Dictionary`2 parameters)&#xD;
   at OpenQA.Selenium.WebDriver.Execute(String driverCommandToExecute, Dictionary`2 parameters)&#xD;
   at OpenQA.Selenium.WebDriver.FindElement(String mechanism, String value)&#xD;
   at OpenQA.Selenium.By.&lt;.ctor&gt;b__6_0(ISearchContext context)&#xD;
   at OpenQA.Selenium.By.FindElement(ISearchContext context)&#xD;
   at OpenQA.Selenium.WebDriver.FindElement(By by)&#xD;
   at SeleniumExtras.WaitHelpers.ExpectedConditions.&lt;&gt;c__DisplayClass7_0.&lt;ElementIsVisible&gt;b__0(IWebDriver driver)&#xD;
   at OpenQA.Selenium.Support.UI.DefaultWait`1.Until[TResult](Func`2 condition, CancellationToken token)
</StackTrace>
        </ErrorInfo>
      </Output>
    </UnitTestResult>
    <UnitTestResult executionId="a180fd54-e2d6-4b5a-afb5-ca8816c54c04" testId="7a341065-9bdd-0228-c5bc-7114e26342ca" testName="BloodSampleTests_HepatitisQuery" computerName="LT-6MQPN94" duration="00:01:15.8585230" startTime="2025-07-17T15:48:08.1199700+02:00" endTime="2025-07-17T15:49:23.9777191+02:00" testType="13cdc9d9-ddb5-4fa4-a97d-d965ccfc6d4b" outcome="Passed" testListId="8c84fa94-04c1-424b-9868-57a2d4851a1d" relativeResultsDirectory="a180fd54-e2d6-4b5a-afb5-ca8816c54c04" />
    <UnitTestResult executionId="5a9b1098-2de2-4e05-a3c7-f7271f8b7ddc" testId="71dede28-b97e-8807-8358-570c60a05183" testName="BloodSampleTests_Virology" computerName="LT-6MQPN94" duration="00:00:53.7781920" startTime="2025-07-17T15:52:38.0933615+02:00" endTime="2025-07-17T15:53:31.8710201+02:00" testType="13cdc9d9-ddb5-4fa4-a97d-d965ccfc6d4b" outcome="Failed" testListId="8c84fa94-04c1-424b-9868-57a2d4851a1d" relativeResultsDirectory="5a9b1098-2de2-4e05-a3c7-f7271f8b7ddc">
      <Output>
        <ErrorInfo>
          <Message>OpenQA.Selenium.WebDriverTimeoutException : Timed out after 30 seconds&#xD;
  ----&gt; OpenQA.Selenium.NoSuchElementException : no such element: Unable to locate element: {"method":"css selector","selector":".mat-dialog-title"}&#xD;
  (Session info: chrome=138.0.7204.101); For documentation on this error, please visit: https://www.selenium.dev/documentation/webdriver/troubleshooting/errors#no-such-element-exception</Message>
          <StackTrace>   at OpenQA.Selenium.Support.UI.DefaultWait`1.ThrowTimeoutException(String exceptionMessage, Exception lastException)&#xD;
   at OpenQA.Selenium.Support.UI.DefaultWait`1.Until[TResult](Func`2 condition, CancellationToken token)&#xD;
   at OpenQA.Selenium.Support.UI.DefaultWait`1.Until[TResult](Func`2 condition)&#xD;
   at PulseDonations.PageObjects.Donations.RegistrationPage.updateFemalePersonalInformation() in C:\Users\Remy.Miller\source\repos\PulseDonations\PageObjects\Donations\RegistrationPage.cs:line 536&#xD;
   at PulseDonations.PageObjects.Donations.RegistrationPage.updateNewDonorInformation() in C:\Users\Remy.Miller\source\repos\PulseDonations\PageObjects\Donations\RegistrationPage.cs:line 225&#xD;
   at PulseDonations.Tests.NewDonorPositiveE2E.BloodSampleTests_Virology() in C:\Users\Remy.Miller\source\repos\PulseDonations\Tests\NewDonorPositiveE2E.cs:line 242&#xD;
   at System.RuntimeMethodHandle.InvokeMethod(Object target, Void** arguments, Signature sig, Boolean isConstructor)&#xD;
   at System.Reflection.MethodBaseInvoker.InvokeWithNoArgs(Object obj, BindingFlags invokeAttr)&#xD;
--NoSuchElementException&#xD;
   at OpenQA.Selenium.WebDriver.UnpackAndThrowOnError(Response errorResponse, String commandToExecute)&#xD;
   at OpenQA.Selenium.WebDriver.ExecuteAsync(String driverCommandToExecute, Dictionary`2 parameters)&#xD;
   at OpenQA.Selenium.WebDriver.Execute(String driverCommandToExecute, Dictionary`2 parameters)&#xD;
   at OpenQA.Selenium.WebDriver.FindElement(String mechanism, String value)&#xD;
   at OpenQA.Selenium.By.&lt;.ctor&gt;b__6_0(ISearchContext context)&#xD;
   at OpenQA.Selenium.By.FindElement(ISearchContext context)&#xD;
   at OpenQA.Selenium.WebDriver.FindElement(By by)&#xD;
   at SeleniumExtras.WaitHelpers.ExpectedConditions.&lt;&gt;c__DisplayClass7_0.&lt;ElementIsVisible&gt;b__0(IWebDriver driver)&#xD;
   at OpenQA.Selenium.Support.UI.DefaultWait`1.Until[TResult](Func`2 condition, CancellationToken token)
</StackTrace>
        </ErrorInfo>
      </Output>
    </UnitTestResult>
    <UnitTestResult executionId="e0b45a0f-2ab1-48af-b006-12b20b76981b" testId="79664a08-65e4-50fa-c4e4-a08d4423bacb" testName="TherapeuticsDryPack" computerName="LT-6MQPN94" duration="00:01:22.8250650" startTime="2025-07-17T15:54:04.1784971+02:00" endTime="2025-07-17T15:55:27.0027413+02:00" testType="13cdc9d9-ddb5-4fa4-a97d-d965ccfc6d4b" outcome="Passed" testListId="8c84fa94-04c1-424b-9868-57a2d4851a1d" relativeResultsDirectory="e0b45a0f-2ab1-48af-b006-12b20b76981b" />
    <UnitTestResult executionId="df89768e-9344-45e7-8ad9-402ff451e64d" testId="3a1e00af-3432-920e-0ca7-ed1edbce0492" testName="BloodSampleTests_LookBack" computerName="LT-6MQPN94" duration="00:01:15.1718110" startTime="2025-07-17T15:49:23.9777552+02:00" endTime="2025-07-17T15:50:39.1487987+02:00" testType="13cdc9d9-ddb5-4fa4-a97d-d965ccfc6d4b" outcome="Passed" testListId="8c84fa94-04c1-424b-9868-57a2d4851a1d" relativeResultsDirectory="df89768e-9344-45e7-8ad9-402ff451e64d" />
    <UnitTestResult executionId="788362bf-78cd-499d-901c-3d067b43ebcd" testId="e15b5d13-b1a0-4e4d-c6c2-9c5112ddc27d" testName="SourcePlasma_SP" computerName="LT-6MQPN94" duration="00:00:32.3077020" startTime="2025-07-17T15:53:31.8710649+02:00" endTime="2025-07-17T15:54:04.1784465+02:00" testType="13cdc9d9-ddb5-4fa4-a97d-d965ccfc6d4b" outcome="Failed" testListId="8c84fa94-04c1-424b-9868-57a2d4851a1d" relativeResultsDirectory="788362bf-78cd-499d-901c-3d067b43ebcd">
      <Output>
        <ErrorInfo>
          <Message>OpenQA.Selenium.StaleElementReferenceException : stale element reference: stale element not found in the current frame&#xD;
  (Session info: chrome=138.0.7204.101); For documentation on this error, please visit: https://www.selenium.dev/documentation/webdriver/troubleshooting/errors#stale-element-reference-exception</Message>
          <StackTrace>   at OpenQA.Selenium.WebDriver.UnpackAndThrowOnError(Response errorResponse, String commandToExecute)&#xD;
   at OpenQA.Selenium.WebDriver.ExecuteAsync(String driverCommandToExecute, Dictionary`2 parameters)&#xD;
   at OpenQA.Selenium.WebDriver.Execute(String driverCommandToExecute, Dictionary`2 parameters)&#xD;
   at OpenQA.Selenium.WebElement.Execute(String commandToExecute, Dictionary`2 parameters)&#xD;
   at OpenQA.Selenium.WebElement.get_Text()&#xD;
   at SeleniumExtras.PageObjects.WebElementProxy.get_Text()&#xD;
   at PulseDonations.PageObjects.Donations.TestingPage.updatePostiveTestingInformation() in C:\Users\Remy.Miller\source\repos\PulseDonations\PageObjects\Donations\TestingPage.cs:line 147&#xD;
   at PulseDonations.Tests.NewDonorPositiveE2E.SourcePlasma_SP() in C:\Users\Remy.Miller\source\repos\PulseDonations\Tests\NewDonorPositiveE2E.cs:line 305&#xD;
   at System.RuntimeMethodHandle.InvokeMethod(Object target, Void** arguments, Signature sig, Boolean isConstructor)&#xD;
   at System.Reflection.MethodBaseInvoker.InvokeWithNoArgs(Object obj, BindingFlags invokeAttr)
</StackTrace>
        </ErrorInfo>
      </Output>
    </UnitTestResult>
    <UnitTestResult executionId="4a69e655-a308-48ad-b703-7b9a2d995517" testId="3e40cecf-77ce-f7f1-0df8-7586cfe87791" testName="WholeBloodQuadPack" computerName="LT-6MQPN94" duration="00:01:20.5963070" startTime="2025-07-17T15:58:13.6876281+02:00" endTime="2025-07-17T15:59:34.2831607+02:00" testType="13cdc9d9-ddb5-4fa4-a97d-d965ccfc6d4b" outcome="Passed" testListId="8c84fa94-04c1-424b-9868-57a2d4851a1d" relativeResultsDirectory="4a69e655-a308-48ad-b703-7b9a2d995517" />
    <UnitTestResult executionId="b8866435-110b-4725-8f84-63d7f643364e" testId="de2714da-130c-b116-fe2f-294e36661af3" testName="BloodSampleTests_Reagents" computerName="LT-6MQPN94" duration="00:01:15.0228720" startTime="2025-07-17T15:50:39.1488629+02:00" endTime="2025-07-17T15:51:54.1709694+02:00" testType="13cdc9d9-ddb5-4fa4-a97d-d965ccfc6d4b" outcome="Passed" testListId="8c84fa94-04c1-424b-9868-57a2d4851a1d" relativeResultsDirectory="b8866435-110b-4725-8f84-63d7f643364e" />
  </Results>
  <TestDefinitions>
    <UnitTest name="SourcePlasma_SP" storage="c:\users\remy.miller\source\repos\pulsedonations\bin\debug\net8.0\pulsedonations.dll" id="e15b5d13-b1a0-4e4d-c6c2-9c5112ddc27d">
      <Execution id="788362bf-78cd-499d-901c-3d067b43ebcd" />
      <TestMethod codeBase="C:\Users\Remy.Miller\source\repos\PulseDonations\bin\Debug\net8.0\PulseDonations.dll" adapterTypeName="executor://nunit3testexecutor/" className="PulseDonations.Tests.NewDonorPositiveE2E" name="SourcePlasma_SP" />
    </UnitTest>
    <UnitTest name="WholeBloodQuadPack" storage="c:\users\remy.miller\source\repos\pulsedonations\bin\debug\net8.0\pulsedonations.dll" id="3e40cecf-77ce-f7f1-0df8-7586cfe87791">
      <Execution id="4a69e655-a308-48ad-b703-7b9a2d995517" />
      <TestMethod codeBase="C:\Users\Remy.Miller\source\repos\PulseDonations\bin\Debug\net8.0\PulseDonations.dll" adapterTypeName="executor://nunit3testexecutor/" className="PulseDonations.Tests.NewDonorPositiveE2E" name="WholeBloodQuadPack" />
    </UnitTest>
    <UnitTest name="BloodSampleTests_Virology" storage="c:\users\remy.miller\source\repos\pulsedonations\bin\debug\net8.0\pulsedonations.dll" id="71dede28-b97e-8807-8358-570c60a05183">
      <Execution id="5a9b1098-2de2-4e05-a3c7-f7271f8b7ddc" />
      <TestMethod codeBase="C:\Users\Remy.Miller\source\repos\PulseDonations\bin\Debug\net8.0\PulseDonations.dll" adapterTypeName="executor://nunit3testexecutor/" className="PulseDonations.Tests.NewDonorPositiveE2E" name="BloodSampleTests_Virology" />
    </UnitTest>
    <UnitTest name="BloodSampleTests_Counselling" storage="c:\users\remy.miller\source\repos\pulsedonations\bin\debug\net8.0\pulsedonations.dll" id="5af3983d-cdbf-ec40-f202-aeb43aebb70a">
      <Execution id="a49833c2-a924-4085-a310-c473b83ef3f9" />
      <TestMethod codeBase="C:\Users\Remy.Miller\source\repos\PulseDonations\bin\Debug\net8.0\PulseDonations.dll" adapterTypeName="executor://nunit3testexecutor/" className="PulseDonations.Tests.NewDonorPositiveE2E" name="BloodSampleTests_Counselling" />
    </UnitTest>
    <UnitTest name="TherapeuticsQuadPack" storage="c:\users\remy.miller\source\repos\pulsedonations\bin\debug\net8.0\pulsedonations.dll" id="71c51bb9-cd11-5982-2bfb-01aad0d370fe">
      <Execution id="162e92e4-79d5-4693-8afd-c8c7a1931a9e" />
      <TestMethod codeBase="C:\Users\Remy.Miller\source\repos\PulseDonations\bin\Debug\net8.0\PulseDonations.dll" adapterTypeName="executor://nunit3testexecutor/" className="PulseDonations.Tests.NewDonorPositiveE2E" name="TherapeuticsQuadPack" />
    </UnitTest>
    <UnitTest name="BloodSampleTests_FBC" storage="c:\users\remy.miller\source\repos\pulsedonations\bin\debug\net8.0\pulsedonations.dll" id="52473030-707a-fcf9-3b35-e0a73ae51aa1">
      <Execution id="b6b87693-42a9-48c2-bf8c-744d054456e6" />
      <TestMethod codeBase="C:\Users\Remy.Miller\source\repos\PulseDonations\bin\Debug\net8.0\PulseDonations.dll" adapterTypeName="executor://nunit3testexecutor/" className="PulseDonations.Tests.NewDonorPositiveE2E" name="BloodSampleTests_FBC" />
    </UnitTest>
    <UnitTest name="BloodSampleTests_TestOnly" storage="c:\users\remy.miller\source\repos\pulsedonations\bin\debug\net8.0\pulsedonations.dll" id="4be71b4c-a7b5-108c-aee5-f8de6da8144f">
      <Execution id="21969c83-dc3a-435d-890e-e4ca79e99663" />
      <TestMethod codeBase="C:\Users\Remy.Miller\source\repos\PulseDonations\bin\Debug\net8.0\PulseDonations.dll" adapterTypeName="executor://nunit3testexecutor/" className="PulseDonations.Tests.NewDonorPositiveE2E" name="BloodSampleTests_TestOnly" />
    </UnitTest>
    <UnitTest name="BloodSampleTests_ConvalescentPlasma" storage="c:\users\remy.miller\source\repos\pulsedonations\bin\debug\net8.0\pulsedonations.dll" id="3305efcc-447b-80b1-7bc7-05e799f3a450">
      <Execution id="a5ffdf32-2bb5-410d-9a03-4ac64dd3d59a" />
      <TestMethod codeBase="C:\Users\Remy.Miller\source\repos\PulseDonations\bin\Debug\net8.0\PulseDonations.dll" adapterTypeName="executor://nunit3testexecutor/" className="PulseDonations.Tests.NewDonorPositiveE2E" name="BloodSampleTests_ConvalescentPlasma" />
    </UnitTest>
    <UnitTest name="TherapeuticsDryPack" storage="c:\users\remy.miller\source\repos\pulsedonations\bin\debug\net8.0\pulsedonations.dll" id="79664a08-65e4-50fa-c4e4-a08d4423bacb">
      <Execution id="e0b45a0f-2ab1-48af-b006-12b20b76981b" />
      <TestMethod codeBase="C:\Users\Remy.Miller\source\repos\PulseDonations\bin\Debug\net8.0\PulseDonations.dll" adapterTypeName="executor://nunit3testexecutor/" className="PulseDonations.Tests.NewDonorPositiveE2E" name="TherapeuticsDryPack" />
    </UnitTest>
    <UnitTest name="Apheresis_PlasmaPack" storage="c:\users\remy.miller\source\repos\pulsedonations\bin\debug\net8.0\pulsedonations.dll" id="ffca9fcd-efee-4b3c-db16-fd6fca7dc173">
      <Execution id="cff4ad96-81f5-4985-811f-c1493f824bd7" />
      <TestMethod codeBase="C:\Users\Remy.Miller\source\repos\PulseDonations\bin\Debug\net8.0\PulseDonations.dll" adapterTypeName="executor://nunit3testexecutor/" className="PulseDonations.Tests.NewDonorPositiveE2E" name="Apheresis_PlasmaPack" />
    </UnitTest>
    <UnitTest name="BloodSampleTests_Reagents" storage="c:\users\remy.miller\source\repos\pulsedonations\bin\debug\net8.0\pulsedonations.dll" id="de2714da-130c-b116-fe2f-294e36661af3">
      <Execution id="b8866435-110b-4725-8f84-63d7f643364e" />
      <TestMethod codeBase="C:\Users\Remy.Miller\source\repos\PulseDonations\bin\Debug\net8.0\PulseDonations.dll" adapterTypeName="executor://nunit3testexecutor/" className="PulseDonations.Tests.NewDonorPositiveE2E" name="BloodSampleTests_Reagents" />
    </UnitTest>
    <UnitTest name="WholeBloodDryPack" storage="c:\users\remy.miller\source\repos\pulsedonations\bin\debug\net8.0\pulsedonations.dll" id="04c143f2-dde8-2681-56fb-0b4d3d4861ed">
      <Execution id="e2535754-afad-4cf8-bc53-330c3730bc8f" />
      <TestMethod codeBase="C:\Users\Remy.Miller\source\repos\PulseDonations\bin\Debug\net8.0\PulseDonations.dll" adapterTypeName="executor://nunit3testexecutor/" className="PulseDonations.Tests.NewDonorPositiveE2E" name="WholeBloodDryPack" />
    </UnitTest>
    <UnitTest name="BloodSampleTests_LookBack" storage="c:\users\remy.miller\source\repos\pulsedonations\bin\debug\net8.0\pulsedonations.dll" id="3a1e00af-3432-920e-0ca7-ed1edbce0492">
      <Execution id="df89768e-9344-45e7-8ad9-402ff451e64d" />
      <TestMethod codeBase="C:\Users\Remy.Miller\source\repos\PulseDonations\bin\Debug\net8.0\PulseDonations.dll" adapterTypeName="executor://nunit3testexecutor/" className="PulseDonations.Tests.NewDonorPositiveE2E" name="BloodSampleTests_LookBack" />
    </UnitTest>
    <UnitTest name="BloodSampleTests_HepatitisQuery" storage="c:\users\remy.miller\source\repos\pulsedonations\bin\debug\net8.0\pulsedonations.dll" id="7a341065-9bdd-0228-c5bc-7114e26342ca">
      <Execution id="a180fd54-e2d6-4b5a-afb5-ca8816c54c04" />
      <TestMethod codeBase="C:\Users\Remy.Miller\source\repos\PulseDonations\bin\Debug\net8.0\PulseDonations.dll" adapterTypeName="executor://nunit3testexecutor/" className="PulseDonations.Tests.NewDonorPositiveE2E" name="BloodSampleTests_HepatitisQuery" />
    </UnitTest>
    <UnitTest name="ACreateHamper" storage="c:\users\remy.miller\source\repos\pulsedonations\bin\debug\net8.0\pulsedonations.dll" id="1d2f2490-02e8-7317-f5f5-6a5057ea2d50">
      <Execution id="2ab58637-86cf-4ad3-b629-ad5a9d2553eb" />
      <TestMethod codeBase="C:\Users\Remy.Miller\source\repos\PulseDonations\bin\Debug\net8.0\PulseDonations.dll" adapterTypeName="executor://nunit3testexecutor/" className="PulseDonations.Tests.NewDonorPositiveE2E" name="ACreateHamper" />
    </UnitTest>
  </TestDefinitions>
  <TestEntries>
    <TestEntry testId="ffca9fcd-efee-4b3c-db16-fd6fca7dc173" executionId="cff4ad96-81f5-4985-811f-c1493f824bd7" testListId="8c84fa94-04c1-424b-9868-57a2d4851a1d" />
    <TestEntry testId="5af3983d-cdbf-ec40-f202-aeb43aebb70a" executionId="a49833c2-a924-4085-a310-c473b83ef3f9" testListId="8c84fa94-04c1-424b-9868-57a2d4851a1d" />
    <TestEntry testId="1d2f2490-02e8-7317-f5f5-6a5057ea2d50" executionId="2ab58637-86cf-4ad3-b629-ad5a9d2553eb" testListId="8c84fa94-04c1-424b-9868-57a2d4851a1d" />
    <TestEntry testId="4be71b4c-a7b5-108c-aee5-f8de6da8144f" executionId="21969c83-dc3a-435d-890e-e4ca79e99663" testListId="8c84fa94-04c1-424b-9868-57a2d4851a1d" />
    <TestEntry testId="71c51bb9-cd11-5982-2bfb-01aad0d370fe" executionId="162e92e4-79d5-4693-8afd-c8c7a1931a9e" testListId="8c84fa94-04c1-424b-9868-57a2d4851a1d" />
    <TestEntry testId="52473030-707a-fcf9-3b35-e0a73ae51aa1" executionId="b6b87693-42a9-48c2-bf8c-744d054456e6" testListId="8c84fa94-04c1-424b-9868-57a2d4851a1d" />
    <TestEntry testId="04c143f2-dde8-2681-56fb-0b4d3d4861ed" executionId="e2535754-afad-4cf8-bc53-330c3730bc8f" testListId="8c84fa94-04c1-424b-9868-57a2d4851a1d" />
    <TestEntry testId="3305efcc-447b-80b1-7bc7-05e799f3a450" executionId="a5ffdf32-2bb5-410d-9a03-4ac64dd3d59a" testListId="8c84fa94-04c1-424b-9868-57a2d4851a1d" />
    <TestEntry testId="7a341065-9bdd-0228-c5bc-7114e26342ca" executionId="a180fd54-e2d6-4b5a-afb5-ca8816c54c04" testListId="8c84fa94-04c1-424b-9868-57a2d4851a1d" />
    <TestEntry testId="71dede28-b97e-8807-8358-570c60a05183" executionId="5a9b1098-2de2-4e05-a3c7-f7271f8b7ddc" testListId="8c84fa94-04c1-424b-9868-57a2d4851a1d" />
    <TestEntry testId="79664a08-65e4-50fa-c4e4-a08d4423bacb" executionId="e0b45a0f-2ab1-48af-b006-12b20b76981b" testListId="8c84fa94-04c1-424b-9868-57a2d4851a1d" />
    <TestEntry testId="3a1e00af-3432-920e-0ca7-ed1edbce0492" executionId="df89768e-9344-45e7-8ad9-402ff451e64d" testListId="8c84fa94-04c1-424b-9868-57a2d4851a1d" />
    <TestEntry testId="e15b5d13-b1a0-4e4d-c6c2-9c5112ddc27d" executionId="788362bf-78cd-499d-901c-3d067b43ebcd" testListId="8c84fa94-04c1-424b-9868-57a2d4851a1d" />
    <TestEntry testId="3e40cecf-77ce-f7f1-0df8-7586cfe87791" executionId="4a69e655-a308-48ad-b703-7b9a2d995517" testListId="8c84fa94-04c1-424b-9868-57a2d4851a1d" />
    <TestEntry testId="de2714da-130c-b116-fe2f-294e36661af3" executionId="b8866435-110b-4725-8f84-63d7f643364e" testListId="8c84fa94-04c1-424b-9868-57a2d4851a1d" />
  </TestEntries>
  <TestLists>
    <TestList name="Results Not in a List" id="8c84fa94-04c1-424b-9868-57a2d4851a1d" />
    <TestList name="All Loaded Results" id="19431567-8539-422a-85d7-44ee4e166bda" />
  </TestLists>
  <ResultSummary outcome="Failed">
    <Counters total="15" executed="15" passed="11" failed="4" error="0" timeout="0" aborted="0" inconclusive="0" passedButRunAborted="0" notRunnable="0" notExecuted="0" disconnected="0" warning="0" completed="0" inProgress="0" pending="0" />
    <Output>
      <StdOut>NUnit Adapter 4.5.0.0: Test execution started&#xD;
Running selected tests in C:\Users\Remy.Miller\source\repos\PulseDonations\bin\Debug\net8.0\PulseDonations.dll&#xD;
   NUnit3TestExecutor discovered 15 of 15 NUnit test cases using Current Discovery mode, Non-Explicit run&#xD;
Starting ChromeDriver 138.0.7204.157 (e533e98b1267baa1f1c46d666b120e64e5146aa9-refs/branch-heads/7204@{#2046}) on port 58487&#xD;
Only local connections are allowed.&#xD;
Please see https://chromedriver.chromium.org/security-considerations for suggestions on keeping ChromeDriver safe.&#xD;
ChromeDriver was started successfully on port 58487.&#xD;
79446183&#xD;
Starting ChromeDriver 138.0.7204.157 (e533e98b1267baa1f1c46d666b120e64e5146aa9-refs/branch-heads/7204@{#2046}) on port 58526&#xD;
Only local connections are allowed.&#xD;
Please see https://chromedriver.chromium.org/security-considerations for suggestions on keeping ChromeDriver safe.&#xD;
ChromeDriver was started successfully on port 58526.&#xD;
Female Donor&#xD;
0703193615084&#xD;
Carole&#xD;
Esther&#xD;
Lakin&#xD;
Carole@myspy.com&#xD;
0836161906&#xD;
426 Boyer Centers&#xD;
Durbanville&#xD;
5186&#xD;
62027242&#xD;
13.2&#xD;
11.5&#xD;
CAA331868&#xD;
CAA171417&#xD;
j&#xD;
l&#xD;
19/03/1989&#xD;
17/07/2025&#xD;
332881425&#xD;
481942534&#xD;
403658872&#xD;
Female Donor&#xD;
Carole&#xD;
Lakin&#xD;
0703193615084&#xD;
Apheresis&#xD;
Plasma Pack&#xD;
Starting ChromeDriver 138.0.7204.157 (e533e98b1267baa1f1c46d666b120e64e5146aa9-refs/branch-heads/7204@{#2046}) on port 58590&#xD;
Only local connections are allowed.&#xD;
Please see https://chromedriver.chromium.org/security-considerations for suggestions on keeping ChromeDriver safe.&#xD;
ChromeDriver was started successfully on port 58590.&#xD;
Female Donor&#xD;
8510010543081&#xD;
Genevieve&#xD;
Crystal&#xD;
Schmitt&#xD;
Genevieve@myspy.com&#xD;
0838950012&#xD;
37500 Stefan Brook&#xD;
Century City&#xD;
9662&#xD;
59172058&#xD;
12.9&#xD;
11.5&#xD;
CAA242945&#xD;
CAA805383&#xD;
c&#xD;
k&#xD;
01/10/1987&#xD;
17/07/2025&#xD;
211949788&#xD;
835231819&#xD;
997380641&#xD;
Female Donor&#xD;
\ud83d\udd0d Screenshot saved: C:\Users\Remy.Miller\source\repos\PulseDonations\Screenshots\17-07-2025\BloodSampleTests_ConvalescentPlasma_17072025_154529.png&#xD;
Starting ChromeDriver 138.0.7204.157 (e533e98b1267baa1f1c46d666b120e64e5146aa9-refs/branch-heads/7204@{#2046}) on port 58643&#xD;
Only local connections are allowed.&#xD;
Please see https://chromedriver.chromium.org/security-considerations for suggestions on keeping ChromeDriver safe.&#xD;
ChromeDriver was started successfully on port 58643.&#xD;
Male Donor&#xD;
7505129638087&#xD;
Homer&#xD;
Fernando&#xD;
Witting&#xD;
Homer@myspy.com&#xD;
0838644795&#xD;
79754 Conroy Shores&#xD;
Diep River&#xD;
2447&#xD;
95933870&#xD;
13.7&#xD;
r&#xD;
s&#xD;
12/05/1988&#xD;
17/07/2025&#xD;
858212785&#xD;
511856342&#xD;
643265392&#xD;
Male Donor&#xD;
Homer&#xD;
Witting&#xD;
7505129638087&#xD;
Blood Samples/Tests&#xD;
Counselling&#xD;
Starting ChromeDriver 138.0.7204.157 (e533e98b1267baa1f1c46d666b120e64e5146aa9-refs/branch-heads/7204@{#2046}) on port 58713&#xD;
Only local connections are allowed.&#xD;
Please see https://chromedriver.chromium.org/security-considerations for suggestions on keeping ChromeDriver safe.&#xD;
ChromeDriver was started successfully on port 58713.&#xD;
Male Donor&#xD;
7102038981087&#xD;
Joel&#xD;
Bradford&#xD;
Gulgowski&#xD;
Joel@myspy.com&#xD;
0831545406&#xD;
47113 Jordyn Rapids&#xD;
Bo-Kaap&#xD;
8689&#xD;
21085866&#xD;
13.9&#xD;
s&#xD;
a&#xD;
03/02/1993&#xD;
17/07/2025&#xD;
987136097&#xD;
366065805&#xD;
721578468&#xD;
Male Donor&#xD;
Joel&#xD;
Gulgowski&#xD;
7102038981087&#xD;
Blood Samples/Tests&#xD;
FBC&#xD;
Starting ChromeDriver 138.0.7204.157 (e533e98b1267baa1f1c46d666b120e64e5146aa9-refs/branch-heads/7204@{#2046}) on port 58782&#xD;
Only local connections are allowed.&#xD;
Please see https://chromedriver.chromium.org/security-considerations for suggestions on keeping ChromeDriver safe.&#xD;
ChromeDriver was started successfully on port 58782.&#xD;
Male Donor&#xD;
0004068199084&#xD;
Angelo&#xD;
Emilio&#xD;
Steuber&#xD;
Angelo@myspy.com&#xD;
0831065738&#xD;
21836 Grant Landing&#xD;
De Waterkant&#xD;
4699&#xD;
18252131&#xD;
13.6&#xD;
s&#xD;
p&#xD;
06/04/2004&#xD;
17/07/2025&#xD;
982812535&#xD;
469548929&#xD;
255888195&#xD;
Male Donor&#xD;
Angelo&#xD;
Steuber&#xD;
0004068199084&#xD;
Blood Samples/Tests&#xD;
Hepatitis Query&#xD;
Starting ChromeDriver 138.0.7204.157 (e533e98b1267baa1f1c46d666b120e64e5146aa9-refs/branch-heads/7204@{#2046}) on port 58861&#xD;
Only local connections are allowed.&#xD;
Please see https://chromedriver.chromium.org/security-considerations for suggestions on keeping ChromeDriver safe.&#xD;
ChromeDriver was started successfully on port 58861.&#xD;
Male Donor&#xD;
7903258955184&#xD;
Jeffrey&#xD;
Rene&#xD;
Luettgen&#xD;
Jeffrey@myspy.com&#xD;
0838234395&#xD;
7104 Lockman Key&#xD;
Tokai&#xD;
9305&#xD;
95312982&#xD;
14.4&#xD;
l&#xD;
k&#xD;
25/03/1993&#xD;
17/07/2025&#xD;
303832327&#xD;
796750854&#xD;
944841554&#xD;
Male Donor&#xD;
Jeffrey&#xD;
Luettgen&#xD;
7903258955184&#xD;
Blood Samples/Tests&#xD;
Look Back&#xD;
Starting ChromeDriver 138.0.7204.157 (e533e98b1267baa1f1c46d666b120e64e5146aa9-refs/branch-heads/7204@{#2046}) on port 58997&#xD;
Only local connections are allowed.&#xD;
Please see https://chromedriver.chromium.org/security-considerations for suggestions on keeping ChromeDriver safe.&#xD;
ChromeDriver was started successfully on port 58997.&#xD;
Female Donor&#xD;
9501213839085&#xD;
Minnie&#xD;
Victoria&#xD;
Gutkowski&#xD;
Minnie@myspy.com&#xD;
0839141902&#xD;
2157 Kallie Avenue&#xD;
Gardens&#xD;
8755&#xD;
55391830&#xD;
13.3&#xD;
11.5&#xD;
CAA785804&#xD;
CAA964867&#xD;
p&#xD;
l&#xD;
21/01/1994&#xD;
17/07/2025&#xD;
425083893&#xD;
752623245&#xD;
950591013&#xD;
Female Donor&#xD;
Minnie&#xD;
Gutkowski&#xD;
9501213839085&#xD;
Blood Samples/Tests&#xD;
Reagents&#xD;
Starting ChromeDriver 138.0.7204.157 (e533e98b1267baa1f1c46d666b120e64e5146aa9-refs/branch-heads/7204@{#2046}) on port 59066&#xD;
Only local connections are allowed.&#xD;
Please see https://chromedriver.chromium.org/security-considerations for suggestions on keeping ChromeDriver safe.&#xD;
ChromeDriver was started successfully on port 59066.&#xD;
Male Donor&#xD;
8807107142085&#xD;
Bruce&#xD;
Phil&#xD;
Hintz&#xD;
Bruce@myspy.com&#xD;
0830876938&#xD;
129 Micah Canyon&#xD;
Brackenfell&#xD;
9389&#xD;
32644301&#xD;
13.6&#xD;
r&#xD;
a&#xD;
10/07/1990&#xD;
17/07/2025&#xD;
274614909&#xD;
703246326&#xD;
693720651&#xD;
\ud83d\udd0d Screenshot saved: C:\Users\Remy.Miller\source\repos\PulseDonations\Screenshots\17-07-2025\BloodSampleTests_TestOnly_17072025_155237.png&#xD;
Starting ChromeDriver 138.0.7204.157 (e533e98b1267baa1f1c46d666b120e64e5146aa9-refs/branch-heads/7204@{#2046}) on port 59118&#xD;
Only local connections are allowed.&#xD;
Please see https://chromedriver.chromium.org/security-considerations for suggestions on keeping ChromeDriver safe.&#xD;
ChromeDriver was started successfully on port 59118.&#xD;
Female Donor&#xD;
0609114252181&#xD;
Dianna&#xD;
Jamie&#xD;
Bins&#xD;
Dianna@myspy.com&#xD;
0837826231&#xD;
976 Delmer Valleys&#xD;
Bellville&#xD;
4603&#xD;
31891388&#xD;
13.3&#xD;
11.5&#xD;
CAA907996&#xD;
CAA375264&#xD;
j&#xD;
s&#xD;
11/09/1999&#xD;
17/07/2025&#xD;
469231969&#xD;
280939601&#xD;
188432848&#xD;
Female Donor&#xD;
\ud83d\udd0d Screenshot saved: C:\Users\Remy.Miller\source\repos\PulseDonations\Screenshots\17-07-2025\BloodSampleTests_Virology_17072025_155331.png&#xD;
Starting ChromeDriver 138.0.7204.157 (e533e98b1267baa1f1c46d666b120e64e5146aa9-refs/branch-heads/7204@{#2046}) on port 59175&#xD;
Only local connections are allowed.&#xD;
Please see https://chromedriver.chromium.org/security-considerations for suggestions on keeping ChromeDriver safe.&#xD;
ChromeDriver was started successfully on port 59175.&#xD;
Female Donor&#xD;
9902021728082&#xD;
Tricia&#xD;
Monica&#xD;
Cummerata&#xD;
Tricia@myspy.com&#xD;
0837147194&#xD;
024 Aryanna Crescent&#xD;
Hout Bay&#xD;
6644&#xD;
88951471&#xD;
13.5&#xD;
11.5&#xD;
CAA629054&#xD;
CAA755643&#xD;
p&#xD;
t&#xD;
02/02/1987&#xD;
17/07/2025&#xD;
138877704&#xD;
942429513&#xD;
265652393&#xD;
Female Donor&#xD;
Tricia&#xD;
Cummerata&#xD;
9902021728082&#xD;
\ud83d\udd0d Screenshot saved: C:\Users\Remy.Miller\source\repos\PulseDonations\Screenshots\17-07-2025\SourcePlasma_SP_17072025_155403.png&#xD;
Starting ChromeDriver 138.0.7204.157 (e533e98b1267baa1f1c46d666b120e64e5146aa9-refs/branch-heads/7204@{#2046}) on port 59229&#xD;
Only local connections are allowed.&#xD;
Please see https://chromedriver.chromium.org/security-considerations for suggestions on keeping ChromeDriver safe.&#xD;
ChromeDriver was started successfully on port 59229.&#xD;
Female Donor&#xD;
8904072181089&#xD;
Josephine&#xD;
Amelia&#xD;
Orn&#xD;
Josephine@myspy.com&#xD;
0834358142&#xD;
3889 Bernier Passage&#xD;
Tamboerskloof&#xD;
2763&#xD;
22891879&#xD;
12.5&#xD;
11.5&#xD;
CAA134749&#xD;
CAA545357&#xD;
s&#xD;
k&#xD;
07/04/1995&#xD;
17/07/2025&#xD;
260468559&#xD;
117858610&#xD;
953332490&#xD;
Female Donor&#xD;
Josephine&#xD;
Orn&#xD;
8904072181089&#xD;
Therapeutics&#xD;
Dry Pack&#xD;
Starting ChromeDriver 138.0.7204.157 (e533e98b1267baa1f1c46d666b120e64e5146aa9-refs/branch-heads/7204@{#2046}) on port 59293&#xD;
Only local connections are allowed.&#xD;
Please see https://chromedriver.chromium.org/security-considerations for suggestions on keeping ChromeDriver safe.&#xD;
ChromeDriver was started successfully on port 59293.&#xD;
Female Donor&#xD;
8007062768186&#xD;
Dorothy&#xD;
Cristina&#xD;
Ledner&#xD;
Dorothy@myspy.com&#xD;
0834253898&#xD;
11838 Orlo Route&#xD;
Noordhoek&#xD;
2087&#xD;
82896396&#xD;
12.8&#xD;
11.5&#xD;
CAA997106&#xD;
CAA176597&#xD;
a&#xD;
b&#xD;
06/07/1993&#xD;
17/07/2025&#xD;
676137671&#xD;
814168777&#xD;
228329186&#xD;
Female Donor&#xD;
Dorothy&#xD;
Ledner&#xD;
8007062768186&#xD;
Therapeutics&#xD;
Quad Pack&#xD;
Starting ChromeDriver 138.0.7204.157 (e533e98b1267baa1f1c46d666b120e64e5146aa9-refs/branch-heads/7204@{#2046}) on port 59355&#xD;
Only local connections are allowed.&#xD;
Please see https://chromedriver.chromium.org/security-considerations for suggestions on keeping ChromeDriver safe.&#xD;
ChromeDriver was started successfully on port 59355.&#xD;
Male Donor&#xD;
0108058738189&#xD;
Edmund&#xD;
Adam&#xD;
Hirthe&#xD;
Edmund@myspy.com&#xD;
0836002325&#xD;
76753 Jerde Tunnel&#xD;
Gardens&#xD;
4635&#xD;
14039165&#xD;
14.0&#xD;
s&#xD;
j&#xD;
05/08/1991&#xD;
17/07/2025&#xD;
148002812&#xD;
661743713&#xD;
736705548&#xD;
Male Donor&#xD;
Edmund&#xD;
Hirthe&#xD;
0108058738189&#xD;
Whole Blood Donation&#xD;
Dry Pack&#xD;
Starting ChromeDriver 138.0.7204.157 (e533e98b1267baa1f1c46d666b120e64e5146aa9-refs/branch-heads/7204@{#2046}) on port 59425&#xD;
Only local connections are allowed.&#xD;
Please see https://chromedriver.chromium.org/security-considerations for suggestions on keeping ChromeDriver safe.&#xD;
ChromeDriver was started successfully on port 59425.&#xD;
Female Donor&#xD;
9311012062081&#xD;
Sally&#xD;
Alma&#xD;
Hodkiewicz&#xD;
Sally@myspy.com&#xD;
0833536032&#xD;
521 Bernhard Canyon&#xD;
Observatory&#xD;
7874&#xD;
32078292&#xD;
12.6&#xD;
11.5&#xD;
CAA287686&#xD;
CAA502756&#xD;
r&#xD;
l&#xD;
01/11/1999&#xD;
17/07/2025&#xD;
414186945&#xD;
486973803&#xD;
144443861&#xD;
Female Donor&#xD;
Sally&#xD;
Hodkiewicz&#xD;
9311012062081&#xD;
Whole Blood Donation&#xD;
Quad Pack&#xD;
NUnit Adapter 4.5.0.0: Test execution complete&#xD;
</StdOut>
    </Output>
  </ResultSummary>
</TestRun>