<?xml version="1.0" encoding="utf-8"?>
<TestRun id="2916733d-5680-4bbc-bc9a-ef7964917e29" name="Remy.Miller@LT-6MQPN94 2025-07-17 15:23:53" runUser="WPBTS\Remy.Miller" xmlns="http://microsoft.com/schemas/VisualStudio/TeamTest/2010">
  <Times creation="2025-07-17T15:23:53.8824343+02:00" queuing="2025-07-17T15:23:53.8824346+02:00" start="2025-07-17T15:23:07.4009393+02:00" finish="2025-07-17T15:30:54.6733495+02:00" />
  <TestSettings name="default" id="b19c324a-4e63-4f8b-9427-06d8974619d5">
    <Deployment runDeploymentRoot="Remy.Miller_LT-6MQPN94_2025-07-17_15_23_53" />
  </TestSettings>
  <Results>
    <UnitTestResult executionId="d3ad0156-440a-42e1-a969-e0a53beb1180" testId="792f23e0-04b0-2aba-a185-b3b9e62383a1" testName="UnderweightDefferal" computerName="LT-6MQPN94" duration="00:00:44.0883670" startTime="2025-07-17T15:23:09.7512476+02:00" endTime="2025-07-17T15:23:53.8390334+02:00" testType="13cdc9d9-ddb5-4fa4-a97d-d965ccfc6d4b" outcome="Passed" testListId="8c84fa94-04c1-424b-9868-57a2d4851a1d" relativeResultsDirectory="d3ad0156-440a-42e1-a969-e0a53beb1180" />
    <UnitTestResult executionId="b3e74541-1ebe-4456-94b5-f7953d30dba8" testId="1d2f2490-02e8-7317-f5f5-6a5057ea2d50" testName="ACreateHamper" computerName="LT-6MQPN94" duration="00:00:14.2125090" startTime="2025-07-17T15:23:53.8455816+02:00" endTime="2025-07-17T15:24:08.0579207+02:00" testType="13cdc9d9-ddb5-4fa4-a97d-d965ccfc6d4b" outcome="Passed" testListId="8c84fa94-04c1-424b-9868-57a2d4851a1d" relativeResultsDirectory="b3e74541-1ebe-4456-94b5-f7953d30dba8" />
    <UnitTestResult executionId="cd2800d2-1269-4c5f-8c44-87f75e4ef3ec" testId="04c143f2-dde8-2681-56fb-0b4d3d4861ed" testName="WholeBloodDryPack" computerName="LT-6MQPN94" duration="00:01:23.8376170" startTime="2025-07-17T15:29:30.7735523+02:00" endTime="2025-07-17T15:30:54.6102058+02:00" testType="13cdc9d9-ddb5-4fa4-a97d-d965ccfc6d4b" outcome="Passed" testListId="8c84fa94-04c1-424b-9868-57a2d4851a1d" relativeResultsDirectory="cd2800d2-1269-4c5f-8c44-87f75e4ef3ec" />
    <UnitTestResult executionId="7962d874-36e7-4297-96f8-dce70b5ac726" testId="ffca9fcd-efee-4b3c-db16-fd6fca7dc173" testName="Apheresis_PlasmaPack" computerName="LT-6MQPN94" duration="00:01:25.7926279" startTime="2025-07-17T15:24:08.0579925+02:00" endTime="2025-07-17T15:25:33.8495987+02:00" testType="13cdc9d9-ddb5-4fa4-a97d-d965ccfc6d4b" outcome="Passed" testListId="8c84fa94-04c1-424b-9868-57a2d4851a1d" relativeResultsDirectory="7962d874-36e7-4297-96f8-dce70b5ac726" />
    <UnitTestResult executionId="d72786b5-9633-4eae-8464-7b610997ab42" testId="3305efcc-447b-80b1-7bc7-05e799f3a450" testName="BloodSampleTests_ConvalescentPlasma" computerName="LT-6MQPN94" duration="00:01:24.4683400" startTime="2025-07-17T15:25:33.8496454+02:00" endTime="2025-07-17T15:26:58.3169797+02:00" testType="13cdc9d9-ddb5-4fa4-a97d-d965ccfc6d4b" outcome="Passed" testListId="8c84fa94-04c1-424b-9868-57a2d4851a1d" relativeResultsDirectory="d72786b5-9633-4eae-8464-7b610997ab42" />
    <UnitTestResult executionId="a6c04514-ad65-4caa-8077-ba6c6e30847b" testId="e15b5d13-b1a0-4e4d-c6c2-9c5112ddc27d" testName="SourcePlasma_SP" computerName="LT-6MQPN94" duration="00:01:36.2154560" startTime="2025-07-17T15:26:58.3170999+02:00" endTime="2025-07-17T15:28:34.5314491+02:00" testType="13cdc9d9-ddb5-4fa4-a97d-d965ccfc6d4b" outcome="Passed" testListId="8c84fa94-04c1-424b-9868-57a2d4851a1d" relativeResultsDirectory="a6c04514-ad65-4caa-8077-ba6c6e30847b" />
    <UnitTestResult executionId="07924149-4887-4078-a890-0edff5e5a1a9" testId="71c51bb9-cd11-5982-2bfb-01aad0d370fe" testName="TherapeuticsQuadPack" computerName="LT-6MQPN94" duration="00:00:56.2423140" startTime="2025-07-17T15:28:34.5315166+02:00" endTime="2025-07-17T15:29:30.7731831+02:00" testType="13cdc9d9-ddb5-4fa4-a97d-d965ccfc6d4b" outcome="Failed" testListId="8c84fa94-04c1-424b-9868-57a2d4851a1d" relativeResultsDirectory="07924149-4887-4078-a890-0edff5e5a1a9">
      <Output>
        <ErrorInfo>
          <Message>OpenQA.Selenium.WebDriverTimeoutException : Timed out after 30 seconds&#xD;
  ----&gt; OpenQA.Selenium.NoSuchElementException : no such element: Unable to locate element: {"method":"css selector","selector":".mat-dialog-title"}&#xD;
  (Session info: chrome=138.0.7204.101); For documentation on this error, please visit: https://www.selenium.dev/documentation/webdriver/troubleshooting/errors#no-such-element-exception</Message>
          <StackTrace>   at OpenQA.Selenium.Support.UI.DefaultWait`1.ThrowTimeoutException(String exceptionMessage, Exception lastException)&#xD;
   at OpenQA.Selenium.Support.UI.DefaultWait`1.Until[TResult](Func`2 condition, CancellationToken token)&#xD;
   at OpenQA.Selenium.Support.UI.DefaultWait`1.Until[TResult](Func`2 condition)&#xD;
   at PulseDonations.PageObjects.Donations.RegistrationPage.updateMalePersonalInformation() in C:\Users\Remy.Miller\source\repos\PulseDonations\PageObjects\Donations\RegistrationPage.cs:line 424&#xD;
   at PulseDonations.PageObjects.Donations.RegistrationPage.updateNewDonorInformation() in C:\Users\Remy.Miller\source\repos\PulseDonations\PageObjects\Donations\RegistrationPage.cs:line 220&#xD;
   at PulseDonations.Tests.NewDonorPositiveE2E.TherapeuticsQuadPack() in C:\Users\Remy.Miller\source\repos\PulseDonations\Tests\NewDonorPositiveE2E.cs:line 101&#xD;
   at System.RuntimeMethodHandle.InvokeMethod(Object target, Void** arguments, Signature sig, Boolean isConstructor)&#xD;
   at System.Reflection.MethodBaseInvoker.InvokeWithNoArgs(Object obj, BindingFlags invokeAttr)&#xD;
--NoSuchElementException&#xD;
   at OpenQA.Selenium.WebDriver.UnpackAndThrowOnError(Response errorResponse, String commandToExecute)&#xD;
   at OpenQA.Selenium.WebDriver.ExecuteAsync(String driverCommandToExecute, Dictionary`2 parameters)&#xD;
   at OpenQA.Selenium.WebDriver.Execute(String driverCommandToExecute, Dictionary`2 parameters)&#xD;
   at OpenQA.Selenium.WebDriver.FindElement(String mechanism, String value)&#xD;
   at OpenQA.Selenium.By.&lt;.ctor&gt;b__6_0(ISearchContext context)&#xD;
   at OpenQA.Selenium.By.FindElement(ISearchContext context)&#xD;
   at OpenQA.Selenium.WebDriver.FindElement(By by)&#xD;
   at SeleniumExtras.WaitHelpers.ExpectedConditions.&lt;&gt;c__DisplayClass7_0.&lt;ElementIsVisible&gt;b__0(IWebDriver driver)&#xD;
   at OpenQA.Selenium.Support.UI.DefaultWait`1.Until[TResult](Func`2 condition, CancellationToken token)
</StackTrace>
        </ErrorInfo>
      </Output>
    </UnitTestResult>
  </Results>
  <TestDefinitions>
    <UnitTest name="SourcePlasma_SP" storage="c:\users\remy.miller\source\repos\pulsedonations\bin\debug\net8.0\pulsedonations.dll" id="e15b5d13-b1a0-4e4d-c6c2-9c5112ddc27d">
      <Execution id="a6c04514-ad65-4caa-8077-ba6c6e30847b" />
      <TestMethod codeBase="C:\Users\Remy.Miller\source\repos\PulseDonations\bin\Debug\net8.0\PulseDonations.dll" adapterTypeName="executor://nunit3testexecutor/" className="PulseDonations.Tests.NewDonorPositiveE2E" name="SourcePlasma_SP" />
    </UnitTest>
    <UnitTest name="TherapeuticsQuadPack" storage="c:\users\remy.miller\source\repos\pulsedonations\bin\debug\net8.0\pulsedonations.dll" id="71c51bb9-cd11-5982-2bfb-01aad0d370fe">
      <Execution id="07924149-4887-4078-a890-0edff5e5a1a9" />
      <TestMethod codeBase="C:\Users\Remy.Miller\source\repos\PulseDonations\bin\Debug\net8.0\PulseDonations.dll" adapterTypeName="executor://nunit3testexecutor/" className="PulseDonations.Tests.NewDonorPositiveE2E" name="TherapeuticsQuadPack" />
    </UnitTest>
    <UnitTest name="UnderweightDefferal" storage="c:\users\remy.miller\source\repos\pulsedonations\bin\debug\net8.0\pulsedonations.dll" id="792f23e0-04b0-2aba-a185-b3b9e62383a1">
      <Execution id="d3ad0156-440a-42e1-a969-e0a53beb1180" />
      <TestMethod codeBase="C:\Users\Remy.Miller\source\repos\PulseDonations\bin\Debug\net8.0\PulseDonations.dll" adapterTypeName="executor://nunit3testexecutor/" className="PulseDonations.Tests.Negative" name="UnderweightDefferal" />
    </UnitTest>
    <UnitTest name="BloodSampleTests_ConvalescentPlasma" storage="c:\users\remy.miller\source\repos\pulsedonations\bin\debug\net8.0\pulsedonations.dll" id="3305efcc-447b-80b1-7bc7-05e799f3a450">
      <Execution id="d72786b5-9633-4eae-8464-7b610997ab42" />
      <TestMethod codeBase="C:\Users\Remy.Miller\source\repos\PulseDonations\bin\Debug\net8.0\PulseDonations.dll" adapterTypeName="executor://nunit3testexecutor/" className="PulseDonations.Tests.NewDonorPositiveE2E" name="BloodSampleTests_ConvalescentPlasma" />
    </UnitTest>
    <UnitTest name="Apheresis_PlasmaPack" storage="c:\users\remy.miller\source\repos\pulsedonations\bin\debug\net8.0\pulsedonations.dll" id="ffca9fcd-efee-4b3c-db16-fd6fca7dc173">
      <Execution id="7962d874-36e7-4297-96f8-dce70b5ac726" />
      <TestMethod codeBase="C:\Users\Remy.Miller\source\repos\PulseDonations\bin\Debug\net8.0\PulseDonations.dll" adapterTypeName="executor://nunit3testexecutor/" className="PulseDonations.Tests.NewDonorPositiveE2E" name="Apheresis_PlasmaPack" />
    </UnitTest>
    <UnitTest name="WholeBloodDryPack" storage="c:\users\remy.miller\source\repos\pulsedonations\bin\debug\net8.0\pulsedonations.dll" id="04c143f2-dde8-2681-56fb-0b4d3d4861ed">
      <Execution id="cd2800d2-1269-4c5f-8c44-87f75e4ef3ec" />
      <TestMethod codeBase="C:\Users\Remy.Miller\source\repos\PulseDonations\bin\Debug\net8.0\PulseDonations.dll" adapterTypeName="executor://nunit3testexecutor/" className="PulseDonations.Tests.NewDonorPositiveE2E" name="WholeBloodDryPack" />
    </UnitTest>
    <UnitTest name="ACreateHamper" storage="c:\users\remy.miller\source\repos\pulsedonations\bin\debug\net8.0\pulsedonations.dll" id="1d2f2490-02e8-7317-f5f5-6a5057ea2d50">
      <Execution id="b3e74541-1ebe-4456-94b5-f7953d30dba8" />
      <TestMethod codeBase="C:\Users\Remy.Miller\source\repos\PulseDonations\bin\Debug\net8.0\PulseDonations.dll" adapterTypeName="executor://nunit3testexecutor/" className="PulseDonations.Tests.NewDonorPositiveE2E" name="ACreateHamper" />
    </UnitTest>
  </TestDefinitions>
  <TestEntries>
    <TestEntry testId="792f23e0-04b0-2aba-a185-b3b9e62383a1" executionId="d3ad0156-440a-42e1-a969-e0a53beb1180" testListId="8c84fa94-04c1-424b-9868-57a2d4851a1d" />
    <TestEntry testId="1d2f2490-02e8-7317-f5f5-6a5057ea2d50" executionId="b3e74541-1ebe-4456-94b5-f7953d30dba8" testListId="8c84fa94-04c1-424b-9868-57a2d4851a1d" />
    <TestEntry testId="04c143f2-dde8-2681-56fb-0b4d3d4861ed" executionId="cd2800d2-1269-4c5f-8c44-87f75e4ef3ec" testListId="8c84fa94-04c1-424b-9868-57a2d4851a1d" />
    <TestEntry testId="ffca9fcd-efee-4b3c-db16-fd6fca7dc173" executionId="7962d874-36e7-4297-96f8-dce70b5ac726" testListId="8c84fa94-04c1-424b-9868-57a2d4851a1d" />
    <TestEntry testId="3305efcc-447b-80b1-7bc7-05e799f3a450" executionId="d72786b5-9633-4eae-8464-7b610997ab42" testListId="8c84fa94-04c1-424b-9868-57a2d4851a1d" />
    <TestEntry testId="e15b5d13-b1a0-4e4d-c6c2-9c5112ddc27d" executionId="a6c04514-ad65-4caa-8077-ba6c6e30847b" testListId="8c84fa94-04c1-424b-9868-57a2d4851a1d" />
    <TestEntry testId="71c51bb9-cd11-5982-2bfb-01aad0d370fe" executionId="07924149-4887-4078-a890-0edff5e5a1a9" testListId="8c84fa94-04c1-424b-9868-57a2d4851a1d" />
  </TestEntries>
  <TestLists>
    <TestList name="Results Not in a List" id="8c84fa94-04c1-424b-9868-57a2d4851a1d" />
    <TestList name="All Loaded Results" id="19431567-8539-422a-85d7-44ee4e166bda" />
  </TestLists>
  <ResultSummary outcome="Failed">
    <Counters total="7" executed="7" passed="6" failed="1" error="0" timeout="0" aborted="0" inconclusive="0" passedButRunAborted="0" notRunnable="0" notExecuted="0" disconnected="0" warning="0" completed="0" inProgress="0" pending="0" />
    <Output>
      <StdOut>NUnit Adapter 4.5.0.0: Test execution started&#xD;
Running selected tests in C:\Users\Remy.Miller\source\repos\PulseDonations\bin\Debug\net8.0\PulseDonations.dll&#xD;
   NUnit3TestExecutor discovered 7 of 7 NUnit test cases using Current Discovery mode, Non-Explicit run&#xD;
Starting ChromeDriver 138.0.7204.157 (e533e98b1267baa1f1c46d666b120e64e5146aa9-refs/branch-heads/7204@{#2046}) on port 57770&#xD;
Only local connections are allowed.&#xD;
Please see https://chromedriver.chromium.org/security-considerations for suggestions on keeping ChromeDriver safe.&#xD;
ChromeDriver was started successfully on port 57770.&#xD;
Male Donor&#xD;
8811257636086&#xD;
Clarence&#xD;
Dominic&#xD;
Thiel&#xD;
Clarence@myspy.com&#xD;
0837383021&#xD;
071 Johnnie Cliffs&#xD;
De Waterkant&#xD;
0960&#xD;
67938271&#xD;
14.0&#xD;
d&#xD;
r&#xD;
25/11/1987&#xD;
17/07/2025&#xD;
286376337&#xD;
639836136&#xD;
384019943&#xD;
Male Donor&#xD;
Clarence&#xD;
Thiel&#xD;
8811257636086&#xD;
Underweight &lt; 50&#xD;
Starting ChromeDriver 138.0.7204.157 (e533e98b1267baa1f1c46d666b120e64e5146aa9-refs/branch-heads/7204@{#2046}) on port 57837&#xD;
Only local connections are allowed.&#xD;
Please see https://chromedriver.chromium.org/security-considerations for suggestions on keeping ChromeDriver safe.&#xD;
ChromeDriver was started successfully on port 57837.&#xD;
39638203&#xD;
Starting ChromeDriver 138.0.7204.157 (e533e98b1267baa1f1c46d666b120e64e5146aa9-refs/branch-heads/7204@{#2046}) on port 57864&#xD;
Only local connections are allowed.&#xD;
Please see https://chromedriver.chromium.org/security-considerations for suggestions on keeping ChromeDriver safe.&#xD;
ChromeDriver was started successfully on port 57864.&#xD;
Female Donor&#xD;
7306044317182&#xD;
Bernice&#xD;
Johanna&#xD;
Beahan&#xD;
Bernice@myspy.com&#xD;
0835793749&#xD;
25675 Markus Viaduct&#xD;
Diep River&#xD;
9838&#xD;
65567956&#xD;
13.4&#xD;
11.5&#xD;
CAA252914&#xD;
CAA815707&#xD;
s&#xD;
n&#xD;
04/06/1988&#xD;
17/07/2025&#xD;
559473569&#xD;
469823441&#xD;
327057439&#xD;
Female Donor&#xD;
Bernice&#xD;
Beahan&#xD;
7306044317182&#xD;
Apheresis&#xD;
Plasma Pack&#xD;
Starting ChromeDriver 138.0.7204.157 (e533e98b1267baa1f1c46d666b120e64e5146aa9-refs/branch-heads/7204@{#2046}) on port 57923&#xD;
Only local connections are allowed.&#xD;
Please see https://chromedriver.chromium.org/security-considerations for suggestions on keeping ChromeDriver safe.&#xD;
ChromeDriver was started successfully on port 57923.&#xD;
Male Donor&#xD;
7308248246183&#xD;
Marion&#xD;
Spencer&#xD;
Koss&#xD;
Marion@myspy.com&#xD;
0831342185&#xD;
088 Edmund Stravenue&#xD;
Century City&#xD;
9213&#xD;
56138535&#xD;
13.6&#xD;
t&#xD;
n&#xD;
24/08/1994&#xD;
17/07/2025&#xD;
723107845&#xD;
434057076&#xD;
408303858&#xD;
Male Donor&#xD;
Marion&#xD;
Koss&#xD;
7308248246183&#xD;
Blood Samples/Tests&#xD;
Convalescent Plasma - Pre Assessment&#xD;
Starting ChromeDriver 138.0.7204.157 (e533e98b1267baa1f1c46d666b120e64e5146aa9-refs/branch-heads/7204@{#2046}) on port 57982&#xD;
Only local connections are allowed.&#xD;
Please see https://chromedriver.chromium.org/security-considerations for suggestions on keeping ChromeDriver safe.&#xD;
ChromeDriver was started successfully on port 57982.&#xD;
Female Donor&#xD;
7509243607085&#xD;
Luz&#xD;
Dana&#xD;
Haag&#xD;
Luz@myspy.com&#xD;
0835400868&#xD;
5666 Botsford Station&#xD;
Stellenbosch&#xD;
6891&#xD;
19471261&#xD;
13.1&#xD;
11.5&#xD;
CAA368360&#xD;
CAA984919&#xD;
n&#xD;
s&#xD;
24/09/2000&#xD;
17/07/2025&#xD;
260036200&#xD;
201393930&#xD;
708352971&#xD;
Female Donor&#xD;
Luz&#xD;
Haag&#xD;
7509243607085&#xD;
Source Plasma&#xD;
Source Plasma + 5 ml SST Gel&#xD;
Starting ChromeDriver 138.0.7204.157 (e533e98b1267baa1f1c46d666b120e64e5146aa9-refs/branch-heads/7204@{#2046}) on port 58057&#xD;
Only local connections are allowed.&#xD;
Please see https://chromedriver.chromium.org/security-considerations for suggestions on keeping ChromeDriver safe.&#xD;
ChromeDriver was started successfully on port 58057.&#xD;
Male Donor&#xD;
0101128480081&#xD;
Jeremy&#xD;
Salvador&#xD;
Oberbrunner&#xD;
Jeremy@myspy.com&#xD;
0836088045&#xD;
33275 Ernesto Mountains&#xD;
Camps Bay&#xD;
9464&#xD;
86468996&#xD;
14.0&#xD;
s&#xD;
b&#xD;
12/01/1995&#xD;
17/07/2025&#xD;
577201767&#xD;
795233882&#xD;
842519998&#xD;
Male Donor&#xD;
\ud83d\udd0d Screenshot saved: C:\Users\Remy.Miller\source\repos\PulseDonations\Screenshots\17-07-2025\TherapeuticsQuadPack_17072025_152930.png&#xD;
Starting ChromeDriver 138.0.7204.157 (e533e98b1267baa1f1c46d666b120e64e5146aa9-refs/branch-heads/7204@{#2046}) on port 58120&#xD;
Only local connections are allowed.&#xD;
Please see https://chromedriver.chromium.org/security-considerations for suggestions on keeping ChromeDriver safe.&#xD;
ChromeDriver was started successfully on port 58120.&#xD;
Female Donor&#xD;
0608104036082&#xD;
Kelley&#xD;
Susan&#xD;
Kohler&#xD;
Kelley@myspy.com&#xD;
0836792509&#xD;
8466 Howe Inlet&#xD;
Franschhoek&#xD;
3834&#xD;
14075115&#xD;
12.8&#xD;
11.5&#xD;
CAA344059&#xD;
CAA492825&#xD;
m&#xD;
p&#xD;
10/08/1997&#xD;
17/07/2025&#xD;
666775220&#xD;
284855711&#xD;
590529275&#xD;
Female Donor&#xD;
Kelley&#xD;
Kohler&#xD;
0608104036082&#xD;
Whole Blood Donation&#xD;
Dry Pack&#xD;
NUnit Adapter 4.5.0.0: Test execution complete&#xD;
</StdOut>
    </Output>
  </ResultSummary>
</TestRun>