<?xml version="1.0" encoding="utf-8"?>
<TestRun id="76b6cb2f-eb2f-4a2c-b3fb-aa9d7d0f8e47" name="Remy.Miller@LT-6MQPN94 2025-08-05 11:08:45" runUser="WPBTS\Remy.Miller" xmlns="http://microsoft.com/schemas/VisualStudio/TeamTest/2010">
  <Times creation="2025-08-05T11:08:45.5264693+02:00" queuing="2025-08-05T11:08:45.5264696+02:00" start="2025-08-05T11:08:21.2946210+02:00" finish="2025-08-05T11:18:46.5324282+02:00" />
  <TestSettings name="default" id="bdde834a-8e81-473f-a4b1-ef7eeb80e2c2">
    <Deployment runDeploymentRoot="Remy.Miller_LT-6MQPN94_2025-08-05_11_08_45" />
  </TestSettings>
  <Results>
    <UnitTestResult executionId="c971e5a4-ec35-4708-9c89-a682bbc11595" testId="aa9fd853-82e4-5f75-e34a-499b2cd3141d" testName="EDCloseHamper" computerName="LT-6MQPN94" duration="00:00:19.7444810" startTime="2025-08-05T11:18:26.7216184+02:00" endTime="2025-08-05T11:18:46.4660018+02:00" testType="13cdc9d9-ddb5-4fa4-a97d-d965ccfc6d4b" outcome="Passed" testListId="8c84fa94-04c1-424b-9868-57a2d4851a1d" relativeResultsDirectory="c971e5a4-ec35-4708-9c89-a682bbc11595" />
    <UnitTestResult executionId="4ad9c4e8-b5ef-49b0-84b8-ebc2ee9acbb5" testId="ba53771e-b6f2-7141-28db-facb61d78880" testName="EDWholeBloodDryPack" computerName="LT-6MQPN94" duration="00:01:59.4861090" startTime="2025-08-05T11:08:45.4848861+02:00" endTime="2025-08-05T11:10:44.9703578+02:00" testType="13cdc9d9-ddb5-4fa4-a97d-d965ccfc6d4b" outcome="Failed" testListId="8c84fa94-04c1-424b-9868-57a2d4851a1d" relativeResultsDirectory="4ad9c4e8-b5ef-49b0-84b8-ebc2ee9acbb5">
      <Output>
        <ErrorInfo>
          <Message>OpenQA.Selenium.WebDriverTimeoutException : Timed out after 30 seconds</Message>
          <StackTrace>   at OpenQA.Selenium.Support.UI.DefaultWait`1.ThrowTimeoutException(String exceptionMessage, Exception lastException)&#xD;
   at OpenQA.Selenium.Support.UI.DefaultWait`1.Until[TResult](Func`2 condition, CancellationToken token)&#xD;
   at OpenQA.Selenium.Support.UI.DefaultWait`1.Until[TResult](Func`2 condition)&#xD;
   at PulseDonations.PageObjects.Donations.DonationPage.donateHemoFlowBlood() in C:\Users\Remy.Miller\source\repos\PulseDonations\PageObjects\Donations\DonationPage.cs:line 181&#xD;
   at PulseDonations.Tests.ExistingDonorPositiveE2E.EDWholeBloodDryPack() in C:\Users\Remy.Miller\source\repos\PulseDonations\Tests\ExistingDonorPositiveE2E.cs:line 52&#xD;
   at InvokeStub_ExistingDonorPositiveE2E.EDWholeBloodDryPack(Object, Object, IntPtr*)&#xD;
   at System.Reflection.MethodBaseInvoker.InvokeWithNoArgs(Object obj, BindingFlags invokeAttr)
</StackTrace>
        </ErrorInfo>
      </Output>
    </UnitTestResult>
    <UnitTestResult executionId="9ba9400a-0171-4f85-8ea6-83ff2abcea6d" testId="abe05d47-d0db-f756-b040-9fd6e7d74977" testName="EDTherapeuticsDryPack" computerName="LT-6MQPN94" duration="00:02:03.1355530" startTime="2025-08-05T11:13:23.7930192+02:00" endTime="2025-08-05T11:15:26.9279456+02:00" testType="13cdc9d9-ddb5-4fa4-a97d-d965ccfc6d4b" outcome="Passed" testListId="8c84fa94-04c1-424b-9868-57a2d4851a1d" relativeResultsDirectory="9ba9400a-0171-4f85-8ea6-83ff2abcea6d" />
    <UnitTestResult executionId="1de84fd4-fcef-42e3-931d-71ea529de323" testId="0f9dcdab-4e4a-372a-687d-3e98ad899885" testName="EDOpenHamper" computerName="LT-6MQPN94" duration="00:00:23.6325280" startTime="2025-08-05T11:08:21.8516430+02:00" endTime="2025-08-05T11:08:45.4840009+02:00" testType="13cdc9d9-ddb5-4fa4-a97d-d965ccfc6d4b" outcome="Passed" testListId="8c84fa94-04c1-424b-9868-57a2d4851a1d" relativeResultsDirectory="1de84fd4-fcef-42e3-931d-71ea529de323" />
    <UnitTestResult executionId="91a250ff-d7c6-4e8b-9bfd-3f5b7f8ff479" testId="e63f9856-93aa-2d49-3775-7e6f6894b6d0" testName="EDWholeBloodQuadPack" computerName="LT-6MQPN94" duration="00:02:38.8231319" startTime="2025-08-05T11:10:44.9706495+02:00" endTime="2025-08-05T11:13:23.7929707+02:00" testType="13cdc9d9-ddb5-4fa4-a97d-d965ccfc6d4b" outcome="Passed" testListId="8c84fa94-04c1-424b-9868-57a2d4851a1d" relativeResultsDirectory="91a250ff-d7c6-4e8b-9bfd-3f5b7f8ff479" />
    <UnitTestResult executionId="1be23b98-a7e0-4d9e-bf49-8be96e4b74a9" testId="74c2cce5-ebe1-36b2-27f2-dff1aa6c897b" testName="EDBloodSampleTests_TestOnly" computerName="LT-6MQPN94" duration="00:01:21.0764020" startTime="2025-08-05T11:17:05.6455452+02:00" endTime="2025-08-05T11:18:26.7215493+02:00" testType="13cdc9d9-ddb5-4fa4-a97d-d965ccfc6d4b" outcome="Passed" testListId="8c84fa94-04c1-424b-9868-57a2d4851a1d" relativeResultsDirectory="1be23b98-a7e0-4d9e-bf49-8be96e4b74a9" />
    <UnitTestResult executionId="3043f693-eb28-448f-88a8-11e270f8edb8" testId="9389d4da-34e7-bd68-3e76-4169365251de" testName="EDTherapeuticsQuadPack" computerName="LT-6MQPN94" duration="00:01:38.7179670" startTime="2025-08-05T11:15:26.9279987+02:00" endTime="2025-08-05T11:17:05.6454814+02:00" testType="13cdc9d9-ddb5-4fa4-a97d-d965ccfc6d4b" outcome="Passed" testListId="8c84fa94-04c1-424b-9868-57a2d4851a1d" relativeResultsDirectory="3043f693-eb28-448f-88a8-11e270f8edb8" />
  </Results>
  <TestDefinitions>
    <UnitTest name="EDBloodSampleTests_TestOnly" storage="c:\users\remy.miller\source\repos\pulsedonations\bin\debug\net8.0\pulsedonations.dll" id="74c2cce5-ebe1-36b2-27f2-dff1aa6c897b">
      <Execution id="1be23b98-a7e0-4d9e-bf49-8be96e4b74a9" />
      <TestMethod codeBase="C:\Users\Remy.Miller\source\repos\PulseDonations\bin\Debug\net8.0\PulseDonations.dll" adapterTypeName="executor://nunit3testexecutor/" className="PulseDonations.Tests.ExistingDonorPositiveE2E" name="EDBloodSampleTests_TestOnly" />
    </UnitTest>
    <UnitTest name="EDWholeBloodQuadPack" storage="c:\users\remy.miller\source\repos\pulsedonations\bin\debug\net8.0\pulsedonations.dll" id="e63f9856-93aa-2d49-3775-7e6f6894b6d0">
      <Execution id="91a250ff-d7c6-4e8b-9bfd-3f5b7f8ff479" />
      <TestMethod codeBase="C:\Users\Remy.Miller\source\repos\PulseDonations\bin\Debug\net8.0\PulseDonations.dll" adapterTypeName="executor://nunit3testexecutor/" className="PulseDonations.Tests.ExistingDonorPositiveE2E" name="EDWholeBloodQuadPack" />
    </UnitTest>
    <UnitTest name="EDCloseHamper" storage="c:\users\remy.miller\source\repos\pulsedonations\bin\debug\net8.0\pulsedonations.dll" id="aa9fd853-82e4-5f75-e34a-499b2cd3141d">
      <Execution id="c971e5a4-ec35-4708-9c89-a682bbc11595" />
      <TestMethod codeBase="C:\Users\Remy.Miller\source\repos\PulseDonations\bin\Debug\net8.0\PulseDonations.dll" adapterTypeName="executor://nunit3testexecutor/" className="PulseDonations.Tests.ExistingDonorPositiveE2E" name="EDCloseHamper" />
    </UnitTest>
    <UnitTest name="EDTherapeuticsDryPack" storage="c:\users\remy.miller\source\repos\pulsedonations\bin\debug\net8.0\pulsedonations.dll" id="abe05d47-d0db-f756-b040-9fd6e7d74977">
      <Execution id="9ba9400a-0171-4f85-8ea6-83ff2abcea6d" />
      <TestMethod codeBase="C:\Users\Remy.Miller\source\repos\PulseDonations\bin\Debug\net8.0\PulseDonations.dll" adapterTypeName="executor://nunit3testexecutor/" className="PulseDonations.Tests.ExistingDonorPositiveE2E" name="EDTherapeuticsDryPack" />
    </UnitTest>
    <UnitTest name="EDOpenHamper" storage="c:\users\remy.miller\source\repos\pulsedonations\bin\debug\net8.0\pulsedonations.dll" id="0f9dcdab-4e4a-372a-687d-3e98ad899885">
      <Execution id="1de84fd4-fcef-42e3-931d-71ea529de323" />
      <TestMethod codeBase="C:\Users\Remy.Miller\source\repos\PulseDonations\bin\Debug\net8.0\PulseDonations.dll" adapterTypeName="executor://nunit3testexecutor/" className="PulseDonations.Tests.ExistingDonorPositiveE2E" name="EDOpenHamper" />
    </UnitTest>
    <UnitTest name="EDTherapeuticsQuadPack" storage="c:\users\remy.miller\source\repos\pulsedonations\bin\debug\net8.0\pulsedonations.dll" id="9389d4da-34e7-bd68-3e76-4169365251de">
      <Execution id="3043f693-eb28-448f-88a8-11e270f8edb8" />
      <TestMethod codeBase="C:\Users\Remy.Miller\source\repos\PulseDonations\bin\Debug\net8.0\PulseDonations.dll" adapterTypeName="executor://nunit3testexecutor/" className="PulseDonations.Tests.ExistingDonorPositiveE2E" name="EDTherapeuticsQuadPack" />
    </UnitTest>
    <UnitTest name="EDWholeBloodDryPack" storage="c:\users\remy.miller\source\repos\pulsedonations\bin\debug\net8.0\pulsedonations.dll" id="ba53771e-b6f2-7141-28db-facb61d78880">
      <Execution id="4ad9c4e8-b5ef-49b0-84b8-ebc2ee9acbb5" />
      <TestMethod codeBase="C:\Users\Remy.Miller\source\repos\PulseDonations\bin\Debug\net8.0\PulseDonations.dll" adapterTypeName="executor://nunit3testexecutor/" className="PulseDonations.Tests.ExistingDonorPositiveE2E" name="EDWholeBloodDryPack" />
    </UnitTest>
  </TestDefinitions>
  <TestEntries>
    <TestEntry testId="aa9fd853-82e4-5f75-e34a-499b2cd3141d" executionId="c971e5a4-ec35-4708-9c89-a682bbc11595" testListId="8c84fa94-04c1-424b-9868-57a2d4851a1d" />
    <TestEntry testId="ba53771e-b6f2-7141-28db-facb61d78880" executionId="4ad9c4e8-b5ef-49b0-84b8-ebc2ee9acbb5" testListId="8c84fa94-04c1-424b-9868-57a2d4851a1d" />
    <TestEntry testId="abe05d47-d0db-f756-b040-9fd6e7d74977" executionId="9ba9400a-0171-4f85-8ea6-83ff2abcea6d" testListId="8c84fa94-04c1-424b-9868-57a2d4851a1d" />
    <TestEntry testId="0f9dcdab-4e4a-372a-687d-3e98ad899885" executionId="1de84fd4-fcef-42e3-931d-71ea529de323" testListId="8c84fa94-04c1-424b-9868-57a2d4851a1d" />
    <TestEntry testId="e63f9856-93aa-2d49-3775-7e6f6894b6d0" executionId="91a250ff-d7c6-4e8b-9bfd-3f5b7f8ff479" testListId="8c84fa94-04c1-424b-9868-57a2d4851a1d" />
    <TestEntry testId="74c2cce5-ebe1-36b2-27f2-dff1aa6c897b" executionId="1be23b98-a7e0-4d9e-bf49-8be96e4b74a9" testListId="8c84fa94-04c1-424b-9868-57a2d4851a1d" />
    <TestEntry testId="9389d4da-34e7-bd68-3e76-4169365251de" executionId="3043f693-eb28-448f-88a8-11e270f8edb8" testListId="8c84fa94-04c1-424b-9868-57a2d4851a1d" />
  </TestEntries>
  <TestLists>
    <TestList name="Results Not in a List" id="8c84fa94-04c1-424b-9868-57a2d4851a1d" />
    <TestList name="All Loaded Results" id="19431567-8539-422a-85d7-44ee4e166bda" />
  </TestLists>
  <ResultSummary outcome="Failed">
    <Counters total="7" executed="7" passed="6" failed="1" error="0" timeout="0" aborted="0" inconclusive="0" passedButRunAborted="0" notRunnable="0" notExecuted="0" disconnected="0" warning="0" completed="0" inProgress="0" pending="0" />
    <Output>
      <StdOut>NUnit Adapter 4.5.0.0: Test execution started&#xD;
Running selected tests in C:\Users\Remy.Miller\source\repos\PulseDonations\bin\Debug\net8.0\PulseDonations.dll&#xD;
   NUnit3TestExecutor discovered 7 of 7 NUnit test cases using Current Discovery mode, Non-Explicit run&#xD;
Starting ChromeDriver 138.0.7204.183 (e90faf484ddbc033fc9bf337621761d3dd5c5289-refs/branch-heads/7204@{#2435}) on port 61051&#xD;
Only local connections are allowed.&#xD;
Please see https://chromedriver.chromium.org/security-considerations for suggestions on keeping ChromeDriver safe.&#xD;
ChromeDriver was started successfully on port 61051.&#xD;
---------------- Starting Existing Donor Open Hamper Test ----------------&#xD;
51801361&#xD;
Starting ChromeDriver 138.0.7204.183 (e90faf484ddbc033fc9bf337621761d3dd5c5289-refs/branch-heads/7204@{#2435}) on port 61088&#xD;
Only local connections are allowed.&#xD;
Please see https://chromedriver.chromium.org/security-considerations for suggestions on keeping ChromeDriver safe.&#xD;
ChromeDriver was started successfully on port 61088.&#xD;
---------------- Starting Existing Donor WholeBlood (Dry Pack) Test ----------------&#xD;
Iron Config: 0&#xD;
Batch Number: 70731867&#xD;
Expiry Date: 05/08/2025&#xD;
Serial Number: 46462995&#xD;
First Inital: f&#xD;
Second Initial: l&#xD;
DOB: 14/07/1992&#xD;
Phone Number: 0670840398&#xD;
Landline Number: 0170984889&#xD;
No Donors available for initals and year provided&#xD;
\ud83d\udd0d Screenshot saved: C:\Users\Remy.Miller\source\repos\PulseDonations\Screenshots\05-08-2025\EDWholeBloodDryPack_05082025_110858.png&#xD;
Starting ChromeDriver 138.0.7204.183 (e90faf484ddbc033fc9bf337621761d3dd5c5289-refs/branch-heads/7204@{#2435}) on port 61121&#xD;
Only local connections are allowed.&#xD;
Please see https://chromedriver.chromium.org/security-considerations for suggestions on keeping ChromeDriver safe.&#xD;
ChromeDriver was started successfully on port 61121.&#xD;
---------------- Starting Existing Donor WholeBlood (Dry Pack) Test ----------------&#xD;
Iron Config: 0&#xD;
Batch Number: 39870768&#xD;
Expiry Date: 05/08/2025&#xD;
Serial Number: 85595161&#xD;
First Inital: g&#xD;
Second Initial: a&#xD;
DOB: 09/11/1993&#xD;
Phone Number: 0760295993&#xD;
Landline Number: 0237131069&#xD;
Sex at Birth: Female&#xD;
Female Donor&#xD;
13.0&#xD;
Test Category:  Whole Blood Donation&#xD;
Test Pack: Dry Pack&#xD;
\ud83d\udd0d Screenshot saved: C:\Users\Remy.Miller\source\repos\PulseDonations\Screenshots\05-08-2025\EDWholeBloodDryPack_05082025_111044.png&#xD;
Starting ChromeDriver 138.0.7204.183 (e90faf484ddbc033fc9bf337621761d3dd5c5289-refs/branch-heads/7204@{#2435}) on port 61176&#xD;
Only local connections are allowed.&#xD;
Please see https://chromedriver.chromium.org/security-considerations for suggestions on keeping ChromeDriver safe.&#xD;
ChromeDriver was started successfully on port 61176.&#xD;
---------------- Starting Existing Donor WholeBlood (Quad Pack) Test ----------------&#xD;
Iron Config: 0&#xD;
Batch Number: 26220207&#xD;
Expiry Date: 05/08/2025&#xD;
Serial Number: 34531350&#xD;
First Inital: b&#xD;
Second Initial: r&#xD;
DOB: 17/03/1988&#xD;
Phone Number: 0660267953&#xD;
Landline Number: 0214493583&#xD;
Sex at Birth: Male&#xD;
Male Donor&#xD;
13.8&#xD;
Test Category:  Whole Blood Donation&#xD;
Test Pack: Quad Pack&#xD;
Starting ChromeDriver 138.0.7204.183 (e90faf484ddbc033fc9bf337621761d3dd5c5289-refs/branch-heads/7204@{#2435}) on port 61255&#xD;
Only local connections are allowed.&#xD;
Please see https://chromedriver.chromium.org/security-considerations for suggestions on keeping ChromeDriver safe.&#xD;
ChromeDriver was started successfully on port 61255.&#xD;
---------------- Starting Existing Donor Therapeutics (Dry Pack) Test ----------------&#xD;
Iron Config: 1&#xD;
Batch Number: 65658179&#xD;
Expiry Date: 05/08/2025&#xD;
Serial Number: 68448931&#xD;
First Inital: p&#xD;
Second Initial: n&#xD;
DOB: 26/03/1995&#xD;
Phone Number: 0631855873&#xD;
Landline Number: 0392834495&#xD;
Sex at Birth: Female&#xD;
Female Donor&#xD;
13.3&#xD;
Test Category:  Therapeutics&#xD;
Test Pack: Dry Pack&#xD;
Starting ChromeDriver 138.0.7204.183 (e90faf484ddbc033fc9bf337621761d3dd5c5289-refs/branch-heads/7204@{#2435}) on port 61319&#xD;
Only local connections are allowed.&#xD;
Please see https://chromedriver.chromium.org/security-considerations for suggestions on keeping ChromeDriver safe.&#xD;
ChromeDriver was started successfully on port 61319.&#xD;
---------------- Starting Existing Donor Therapeutics (Quad Pack) Test ----------------&#xD;
Iron Config: 0&#xD;
Batch Number: 88302268&#xD;
Expiry Date: 05/08/2025&#xD;
Serial Number: 21336517&#xD;
First Inital: p&#xD;
Second Initial: p&#xD;
DOB: 27/10/1997&#xD;
Phone Number: 0658704679&#xD;
Landline Number: 0280184305&#xD;
Sex at Birth: Female&#xD;
Female Donor&#xD;
13.4&#xD;
Test Category:  Therapeutics&#xD;
Test Pack: Quad Pack&#xD;
Starting ChromeDriver 138.0.7204.183 (e90faf484ddbc033fc9bf337621761d3dd5c5289-refs/branch-heads/7204@{#2435}) on port 61396&#xD;
Only local connections are allowed.&#xD;
Please see https://chromedriver.chromium.org/security-considerations for suggestions on keeping ChromeDriver safe.&#xD;
ChromeDriver was started successfully on port 61396.&#xD;
---------------- Starting Existing Donor Blood/Sample Tests (Test Only) Test ----------------&#xD;
Iron Config: 0&#xD;
Batch Number: 52328495&#xD;
Expiry Date: 05/08/2025&#xD;
Serial Number: 86447793&#xD;
First Inital: p&#xD;
Second Initial: r&#xD;
DOB: 26/08/2002&#xD;
Phone Number: 0799985885&#xD;
Landline Number: 0441708120&#xD;
Sex at Birth: Male&#xD;
Male Donor&#xD;
14.5&#xD;
Test Category:  Blood Samples/Tests&#xD;
Test Pack: Test Only&#xD;
Starting ChromeDriver 138.0.7204.183 (e90faf484ddbc033fc9bf337621761d3dd5c5289-refs/branch-heads/7204@{#2435}) on port 61447&#xD;
Only local connections are allowed.&#xD;
Please see https://chromedriver.chromium.org/security-considerations for suggestions on keeping ChromeDriver safe.&#xD;
ChromeDriver was started successfully on port 61447.&#xD;
---------------- Starting Existing Donor Close Hamper Test ----------------&#xD;
NUnit Adapter 4.5.0.0: Test execution complete&#xD;
</StdOut>
    </Output>
  </ResultSummary>
</TestRun>