<?xml version="1.0" encoding="utf-8"?>
<TestRun id="e88f200a-6ac2-4d84-afa3-7e2bf2f51702" name="Remy.Miller@LT-6MQPN94 2025-08-05 14:09:29" runUser="WPBTS\Remy.Miller" xmlns="http://microsoft.com/schemas/VisualStudio/TeamTest/2010">
  <Times creation="2025-08-05T14:09:29.8813177+02:00" queuing="2025-08-05T14:09:29.8813182+02:00" start="2025-08-05T14:09:29.0640799+02:00" finish="2025-08-05T14:09:29.9007065+02:00" />
  <TestSettings name="default" id="08d4816e-79d0-45f1-8cff-30e80b5dba69">
    <Deployment runDeploymentRoot="Remy.Miller_LT-6MQPN94_2025-08-05_14_09_29" />
  </TestSettings>
  <Results>
    <UnitTestResult executionId="5f250bc2-877a-4125-9e27-d53d2916f0df" testId="abe05d47-d0db-f756-b040-9fd6e7d74977" testName="EDTherapeuticsDryPack" computerName="LT-6MQPN94" duration="00:00:00.0059880" startTime="2025-08-05T14:09:29.7397634+02:00" endTime="2025-08-05T14:09:29.7457509+02:00" testType="13cdc9d9-ddb5-4fa4-a97d-d965ccfc6d4b" outcome="Failed" testListId="8c84fa94-04c1-424b-9868-57a2d4851a1d" relativeResultsDirectory="5f250bc2-877a-4125-9e27-d53d2916f0df">
      <Output>
        <ErrorInfo>
          <Message>System.NullReferenceException : Object reference not set to an instance of an object.&#xD;
TearDown : System.NullReferenceException : Object reference not set to an instance of an object.</Message>
          <StackTrace>   at PulseDonations.Tests.ExistingDonorPositiveE2E.EDTherapeuticsDryPack() in C:\Users\Remy.Miller\source\repos\PulseDonations\Tests\ExistingDonorPositiveE2E.cs:line 90&#xD;
   at System.RuntimeMethodHandle.InvokeMethod(Object target, Void** arguments, Signature sig, Boolean isConstructor)&#xD;
   at System.Reflection.MethodBaseInvoker.InvokeWithNoArgs(Object obj, BindingFlags invokeAttr)&#xD;
--TearDown&#xD;
   at PulseDonations.Utilities.ScreenshotHelper.CaptureScreenshot(IWebDriver driver) in C:\Users\Remy.Miller\source\repos\PulseDonations\Utilities\ScreenshotHelper.cs:line 18&#xD;
   at PulseDonations.Utilities.Setup.CloseBrowser() in C:\Users\Remy.Miller\source\repos\PulseDonations\Utilities\Setup.cs:line 121&#xD;
   at InvokeStub_Setup.CloseBrowser(Object, Object, IntPtr*)&#xD;
   at System.Reflection.MethodBaseInvoker.InvokeWithNoArgs(Object obj, BindingFlags invokeAttr)
</StackTrace>
        </ErrorInfo>
      </Output>
    </UnitTestResult>
    <UnitTestResult executionId="7ee4e39b-ebb4-4cb9-a071-8390a44522ef" testId="ba53771e-b6f2-7141-28db-facb61d78880" testName="EDWholeBloodDryPack" computerName="LT-6MQPN94" duration="00:00:00.0070060" startTime="2025-08-05T14:09:29.7327143+02:00" endTime="2025-08-05T14:09:29.7397204+02:00" testType="13cdc9d9-ddb5-4fa4-a97d-d965ccfc6d4b" outcome="Failed" testListId="8c84fa94-04c1-424b-9868-57a2d4851a1d" relativeResultsDirectory="7ee4e39b-ebb4-4cb9-a071-8390a44522ef">
      <Output>
        <ErrorInfo>
          <Message>System.NullReferenceException : Object reference not set to an instance of an object.&#xD;
TearDown : System.NullReferenceException : Object reference not set to an instance of an object.</Message>
          <StackTrace>   at PulseDonations.Tests.ExistingDonorPositiveE2E.EDWholeBloodDryPack() in C:\Users\Remy.Miller\source\repos\PulseDonations\Tests\ExistingDonorPositiveE2E.cs:line 43&#xD;
   at System.RuntimeMethodHandle.InvokeMethod(Object target, Void** arguments, Signature sig, Boolean isConstructor)&#xD;
   at System.Reflection.MethodBaseInvoker.InvokeWithNoArgs(Object obj, BindingFlags invokeAttr)&#xD;
--TearDown&#xD;
   at PulseDonations.Utilities.ScreenshotHelper.CaptureScreenshot(IWebDriver driver) in C:\Users\Remy.Miller\source\repos\PulseDonations\Utilities\ScreenshotHelper.cs:line 18&#xD;
   at PulseDonations.Utilities.Setup.CloseBrowser() in C:\Users\Remy.Miller\source\repos\PulseDonations\Utilities\Setup.cs:line 121&#xD;
   at InvokeStub_Setup.CloseBrowser(Object, Object, IntPtr*)&#xD;
   at System.Reflection.MethodBaseInvoker.InvokeWithNoArgs(Object obj, BindingFlags invokeAttr)
</StackTrace>
        </ErrorInfo>
      </Output>
    </UnitTestResult>
    <UnitTestResult executionId="f809b361-f527-4972-97a5-099dcf3ac024" testId="0f9dcdab-4e4a-372a-687d-3e98ad899885" testName="EDOpenHamper" computerName="LT-6MQPN94" duration="00:00:00.0805120" startTime="2025-08-05T14:09:29.6512665+02:00" endTime="2025-08-05T14:09:29.7317294+02:00" testType="13cdc9d9-ddb5-4fa4-a97d-d965ccfc6d4b" outcome="Failed" testListId="8c84fa94-04c1-424b-9868-57a2d4851a1d" relativeResultsDirectory="f809b361-f527-4972-97a5-099dcf3ac024">
      <Output>
        <ErrorInfo>
          <Message>System.NullReferenceException : Object reference not set to an instance of an object.&#xD;
TearDown : System.NullReferenceException : Object reference not set to an instance of an object.</Message>
          <StackTrace>   at PulseDonations.Tests.ExistingDonorPositiveE2E.EDOpenHamper() in C:\Users\Remy.Miller\source\repos\PulseDonations\Tests\ExistingDonorPositiveE2E.cs:line 29&#xD;
   at System.RuntimeMethodHandle.InvokeMethod(Object target, Void** arguments, Signature sig, Boolean isConstructor)&#xD;
   at System.Reflection.MethodBaseInvoker.InvokeWithNoArgs(Object obj, BindingFlags invokeAttr)&#xD;
--TearDown&#xD;
   at PulseDonations.Utilities.ScreenshotHelper.CaptureScreenshot(IWebDriver driver) in C:\Users\Remy.Miller\source\repos\PulseDonations\Utilities\ScreenshotHelper.cs:line 18&#xD;
   at PulseDonations.Utilities.Setup.CloseBrowser() in C:\Users\Remy.Miller\source\repos\PulseDonations\Utilities\Setup.cs:line 121&#xD;
   at System.RuntimeMethodHandle.InvokeMethod(Object target, Void** arguments, Signature sig, Boolean isConstructor)&#xD;
   at System.Reflection.MethodBaseInvoker.InvokeWithNoArgs(Object obj, BindingFlags invokeAttr)
</StackTrace>
        </ErrorInfo>
      </Output>
    </UnitTestResult>
    <UnitTestResult executionId="5cf5b39a-d2ae-49c4-b6f3-d9ed02fc46d9" testId="aa9fd853-82e4-5f75-e34a-499b2cd3141d" testName="EDCloseHamper" computerName="LT-6MQPN94" duration="00:00:00.0125710" startTime="2025-08-05T14:09:29.7518818+02:00" endTime="2025-08-05T14:09:29.7644519+02:00" testType="13cdc9d9-ddb5-4fa4-a97d-d965ccfc6d4b" outcome="Failed" testListId="8c84fa94-04c1-424b-9868-57a2d4851a1d" relativeResultsDirectory="5cf5b39a-d2ae-49c4-b6f3-d9ed02fc46d9">
      <Output>
        <ErrorInfo>
          <Message>System.NullReferenceException : Object reference not set to an instance of an object.&#xD;
TearDown : System.NullReferenceException : Object reference not set to an instance of an object.</Message>
          <StackTrace>   at PulseDonations.Tests.ExistingDonorPositiveE2E.EDCloseHamper() in C:\Users\Remy.Miller\source\repos\PulseDonations\Tests\ExistingDonorPositiveE2E.cs:line 363&#xD;
   at System.RuntimeMethodHandle.InvokeMethod(Object target, Void** arguments, Signature sig, Boolean isConstructor)&#xD;
   at System.Reflection.MethodBaseInvoker.InvokeWithNoArgs(Object obj, BindingFlags invokeAttr)&#xD;
--TearDown&#xD;
   at PulseDonations.Utilities.ScreenshotHelper.CaptureScreenshot(IWebDriver driver) in C:\Users\Remy.Miller\source\repos\PulseDonations\Utilities\ScreenshotHelper.cs:line 18&#xD;
   at PulseDonations.Utilities.Setup.CloseBrowser() in C:\Users\Remy.Miller\source\repos\PulseDonations\Utilities\Setup.cs:line 121&#xD;
   at InvokeStub_Setup.CloseBrowser(Object, Object, IntPtr*)&#xD;
   at System.Reflection.MethodBaseInvoker.InvokeWithNoArgs(Object obj, BindingFlags invokeAttr)
</StackTrace>
        </ErrorInfo>
      </Output>
    </UnitTestResult>
    <UnitTestResult executionId="d5c568f5-836b-4080-b713-ea95378ed332" testId="74c2cce5-ebe1-36b2-27f2-dff1aa6c897b" testName="EDBloodSampleTests_TestOnly" computerName="LT-6MQPN94" duration="00:00:00.0060730" startTime="2025-08-05T14:09:29.7457747+02:00" endTime="2025-08-05T14:09:29.7518472+02:00" testType="13cdc9d9-ddb5-4fa4-a97d-d965ccfc6d4b" outcome="Failed" testListId="8c84fa94-04c1-424b-9868-57a2d4851a1d" relativeResultsDirectory="d5c568f5-836b-4080-b713-ea95378ed332">
      <Output>
        <ErrorInfo>
          <Message>System.NullReferenceException : Object reference not set to an instance of an object.&#xD;
TearDown : System.NullReferenceException : Object reference not set to an instance of an object.</Message>
          <StackTrace>   at PulseDonations.Tests.ExistingDonorPositiveE2E.EDBloodSampleTests_TestOnly() in C:\Users\Remy.Miller\source\repos\PulseDonations\Tests\ExistingDonorPositiveE2E.cs:line 182&#xD;
   at System.RuntimeMethodHandle.InvokeMethod(Object target, Void** arguments, Signature sig, Boolean isConstructor)&#xD;
   at System.Reflection.MethodBaseInvoker.InvokeWithNoArgs(Object obj, BindingFlags invokeAttr)&#xD;
--TearDown&#xD;
   at PulseDonations.Utilities.ScreenshotHelper.CaptureScreenshot(IWebDriver driver) in C:\Users\Remy.Miller\source\repos\PulseDonations\Utilities\ScreenshotHelper.cs:line 18&#xD;
   at PulseDonations.Utilities.Setup.CloseBrowser() in C:\Users\Remy.Miller\source\repos\PulseDonations\Utilities\Setup.cs:line 121&#xD;
   at InvokeStub_Setup.CloseBrowser(Object, Object, IntPtr*)&#xD;
   at System.Reflection.MethodBaseInvoker.InvokeWithNoArgs(Object obj, BindingFlags invokeAttr)
</StackTrace>
        </ErrorInfo>
      </Output>
    </UnitTestResult>
  </Results>
  <TestDefinitions>
    <UnitTest name="EDBloodSampleTests_TestOnly" storage="c:\users\remy.miller\source\repos\pulsedonations\bin\debug\net8.0\pulsedonations.dll" id="74c2cce5-ebe1-36b2-27f2-dff1aa6c897b">
      <Execution id="d5c568f5-836b-4080-b713-ea95378ed332" />
      <TestMethod codeBase="C:\Users\Remy.Miller\source\repos\PulseDonations\bin\Debug\net8.0\PulseDonations.dll" adapterTypeName="executor://nunit3testexecutor/" className="PulseDonations.Tests.ExistingDonorPositiveE2E" name="EDBloodSampleTests_TestOnly" />
    </UnitTest>
    <UnitTest name="EDCloseHamper" storage="c:\users\remy.miller\source\repos\pulsedonations\bin\debug\net8.0\pulsedonations.dll" id="aa9fd853-82e4-5f75-e34a-499b2cd3141d">
      <Execution id="5cf5b39a-d2ae-49c4-b6f3-d9ed02fc46d9" />
      <TestMethod codeBase="C:\Users\Remy.Miller\source\repos\PulseDonations\bin\Debug\net8.0\PulseDonations.dll" adapterTypeName="executor://nunit3testexecutor/" className="PulseDonations.Tests.ExistingDonorPositiveE2E" name="EDCloseHamper" />
    </UnitTest>
    <UnitTest name="EDTherapeuticsDryPack" storage="c:\users\remy.miller\source\repos\pulsedonations\bin\debug\net8.0\pulsedonations.dll" id="abe05d47-d0db-f756-b040-9fd6e7d74977">
      <Execution id="5f250bc2-877a-4125-9e27-d53d2916f0df" />
      <TestMethod codeBase="C:\Users\Remy.Miller\source\repos\PulseDonations\bin\Debug\net8.0\PulseDonations.dll" adapterTypeName="executor://nunit3testexecutor/" className="PulseDonations.Tests.ExistingDonorPositiveE2E" name="EDTherapeuticsDryPack" />
    </UnitTest>
    <UnitTest name="EDOpenHamper" storage="c:\users\remy.miller\source\repos\pulsedonations\bin\debug\net8.0\pulsedonations.dll" id="0f9dcdab-4e4a-372a-687d-3e98ad899885">
      <Execution id="f809b361-f527-4972-97a5-099dcf3ac024" />
      <TestMethod codeBase="C:\Users\Remy.Miller\source\repos\PulseDonations\bin\Debug\net8.0\PulseDonations.dll" adapterTypeName="executor://nunit3testexecutor/" className="PulseDonations.Tests.ExistingDonorPositiveE2E" name="EDOpenHamper" />
    </UnitTest>
    <UnitTest name="EDWholeBloodDryPack" storage="c:\users\remy.miller\source\repos\pulsedonations\bin\debug\net8.0\pulsedonations.dll" id="ba53771e-b6f2-7141-28db-facb61d78880">
      <Execution id="7ee4e39b-ebb4-4cb9-a071-8390a44522ef" />
      <TestMethod codeBase="C:\Users\Remy.Miller\source\repos\PulseDonations\bin\Debug\net8.0\PulseDonations.dll" adapterTypeName="executor://nunit3testexecutor/" className="PulseDonations.Tests.ExistingDonorPositiveE2E" name="EDWholeBloodDryPack" />
    </UnitTest>
  </TestDefinitions>
  <TestEntries>
    <TestEntry testId="abe05d47-d0db-f756-b040-9fd6e7d74977" executionId="5f250bc2-877a-4125-9e27-d53d2916f0df" testListId="8c84fa94-04c1-424b-9868-57a2d4851a1d" />
    <TestEntry testId="ba53771e-b6f2-7141-28db-facb61d78880" executionId="7ee4e39b-ebb4-4cb9-a071-8390a44522ef" testListId="8c84fa94-04c1-424b-9868-57a2d4851a1d" />
    <TestEntry testId="0f9dcdab-4e4a-372a-687d-3e98ad899885" executionId="f809b361-f527-4972-97a5-099dcf3ac024" testListId="8c84fa94-04c1-424b-9868-57a2d4851a1d" />
    <TestEntry testId="aa9fd853-82e4-5f75-e34a-499b2cd3141d" executionId="5cf5b39a-d2ae-49c4-b6f3-d9ed02fc46d9" testListId="8c84fa94-04c1-424b-9868-57a2d4851a1d" />
    <TestEntry testId="74c2cce5-ebe1-36b2-27f2-dff1aa6c897b" executionId="d5c568f5-836b-4080-b713-ea95378ed332" testListId="8c84fa94-04c1-424b-9868-57a2d4851a1d" />
  </TestEntries>
  <TestLists>
    <TestList name="Results Not in a List" id="8c84fa94-04c1-424b-9868-57a2d4851a1d" />
    <TestList name="All Loaded Results" id="19431567-8539-422a-85d7-44ee4e166bda" />
  </TestLists>
  <ResultSummary outcome="Failed">
    <Counters total="5" executed="5" passed="0" failed="5" error="0" timeout="0" aborted="0" inconclusive="0" passedButRunAborted="0" notRunnable="0" notExecuted="0" disconnected="0" warning="0" completed="0" inProgress="0" pending="0" />
    <Output>
      <StdOut>NUnit Adapter 4.5.0.0: Test execution started&#xD;
Running selected tests in C:\Users\Remy.Miller\source\repos\PulseDonations\bin\Debug\net8.0\PulseDonations.dll&#xD;
   NUnit3TestExecutor discovered 5 of 5 NUnit test cases using Current Discovery mode, Non-Explicit run&#xD;
URL being use is: http://spulsetrain.wpbts.org.za/login/authenticate&#xD;
---------------- Starting Existing Donor Open Hamper Test ----------------&#xD;
URL being use is: http://spulsetrain.wpbts.org.za/login/authenticate&#xD;
---------------- Starting Existing Donor WholeBlood (Dry Pack) Test ----------------&#xD;
URL being use is: http://spulsetrain.wpbts.org.za/login/authenticate&#xD;
---------------- Starting Existing Donor Therapeutics (Dry Pack) Test ----------------&#xD;
URL being use is: http://spulsetrain.wpbts.org.za/login/authenticate&#xD;
---------------- Starting Existing Donor Blood/Sample Tests (Test Only) Test ----------------&#xD;
URL being use is: http://spulsetrain.wpbts.org.za/login/authenticate&#xD;
---------------- Starting Existing Donor Close Hamper Test ----------------&#xD;
NUnit Adapter 4.5.0.0: Test execution complete&#xD;
</StdOut>
    </Output>
  </ResultSummary>
</TestRun>