<?xml version="1.0" encoding="utf-8"?>
<TestRun id="57bb76e2-dc59-412b-9021-45bc57823e3a" name="Remy.Miller@LT-6MQPN94 2025-08-05 10:23:23" runUser="WPBTS\Remy.Miller" xmlns="http://microsoft.com/schemas/VisualStudio/TeamTest/2010">
  <Times creation="2025-08-05T10:23:23.3441832+02:00" queuing="2025-08-05T10:23:23.3441836+02:00" start="2025-08-05T10:22:59.1346596+02:00" finish="2025-08-05T10:33:14.0426346+02:00" />
  <TestSettings name="default" id="7c30dc99-1b49-4cf9-bcd3-637022f336ad">
    <Deployment runDeploymentRoot="Remy.Miller_LT-6MQPN94_2025-08-05_10_23_23" />
  </TestSettings>
  <Results>
    <UnitTestResult executionId="d3bd3571-271e-40ba-9415-d07725fe89a0" testId="74c2cce5-ebe1-36b2-27f2-dff1aa6c897b" testName="EDBloodSampleTests_TestOnly" computerName="LT-6MQPN94" duration="00:01:21.3731200" startTime="2025-08-05T10:31:32.7288640+02:00" endTime="2025-08-05T10:32:54.1017151+02:00" testType="13cdc9d9-ddb5-4fa4-a97d-d965ccfc6d4b" outcome="Passed" testListId="8c84fa94-04c1-424b-9868-57a2d4851a1d" relativeResultsDirectory="d3bd3571-271e-40ba-9415-d07725fe89a0" />
    <UnitTestResult executionId="1b7d3ba9-2eae-410b-86c2-a91af5c28e0e" testId="0f9dcdab-4e4a-372a-687d-3e98ad899885" testName="EDOpenHamper" computerName="LT-6MQPN94" duration="00:00:23.5949620" startTime="2025-08-05T10:22:59.6962657+02:00" endTime="2025-08-05T10:23:23.2910032+02:00" testType="13cdc9d9-ddb5-4fa4-a97d-d965ccfc6d4b" outcome="Passed" testListId="8c84fa94-04c1-424b-9868-57a2d4851a1d" relativeResultsDirectory="1b7d3ba9-2eae-410b-86c2-a91af5c28e0e" />
    <UnitTestResult executionId="de49d5e0-654e-4636-a631-4ebaee1742fd" testId="ba53771e-b6f2-7141-28db-facb61d78880" testName="EDWholeBloodDryPack" computerName="LT-6MQPN94" duration="00:01:36.5965510" startTime="2025-08-05T10:23:23.2927702+02:00" endTime="2025-08-05T10:24:59.8889891+02:00" testType="13cdc9d9-ddb5-4fa4-a97d-d965ccfc6d4b" outcome="Passed" testListId="8c84fa94-04c1-424b-9868-57a2d4851a1d" relativeResultsDirectory="de49d5e0-654e-4636-a631-4ebaee1742fd" />
    <UnitTestResult executionId="8507a56f-f2cc-4e08-a7eb-0da06ca721cf" testId="e63f9856-93aa-2d49-3775-7e6f6894b6d0" testName="EDWholeBloodQuadPack" computerName="LT-6MQPN94" duration="00:01:50.8818240" startTime="2025-08-05T10:24:59.8890417+02:00" endTime="2025-08-05T10:26:50.7704878+02:00" testType="13cdc9d9-ddb5-4fa4-a97d-d965ccfc6d4b" outcome="Passed" testListId="8c84fa94-04c1-424b-9868-57a2d4851a1d" relativeResultsDirectory="8507a56f-f2cc-4e08-a7eb-0da06ca721cf" />
    <UnitTestResult executionId="f53d95c6-5b66-43fa-9128-256f9ff0798c" testId="9389d4da-34e7-bd68-3e76-4169365251de" testName="EDTherapeuticsQuadPack" computerName="LT-6MQPN94" duration="00:02:13.7375090" startTime="2025-08-05T10:29:18.9917463+02:00" endTime="2025-08-05T10:31:32.7288133+02:00" testType="13cdc9d9-ddb5-4fa4-a97d-d965ccfc6d4b" outcome="Passed" testListId="8c84fa94-04c1-424b-9868-57a2d4851a1d" relativeResultsDirectory="f53d95c6-5b66-43fa-9128-256f9ff0798c" />
    <UnitTestResult executionId="733562cb-a636-4797-800b-c9322282431f" testId="aa9fd853-82e4-5f75-e34a-499b2cd3141d" testName="EDCloseHamper" computerName="LT-6MQPN94" duration="00:00:19.8659320" startTime="2025-08-05T10:32:54.1017496+02:00" endTime="2025-08-05T10:33:13.9676151+02:00" testType="13cdc9d9-ddb5-4fa4-a97d-d965ccfc6d4b" outcome="Passed" testListId="8c84fa94-04c1-424b-9868-57a2d4851a1d" relativeResultsDirectory="733562cb-a636-4797-800b-c9322282431f" />
    <UnitTestResult executionId="a3694c57-0624-43ca-9b03-2fd16d2009e0" testId="abe05d47-d0db-f756-b040-9fd6e7d74977" testName="EDTherapeuticsDryPack" computerName="LT-6MQPN94" duration="00:02:28.2216230" startTime="2025-08-05T10:26:50.7705549+02:00" endTime="2025-08-05T10:29:18.9916752+02:00" testType="13cdc9d9-ddb5-4fa4-a97d-d965ccfc6d4b" outcome="Passed" testListId="8c84fa94-04c1-424b-9868-57a2d4851a1d" relativeResultsDirectory="a3694c57-0624-43ca-9b03-2fd16d2009e0" />
  </Results>
  <TestDefinitions>
    <UnitTest name="EDBloodSampleTests_TestOnly" storage="c:\users\remy.miller\source\repos\pulsedonations\bin\debug\net8.0\pulsedonations.dll" id="74c2cce5-ebe1-36b2-27f2-dff1aa6c897b">
      <Execution id="d3bd3571-271e-40ba-9415-d07725fe89a0" />
      <TestMethod codeBase="C:\Users\Remy.Miller\source\repos\PulseDonations\bin\Debug\net8.0\PulseDonations.dll" adapterTypeName="executor://nunit3testexecutor/" className="PulseDonations.Tests.ExistingDonorPositiveE2E" name="EDBloodSampleTests_TestOnly" />
    </UnitTest>
    <UnitTest name="EDWholeBloodQuadPack" storage="c:\users\remy.miller\source\repos\pulsedonations\bin\debug\net8.0\pulsedonations.dll" id="e63f9856-93aa-2d49-3775-7e6f6894b6d0">
      <Execution id="8507a56f-f2cc-4e08-a7eb-0da06ca721cf" />
      <TestMethod codeBase="C:\Users\Remy.Miller\source\repos\PulseDonations\bin\Debug\net8.0\PulseDonations.dll" adapterTypeName="executor://nunit3testexecutor/" className="PulseDonations.Tests.ExistingDonorPositiveE2E" name="EDWholeBloodQuadPack" />
    </UnitTest>
    <UnitTest name="EDCloseHamper" storage="c:\users\remy.miller\source\repos\pulsedonations\bin\debug\net8.0\pulsedonations.dll" id="aa9fd853-82e4-5f75-e34a-499b2cd3141d">
      <Execution id="733562cb-a636-4797-800b-c9322282431f" />
      <TestMethod codeBase="C:\Users\Remy.Miller\source\repos\PulseDonations\bin\Debug\net8.0\PulseDonations.dll" adapterTypeName="executor://nunit3testexecutor/" className="PulseDonations.Tests.ExistingDonorPositiveE2E" name="EDCloseHamper" />
    </UnitTest>
    <UnitTest name="EDTherapeuticsDryPack" storage="c:\users\remy.miller\source\repos\pulsedonations\bin\debug\net8.0\pulsedonations.dll" id="abe05d47-d0db-f756-b040-9fd6e7d74977">
      <Execution id="a3694c57-0624-43ca-9b03-2fd16d2009e0" />
      <TestMethod codeBase="C:\Users\Remy.Miller\source\repos\PulseDonations\bin\Debug\net8.0\PulseDonations.dll" adapterTypeName="executor://nunit3testexecutor/" className="PulseDonations.Tests.ExistingDonorPositiveE2E" name="EDTherapeuticsDryPack" />
    </UnitTest>
    <UnitTest name="EDOpenHamper" storage="c:\users\remy.miller\source\repos\pulsedonations\bin\debug\net8.0\pulsedonations.dll" id="0f9dcdab-4e4a-372a-687d-3e98ad899885">
      <Execution id="1b7d3ba9-2eae-410b-86c2-a91af5c28e0e" />
      <TestMethod codeBase="C:\Users\Remy.Miller\source\repos\PulseDonations\bin\Debug\net8.0\PulseDonations.dll" adapterTypeName="executor://nunit3testexecutor/" className="PulseDonations.Tests.ExistingDonorPositiveE2E" name="EDOpenHamper" />
    </UnitTest>
    <UnitTest name="EDTherapeuticsQuadPack" storage="c:\users\remy.miller\source\repos\pulsedonations\bin\debug\net8.0\pulsedonations.dll" id="9389d4da-34e7-bd68-3e76-4169365251de">
      <Execution id="f53d95c6-5b66-43fa-9128-256f9ff0798c" />
      <TestMethod codeBase="C:\Users\Remy.Miller\source\repos\PulseDonations\bin\Debug\net8.0\PulseDonations.dll" adapterTypeName="executor://nunit3testexecutor/" className="PulseDonations.Tests.ExistingDonorPositiveE2E" name="EDTherapeuticsQuadPack" />
    </UnitTest>
    <UnitTest name="EDWholeBloodDryPack" storage="c:\users\remy.miller\source\repos\pulsedonations\bin\debug\net8.0\pulsedonations.dll" id="ba53771e-b6f2-7141-28db-facb61d78880">
      <Execution id="de49d5e0-654e-4636-a631-4ebaee1742fd" />
      <TestMethod codeBase="C:\Users\Remy.Miller\source\repos\PulseDonations\bin\Debug\net8.0\PulseDonations.dll" adapterTypeName="executor://nunit3testexecutor/" className="PulseDonations.Tests.ExistingDonorPositiveE2E" name="EDWholeBloodDryPack" />
    </UnitTest>
  </TestDefinitions>
  <TestEntries>
    <TestEntry testId="74c2cce5-ebe1-36b2-27f2-dff1aa6c897b" executionId="d3bd3571-271e-40ba-9415-d07725fe89a0" testListId="8c84fa94-04c1-424b-9868-57a2d4851a1d" />
    <TestEntry testId="0f9dcdab-4e4a-372a-687d-3e98ad899885" executionId="1b7d3ba9-2eae-410b-86c2-a91af5c28e0e" testListId="8c84fa94-04c1-424b-9868-57a2d4851a1d" />
    <TestEntry testId="ba53771e-b6f2-7141-28db-facb61d78880" executionId="de49d5e0-654e-4636-a631-4ebaee1742fd" testListId="8c84fa94-04c1-424b-9868-57a2d4851a1d" />
    <TestEntry testId="e63f9856-93aa-2d49-3775-7e6f6894b6d0" executionId="8507a56f-f2cc-4e08-a7eb-0da06ca721cf" testListId="8c84fa94-04c1-424b-9868-57a2d4851a1d" />
    <TestEntry testId="9389d4da-34e7-bd68-3e76-4169365251de" executionId="f53d95c6-5b66-43fa-9128-256f9ff0798c" testListId="8c84fa94-04c1-424b-9868-57a2d4851a1d" />
    <TestEntry testId="aa9fd853-82e4-5f75-e34a-499b2cd3141d" executionId="733562cb-a636-4797-800b-c9322282431f" testListId="8c84fa94-04c1-424b-9868-57a2d4851a1d" />
    <TestEntry testId="abe05d47-d0db-f756-b040-9fd6e7d74977" executionId="a3694c57-0624-43ca-9b03-2fd16d2009e0" testListId="8c84fa94-04c1-424b-9868-57a2d4851a1d" />
  </TestEntries>
  <TestLists>
    <TestList name="Results Not in a List" id="8c84fa94-04c1-424b-9868-57a2d4851a1d" />
    <TestList name="All Loaded Results" id="19431567-8539-422a-85d7-44ee4e166bda" />
  </TestLists>
  <ResultSummary outcome="Completed">
    <Counters total="7" executed="7" passed="7" failed="0" error="0" timeout="0" aborted="0" inconclusive="0" passedButRunAborted="0" notRunnable="0" notExecuted="0" disconnected="0" warning="0" completed="0" inProgress="0" pending="0" />
    <Output>
      <StdOut>NUnit Adapter 4.5.0.0: Test execution started&#xD;
Running selected tests in C:\Users\Remy.Miller\source\repos\PulseDonations\bin\Debug\net8.0\PulseDonations.dll&#xD;
   NUnit3TestExecutor discovered 7 of 7 NUnit test cases using Current Discovery mode, Non-Explicit run&#xD;
Starting ChromeDriver 138.0.7204.183 (e90faf484ddbc033fc9bf337621761d3dd5c5289-refs/branch-heads/7204@{#2435}) on port 59037&#xD;
Only local connections are allowed.&#xD;
Please see https://chromedriver.chromium.org/security-considerations for suggestions on keeping ChromeDriver safe.&#xD;
ChromeDriver was started successfully on port 59037.&#xD;
---------------- Starting Existing Donor Open Hamper Test ----------------&#xD;
52107181&#xD;
Starting ChromeDriver 138.0.7204.183 (e90faf484ddbc033fc9bf337621761d3dd5c5289-refs/branch-heads/7204@{#2435}) on port 59074&#xD;
Only local connections are allowed.&#xD;
Please see https://chromedriver.chromium.org/security-considerations for suggestions on keeping ChromeDriver safe.&#xD;
ChromeDriver was started successfully on port 59074.&#xD;
---------------- Starting Existing Donor WholeBlood (Dry Pack) Test ----------------&#xD;
Iron Config: 1&#xD;
Batch Number: 72521681&#xD;
Expiry Date: 05/08/2025&#xD;
Serial Number: 21956901&#xD;
First Inital: c&#xD;
Second Initial: r&#xD;
DOB: 21/03/1990&#xD;
Phone Number: 0797134261&#xD;
Landline Number: 0394109073&#xD;
Sex at Birth: Female&#xD;
Female Donor&#xD;
12.6&#xD;
Test Category:  Whole Blood Donation&#xD;
Test Pack: Dry Pack&#xD;
Starting ChromeDriver 138.0.7204.183 (e90faf484ddbc033fc9bf337621761d3dd5c5289-refs/branch-heads/7204@{#2435}) on port 59132&#xD;
Only local connections are allowed.&#xD;
Please see https://chromedriver.chromium.org/security-considerations for suggestions on keeping ChromeDriver safe.&#xD;
ChromeDriver was started successfully on port 59132.&#xD;
---------------- Starting Existing Donor WholeBlood (Quad Pack) Test ----------------&#xD;
Iron Config: 1&#xD;
Batch Number: 78256874&#xD;
Expiry Date: 05/08/2025&#xD;
Serial Number: 98449949&#xD;
First Inital: a&#xD;
Second Initial: f&#xD;
DOB: 21/05/1986&#xD;
Phone Number: 0668852037&#xD;
Landline Number: 0535495188&#xD;
Sex at Birth: Female&#xD;
Female Donor&#xD;
13.3&#xD;
Test Category:  Whole Blood Donation&#xD;
Test Pack: Quad Pack&#xD;
Starting ChromeDriver 138.0.7204.183 (e90faf484ddbc033fc9bf337621761d3dd5c5289-refs/branch-heads/7204@{#2435}) on port 59187&#xD;
Only local connections are allowed.&#xD;
Please see https://chromedriver.chromium.org/security-considerations for suggestions on keeping ChromeDriver safe.&#xD;
ChromeDriver was started successfully on port 59187.&#xD;
---------------- Starting Existing Donor Therapeutics (Dry Pack) Test ----------------&#xD;
Iron Config: 0&#xD;
Batch Number: 73222677&#xD;
Expiry Date: 05/08/2025&#xD;
Serial Number: 92305204&#xD;
First Inital: r&#xD;
Second Initial: k&#xD;
DOB: 06/07/1988&#xD;
Phone Number: 0760663708&#xD;
Landline Number: 0365742843&#xD;
Sex at Birth: Male&#xD;
Male Donor&#xD;
14.4&#xD;
ID data sync issue&#xD;
\ud83d\udd0d Screenshot saved: C:\Users\Remy.Miller\source\repos\PulseDonations\Screenshots\05-08-2025\EDTherapeuticsDryPack_05082025_102713.png&#xD;
Starting ChromeDriver 138.0.7204.183 (e90faf484ddbc033fc9bf337621761d3dd5c5289-refs/branch-heads/7204@{#2435}) on port 59228&#xD;
Only local connections are allowed.&#xD;
Please see https://chromedriver.chromium.org/security-considerations for suggestions on keeping ChromeDriver safe.&#xD;
ChromeDriver was started successfully on port 59228.&#xD;
---------------- Starting Existing Donor Therapeutics (Dry Pack) Test ----------------&#xD;
Iron Config: 0&#xD;
Batch Number: 76511867&#xD;
Expiry Date: 05/08/2025&#xD;
Serial Number: 83154038&#xD;
First Inital: j&#xD;
Second Initial: a&#xD;
DOB: 08/02/1989&#xD;
Phone Number: 0612696914&#xD;
Landline Number: 0212351039&#xD;
Sex at Birth: Female&#xD;
Female Donor&#xD;
12.5&#xD;
Test Category:  Therapeutics&#xD;
Test Pack: Dry Pack&#xD;
Starting ChromeDriver 138.0.7204.183 (e90faf484ddbc033fc9bf337621761d3dd5c5289-refs/branch-heads/7204@{#2435}) on port 59327&#xD;
Only local connections are allowed.&#xD;
Please see https://chromedriver.chromium.org/security-considerations for suggestions on keeping ChromeDriver safe.&#xD;
ChromeDriver was started successfully on port 59327.&#xD;
---------------- Starting Existing Donor Therapeutics (Quad Pack) Test ----------------&#xD;
Iron Config: 0&#xD;
Batch Number: 18935698&#xD;
Expiry Date: 05/08/2025&#xD;
Serial Number: 42058070&#xD;
First Inital: p&#xD;
Second Initial: f&#xD;
DOB: 04/03/1994&#xD;
Phone Number: 0734161528&#xD;
Landline Number: 0583533730&#xD;
Sex at Birth: Female&#xD;
Female Donor&#xD;
13.2&#xD;
Test Category:  Therapeutics&#xD;
Test Pack: Quad Pack&#xD;
Starting ChromeDriver 138.0.7204.183 (e90faf484ddbc033fc9bf337621761d3dd5c5289-refs/branch-heads/7204@{#2435}) on port 59429&#xD;
Only local connections are allowed.&#xD;
Please see https://chromedriver.chromium.org/security-considerations for suggestions on keeping ChromeDriver safe.&#xD;
ChromeDriver was started successfully on port 59429.&#xD;
---------------- Starting Existing Donor Blood/Sample Tests (Test Only) Test ----------------&#xD;
Iron Config: 0&#xD;
Batch Number: 63759563&#xD;
Expiry Date: 05/08/2025&#xD;
Serial Number: 24227267&#xD;
First Inital: t&#xD;
Second Initial: s&#xD;
DOB: 11/09/1994&#xD;
Phone Number: 0688998155&#xD;
Landline Number: 0109816461&#xD;
Sex at Birth: Female&#xD;
Female Donor&#xD;
13.3&#xD;
Test Category:  Blood Samples/Tests&#xD;
Test Pack: Test Only&#xD;
Starting ChromeDriver 138.0.7204.183 (e90faf484ddbc033fc9bf337621761d3dd5c5289-refs/branch-heads/7204@{#2435}) on port 59505&#xD;
Only local connections are allowed.&#xD;
Please see https://chromedriver.chromium.org/security-considerations for suggestions on keeping ChromeDriver safe.&#xD;
ChromeDriver was started successfully on port 59505.&#xD;
---------------- Starting Existing Donor Close Hamper Test ----------------&#xD;
NUnit Adapter 4.5.0.0: Test execution complete&#xD;
</StdOut>
    </Output>
  </ResultSummary>
</TestRun>