<?xml version="1.0" encoding="utf-8"?>
<TestRun id="037ebad9-956c-4548-a678-bee65343b998" name="Remy.Miller@LT-6MQPN94 2025-08-05 14:42:10" runUser="WPBTS\Remy.Miller" xmlns="http://microsoft.com/schemas/VisualStudio/TeamTest/2010">
  <Times creation="2025-08-05T14:42:10.1070445+02:00" queuing="2025-08-05T14:42:10.1070450+02:00" start="2025-08-05T14:41:45.6655498+02:00" finish="2025-08-05T14:48:07.2449905+02:00" />
  <TestSettings name="default" id="592614b4-346c-4983-a621-6b8ae1d4d699">
    <Deployment runDeploymentRoot="Remy.Miller_LT-6MQPN94_2025-08-05_14_42_10" />
  </TestSettings>
  <Results>
    <UnitTestResult executionId="8ae65173-976d-41df-8976-e0a2c199e412" testId="0f9dcdab-4e4a-372a-687d-3e98ad899885" testName="EDOpenHamper" computerName="LT-6MQPN94" duration="00:00:23.8814880" startTime="2025-08-05T14:41:46.1915871+02:00" endTime="2025-08-05T14:42:10.0729885+02:00" testType="13cdc9d9-ddb5-4fa4-a97d-d965ccfc6d4b" outcome="Passed" testListId="8c84fa94-04c1-424b-9868-57a2d4851a1d" relativeResultsDirectory="8ae65173-976d-41df-8976-e0a2c199e412" />
    <UnitTestResult executionId="dd826aee-d322-48dc-b779-9fab1f7798b4" testId="74c2cce5-ebe1-36b2-27f2-dff1aa6c897b" testName="EDBloodSampleTests_TestOnly" computerName="LT-6MQPN94" duration="00:01:24.0549440" startTime="2025-08-05T14:46:23.3969327+02:00" endTime="2025-08-05T14:47:47.4517165+02:00" testType="13cdc9d9-ddb5-4fa4-a97d-d965ccfc6d4b" outcome="Failed" testListId="8c84fa94-04c1-424b-9868-57a2d4851a1d" relativeResultsDirectory="dd826aee-d322-48dc-b779-9fab1f7798b4">
      <Output>
        <ErrorInfo>
          <Message>OpenQA.Selenium.WebDriverTimeoutException : Timed out after 30 seconds&#xD;
  ----&gt; OpenQA.Selenium.NoSuchElementException : no such element: Unable to locate element: {"method":"css selector","selector":".mat-dialog-title"}&#xD;
  (Session info: chrome=138.0.7204.184); For documentation on this error, please visit: https://www.selenium.dev/documentation/webdriver/troubleshooting/errors#no-such-element-exception</Message>
          <StackTrace>   at OpenQA.Selenium.Support.UI.DefaultWait`1.ThrowTimeoutException(String exceptionMessage, Exception lastException)&#xD;
   at OpenQA.Selenium.Support.UI.DefaultWait`1.Until[TResult](Func`2 condition, CancellationToken token)&#xD;
   at OpenQA.Selenium.Support.UI.DefaultWait`1.Until[TResult](Func`2 condition)&#xD;
   at PulseDonations.PageObjects.Donations.RegistrationPage.updateFemaleExistingDonor() in C:\Users\Remy.Miller\source\repos\PulseDonations\PageObjects\Donations\RegistrationPage.cs:line 427&#xD;
   at PulseDonations.PageObjects.Donations.RegistrationPage.genderIdentification() in C:\Users\Remy.Miller\source\repos\PulseDonations\PageObjects\Donations\RegistrationPage.cs:line 224&#xD;
   at PulseDonations.Tests.ExistingDonorPositiveE2E.EDBloodSampleTests_TestOnly() in C:\Users\Remy.Miller\source\repos\PulseDonations\Tests\ExistingDonorPositiveE2E.cs:line 186&#xD;
   at System.RuntimeMethodHandle.InvokeMethod(Object target, Void** arguments, Signature sig, Boolean isConstructor)&#xD;
   at System.Reflection.MethodBaseInvoker.InvokeWithNoArgs(Object obj, BindingFlags invokeAttr)&#xD;
--NoSuchElementException&#xD;
   at OpenQA.Selenium.WebDriver.UnpackAndThrowOnError(Response errorResponse, String commandToExecute)&#xD;
   at OpenQA.Selenium.WebDriver.ExecuteAsync(String driverCommandToExecute, Dictionary`2 parameters)&#xD;
   at OpenQA.Selenium.WebDriver.Execute(String driverCommandToExecute, Dictionary`2 parameters)&#xD;
   at OpenQA.Selenium.WebDriver.FindElement(String mechanism, String value)&#xD;
   at OpenQA.Selenium.By.&lt;.ctor&gt;b__6_0(ISearchContext context)&#xD;
   at OpenQA.Selenium.By.FindElement(ISearchContext context)&#xD;
   at OpenQA.Selenium.WebDriver.FindElement(By by)&#xD;
   at SeleniumExtras.WaitHelpers.ExpectedConditions.&lt;&gt;c__DisplayClass7_0.&lt;ElementIsVisible&gt;b__0(IWebDriver driver)&#xD;
   at OpenQA.Selenium.Support.UI.DefaultWait`1.Until[TResult](Func`2 condition, CancellationToken token)
</StackTrace>
        </ErrorInfo>
      </Output>
    </UnitTestResult>
    <UnitTestResult executionId="533f769f-0461-4a26-971d-4d381e2e179e" testId="ba53771e-b6f2-7141-28db-facb61d78880" testName="EDWholeBloodDryPack" computerName="LT-6MQPN94" duration="00:02:03.0713210" startTime="2025-08-05T14:42:10.0738785+02:00" endTime="2025-08-05T14:44:13.1449653+02:00" testType="13cdc9d9-ddb5-4fa4-a97d-d965ccfc6d4b" outcome="Passed" testListId="8c84fa94-04c1-424b-9868-57a2d4851a1d" relativeResultsDirectory="533f769f-0461-4a26-971d-4d381e2e179e" />
    <UnitTestResult executionId="eed3b23a-5308-4382-904e-996d839fd6c6" testId="aa9fd853-82e4-5f75-e34a-499b2cd3141d" testName="EDCloseHamper" computerName="LT-6MQPN94" duration="00:00:19.7374400" startTime="2025-08-05T14:47:47.4519277+02:00" endTime="2025-08-05T14:48:07.1893296+02:00" testType="13cdc9d9-ddb5-4fa4-a97d-d965ccfc6d4b" outcome="Passed" testListId="8c84fa94-04c1-424b-9868-57a2d4851a1d" relativeResultsDirectory="eed3b23a-5308-4382-904e-996d839fd6c6" />
    <UnitTestResult executionId="725eb614-0b7a-47ab-acb4-95c2231d184d" testId="abe05d47-d0db-f756-b040-9fd6e7d74977" testName="EDTherapeuticsDryPack" computerName="LT-6MQPN94" duration="00:02:10.2521090" startTime="2025-08-05T14:44:13.1450284+02:00" endTime="2025-08-05T14:46:23.3968895+02:00" testType="13cdc9d9-ddb5-4fa4-a97d-d965ccfc6d4b" outcome="Passed" testListId="8c84fa94-04c1-424b-9868-57a2d4851a1d" relativeResultsDirectory="725eb614-0b7a-47ab-acb4-95c2231d184d" />
  </Results>
  <TestDefinitions>
    <UnitTest name="EDBloodSampleTests_TestOnly" storage="c:\users\remy.miller\source\repos\pulsedonations\bin\debug\net8.0\pulsedonations.dll" id="74c2cce5-ebe1-36b2-27f2-dff1aa6c897b">
      <Execution id="dd826aee-d322-48dc-b779-9fab1f7798b4" />
      <TestMethod codeBase="C:\Users\Remy.Miller\source\repos\PulseDonations\bin\Debug\net8.0\PulseDonations.dll" adapterTypeName="executor://nunit3testexecutor/" className="PulseDonations.Tests.ExistingDonorPositiveE2E" name="EDBloodSampleTests_TestOnly" />
    </UnitTest>
    <UnitTest name="EDCloseHamper" storage="c:\users\remy.miller\source\repos\pulsedonations\bin\debug\net8.0\pulsedonations.dll" id="aa9fd853-82e4-5f75-e34a-499b2cd3141d">
      <Execution id="eed3b23a-5308-4382-904e-996d839fd6c6" />
      <TestMethod codeBase="C:\Users\Remy.Miller\source\repos\PulseDonations\bin\Debug\net8.0\PulseDonations.dll" adapterTypeName="executor://nunit3testexecutor/" className="PulseDonations.Tests.ExistingDonorPositiveE2E" name="EDCloseHamper" />
    </UnitTest>
    <UnitTest name="EDTherapeuticsDryPack" storage="c:\users\remy.miller\source\repos\pulsedonations\bin\debug\net8.0\pulsedonations.dll" id="abe05d47-d0db-f756-b040-9fd6e7d74977">
      <Execution id="725eb614-0b7a-47ab-acb4-95c2231d184d" />
      <TestMethod codeBase="C:\Users\Remy.Miller\source\repos\PulseDonations\bin\Debug\net8.0\PulseDonations.dll" adapterTypeName="executor://nunit3testexecutor/" className="PulseDonations.Tests.ExistingDonorPositiveE2E" name="EDTherapeuticsDryPack" />
    </UnitTest>
    <UnitTest name="EDOpenHamper" storage="c:\users\remy.miller\source\repos\pulsedonations\bin\debug\net8.0\pulsedonations.dll" id="0f9dcdab-4e4a-372a-687d-3e98ad899885">
      <Execution id="8ae65173-976d-41df-8976-e0a2c199e412" />
      <TestMethod codeBase="C:\Users\Remy.Miller\source\repos\PulseDonations\bin\Debug\net8.0\PulseDonations.dll" adapterTypeName="executor://nunit3testexecutor/" className="PulseDonations.Tests.ExistingDonorPositiveE2E" name="EDOpenHamper" />
    </UnitTest>
    <UnitTest name="EDWholeBloodDryPack" storage="c:\users\remy.miller\source\repos\pulsedonations\bin\debug\net8.0\pulsedonations.dll" id="ba53771e-b6f2-7141-28db-facb61d78880">
      <Execution id="533f769f-0461-4a26-971d-4d381e2e179e" />
      <TestMethod codeBase="C:\Users\Remy.Miller\source\repos\PulseDonations\bin\Debug\net8.0\PulseDonations.dll" adapterTypeName="executor://nunit3testexecutor/" className="PulseDonations.Tests.ExistingDonorPositiveE2E" name="EDWholeBloodDryPack" />
    </UnitTest>
  </TestDefinitions>
  <TestEntries>
    <TestEntry testId="0f9dcdab-4e4a-372a-687d-3e98ad899885" executionId="8ae65173-976d-41df-8976-e0a2c199e412" testListId="8c84fa94-04c1-424b-9868-57a2d4851a1d" />
    <TestEntry testId="74c2cce5-ebe1-36b2-27f2-dff1aa6c897b" executionId="dd826aee-d322-48dc-b779-9fab1f7798b4" testListId="8c84fa94-04c1-424b-9868-57a2d4851a1d" />
    <TestEntry testId="ba53771e-b6f2-7141-28db-facb61d78880" executionId="533f769f-0461-4a26-971d-4d381e2e179e" testListId="8c84fa94-04c1-424b-9868-57a2d4851a1d" />
    <TestEntry testId="aa9fd853-82e4-5f75-e34a-499b2cd3141d" executionId="eed3b23a-5308-4382-904e-996d839fd6c6" testListId="8c84fa94-04c1-424b-9868-57a2d4851a1d" />
    <TestEntry testId="abe05d47-d0db-f756-b040-9fd6e7d74977" executionId="725eb614-0b7a-47ab-acb4-95c2231d184d" testListId="8c84fa94-04c1-424b-9868-57a2d4851a1d" />
  </TestEntries>
  <TestLists>
    <TestList name="Results Not in a List" id="8c84fa94-04c1-424b-9868-57a2d4851a1d" />
    <TestList name="All Loaded Results" id="19431567-8539-422a-85d7-44ee4e166bda" />
  </TestLists>
  <ResultSummary outcome="Failed">
    <Counters total="5" executed="5" passed="4" failed="1" error="0" timeout="0" aborted="0" inconclusive="0" passedButRunAborted="0" notRunnable="0" notExecuted="0" disconnected="0" warning="0" completed="0" inProgress="0" pending="0" />
    <Output>
      <StdOut>NUnit Adapter 4.5.0.0: Test execution started&#xD;
Running selected tests in C:\Users\Remy.Miller\source\repos\PulseDonations\bin\Debug\net8.0\PulseDonations.dll&#xD;
   NUnit3TestExecutor discovered 5 of 5 NUnit test cases using Current Discovery mode, Non-Explicit run&#xD;
Starting ChromeDriver 138.0.7204.183 (e90faf484ddbc033fc9bf337621761d3dd5c5289-refs/branch-heads/7204@{#2435}) on port 53277&#xD;
Only local connections are allowed.&#xD;
Please see https://chromedriver.chromium.org/security-considerations for suggestions on keeping ChromeDriver safe.&#xD;
ChromeDriver was started successfully on port 53277.&#xD;
---------------- Starting Existing Donor Open Hamper Test ----------------&#xD;
63186258&#xD;
Starting ChromeDriver 138.0.7204.183 (e90faf484ddbc033fc9bf337621761d3dd5c5289-refs/branch-heads/7204@{#2435}) on port 53312&#xD;
Only local connections are allowed.&#xD;
Please see https://chromedriver.chromium.org/security-considerations for suggestions on keeping ChromeDriver safe.&#xD;
ChromeDriver was started successfully on port 53312.&#xD;
---------------- Starting Existing Donor WholeBlood (Dry Pack) Test ----------------&#xD;
Iron Config: 0&#xD;
Batch Number: 82863781&#xD;
Expiry Date: 05/08/2025&#xD;
Serial Number: 91687302&#xD;
First Inital: a&#xD;
Second Initial: j&#xD;
DOB: 19/07/1986&#xD;
Phone Number: 0838888353&#xD;
Landline Number: 0118661297&#xD;
Sex at Birth: Female&#xD;
Female Donor&#xD;
12.5&#xD;
Test Category:  Whole Blood Donation&#xD;
Test Pack: Dry Pack&#xD;
Starting ChromeDriver 138.0.7204.183 (e90faf484ddbc033fc9bf337621761d3dd5c5289-refs/branch-heads/7204@{#2435}) on port 53370&#xD;
Only local connections are allowed.&#xD;
Please see https://chromedriver.chromium.org/security-considerations for suggestions on keeping ChromeDriver safe.&#xD;
ChromeDriver was started successfully on port 53370.&#xD;
---------------- Starting Existing Donor Therapeutics (Dry Pack) Test ----------------&#xD;
Iron Config: 0&#xD;
Batch Number: 44260414&#xD;
Expiry Date: 05/08/2025&#xD;
Serial Number: 90443012&#xD;
First Inital: a&#xD;
Second Initial: l&#xD;
DOB: 11/01/2001&#xD;
Phone Number: 0790701120&#xD;
Landline Number: 0425871786&#xD;
Sex at Birth: Male&#xD;
Male Donor&#xD;
13.6&#xD;
Test Category:  Therapeutics&#xD;
Test Pack: Dry Pack&#xD;
Starting ChromeDriver 138.0.7204.183 (e90faf484ddbc033fc9bf337621761d3dd5c5289-refs/branch-heads/7204@{#2435}) on port 53440&#xD;
Only local connections are allowed.&#xD;
Please see https://chromedriver.chromium.org/security-considerations for suggestions on keeping ChromeDriver safe.&#xD;
ChromeDriver was started successfully on port 53440.&#xD;
---------------- Starting Existing Donor Blood/Sample Tests (Test Only) Test ----------------&#xD;
Iron Config: 0&#xD;
Batch Number: 81603245&#xD;
Expiry Date: 05/08/2025&#xD;
Serial Number: 88564803&#xD;
First Inital: b&#xD;
Second Initial: t&#xD;
DOB: 09/09/2002&#xD;
Phone Number: 0845661655&#xD;
Landline Number: 0101477003&#xD;
Sex at Birth: Female&#xD;
Female Donor&#xD;
12.9&#xD;
\ud83d\udd0d Screenshot saved: C:\Users\Remy.Miller\source\repos\PulseDonations\Screenshots\05-08-2025\EDBloodSampleTests_TestOnly_05082025_144747.png&#xD;
Starting ChromeDriver 138.0.7204.183 (e90faf484ddbc033fc9bf337621761d3dd5c5289-refs/branch-heads/7204@{#2435}) on port 53490&#xD;
Only local connections are allowed.&#xD;
Please see https://chromedriver.chromium.org/security-considerations for suggestions on keeping ChromeDriver safe.&#xD;
ChromeDriver was started successfully on port 53490.&#xD;
---------------- Starting Existing Donor Close Hamper Test ----------------&#xD;
NUnit Adapter 4.5.0.0: Test execution complete&#xD;
</StdOut>
    </Output>
  </ResultSummary>
</TestRun>