<?xml version="1.0" encoding="utf-8"?>
<TestRun id="c78b4042-b620-49c6-af6b-dec0b1cb4c9d" name="Remy.Miller@LT-6MQPN94 2025-08-05 10:44:45" runUser="WPBTS\Remy.Miller" xmlns="http://microsoft.com/schemas/VisualStudio/TeamTest/2010">
  <Times creation="2025-08-05T10:44:45.9467220+02:00" queuing="2025-08-05T10:44:45.9467225+02:00" start="2025-08-05T10:44:22.0627620+02:00" finish="2025-08-05T10:53:16.3076816+02:00" />
  <TestSettings name="default" id="1d393915-0294-4ae5-a9b2-caf1c1dc4f7c">
    <Deployment runDeploymentRoot="Remy.Miller_LT-6MQPN94_2025-08-05_10_44_45" />
  </TestSettings>
  <Results>
    <UnitTestResult executionId="244f6cfc-9b59-4899-9f7d-3b74d586410d" testId="ba53771e-b6f2-7141-28db-facb61d78880" testName="EDWholeBloodDryPack" computerName="LT-6MQPN94" duration="00:01:35.8325810" startTime="2025-08-05T10:44:45.9084623+02:00" endTime="2025-08-05T10:46:21.7403882+02:00" testType="13cdc9d9-ddb5-4fa4-a97d-d965ccfc6d4b" outcome="Passed" testListId="8c84fa94-04c1-424b-9868-57a2d4851a1d" relativeResultsDirectory="244f6cfc-9b59-4899-9f7d-3b74d586410d" />
    <UnitTestResult executionId="e4b64af5-9360-4d41-bdfa-1f5b2044ed06" testId="0f9dcdab-4e4a-372a-687d-3e98ad899885" testName="EDOpenHamper" computerName="LT-6MQPN94" duration="00:00:23.2666860" startTime="2025-08-05T10:44:22.6403610+02:00" endTime="2025-08-05T10:44:45.9068400+02:00" testType="13cdc9d9-ddb5-4fa4-a97d-d965ccfc6d4b" outcome="Passed" testListId="8c84fa94-04c1-424b-9868-57a2d4851a1d" relativeResultsDirectory="e4b64af5-9360-4d41-bdfa-1f5b2044ed06" />
    <UnitTestResult executionId="8247cc86-54f7-4ad7-a83c-16e14def5ca2" testId="74c2cce5-ebe1-36b2-27f2-dff1aa6c897b" testName="EDBloodSampleTests_TestOnly" computerName="LT-6MQPN94" duration="00:01:19.5945880" startTime="2025-08-05T10:51:36.9282478+02:00" endTime="2025-08-05T10:52:56.5223344+02:00" testType="13cdc9d9-ddb5-4fa4-a97d-d965ccfc6d4b" outcome="Passed" testListId="8c84fa94-04c1-424b-9868-57a2d4851a1d" relativeResultsDirectory="8247cc86-54f7-4ad7-a83c-16e14def5ca2" />
    <UnitTestResult executionId="b593d583-f6b6-4c53-9b02-93fab8ad2199" testId="abe05d47-d0db-f756-b040-9fd6e7d74977" testName="EDTherapeuticsDryPack" computerName="LT-6MQPN94" duration="00:02:03.1792540" startTime="2025-08-05T10:47:53.9909465+02:00" endTime="2025-08-05T10:49:57.1693743+02:00" testType="13cdc9d9-ddb5-4fa4-a97d-d965ccfc6d4b" outcome="Passed" testListId="8c84fa94-04c1-424b-9868-57a2d4851a1d" relativeResultsDirectory="b593d583-f6b6-4c53-9b02-93fab8ad2199" />
    <UnitTestResult executionId="f8bd2d9f-48db-4d2c-a72c-1bd4dbaeaa22" testId="e63f9856-93aa-2d49-3775-7e6f6894b6d0" testName="EDWholeBloodQuadPack" computerName="LT-6MQPN94" duration="00:01:32.2510620" startTime="2025-08-05T10:46:21.7404579+02:00" endTime="2025-08-05T10:47:53.9909015+02:00" testType="13cdc9d9-ddb5-4fa4-a97d-d965ccfc6d4b" outcome="Passed" testListId="8c84fa94-04c1-424b-9868-57a2d4851a1d" relativeResultsDirectory="f8bd2d9f-48db-4d2c-a72c-1bd4dbaeaa22" />
    <UnitTestResult executionId="511a1fa1-b8c1-47e5-95d1-126de9fd9367" testId="aa9fd853-82e4-5f75-e34a-499b2cd3141d" testName="EDCloseHamper" computerName="LT-6MQPN94" duration="00:00:19.6807760" startTime="2025-08-05T10:52:56.5223823+02:00" endTime="2025-08-05T10:53:16.2030341+02:00" testType="13cdc9d9-ddb5-4fa4-a97d-d965ccfc6d4b" outcome="Passed" testListId="8c84fa94-04c1-424b-9868-57a2d4851a1d" relativeResultsDirectory="511a1fa1-b8c1-47e5-95d1-126de9fd9367" />
    <UnitTestResult executionId="b6a4f456-9099-4e54-afa5-38a41b389e36" testId="9389d4da-34e7-bd68-3e76-4169365251de" testName="EDTherapeuticsQuadPack" computerName="LT-6MQPN94" duration="00:01:39.7593810" startTime="2025-08-05T10:49:57.1694186+02:00" endTime="2025-08-05T10:51:36.9281624+02:00" testType="13cdc9d9-ddb5-4fa4-a97d-d965ccfc6d4b" outcome="Passed" testListId="8c84fa94-04c1-424b-9868-57a2d4851a1d" relativeResultsDirectory="b6a4f456-9099-4e54-afa5-38a41b389e36" />
  </Results>
  <TestDefinitions>
    <UnitTest name="EDBloodSampleTests_TestOnly" storage="c:\users\remy.miller\source\repos\pulsedonations\bin\debug\net8.0\pulsedonations.dll" id="74c2cce5-ebe1-36b2-27f2-dff1aa6c897b">
      <Execution id="8247cc86-54f7-4ad7-a83c-16e14def5ca2" />
      <TestMethod codeBase="C:\Users\Remy.Miller\source\repos\PulseDonations\bin\Debug\net8.0\PulseDonations.dll" adapterTypeName="executor://nunit3testexecutor/" className="PulseDonations.Tests.ExistingDonorPositiveE2E" name="EDBloodSampleTests_TestOnly" />
    </UnitTest>
    <UnitTest name="EDWholeBloodQuadPack" storage="c:\users\remy.miller\source\repos\pulsedonations\bin\debug\net8.0\pulsedonations.dll" id="e63f9856-93aa-2d49-3775-7e6f6894b6d0">
      <Execution id="f8bd2d9f-48db-4d2c-a72c-1bd4dbaeaa22" />
      <TestMethod codeBase="C:\Users\Remy.Miller\source\repos\PulseDonations\bin\Debug\net8.0\PulseDonations.dll" adapterTypeName="executor://nunit3testexecutor/" className="PulseDonations.Tests.ExistingDonorPositiveE2E" name="EDWholeBloodQuadPack" />
    </UnitTest>
    <UnitTest name="EDCloseHamper" storage="c:\users\remy.miller\source\repos\pulsedonations\bin\debug\net8.0\pulsedonations.dll" id="aa9fd853-82e4-5f75-e34a-499b2cd3141d">
      <Execution id="511a1fa1-b8c1-47e5-95d1-126de9fd9367" />
      <TestMethod codeBase="C:\Users\Remy.Miller\source\repos\PulseDonations\bin\Debug\net8.0\PulseDonations.dll" adapterTypeName="executor://nunit3testexecutor/" className="PulseDonations.Tests.ExistingDonorPositiveE2E" name="EDCloseHamper" />
    </UnitTest>
    <UnitTest name="EDTherapeuticsDryPack" storage="c:\users\remy.miller\source\repos\pulsedonations\bin\debug\net8.0\pulsedonations.dll" id="abe05d47-d0db-f756-b040-9fd6e7d74977">
      <Execution id="b593d583-f6b6-4c53-9b02-93fab8ad2199" />
      <TestMethod codeBase="C:\Users\Remy.Miller\source\repos\PulseDonations\bin\Debug\net8.0\PulseDonations.dll" adapterTypeName="executor://nunit3testexecutor/" className="PulseDonations.Tests.ExistingDonorPositiveE2E" name="EDTherapeuticsDryPack" />
    </UnitTest>
    <UnitTest name="EDOpenHamper" storage="c:\users\remy.miller\source\repos\pulsedonations\bin\debug\net8.0\pulsedonations.dll" id="0f9dcdab-4e4a-372a-687d-3e98ad899885">
      <Execution id="e4b64af5-9360-4d41-bdfa-1f5b2044ed06" />
      <TestMethod codeBase="C:\Users\Remy.Miller\source\repos\PulseDonations\bin\Debug\net8.0\PulseDonations.dll" adapterTypeName="executor://nunit3testexecutor/" className="PulseDonations.Tests.ExistingDonorPositiveE2E" name="EDOpenHamper" />
    </UnitTest>
    <UnitTest name="EDTherapeuticsQuadPack" storage="c:\users\remy.miller\source\repos\pulsedonations\bin\debug\net8.0\pulsedonations.dll" id="9389d4da-34e7-bd68-3e76-4169365251de">
      <Execution id="b6a4f456-9099-4e54-afa5-38a41b389e36" />
      <TestMethod codeBase="C:\Users\Remy.Miller\source\repos\PulseDonations\bin\Debug\net8.0\PulseDonations.dll" adapterTypeName="executor://nunit3testexecutor/" className="PulseDonations.Tests.ExistingDonorPositiveE2E" name="EDTherapeuticsQuadPack" />
    </UnitTest>
    <UnitTest name="EDWholeBloodDryPack" storage="c:\users\remy.miller\source\repos\pulsedonations\bin\debug\net8.0\pulsedonations.dll" id="ba53771e-b6f2-7141-28db-facb61d78880">
      <Execution id="244f6cfc-9b59-4899-9f7d-3b74d586410d" />
      <TestMethod codeBase="C:\Users\Remy.Miller\source\repos\PulseDonations\bin\Debug\net8.0\PulseDonations.dll" adapterTypeName="executor://nunit3testexecutor/" className="PulseDonations.Tests.ExistingDonorPositiveE2E" name="EDWholeBloodDryPack" />
    </UnitTest>
  </TestDefinitions>
  <TestEntries>
    <TestEntry testId="ba53771e-b6f2-7141-28db-facb61d78880" executionId="244f6cfc-9b59-4899-9f7d-3b74d586410d" testListId="8c84fa94-04c1-424b-9868-57a2d4851a1d" />
    <TestEntry testId="0f9dcdab-4e4a-372a-687d-3e98ad899885" executionId="e4b64af5-9360-4d41-bdfa-1f5b2044ed06" testListId="8c84fa94-04c1-424b-9868-57a2d4851a1d" />
    <TestEntry testId="74c2cce5-ebe1-36b2-27f2-dff1aa6c897b" executionId="8247cc86-54f7-4ad7-a83c-16e14def5ca2" testListId="8c84fa94-04c1-424b-9868-57a2d4851a1d" />
    <TestEntry testId="abe05d47-d0db-f756-b040-9fd6e7d74977" executionId="b593d583-f6b6-4c53-9b02-93fab8ad2199" testListId="8c84fa94-04c1-424b-9868-57a2d4851a1d" />
    <TestEntry testId="e63f9856-93aa-2d49-3775-7e6f6894b6d0" executionId="f8bd2d9f-48db-4d2c-a72c-1bd4dbaeaa22" testListId="8c84fa94-04c1-424b-9868-57a2d4851a1d" />
    <TestEntry testId="aa9fd853-82e4-5f75-e34a-499b2cd3141d" executionId="511a1fa1-b8c1-47e5-95d1-126de9fd9367" testListId="8c84fa94-04c1-424b-9868-57a2d4851a1d" />
    <TestEntry testId="9389d4da-34e7-bd68-3e76-4169365251de" executionId="b6a4f456-9099-4e54-afa5-38a41b389e36" testListId="8c84fa94-04c1-424b-9868-57a2d4851a1d" />
  </TestEntries>
  <TestLists>
    <TestList name="Results Not in a List" id="8c84fa94-04c1-424b-9868-57a2d4851a1d" />
    <TestList name="All Loaded Results" id="19431567-8539-422a-85d7-44ee4e166bda" />
  </TestLists>
  <ResultSummary outcome="Completed">
    <Counters total="7" executed="7" passed="7" failed="0" error="0" timeout="0" aborted="0" inconclusive="0" passedButRunAborted="0" notRunnable="0" notExecuted="0" disconnected="0" warning="0" completed="0" inProgress="0" pending="0" />
    <Output>
      <StdOut>NUnit Adapter 4.5.0.0: Test execution started&#xD;
Running selected tests in C:\Users\Remy.Miller\source\repos\PulseDonations\bin\Debug\net8.0\PulseDonations.dll&#xD;
   NUnit3TestExecutor discovered 7 of 7 NUnit test cases using Current Discovery mode, Non-Explicit run&#xD;
Starting ChromeDriver 138.0.7204.183 (e90faf484ddbc033fc9bf337621761d3dd5c5289-refs/branch-heads/7204@{#2435}) on port 60050&#xD;
Only local connections are allowed.&#xD;
Please see https://chromedriver.chromium.org/security-considerations for suggestions on keeping ChromeDriver safe.&#xD;
ChromeDriver was started successfully on port 60050.&#xD;
---------------- Starting Existing Donor Open Hamper Test ----------------&#xD;
11078765&#xD;
Starting ChromeDriver 138.0.7204.183 (e90faf484ddbc033fc9bf337621761d3dd5c5289-refs/branch-heads/7204@{#2435}) on port 60082&#xD;
Only local connections are allowed.&#xD;
Please see https://chromedriver.chromium.org/security-considerations for suggestions on keeping ChromeDriver safe.&#xD;
ChromeDriver was started successfully on port 60082.&#xD;
---------------- Starting Existing Donor WholeBlood (Dry Pack) Test ----------------&#xD;
Iron Config: 0&#xD;
Batch Number: 70094266&#xD;
Expiry Date: 05/08/2025&#xD;
Serial Number: 68027660&#xD;
First Inital: f&#xD;
Second Initial: m&#xD;
DOB: 06/11/1997&#xD;
Phone Number: 0667356578&#xD;
Landline Number: 0101324966&#xD;
Sex at Birth: Female&#xD;
Female Donor&#xD;
12.5&#xD;
Test Category:  Whole Blood Donation&#xD;
Test Pack: Dry Pack&#xD;
Starting ChromeDriver 138.0.7204.183 (e90faf484ddbc033fc9bf337621761d3dd5c5289-refs/branch-heads/7204@{#2435}) on port 60141&#xD;
Only local connections are allowed.&#xD;
Please see https://chromedriver.chromium.org/security-considerations for suggestions on keeping ChromeDriver safe.&#xD;
ChromeDriver was started successfully on port 60141.&#xD;
---------------- Starting Existing Donor WholeBlood (Quad Pack) Test ----------------&#xD;
Iron Config: 1&#xD;
Batch Number: 61342880&#xD;
Expiry Date: 05/08/2025&#xD;
Serial Number: 57166431&#xD;
First Inital: d&#xD;
Second Initial: n&#xD;
DOB: 19/01/1999&#xD;
Phone Number: 0654166915&#xD;
Landline Number: 0563901987&#xD;
Sex at Birth: Male&#xD;
Male Donor&#xD;
14.1&#xD;
Test Category:  Whole Blood Donation&#xD;
Test Pack: Quad Pack&#xD;
Starting ChromeDriver 138.0.7204.183 (e90faf484ddbc033fc9bf337621761d3dd5c5289-refs/branch-heads/7204@{#2435}) on port 60217&#xD;
Only local connections are allowed.&#xD;
Please see https://chromedriver.chromium.org/security-considerations for suggestions on keeping ChromeDriver safe.&#xD;
ChromeDriver was started successfully on port 60217.&#xD;
---------------- Starting Existing Donor Therapeutics (Dry Pack) Test ----------------&#xD;
Iron Config: 0&#xD;
Batch Number: 95247623&#xD;
Expiry Date: 05/08/2025&#xD;
Serial Number: 15991757&#xD;
First Inital: h&#xD;
Second Initial: t&#xD;
DOB: 20/06/2003&#xD;
Phone Number: 0661150343&#xD;
Landline Number: 0233609586&#xD;
Sex at Birth: Female&#xD;
Female Donor&#xD;
13.2&#xD;
Test Category:  Therapeutics&#xD;
Test Pack: Dry Pack&#xD;
Starting ChromeDriver 138.0.7204.183 (e90faf484ddbc033fc9bf337621761d3dd5c5289-refs/branch-heads/7204@{#2435}) on port 60277&#xD;
Only local connections are allowed.&#xD;
Please see https://chromedriver.chromium.org/security-considerations for suggestions on keeping ChromeDriver safe.&#xD;
ChromeDriver was started successfully on port 60277.&#xD;
---------------- Starting Existing Donor Therapeutics (Quad Pack) Test ----------------&#xD;
Iron Config: 0&#xD;
Batch Number: 33105329&#xD;
Expiry Date: 05/08/2025&#xD;
Serial Number: 58702986&#xD;
First Inital: r&#xD;
Second Initial: k&#xD;
DOB: 05/08/1999&#xD;
Phone Number: 0741513014&#xD;
Landline Number: 0395444488&#xD;
Sex at Birth: Female&#xD;
Female Donor&#xD;
12.5&#xD;
Test Category:  Therapeutics&#xD;
Test Pack: Quad Pack&#xD;
Starting ChromeDriver 138.0.7204.183 (e90faf484ddbc033fc9bf337621761d3dd5c5289-refs/branch-heads/7204@{#2435}) on port 60336&#xD;
Only local connections are allowed.&#xD;
Please see https://chromedriver.chromium.org/security-considerations for suggestions on keeping ChromeDriver safe.&#xD;
ChromeDriver was started successfully on port 60336.&#xD;
---------------- Starting Existing Donor Blood/Sample Tests (Test Only) Test ----------------&#xD;
Iron Config: 0&#xD;
Batch Number: 34596310&#xD;
Expiry Date: 05/08/2025&#xD;
Serial Number: 44591647&#xD;
First Inital: t&#xD;
Second Initial: k&#xD;
DOB: 12/05/1994&#xD;
Phone Number: 0634392934&#xD;
Landline Number: 0143076144&#xD;
Sex at Birth: Female&#xD;
Female Donor&#xD;
12.7&#xD;
Test Category:  Blood Samples/Tests&#xD;
Test Pack: Test Only&#xD;
Starting ChromeDriver 138.0.7204.183 (e90faf484ddbc033fc9bf337621761d3dd5c5289-refs/branch-heads/7204@{#2435}) on port 60385&#xD;
Only local connections are allowed.&#xD;
Please see https://chromedriver.chromium.org/security-considerations for suggestions on keeping ChromeDriver safe.&#xD;
ChromeDriver was started successfully on port 60385.&#xD;
---------------- Starting Existing Donor Close Hamper Test ----------------&#xD;
NUnit Adapter 4.5.0.0: Test execution complete&#xD;
</StdOut>
    </Output>
  </ResultSummary>
</TestRun>