<?xml version="1.0" encoding="utf-8"?>
<TestRun id="3bffab08-1254-4c5f-b789-41c3bd16c960" name="Remy.Miller@LT-6MQPN94 2025-08-05 10:11:18" runUser="WPBTS\Remy.Miller" xmlns="http://microsoft.com/schemas/VisualStudio/TeamTest/2010">
  <Times creation="2025-08-05T10:11:18.5220536+02:00" queuing="2025-08-05T10:11:18.5220540+02:00" start="2025-08-05T10:10:54.2921474+02:00" finish="2025-08-05T10:19:33.3063946+02:00" />
  <TestSettings name="default" id="e7bbadfc-4ce7-4e33-8471-fec05815dc09">
    <Deployment runDeploymentRoot="Remy.Miller_LT-6MQPN94_2025-08-05_10_11_18" />
  </TestSettings>
  <Results>
    <UnitTestResult executionId="16ac2b52-689a-4205-a235-bd96f3efa6b8" testId="9389d4da-34e7-bd68-3e76-4169365251de" testName="EDTherapeuticsQuadPack" computerName="LT-6MQPN94" duration="00:01:45.9950780" startTime="2025-08-05T10:16:06.8009266+02:00" endTime="2025-08-05T10:17:52.7956128+02:00" testType="13cdc9d9-ddb5-4fa4-a97d-d965ccfc6d4b" outcome="Passed" testListId="8c84fa94-04c1-424b-9868-57a2d4851a1d" relativeResultsDirectory="16ac2b52-689a-4205-a235-bd96f3efa6b8" />
    <UnitTestResult executionId="30211ad2-edf3-48dc-af35-532fae7bf84f" testId="ba53771e-b6f2-7141-28db-facb61d78880" testName="EDWholeBloodDryPack" computerName="LT-6MQPN94" duration="00:01:23.7617549" startTime="2025-08-05T10:11:18.4785966+02:00" endTime="2025-08-05T10:12:42.2400324+02:00" testType="13cdc9d9-ddb5-4fa4-a97d-d965ccfc6d4b" outcome="Failed" testListId="8c84fa94-04c1-424b-9868-57a2d4851a1d" relativeResultsDirectory="30211ad2-edf3-48dc-af35-532fae7bf84f">
      <Output>
        <ErrorInfo>
          <Message>OpenQA.Selenium.WebDriverTimeoutException : Timed out after 30 seconds&#xD;
  ----&gt; OpenQA.Selenium.NoSuchElementException : no such element: Unable to locate element: {"method":"css selector","selector":".mat-dialog-title"}&#xD;
  (Session info: chrome=138.0.7204.184); For documentation on this error, please visit: https://www.selenium.dev/documentation/webdriver/troubleshooting/errors#no-such-element-exception</Message>
          <StackTrace>   at OpenQA.Selenium.Support.UI.DefaultWait`1.ThrowTimeoutException(String exceptionMessage, Exception lastException)&#xD;
   at OpenQA.Selenium.Support.UI.DefaultWait`1.Until[TResult](Func`2 condition, CancellationToken token)&#xD;
   at OpenQA.Selenium.Support.UI.DefaultWait`1.Until[TResult](Func`2 condition)&#xD;
   at PulseDonations.PageObjects.Donations.RegistrationPage.updateFemaleExistingDonor() in C:\Users\Remy.Miller\source\repos\PulseDonations\PageObjects\Donations\RegistrationPage.cs:line 427&#xD;
   at PulseDonations.PageObjects.Donations.RegistrationPage.genderIdentification() in C:\Users\Remy.Miller\source\repos\PulseDonations\PageObjects\Donations\RegistrationPage.cs:line 224&#xD;
   at PulseDonations.Tests.ExistingDonorPositiveE2E.EDWholeBloodDryPack() in C:\Users\Remy.Miller\source\repos\PulseDonations\Tests\ExistingDonorPositiveE2E.cs:line 47&#xD;
   at System.RuntimeMethodHandle.InvokeMethod(Object target, Void** arguments, Signature sig, Boolean isConstructor)&#xD;
   at System.Reflection.MethodBaseInvoker.InvokeWithNoArgs(Object obj, BindingFlags invokeAttr)&#xD;
--NoSuchElementException&#xD;
   at OpenQA.Selenium.WebDriver.UnpackAndThrowOnError(Response errorResponse, String commandToExecute)&#xD;
   at OpenQA.Selenium.WebDriver.ExecuteAsync(String driverCommandToExecute, Dictionary`2 parameters)&#xD;
   at OpenQA.Selenium.WebDriver.Execute(String driverCommandToExecute, Dictionary`2 parameters)&#xD;
   at OpenQA.Selenium.WebDriver.FindElement(String mechanism, String value)&#xD;
   at OpenQA.Selenium.By.&lt;.ctor&gt;b__6_0(ISearchContext context)&#xD;
   at OpenQA.Selenium.By.FindElement(ISearchContext context)&#xD;
   at OpenQA.Selenium.WebDriver.FindElement(By by)&#xD;
   at SeleniumExtras.WaitHelpers.ExpectedConditions.&lt;&gt;c__DisplayClass7_0.&lt;ElementIsVisible&gt;b__0(IWebDriver driver)&#xD;
   at OpenQA.Selenium.Support.UI.DefaultWait`1.Until[TResult](Func`2 condition, CancellationToken token)
</StackTrace>
        </ErrorInfo>
      </Output>
    </UnitTestResult>
    <UnitTestResult executionId="6d1a3b1b-4e52-4bb5-9e14-f455d29ffb6e" testId="0f9dcdab-4e4a-372a-687d-3e98ad899885" testName="EDOpenHamper" computerName="LT-6MQPN94" duration="00:00:23.6286300" startTime="2025-08-05T10:10:54.8491921+02:00" endTime="2025-08-05T10:11:18.4776909+02:00" testType="13cdc9d9-ddb5-4fa4-a97d-d965ccfc6d4b" outcome="Passed" testListId="8c84fa94-04c1-424b-9868-57a2d4851a1d" relativeResultsDirectory="6d1a3b1b-4e52-4bb5-9e14-f455d29ffb6e" />
    <UnitTestResult executionId="2afebc5f-f814-4169-8e13-3b6a9ab7e79f" testId="e63f9856-93aa-2d49-3775-7e6f6894b6d0" testName="EDWholeBloodQuadPack" computerName="LT-6MQPN94" duration="00:01:31.0171930" startTime="2025-08-05T10:12:42.2403262+02:00" endTime="2025-08-05T10:14:13.2571742+02:00" testType="13cdc9d9-ddb5-4fa4-a97d-d965ccfc6d4b" outcome="Passed" testListId="8c84fa94-04c1-424b-9868-57a2d4851a1d" relativeResultsDirectory="2afebc5f-f814-4169-8e13-3b6a9ab7e79f" />
    <UnitTestResult executionId="78fe141c-43be-4557-acfe-8652c4730a12" testId="aa9fd853-82e4-5f75-e34a-499b2cd3141d" testName="EDCloseHamper" computerName="LT-6MQPN94" duration="00:00:19.7302940" startTime="2025-08-05T10:19:13.4913827+02:00" endTime="2025-08-05T10:19:33.2216074+02:00" testType="13cdc9d9-ddb5-4fa4-a97d-d965ccfc6d4b" outcome="Passed" testListId="8c84fa94-04c1-424b-9868-57a2d4851a1d" relativeResultsDirectory="78fe141c-43be-4557-acfe-8652c4730a12" />
    <UnitTestResult executionId="626ba681-e0b2-4ac3-ad12-83b6a8b0aec8" testId="abe05d47-d0db-f756-b040-9fd6e7d74977" testName="EDTherapeuticsDryPack" computerName="LT-6MQPN94" duration="00:01:53.5440800" startTime="2025-08-05T10:14:13.2572144+02:00" endTime="2025-08-05T10:16:06.8008738+02:00" testType="13cdc9d9-ddb5-4fa4-a97d-d965ccfc6d4b" outcome="Passed" testListId="8c84fa94-04c1-424b-9868-57a2d4851a1d" relativeResultsDirectory="626ba681-e0b2-4ac3-ad12-83b6a8b0aec8" />
    <UnitTestResult executionId="13b84c3d-502f-4af2-a02d-f005384784ce" testId="74c2cce5-ebe1-36b2-27f2-dff1aa6c897b" testName="EDBloodSampleTests_TestOnly" computerName="LT-6MQPN94" duration="00:01:20.6959760" startTime="2025-08-05T10:17:52.7956578+02:00" endTime="2025-08-05T10:19:13.4913379+02:00" testType="13cdc9d9-ddb5-4fa4-a97d-d965ccfc6d4b" outcome="Passed" testListId="8c84fa94-04c1-424b-9868-57a2d4851a1d" relativeResultsDirectory="13b84c3d-502f-4af2-a02d-f005384784ce" />
  </Results>
  <TestDefinitions>
    <UnitTest name="EDBloodSampleTests_TestOnly" storage="c:\users\remy.miller\source\repos\pulsedonations\bin\debug\net8.0\pulsedonations.dll" id="74c2cce5-ebe1-36b2-27f2-dff1aa6c897b">
      <Execution id="13b84c3d-502f-4af2-a02d-f005384784ce" />
      <TestMethod codeBase="C:\Users\Remy.Miller\source\repos\PulseDonations\bin\Debug\net8.0\PulseDonations.dll" adapterTypeName="executor://nunit3testexecutor/" className="PulseDonations.Tests.ExistingDonorPositiveE2E" name="EDBloodSampleTests_TestOnly" />
    </UnitTest>
    <UnitTest name="EDWholeBloodQuadPack" storage="c:\users\remy.miller\source\repos\pulsedonations\bin\debug\net8.0\pulsedonations.dll" id="e63f9856-93aa-2d49-3775-7e6f6894b6d0">
      <Execution id="2afebc5f-f814-4169-8e13-3b6a9ab7e79f" />
      <TestMethod codeBase="C:\Users\Remy.Miller\source\repos\PulseDonations\bin\Debug\net8.0\PulseDonations.dll" adapterTypeName="executor://nunit3testexecutor/" className="PulseDonations.Tests.ExistingDonorPositiveE2E" name="EDWholeBloodQuadPack" />
    </UnitTest>
    <UnitTest name="EDCloseHamper" storage="c:\users\remy.miller\source\repos\pulsedonations\bin\debug\net8.0\pulsedonations.dll" id="aa9fd853-82e4-5f75-e34a-499b2cd3141d">
      <Execution id="78fe141c-43be-4557-acfe-8652c4730a12" />
      <TestMethod codeBase="C:\Users\Remy.Miller\source\repos\PulseDonations\bin\Debug\net8.0\PulseDonations.dll" adapterTypeName="executor://nunit3testexecutor/" className="PulseDonations.Tests.ExistingDonorPositiveE2E" name="EDCloseHamper" />
    </UnitTest>
    <UnitTest name="EDTherapeuticsDryPack" storage="c:\users\remy.miller\source\repos\pulsedonations\bin\debug\net8.0\pulsedonations.dll" id="abe05d47-d0db-f756-b040-9fd6e7d74977">
      <Execution id="626ba681-e0b2-4ac3-ad12-83b6a8b0aec8" />
      <TestMethod codeBase="C:\Users\Remy.Miller\source\repos\PulseDonations\bin\Debug\net8.0\PulseDonations.dll" adapterTypeName="executor://nunit3testexecutor/" className="PulseDonations.Tests.ExistingDonorPositiveE2E" name="EDTherapeuticsDryPack" />
    </UnitTest>
    <UnitTest name="EDOpenHamper" storage="c:\users\remy.miller\source\repos\pulsedonations\bin\debug\net8.0\pulsedonations.dll" id="0f9dcdab-4e4a-372a-687d-3e98ad899885">
      <Execution id="6d1a3b1b-4e52-4bb5-9e14-f455d29ffb6e" />
      <TestMethod codeBase="C:\Users\Remy.Miller\source\repos\PulseDonations\bin\Debug\net8.0\PulseDonations.dll" adapterTypeName="executor://nunit3testexecutor/" className="PulseDonations.Tests.ExistingDonorPositiveE2E" name="EDOpenHamper" />
    </UnitTest>
    <UnitTest name="EDTherapeuticsQuadPack" storage="c:\users\remy.miller\source\repos\pulsedonations\bin\debug\net8.0\pulsedonations.dll" id="9389d4da-34e7-bd68-3e76-4169365251de">
      <Execution id="16ac2b52-689a-4205-a235-bd96f3efa6b8" />
      <TestMethod codeBase="C:\Users\Remy.Miller\source\repos\PulseDonations\bin\Debug\net8.0\PulseDonations.dll" adapterTypeName="executor://nunit3testexecutor/" className="PulseDonations.Tests.ExistingDonorPositiveE2E" name="EDTherapeuticsQuadPack" />
    </UnitTest>
    <UnitTest name="EDWholeBloodDryPack" storage="c:\users\remy.miller\source\repos\pulsedonations\bin\debug\net8.0\pulsedonations.dll" id="ba53771e-b6f2-7141-28db-facb61d78880">
      <Execution id="30211ad2-edf3-48dc-af35-532fae7bf84f" />
      <TestMethod codeBase="C:\Users\Remy.Miller\source\repos\PulseDonations\bin\Debug\net8.0\PulseDonations.dll" adapterTypeName="executor://nunit3testexecutor/" className="PulseDonations.Tests.ExistingDonorPositiveE2E" name="EDWholeBloodDryPack" />
    </UnitTest>
  </TestDefinitions>
  <TestEntries>
    <TestEntry testId="9389d4da-34e7-bd68-3e76-4169365251de" executionId="16ac2b52-689a-4205-a235-bd96f3efa6b8" testListId="8c84fa94-04c1-424b-9868-57a2d4851a1d" />
    <TestEntry testId="ba53771e-b6f2-7141-28db-facb61d78880" executionId="30211ad2-edf3-48dc-af35-532fae7bf84f" testListId="8c84fa94-04c1-424b-9868-57a2d4851a1d" />
    <TestEntry testId="0f9dcdab-4e4a-372a-687d-3e98ad899885" executionId="6d1a3b1b-4e52-4bb5-9e14-f455d29ffb6e" testListId="8c84fa94-04c1-424b-9868-57a2d4851a1d" />
    <TestEntry testId="e63f9856-93aa-2d49-3775-7e6f6894b6d0" executionId="2afebc5f-f814-4169-8e13-3b6a9ab7e79f" testListId="8c84fa94-04c1-424b-9868-57a2d4851a1d" />
    <TestEntry testId="aa9fd853-82e4-5f75-e34a-499b2cd3141d" executionId="78fe141c-43be-4557-acfe-8652c4730a12" testListId="8c84fa94-04c1-424b-9868-57a2d4851a1d" />
    <TestEntry testId="abe05d47-d0db-f756-b040-9fd6e7d74977" executionId="626ba681-e0b2-4ac3-ad12-83b6a8b0aec8" testListId="8c84fa94-04c1-424b-9868-57a2d4851a1d" />
    <TestEntry testId="74c2cce5-ebe1-36b2-27f2-dff1aa6c897b" executionId="13b84c3d-502f-4af2-a02d-f005384784ce" testListId="8c84fa94-04c1-424b-9868-57a2d4851a1d" />
  </TestEntries>
  <TestLists>
    <TestList name="Results Not in a List" id="8c84fa94-04c1-424b-9868-57a2d4851a1d" />
    <TestList name="All Loaded Results" id="19431567-8539-422a-85d7-44ee4e166bda" />
  </TestLists>
  <ResultSummary outcome="Failed">
    <Counters total="7" executed="7" passed="6" failed="1" error="0" timeout="0" aborted="0" inconclusive="0" passedButRunAborted="0" notRunnable="0" notExecuted="0" disconnected="0" warning="0" completed="0" inProgress="0" pending="0" />
    <Output>
      <StdOut>NUnit Adapter 4.5.0.0: Test execution started&#xD;
Running selected tests in C:\Users\Remy.Miller\source\repos\PulseDonations\bin\Debug\net8.0\PulseDonations.dll&#xD;
   NUnit3TestExecutor discovered 7 of 7 NUnit test cases using Current Discovery mode, Non-Explicit run&#xD;
Starting ChromeDriver 138.0.7204.183 (e90faf484ddbc033fc9bf337621761d3dd5c5289-refs/branch-heads/7204@{#2435}) on port 58404&#xD;
Only local connections are allowed.&#xD;
Please see https://chromedriver.chromium.org/security-considerations for suggestions on keeping ChromeDriver safe.&#xD;
ChromeDriver was started successfully on port 58404.&#xD;
---------------- Starting Existing Donor Open Hamper Test ----------------&#xD;
75555293&#xD;
Starting ChromeDriver 138.0.7204.183 (e90faf484ddbc033fc9bf337621761d3dd5c5289-refs/branch-heads/7204@{#2435}) on port 58446&#xD;
Only local connections are allowed.&#xD;
Please see https://chromedriver.chromium.org/security-considerations for suggestions on keeping ChromeDriver safe.&#xD;
ChromeDriver was started successfully on port 58446.&#xD;
---------------- Starting Existing Donor WholeBlood (Dry Pack) Test ----------------&#xD;
Iron Config: 0&#xD;
Batch Number: 15844658&#xD;
Expiry Date: 05/08/2025&#xD;
Serial Number: 81303283&#xD;
First Inital: t&#xD;
Second Initial: t&#xD;
DOB: 13/06/1993&#xD;
Phone Number: 0623864652&#xD;
Landline Number: 0330958702&#xD;
Sex at Birth: Female&#xD;
Female Donor&#xD;
12.9&#xD;
\ud83d\udd0d Screenshot saved: C:\Users\Remy.Miller\source\repos\PulseDonations\Screenshots\05-08-2025\EDWholeBloodDryPack_05082025_101241.png&#xD;
Starting ChromeDriver 138.0.7204.183 (e90faf484ddbc033fc9bf337621761d3dd5c5289-refs/branch-heads/7204@{#2435}) on port 58592&#xD;
Only local connections are allowed.&#xD;
Please see https://chromedriver.chromium.org/security-considerations for suggestions on keeping ChromeDriver safe.&#xD;
ChromeDriver was started successfully on port 58592.&#xD;
---------------- Starting Existing Donor WholeBlood (Quad Pack) Test ----------------&#xD;
Iron Config: 1&#xD;
Batch Number: 30548745&#xD;
Expiry Date: 05/08/2025&#xD;
Serial Number: 47645412&#xD;
First Inital: s&#xD;
Second Initial: f&#xD;
DOB: 17/09/1992&#xD;
Phone Number: 0681778601&#xD;
Landline Number: 0399578668&#xD;
Sex at Birth: Female&#xD;
Female Donor&#xD;
12.9&#xD;
Test Category:  Whole Blood Donation&#xD;
Test Pack: Quad Pack&#xD;
Starting ChromeDriver 138.0.7204.183 (e90faf484ddbc033fc9bf337621761d3dd5c5289-refs/branch-heads/7204@{#2435}) on port 58649&#xD;
Only local connections are allowed.&#xD;
Please see https://chromedriver.chromium.org/security-considerations for suggestions on keeping ChromeDriver safe.&#xD;
ChromeDriver was started successfully on port 58649.&#xD;
---------------- Starting Existing Donor Therapeutics (Dry Pack) Test ----------------&#xD;
Iron Config: 0&#xD;
Batch Number: 75742596&#xD;
Expiry Date: 05/08/2025&#xD;
Serial Number: 55237370&#xD;
First Inital: h&#xD;
Second Initial: c&#xD;
DOB: 10/10/1990&#xD;
Phone Number: 0600193535&#xD;
Landline Number: 0459788541&#xD;
Sex at Birth: Male&#xD;
Male Donor&#xD;
14.1&#xD;
ID error exists&#xD;
\ud83d\udd0d Screenshot saved: C:\Users\Remy.Miller\source\repos\PulseDonations\Screenshots\05-08-2025\EDTherapeuticsDryPack_05082025_101435.png&#xD;
Starting ChromeDriver 138.0.7204.183 (e90faf484ddbc033fc9bf337621761d3dd5c5289-refs/branch-heads/7204@{#2435}) on port 58691&#xD;
Only local connections are allowed.&#xD;
Please see https://chromedriver.chromium.org/security-considerations for suggestions on keeping ChromeDriver safe.&#xD;
ChromeDriver was started successfully on port 58691.&#xD;
---------------- Starting Existing Donor Therapeutics (Dry Pack) Test ----------------&#xD;
Iron Config: 0&#xD;
Batch Number: 50800759&#xD;
Expiry Date: 05/08/2025&#xD;
Serial Number: 32900325&#xD;
First Inital: r&#xD;
Second Initial: d&#xD;
DOB: 16/10/1997&#xD;
Phone Number: 0838544152&#xD;
Landline Number: 0409707645&#xD;
Sex at Birth: Male&#xD;
Male Donor&#xD;
13.5&#xD;
Test Category:  Therapeutics&#xD;
Test Pack: Dry Pack&#xD;
Starting ChromeDriver 138.0.7204.183 (e90faf484ddbc033fc9bf337621761d3dd5c5289-refs/branch-heads/7204@{#2435}) on port 58747&#xD;
Only local connections are allowed.&#xD;
Please see https://chromedriver.chromium.org/security-considerations for suggestions on keeping ChromeDriver safe.&#xD;
ChromeDriver was started successfully on port 58747.&#xD;
---------------- Starting Existing Donor Therapeutics (Quad Pack) Test ----------------&#xD;
Iron Config: 0&#xD;
Batch Number: 79434772&#xD;
Expiry Date: 05/08/2025&#xD;
Serial Number: 75288090&#xD;
First Inital: p&#xD;
Second Initial: h&#xD;
DOB: 06/07/1999&#xD;
Phone Number: 0843397278&#xD;
Landline Number: 0479488597&#xD;
No Donors available for initals and year provided&#xD;
\ud83d\udd0d Screenshot saved: C:\Users\Remy.Miller\source\repos\PulseDonations\Screenshots\05-08-2025\EDTherapeuticsQuadPack_05082025_101619.png&#xD;
Starting ChromeDriver 138.0.7204.183 (e90faf484ddbc033fc9bf337621761d3dd5c5289-refs/branch-heads/7204@{#2435}) on port 58779&#xD;
Only local connections are allowed.&#xD;
Please see https://chromedriver.chromium.org/security-considerations for suggestions on keeping ChromeDriver safe.&#xD;
ChromeDriver was started successfully on port 58779.&#xD;
---------------- Starting Existing Donor Therapeutics (Quad Pack) Test ----------------&#xD;
Iron Config: 1&#xD;
Batch Number: 64502403&#xD;
Expiry Date: 05/08/2025&#xD;
Serial Number: 29612841&#xD;
First Inital: t&#xD;
Second Initial: m&#xD;
DOB: 05/01/1992&#xD;
Phone Number: 0725998971&#xD;
Landline Number: 0173461861&#xD;
Sex at Birth: Female&#xD;
Female Donor&#xD;
13.0&#xD;
Test Category:  Therapeutics&#xD;
Test Pack: Quad Pack&#xD;
Starting ChromeDriver 138.0.7204.183 (e90faf484ddbc033fc9bf337621761d3dd5c5289-refs/branch-heads/7204@{#2435}) on port 58837&#xD;
Only local connections are allowed.&#xD;
Please see https://chromedriver.chromium.org/security-considerations for suggestions on keeping ChromeDriver safe.&#xD;
ChromeDriver was started successfully on port 58837.&#xD;
---------------- Starting Existing Donor Blood/Sample Tests (Test Only) Test ----------------&#xD;
Iron Config: 1&#xD;
Batch Number: 31956788&#xD;
Expiry Date: 05/08/2025&#xD;
Serial Number: 25746957&#xD;
First Inital: s&#xD;
Second Initial: n&#xD;
DOB: 23/10/1997&#xD;
Phone Number: 0650151989&#xD;
Landline Number: 0413320300&#xD;
Sex at Birth: Female&#xD;
Female Donor&#xD;
13.4&#xD;
Test Category:  Blood Samples/Tests&#xD;
Test Pack: Test Only&#xD;
Starting ChromeDriver 138.0.7204.183 (e90faf484ddbc033fc9bf337621761d3dd5c5289-refs/branch-heads/7204@{#2435}) on port 58915&#xD;
Only local connections are allowed.&#xD;
Please see https://chromedriver.chromium.org/security-considerations for suggestions on keeping ChromeDriver safe.&#xD;
ChromeDriver was started successfully on port 58915.&#xD;
---------------- Starting Existing Donor Close Hamper Test ----------------&#xD;
NUnit Adapter 4.5.0.0: Test execution complete&#xD;
</StdOut>
    </Output>
  </ResultSummary>
</TestRun>