<?xml version="1.0" encoding="utf-8"?>
<TestRun id="22195cf3-3895-475e-8ee4-fc0351d74880" name="Remy.Miller@LT-6MQPN94 2025-08-05 10:34:38" runUser="WPBTS\Remy.Miller" xmlns="http://microsoft.com/schemas/VisualStudio/TeamTest/2010">
  <Times creation="2025-08-05T10:34:38.5800042+02:00" queuing="2025-08-05T10:34:38.5800046+02:00" start="2025-08-05T10:34:14.4508315+02:00" finish="2025-08-05T10:42:40.1487694+02:00" />
  <TestSettings name="default" id="a5b11766-c97c-43ce-81c2-16785e54dc69">
    <Deployment runDeploymentRoot="Remy.Miller_LT-6MQPN94_2025-08-05_10_34_38" />
  </TestSettings>
  <Results>
    <UnitTestResult executionId="9c456a6a-fb32-4f01-8dff-a5a7be0cb680" testId="abe05d47-d0db-f756-b040-9fd6e7d74977" testName="EDTherapeuticsDryPack" computerName="LT-6MQPN94" duration="00:01:31.0810080" startTime="2025-08-05T10:37:52.9496419+02:00" endTime="2025-08-05T10:39:24.0299658+02:00" testType="13cdc9d9-ddb5-4fa4-a97d-d965ccfc6d4b" outcome="Passed" testListId="8c84fa94-04c1-424b-9868-57a2d4851a1d" relativeResultsDirectory="9c456a6a-fb32-4f01-8dff-a5a7be0cb680" />
    <UnitTestResult executionId="2bcf852d-b5e7-47f8-9c5c-4b4ad54b9f1b" testId="0f9dcdab-4e4a-372a-687d-3e98ad899885" testName="EDOpenHamper" computerName="LT-6MQPN94" duration="00:00:23.4888810" startTime="2025-08-05T10:34:15.0449744+02:00" endTime="2025-08-05T10:34:38.5336992+02:00" testType="13cdc9d9-ddb5-4fa4-a97d-d965ccfc6d4b" outcome="Passed" testListId="8c84fa94-04c1-424b-9868-57a2d4851a1d" relativeResultsDirectory="2bcf852d-b5e7-47f8-9c5c-4b4ad54b9f1b" />
    <UnitTestResult executionId="f78c3b81-4a0c-4ff9-a3be-89eb72807449" testId="aa9fd853-82e4-5f75-e34a-499b2cd3141d" testName="EDCloseHamper" computerName="LT-6MQPN94" duration="00:00:19.2805610" startTime="2025-08-05T10:42:20.8072564+02:00" endTime="2025-08-05T10:42:40.0876803+02:00" testType="13cdc9d9-ddb5-4fa4-a97d-d965ccfc6d4b" outcome="Passed" testListId="8c84fa94-04c1-424b-9868-57a2d4851a1d" relativeResultsDirectory="f78c3b81-4a0c-4ff9-a3be-89eb72807449" />
    <UnitTestResult executionId="433c74de-855c-4159-883c-714a530bf25e" testId="74c2cce5-ebe1-36b2-27f2-dff1aa6c897b" testName="EDBloodSampleTests_TestOnly" computerName="LT-6MQPN94" duration="00:01:21.3365360" startTime="2025-08-05T10:40:59.4712684+02:00" endTime="2025-08-05T10:42:20.8072264+02:00" testType="13cdc9d9-ddb5-4fa4-a97d-d965ccfc6d4b" outcome="Passed" testListId="8c84fa94-04c1-424b-9868-57a2d4851a1d" relativeResultsDirectory="433c74de-855c-4159-883c-714a530bf25e" />
    <UnitTestResult executionId="21a37236-5c67-48dc-8582-d7ffb038d319" testId="ba53771e-b6f2-7141-28db-facb61d78880" testName="EDWholeBloodDryPack" computerName="LT-6MQPN94" duration="00:01:36.5465130" startTime="2025-08-05T10:34:38.5355642+02:00" endTime="2025-08-05T10:36:15.0815207+02:00" testType="13cdc9d9-ddb5-4fa4-a97d-d965ccfc6d4b" outcome="Passed" testListId="8c84fa94-04c1-424b-9868-57a2d4851a1d" relativeResultsDirectory="21a37236-5c67-48dc-8582-d7ffb038d319" />
    <UnitTestResult executionId="a0eabce9-906f-4266-acc6-533d45e04c72" testId="9389d4da-34e7-bd68-3e76-4169365251de" testName="EDTherapeuticsQuadPack" computerName="LT-6MQPN94" duration="00:01:35.4418250" startTime="2025-08-05T10:39:24.0300708+02:00" endTime="2025-08-05T10:40:59.4711965+02:00" testType="13cdc9d9-ddb5-4fa4-a97d-d965ccfc6d4b" outcome="Passed" testListId="8c84fa94-04c1-424b-9868-57a2d4851a1d" relativeResultsDirectory="a0eabce9-906f-4266-acc6-533d45e04c72" />
    <UnitTestResult executionId="55ed67af-758a-49ec-8b24-176e0d665144" testId="e63f9856-93aa-2d49-3775-7e6f6894b6d0" testName="EDWholeBloodQuadPack" computerName="LT-6MQPN94" duration="00:01:37.8687720" startTime="2025-08-05T10:36:15.0815716+02:00" endTime="2025-08-05T10:37:52.9496086+02:00" testType="13cdc9d9-ddb5-4fa4-a97d-d965ccfc6d4b" outcome="Passed" testListId="8c84fa94-04c1-424b-9868-57a2d4851a1d" relativeResultsDirectory="55ed67af-758a-49ec-8b24-176e0d665144" />
  </Results>
  <TestDefinitions>
    <UnitTest name="EDBloodSampleTests_TestOnly" storage="c:\users\remy.miller\source\repos\pulsedonations\bin\debug\net8.0\pulsedonations.dll" id="74c2cce5-ebe1-36b2-27f2-dff1aa6c897b">
      <Execution id="433c74de-855c-4159-883c-714a530bf25e" />
      <TestMethod codeBase="C:\Users\Remy.Miller\source\repos\PulseDonations\bin\Debug\net8.0\PulseDonations.dll" adapterTypeName="executor://nunit3testexecutor/" className="PulseDonations.Tests.ExistingDonorPositiveE2E" name="EDBloodSampleTests_TestOnly" />
    </UnitTest>
    <UnitTest name="EDWholeBloodQuadPack" storage="c:\users\remy.miller\source\repos\pulsedonations\bin\debug\net8.0\pulsedonations.dll" id="e63f9856-93aa-2d49-3775-7e6f6894b6d0">
      <Execution id="55ed67af-758a-49ec-8b24-176e0d665144" />
      <TestMethod codeBase="C:\Users\Remy.Miller\source\repos\PulseDonations\bin\Debug\net8.0\PulseDonations.dll" adapterTypeName="executor://nunit3testexecutor/" className="PulseDonations.Tests.ExistingDonorPositiveE2E" name="EDWholeBloodQuadPack" />
    </UnitTest>
    <UnitTest name="EDCloseHamper" storage="c:\users\remy.miller\source\repos\pulsedonations\bin\debug\net8.0\pulsedonations.dll" id="aa9fd853-82e4-5f75-e34a-499b2cd3141d">
      <Execution id="f78c3b81-4a0c-4ff9-a3be-89eb72807449" />
      <TestMethod codeBase="C:\Users\Remy.Miller\source\repos\PulseDonations\bin\Debug\net8.0\PulseDonations.dll" adapterTypeName="executor://nunit3testexecutor/" className="PulseDonations.Tests.ExistingDonorPositiveE2E" name="EDCloseHamper" />
    </UnitTest>
    <UnitTest name="EDTherapeuticsDryPack" storage="c:\users\remy.miller\source\repos\pulsedonations\bin\debug\net8.0\pulsedonations.dll" id="abe05d47-d0db-f756-b040-9fd6e7d74977">
      <Execution id="9c456a6a-fb32-4f01-8dff-a5a7be0cb680" />
      <TestMethod codeBase="C:\Users\Remy.Miller\source\repos\PulseDonations\bin\Debug\net8.0\PulseDonations.dll" adapterTypeName="executor://nunit3testexecutor/" className="PulseDonations.Tests.ExistingDonorPositiveE2E" name="EDTherapeuticsDryPack" />
    </UnitTest>
    <UnitTest name="EDOpenHamper" storage="c:\users\remy.miller\source\repos\pulsedonations\bin\debug\net8.0\pulsedonations.dll" id="0f9dcdab-4e4a-372a-687d-3e98ad899885">
      <Execution id="2bcf852d-b5e7-47f8-9c5c-4b4ad54b9f1b" />
      <TestMethod codeBase="C:\Users\Remy.Miller\source\repos\PulseDonations\bin\Debug\net8.0\PulseDonations.dll" adapterTypeName="executor://nunit3testexecutor/" className="PulseDonations.Tests.ExistingDonorPositiveE2E" name="EDOpenHamper" />
    </UnitTest>
    <UnitTest name="EDTherapeuticsQuadPack" storage="c:\users\remy.miller\source\repos\pulsedonations\bin\debug\net8.0\pulsedonations.dll" id="9389d4da-34e7-bd68-3e76-4169365251de">
      <Execution id="a0eabce9-906f-4266-acc6-533d45e04c72" />
      <TestMethod codeBase="C:\Users\Remy.Miller\source\repos\PulseDonations\bin\Debug\net8.0\PulseDonations.dll" adapterTypeName="executor://nunit3testexecutor/" className="PulseDonations.Tests.ExistingDonorPositiveE2E" name="EDTherapeuticsQuadPack" />
    </UnitTest>
    <UnitTest name="EDWholeBloodDryPack" storage="c:\users\remy.miller\source\repos\pulsedonations\bin\debug\net8.0\pulsedonations.dll" id="ba53771e-b6f2-7141-28db-facb61d78880">
      <Execution id="21a37236-5c67-48dc-8582-d7ffb038d319" />
      <TestMethod codeBase="C:\Users\Remy.Miller\source\repos\PulseDonations\bin\Debug\net8.0\PulseDonations.dll" adapterTypeName="executor://nunit3testexecutor/" className="PulseDonations.Tests.ExistingDonorPositiveE2E" name="EDWholeBloodDryPack" />
    </UnitTest>
  </TestDefinitions>
  <TestEntries>
    <TestEntry testId="abe05d47-d0db-f756-b040-9fd6e7d74977" executionId="9c456a6a-fb32-4f01-8dff-a5a7be0cb680" testListId="8c84fa94-04c1-424b-9868-57a2d4851a1d" />
    <TestEntry testId="0f9dcdab-4e4a-372a-687d-3e98ad899885" executionId="2bcf852d-b5e7-47f8-9c5c-4b4ad54b9f1b" testListId="8c84fa94-04c1-424b-9868-57a2d4851a1d" />
    <TestEntry testId="aa9fd853-82e4-5f75-e34a-499b2cd3141d" executionId="f78c3b81-4a0c-4ff9-a3be-89eb72807449" testListId="8c84fa94-04c1-424b-9868-57a2d4851a1d" />
    <TestEntry testId="74c2cce5-ebe1-36b2-27f2-dff1aa6c897b" executionId="433c74de-855c-4159-883c-714a530bf25e" testListId="8c84fa94-04c1-424b-9868-57a2d4851a1d" />
    <TestEntry testId="ba53771e-b6f2-7141-28db-facb61d78880" executionId="21a37236-5c67-48dc-8582-d7ffb038d319" testListId="8c84fa94-04c1-424b-9868-57a2d4851a1d" />
    <TestEntry testId="9389d4da-34e7-bd68-3e76-4169365251de" executionId="a0eabce9-906f-4266-acc6-533d45e04c72" testListId="8c84fa94-04c1-424b-9868-57a2d4851a1d" />
    <TestEntry testId="e63f9856-93aa-2d49-3775-7e6f6894b6d0" executionId="55ed67af-758a-49ec-8b24-176e0d665144" testListId="8c84fa94-04c1-424b-9868-57a2d4851a1d" />
  </TestEntries>
  <TestLists>
    <TestList name="Results Not in a List" id="8c84fa94-04c1-424b-9868-57a2d4851a1d" />
    <TestList name="All Loaded Results" id="19431567-8539-422a-85d7-44ee4e166bda" />
  </TestLists>
  <ResultSummary outcome="Completed">
    <Counters total="7" executed="7" passed="7" failed="0" error="0" timeout="0" aborted="0" inconclusive="0" passedButRunAborted="0" notRunnable="0" notExecuted="0" disconnected="0" warning="0" completed="0" inProgress="0" pending="0" />
    <Output>
      <StdOut>NUnit Adapter 4.5.0.0: Test execution started&#xD;
Running selected tests in C:\Users\Remy.Miller\source\repos\PulseDonations\bin\Debug\net8.0\PulseDonations.dll&#xD;
   NUnit3TestExecutor discovered 7 of 7 NUnit test cases using Current Discovery mode, Non-Explicit run&#xD;
Starting ChromeDriver 138.0.7204.183 (e90faf484ddbc033fc9bf337621761d3dd5c5289-refs/branch-heads/7204@{#2435}) on port 59612&#xD;
Only local connections are allowed.&#xD;
Please see https://chromedriver.chromium.org/security-considerations for suggestions on keeping ChromeDriver safe.&#xD;
ChromeDriver was started successfully on port 59612.&#xD;
---------------- Starting Existing Donor Open Hamper Test ----------------&#xD;
91637669&#xD;
Starting ChromeDriver 138.0.7204.183 (e90faf484ddbc033fc9bf337621761d3dd5c5289-refs/branch-heads/7204@{#2435}) on port 59651&#xD;
Only local connections are allowed.&#xD;
Please see https://chromedriver.chromium.org/security-considerations for suggestions on keeping ChromeDriver safe.&#xD;
ChromeDriver was started successfully on port 59651.&#xD;
---------------- Starting Existing Donor WholeBlood (Dry Pack) Test ----------------&#xD;
Iron Config: 1&#xD;
Batch Number: 50522090&#xD;
Expiry Date: 05/08/2025&#xD;
Serial Number: 66985200&#xD;
First Inital: k&#xD;
Second Initial: n&#xD;
DOB: 17/11/1995&#xD;
Phone Number: 0688270488&#xD;
Landline Number: 0332749599&#xD;
Sex at Birth: Male&#xD;
Male Donor&#xD;
14.0&#xD;
Test Category:  Whole Blood Donation&#xD;
Test Pack: Dry Pack&#xD;
Starting ChromeDriver 138.0.7204.183 (e90faf484ddbc033fc9bf337621761d3dd5c5289-refs/branch-heads/7204@{#2435}) on port 59708&#xD;
Only local connections are allowed.&#xD;
Please see https://chromedriver.chromium.org/security-considerations for suggestions on keeping ChromeDriver safe.&#xD;
ChromeDriver was started successfully on port 59708.&#xD;
---------------- Starting Existing Donor WholeBlood (Quad Pack) Test ----------------&#xD;
Iron Config: 1&#xD;
Batch Number: 26769527&#xD;
Expiry Date: 05/08/2025&#xD;
Serial Number: 81638269&#xD;
First Inital: n&#xD;
Second Initial: s&#xD;
DOB: 03/04/1991&#xD;
Phone Number: 0835168872&#xD;
Landline Number: 0425880514&#xD;
Sex at Birth: Female&#xD;
Female Donor&#xD;
13.3&#xD;
Test Category:  Whole Blood Donation&#xD;
Test Pack: Quad Pack&#xD;
Starting ChromeDriver 138.0.7204.183 (e90faf484ddbc033fc9bf337621761d3dd5c5289-refs/branch-heads/7204@{#2435}) on port 59763&#xD;
Only local connections are allowed.&#xD;
Please see https://chromedriver.chromium.org/security-considerations for suggestions on keeping ChromeDriver safe.&#xD;
ChromeDriver was started successfully on port 59763.&#xD;
---------------- Starting Existing Donor Therapeutics (Dry Pack) Test ----------------&#xD;
Iron Config: 0&#xD;
Batch Number: 68679182&#xD;
Expiry Date: 05/08/2025&#xD;
Serial Number: 92039843&#xD;
First Inital: l&#xD;
Second Initial: g&#xD;
DOB: 07/06/1997&#xD;
Phone Number: 0676295448&#xD;
Landline Number: 0162413626&#xD;
Sex at Birth: Female&#xD;
Female Donor&#xD;
13.1&#xD;
Test Category:  Therapeutics&#xD;
Test Pack: Dry Pack&#xD;
Starting ChromeDriver 138.0.7204.183 (e90faf484ddbc033fc9bf337621761d3dd5c5289-refs/branch-heads/7204@{#2435}) on port 59846&#xD;
Only local connections are allowed.&#xD;
Please see https://chromedriver.chromium.org/security-considerations for suggestions on keeping ChromeDriver safe.&#xD;
ChromeDriver was started successfully on port 59846.&#xD;
---------------- Starting Existing Donor Therapeutics (Quad Pack) Test ----------------&#xD;
Iron Config: 0&#xD;
Batch Number: 77526840&#xD;
Expiry Date: 05/08/2025&#xD;
Serial Number: 86851185&#xD;
First Inital: l&#xD;
Second Initial: p&#xD;
DOB: 09/11/2002&#xD;
Phone Number: 0766944159&#xD;
Landline Number: 0146110690&#xD;
Sex at Birth: Female&#xD;
Female Donor&#xD;
13.4&#xD;
Test Category:  Therapeutics&#xD;
Test Pack: Quad Pack&#xD;
Starting ChromeDriver 138.0.7204.183 (e90faf484ddbc033fc9bf337621761d3dd5c5289-refs/branch-heads/7204@{#2435}) on port 59912&#xD;
Only local connections are allowed.&#xD;
Please see https://chromedriver.chromium.org/security-considerations for suggestions on keeping ChromeDriver safe.&#xD;
ChromeDriver was started successfully on port 59912.&#xD;
---------------- Starting Existing Donor Blood/Sample Tests (Test Only) Test ----------------&#xD;
Iron Config: 1&#xD;
Batch Number: 67673884&#xD;
Expiry Date: 05/08/2025&#xD;
Serial Number: 93819830&#xD;
First Inital: m&#xD;
Second Initial: s&#xD;
DOB: 21/10/1990&#xD;
Phone Number: 0845458512&#xD;
Landline Number: 0281488555&#xD;
Sex at Birth: Female&#xD;
Female Donor&#xD;
13.1&#xD;
Test Category:  Blood Samples/Tests&#xD;
Test Pack: Test Only&#xD;
Starting ChromeDriver 138.0.7204.183 (e90faf484ddbc033fc9bf337621761d3dd5c5289-refs/branch-heads/7204@{#2435}) on port 59981&#xD;
Only local connections are allowed.&#xD;
Please see https://chromedriver.chromium.org/security-considerations for suggestions on keeping ChromeDriver safe.&#xD;
ChromeDriver was started successfully on port 59981.&#xD;
---------------- Starting Existing Donor Close Hamper Test ----------------&#xD;
NUnit Adapter 4.5.0.0: Test execution complete&#xD;
</StdOut>
    </Output>
  </ResultSummary>
</TestRun>