<?xml version="1.0" encoding="utf-8"?>
<TestRun id="f80277e3-f4be-443a-8f85-3c2ad4a8ccdd" name="Remy.Miller@LT-6MQPN94 2025-08-05 13:57:24" runUser="WPBTS\Remy.Miller" xmlns="http://microsoft.com/schemas/VisualStudio/TeamTest/2010">
  <Times creation="2025-08-05T13:57:24.7442875+02:00" queuing="2025-08-05T13:57:24.7442881+02:00" start="2025-08-05T13:56:50.7580377+02:00" finish="2025-08-05T14:02:33.9867518+02:00" />
  <TestSettings name="default" id="39f31786-f06d-4fae-994a-c682992cb487">
    <Deployment runDeploymentRoot="Remy.Miller_LT-6MQPN94_2025-08-05_13_57_24" />
  </TestSettings>
  <Results>
    <UnitTestResult executionId="f23e212c-d34e-4be9-b71b-50b019df1a51" testId="ba53771e-b6f2-7141-28db-facb61d78880" testName="EDWholeBloodDryPack" computerName="LT-6MQPN94" duration="00:01:40.7922530" startTime="2025-08-05T13:57:24.6828726+02:00" endTime="2025-08-05T13:59:05.4749234+02:00" testType="13cdc9d9-ddb5-4fa4-a97d-d965ccfc6d4b" outcome="Passed" testListId="8c84fa94-04c1-424b-9868-57a2d4851a1d" relativeResultsDirectory="f23e212c-d34e-4be9-b71b-50b019df1a51" />
    <UnitTestResult executionId="13bdb5fe-bfec-42e9-86ba-fce8777a6dc5" testId="0f9dcdab-4e4a-372a-687d-3e98ad899885" testName="EDOpenHamper" computerName="LT-6MQPN94" duration="00:00:33.3829570" startTime="2025-08-05T13:56:51.2983759+02:00" endTime="2025-08-05T13:57:24.6811820+02:00" testType="13cdc9d9-ddb5-4fa4-a97d-d965ccfc6d4b" outcome="Passed" testListId="8c84fa94-04c1-424b-9868-57a2d4851a1d" relativeResultsDirectory="13bdb5fe-bfec-42e9-86ba-fce8777a6dc5" />
    <UnitTestResult executionId="f6d3ddc2-90b6-429f-ad41-5a029fb428be" testId="aa9fd853-82e4-5f75-e34a-499b2cd3141d" testName="EDCloseHamper" computerName="LT-6MQPN94" duration="00:00:19.8333380" startTime="2025-08-05T14:02:14.0957136+02:00" endTime="2025-08-05T14:02:33.9290113+02:00" testType="13cdc9d9-ddb5-4fa4-a97d-d965ccfc6d4b" outcome="Passed" testListId="8c84fa94-04c1-424b-9868-57a2d4851a1d" relativeResultsDirectory="f6d3ddc2-90b6-429f-ad41-5a029fb428be" />
    <UnitTestResult executionId="717f326a-d77c-4fb8-86c2-e07026924563" testId="74c2cce5-ebe1-36b2-27f2-dff1aa6c897b" testName="EDBloodSampleTests_TestOnly" computerName="LT-6MQPN94" duration="00:01:22.7994620" startTime="2025-08-05T14:00:51.2963822+02:00" endTime="2025-08-05T14:02:14.0956779+02:00" testType="13cdc9d9-ddb5-4fa4-a97d-d965ccfc6d4b" outcome="Passed" testListId="8c84fa94-04c1-424b-9868-57a2d4851a1d" relativeResultsDirectory="717f326a-d77c-4fb8-86c2-e07026924563" />
    <UnitTestResult executionId="316266cf-c280-4c93-a520-7e548d011a55" testId="abe05d47-d0db-f756-b040-9fd6e7d74977" testName="EDTherapeuticsDryPack" computerName="LT-6MQPN94" duration="00:01:45.8214770" startTime="2025-08-05T13:59:05.4749964+02:00" endTime="2025-08-05T14:00:51.2962615+02:00" testType="13cdc9d9-ddb5-4fa4-a97d-d965ccfc6d4b" outcome="Passed" testListId="8c84fa94-04c1-424b-9868-57a2d4851a1d" relativeResultsDirectory="316266cf-c280-4c93-a520-7e548d011a55" />
  </Results>
  <TestDefinitions>
    <UnitTest name="EDBloodSampleTests_TestOnly" storage="c:\users\remy.miller\source\repos\pulsedonations\bin\debug\net8.0\pulsedonations.dll" id="74c2cce5-ebe1-36b2-27f2-dff1aa6c897b">
      <Execution id="717f326a-d77c-4fb8-86c2-e07026924563" />
      <TestMethod codeBase="C:\Users\Remy.Miller\source\repos\PulseDonations\bin\Debug\net8.0\PulseDonations.dll" adapterTypeName="executor://nunit3testexecutor/" className="PulseDonations.Tests.ExistingDonorPositiveE2E" name="EDBloodSampleTests_TestOnly" />
    </UnitTest>
    <UnitTest name="EDCloseHamper" storage="c:\users\remy.miller\source\repos\pulsedonations\bin\debug\net8.0\pulsedonations.dll" id="aa9fd853-82e4-5f75-e34a-499b2cd3141d">
      <Execution id="f6d3ddc2-90b6-429f-ad41-5a029fb428be" />
      <TestMethod codeBase="C:\Users\Remy.Miller\source\repos\PulseDonations\bin\Debug\net8.0\PulseDonations.dll" adapterTypeName="executor://nunit3testexecutor/" className="PulseDonations.Tests.ExistingDonorPositiveE2E" name="EDCloseHamper" />
    </UnitTest>
    <UnitTest name="EDTherapeuticsDryPack" storage="c:\users\remy.miller\source\repos\pulsedonations\bin\debug\net8.0\pulsedonations.dll" id="abe05d47-d0db-f756-b040-9fd6e7d74977">
      <Execution id="316266cf-c280-4c93-a520-7e548d011a55" />
      <TestMethod codeBase="C:\Users\Remy.Miller\source\repos\PulseDonations\bin\Debug\net8.0\PulseDonations.dll" adapterTypeName="executor://nunit3testexecutor/" className="PulseDonations.Tests.ExistingDonorPositiveE2E" name="EDTherapeuticsDryPack" />
    </UnitTest>
    <UnitTest name="EDOpenHamper" storage="c:\users\remy.miller\source\repos\pulsedonations\bin\debug\net8.0\pulsedonations.dll" id="0f9dcdab-4e4a-372a-687d-3e98ad899885">
      <Execution id="13bdb5fe-bfec-42e9-86ba-fce8777a6dc5" />
      <TestMethod codeBase="C:\Users\Remy.Miller\source\repos\PulseDonations\bin\Debug\net8.0\PulseDonations.dll" adapterTypeName="executor://nunit3testexecutor/" className="PulseDonations.Tests.ExistingDonorPositiveE2E" name="EDOpenHamper" />
    </UnitTest>
    <UnitTest name="EDWholeBloodDryPack" storage="c:\users\remy.miller\source\repos\pulsedonations\bin\debug\net8.0\pulsedonations.dll" id="ba53771e-b6f2-7141-28db-facb61d78880">
      <Execution id="f23e212c-d34e-4be9-b71b-50b019df1a51" />
      <TestMethod codeBase="C:\Users\Remy.Miller\source\repos\PulseDonations\bin\Debug\net8.0\PulseDonations.dll" adapterTypeName="executor://nunit3testexecutor/" className="PulseDonations.Tests.ExistingDonorPositiveE2E" name="EDWholeBloodDryPack" />
    </UnitTest>
  </TestDefinitions>
  <TestEntries>
    <TestEntry testId="ba53771e-b6f2-7141-28db-facb61d78880" executionId="f23e212c-d34e-4be9-b71b-50b019df1a51" testListId="8c84fa94-04c1-424b-9868-57a2d4851a1d" />
    <TestEntry testId="0f9dcdab-4e4a-372a-687d-3e98ad899885" executionId="13bdb5fe-bfec-42e9-86ba-fce8777a6dc5" testListId="8c84fa94-04c1-424b-9868-57a2d4851a1d" />
    <TestEntry testId="aa9fd853-82e4-5f75-e34a-499b2cd3141d" executionId="f6d3ddc2-90b6-429f-ad41-5a029fb428be" testListId="8c84fa94-04c1-424b-9868-57a2d4851a1d" />
    <TestEntry testId="74c2cce5-ebe1-36b2-27f2-dff1aa6c897b" executionId="717f326a-d77c-4fb8-86c2-e07026924563" testListId="8c84fa94-04c1-424b-9868-57a2d4851a1d" />
    <TestEntry testId="abe05d47-d0db-f756-b040-9fd6e7d74977" executionId="316266cf-c280-4c93-a520-7e548d011a55" testListId="8c84fa94-04c1-424b-9868-57a2d4851a1d" />
  </TestEntries>
  <TestLists>
    <TestList name="Results Not in a List" id="8c84fa94-04c1-424b-9868-57a2d4851a1d" />
    <TestList name="All Loaded Results" id="19431567-8539-422a-85d7-44ee4e166bda" />
  </TestLists>
  <ResultSummary outcome="Completed">
    <Counters total="5" executed="5" passed="5" failed="0" error="0" timeout="0" aborted="0" inconclusive="0" passedButRunAborted="0" notRunnable="0" notExecuted="0" disconnected="0" warning="0" completed="0" inProgress="0" pending="0" />
    <Output>
      <StdOut>NUnit Adapter 4.5.0.0: Test execution started&#xD;
Running selected tests in C:\Users\Remy.Miller\source\repos\PulseDonations\bin\Debug\net8.0\PulseDonations.dll&#xD;
   NUnit3TestExecutor discovered 5 of 5 NUnit test cases using Current Discovery mode, Non-Explicit run&#xD;
Starting ChromeDriver 138.0.7204.183 (e90faf484ddbc033fc9bf337621761d3dd5c5289-refs/branch-heads/7204@{#2435}) on port 51604&#xD;
Only local connections are allowed.&#xD;
Please see https://chromedriver.chromium.org/security-considerations for suggestions on keeping ChromeDriver safe.&#xD;
ChromeDriver was started successfully on port 51604.&#xD;
---------------- Starting Existing Donor Open Hamper Test ----------------&#xD;
79478442&#xD;
Starting ChromeDriver 138.0.7204.183 (e90faf484ddbc033fc9bf337621761d3dd5c5289-refs/branch-heads/7204@{#2435}) on port 51675&#xD;
Only local connections are allowed.&#xD;
Please see https://chromedriver.chromium.org/security-considerations for suggestions on keeping ChromeDriver safe.&#xD;
ChromeDriver was started successfully on port 51675.&#xD;
---------------- Starting Existing Donor WholeBlood (Dry Pack) Test ----------------&#xD;
Iron Config: 1&#xD;
Batch Number: 82991348&#xD;
Expiry Date: 05/08/2025&#xD;
Serial Number: 24430290&#xD;
First Inital: l&#xD;
Second Initial: c&#xD;
DOB: 17/02/2004&#xD;
Phone Number: 0671239898&#xD;
Landline Number: 0487244400&#xD;
Sex at Birth: Female&#xD;
Female Donor&#xD;
13.2&#xD;
Test Category:  Whole Blood Donation&#xD;
Test Pack: Dry Pack&#xD;
Starting ChromeDriver 138.0.7204.183 (e90faf484ddbc033fc9bf337621761d3dd5c5289-refs/branch-heads/7204@{#2435}) on port 51767&#xD;
Only local connections are allowed.&#xD;
Please see https://chromedriver.chromium.org/security-considerations for suggestions on keeping ChromeDriver safe.&#xD;
ChromeDriver was started successfully on port 51767.&#xD;
---------------- Starting Existing Donor Therapeutics (Dry Pack) Test ----------------&#xD;
Iron Config: 0&#xD;
Batch Number: 32556081&#xD;
Expiry Date: 05/08/2025&#xD;
Serial Number: 57665292&#xD;
First Inital: n&#xD;
Second Initial: c&#xD;
DOB: 09/01/2004&#xD;
Phone Number: 0769904804&#xD;
Landline Number: 0513622182&#xD;
Sex at Birth: Female&#xD;
Female Donor&#xD;
12.5&#xD;
Test Category:  Therapeutics&#xD;
Test Pack: Dry Pack&#xD;
Starting ChromeDriver 138.0.7204.183 (e90faf484ddbc033fc9bf337621761d3dd5c5289-refs/branch-heads/7204@{#2435}) on port 51846&#xD;
Only local connections are allowed.&#xD;
Please see https://chromedriver.chromium.org/security-considerations for suggestions on keeping ChromeDriver safe.&#xD;
ChromeDriver was started successfully on port 51846.&#xD;
---------------- Starting Existing Donor Blood/Sample Tests (Test Only) Test ----------------&#xD;
Iron Config: 1&#xD;
Batch Number: 54861122&#xD;
Expiry Date: 05/08/2025&#xD;
Serial Number: 95068828&#xD;
First Inital: t&#xD;
Second Initial: k&#xD;
DOB: 03/06/2000&#xD;
Phone Number: 0663408344&#xD;
Landline Number: 0467319112&#xD;
Sex at Birth: Female&#xD;
Female Donor&#xD;
13.2&#xD;
Test Category:  Blood Samples/Tests&#xD;
Test Pack: Test Only&#xD;
Starting ChromeDriver 138.0.7204.183 (e90faf484ddbc033fc9bf337621761d3dd5c5289-refs/branch-heads/7204@{#2435}) on port 51901&#xD;
Only local connections are allowed.&#xD;
Please see https://chromedriver.chromium.org/security-considerations for suggestions on keeping ChromeDriver safe.&#xD;
ChromeDriver was started successfully on port 51901.&#xD;
---------------- Starting Existing Donor Close Hamper Test ----------------&#xD;
NUnit Adapter 4.5.0.0: Test execution complete&#xD;
</StdOut>
    </Output>
  </ResultSummary>
</TestRun>