<?xml version="1.0" encoding="utf-8"?>
<TestRun id="6ef43373-9179-4ab4-83da-8e6b4d517cab" name="Remy.Miller@LT-6MQPN94 2025-08-05 14:14:45" runUser="WPBTS\Remy.Miller" xmlns="http://microsoft.com/schemas/VisualStudio/TeamTest/2010">
  <Times creation="2025-08-05T14:14:45.0607323+02:00" queuing="2025-08-05T14:14:45.0607327+02:00" start="2025-08-05T14:14:44.3002189+02:00" finish="2025-08-05T14:14:45.0752149+02:00" />
  <TestSettings name="default" id="b0c6a465-7e75-47a9-b76f-a452f9e6bd79">
    <Deployment runDeploymentRoot="Remy.Miller_LT-6MQPN94_2025-08-05_14_14_45" />
  </TestSettings>
  <Results>
    <UnitTestResult executionId="20eff5a0-33d1-402c-8d3e-e88270f07d46" testId="abe05d47-d0db-f756-b040-9fd6e7d74977" testName="EDTherapeuticsDryPack" computerName="LT-6MQPN94" duration="00:00:00.0042880" startTime="2025-08-05T14:14:44.9473044+02:00" endTime="2025-08-05T14:14:44.9515917+02:00" testType="13cdc9d9-ddb5-4fa4-a97d-d965ccfc6d4b" outcome="Failed" testListId="8c84fa94-04c1-424b-9868-57a2d4851a1d" relativeResultsDirectory="20eff5a0-33d1-402c-8d3e-e88270f07d46">
      <Output>
        <ErrorInfo>
          <Message>System.NullReferenceException : Object reference not set to an instance of an object.&#xD;
TearDown : System.NullReferenceException : Object reference not set to an instance of an object.</Message>
          <StackTrace>   at PulseDonations.Tests.ExistingDonorPositiveE2E.EDTherapeuticsDryPack() in C:\Users\Remy.Miller\source\repos\PulseDonations\Tests\ExistingDonorPositiveE2E.cs:line 90&#xD;
   at System.RuntimeMethodHandle.InvokeMethod(Object target, Void** arguments, Signature sig, Boolean isConstructor)&#xD;
   at System.Reflection.MethodBaseInvoker.InvokeWithNoArgs(Object obj, BindingFlags invokeAttr)&#xD;
--TearDown&#xD;
   at PulseDonations.Utilities.ScreenshotHelper.CaptureScreenshot(IWebDriver driver) in C:\Users\Remy.Miller\source\repos\PulseDonations\Utilities\ScreenshotHelper.cs:line 18&#xD;
   at PulseDonations.Utilities.Setup.CloseBrowser() in C:\Users\Remy.Miller\source\repos\PulseDonations\Utilities\Setup.cs:line 121&#xD;
   at InvokeStub_Setup.CloseBrowser(Object, Object, IntPtr*)&#xD;
   at System.Reflection.MethodBaseInvoker.InvokeWithNoArgs(Object obj, BindingFlags invokeAttr)
</StackTrace>
        </ErrorInfo>
      </Output>
    </UnitTestResult>
    <UnitTestResult executionId="52177dab-1414-401e-b448-2704a7e003f6" testId="ba53771e-b6f2-7141-28db-facb61d78880" testName="EDWholeBloodDryPack" computerName="LT-6MQPN94" duration="00:00:00.0052010" startTime="2025-08-05T14:14:44.9420466+02:00" endTime="2025-08-05T14:14:44.9472477+02:00" testType="13cdc9d9-ddb5-4fa4-a97d-d965ccfc6d4b" outcome="Failed" testListId="8c84fa94-04c1-424b-9868-57a2d4851a1d" relativeResultsDirectory="52177dab-1414-401e-b448-2704a7e003f6">
      <Output>
        <ErrorInfo>
          <Message>System.NullReferenceException : Object reference not set to an instance of an object.&#xD;
TearDown : System.NullReferenceException : Object reference not set to an instance of an object.</Message>
          <StackTrace>   at PulseDonations.Tests.ExistingDonorPositiveE2E.EDWholeBloodDryPack() in C:\Users\Remy.Miller\source\repos\PulseDonations\Tests\ExistingDonorPositiveE2E.cs:line 43&#xD;
   at System.RuntimeMethodHandle.InvokeMethod(Object target, Void** arguments, Signature sig, Boolean isConstructor)&#xD;
   at System.Reflection.MethodBaseInvoker.InvokeWithNoArgs(Object obj, BindingFlags invokeAttr)&#xD;
--TearDown&#xD;
   at PulseDonations.Utilities.ScreenshotHelper.CaptureScreenshot(IWebDriver driver) in C:\Users\Remy.Miller\source\repos\PulseDonations\Utilities\ScreenshotHelper.cs:line 18&#xD;
   at PulseDonations.Utilities.Setup.CloseBrowser() in C:\Users\Remy.Miller\source\repos\PulseDonations\Utilities\Setup.cs:line 121&#xD;
   at InvokeStub_Setup.CloseBrowser(Object, Object, IntPtr*)&#xD;
   at System.Reflection.MethodBaseInvoker.InvokeWithNoArgs(Object obj, BindingFlags invokeAttr)
</StackTrace>
        </ErrorInfo>
      </Output>
    </UnitTestResult>
    <UnitTestResult executionId="38d6fb8c-d999-42d2-88d2-f8c2c89bee6d" testId="74c2cce5-ebe1-36b2-27f2-dff1aa6c897b" testName="EDBloodSampleTests_TestOnly" computerName="LT-6MQPN94" duration="00:00:00.0036970" startTime="2025-08-05T14:14:44.9516121+02:00" endTime="2025-08-05T14:14:44.9553090+02:00" testType="13cdc9d9-ddb5-4fa4-a97d-d965ccfc6d4b" outcome="Failed" testListId="8c84fa94-04c1-424b-9868-57a2d4851a1d" relativeResultsDirectory="38d6fb8c-d999-42d2-88d2-f8c2c89bee6d">
      <Output>
        <ErrorInfo>
          <Message>System.NullReferenceException : Object reference not set to an instance of an object.&#xD;
TearDown : System.NullReferenceException : Object reference not set to an instance of an object.</Message>
          <StackTrace>   at PulseDonations.Tests.ExistingDonorPositiveE2E.EDBloodSampleTests_TestOnly() in C:\Users\Remy.Miller\source\repos\PulseDonations\Tests\ExistingDonorPositiveE2E.cs:line 182&#xD;
   at System.RuntimeMethodHandle.InvokeMethod(Object target, Void** arguments, Signature sig, Boolean isConstructor)&#xD;
   at System.Reflection.MethodBaseInvoker.InvokeWithNoArgs(Object obj, BindingFlags invokeAttr)&#xD;
--TearDown&#xD;
   at PulseDonations.Utilities.ScreenshotHelper.CaptureScreenshot(IWebDriver driver) in C:\Users\Remy.Miller\source\repos\PulseDonations\Utilities\ScreenshotHelper.cs:line 18&#xD;
   at PulseDonations.Utilities.Setup.CloseBrowser() in C:\Users\Remy.Miller\source\repos\PulseDonations\Utilities\Setup.cs:line 121&#xD;
   at InvokeStub_Setup.CloseBrowser(Object, Object, IntPtr*)&#xD;
   at System.Reflection.MethodBaseInvoker.InvokeWithNoArgs(Object obj, BindingFlags invokeAttr)
</StackTrace>
        </ErrorInfo>
      </Output>
    </UnitTestResult>
    <UnitTestResult executionId="c2a4e489-1387-488a-a19c-73b5b61fe96f" testId="aa9fd853-82e4-5f75-e34a-499b2cd3141d" testName="EDCloseHamper" computerName="LT-6MQPN94" duration="00:00:00.0080530" startTime="2025-08-05T14:14:44.9553266+02:00" endTime="2025-08-05T14:14:44.9633792+02:00" testType="13cdc9d9-ddb5-4fa4-a97d-d965ccfc6d4b" outcome="Failed" testListId="8c84fa94-04c1-424b-9868-57a2d4851a1d" relativeResultsDirectory="c2a4e489-1387-488a-a19c-73b5b61fe96f">
      <Output>
        <ErrorInfo>
          <Message>System.NullReferenceException : Object reference not set to an instance of an object.&#xD;
TearDown : System.NullReferenceException : Object reference not set to an instance of an object.</Message>
          <StackTrace>   at PulseDonations.Tests.ExistingDonorPositiveE2E.EDCloseHamper() in C:\Users\Remy.Miller\source\repos\PulseDonations\Tests\ExistingDonorPositiveE2E.cs:line 363&#xD;
   at System.RuntimeMethodHandle.InvokeMethod(Object target, Void** arguments, Signature sig, Boolean isConstructor)&#xD;
   at System.Reflection.MethodBaseInvoker.InvokeWithNoArgs(Object obj, BindingFlags invokeAttr)&#xD;
--TearDown&#xD;
   at PulseDonations.Utilities.ScreenshotHelper.CaptureScreenshot(IWebDriver driver) in C:\Users\Remy.Miller\source\repos\PulseDonations\Utilities\ScreenshotHelper.cs:line 18&#xD;
   at PulseDonations.Utilities.Setup.CloseBrowser() in C:\Users\Remy.Miller\source\repos\PulseDonations\Utilities\Setup.cs:line 121&#xD;
   at InvokeStub_Setup.CloseBrowser(Object, Object, IntPtr*)&#xD;
   at System.Reflection.MethodBaseInvoker.InvokeWithNoArgs(Object obj, BindingFlags invokeAttr)
</StackTrace>
        </ErrorInfo>
      </Output>
    </UnitTestResult>
    <UnitTestResult executionId="a313afde-bbff-462e-8c46-3957f94a5037" testId="0f9dcdab-4e4a-372a-687d-3e98ad899885" testName="EDOpenHamper" computerName="LT-6MQPN94" duration="00:00:00.0755980" startTime="2025-08-05T14:14:44.8655463+02:00" endTime="2025-08-05T14:14:44.9410966+02:00" testType="13cdc9d9-ddb5-4fa4-a97d-d965ccfc6d4b" outcome="Failed" testListId="8c84fa94-04c1-424b-9868-57a2d4851a1d" relativeResultsDirectory="a313afde-bbff-462e-8c46-3957f94a5037">
      <Output>
        <ErrorInfo>
          <Message>System.NullReferenceException : Object reference not set to an instance of an object.&#xD;
TearDown : System.NullReferenceException : Object reference not set to an instance of an object.</Message>
          <StackTrace>   at PulseDonations.Tests.ExistingDonorPositiveE2E.EDOpenHamper() in C:\Users\Remy.Miller\source\repos\PulseDonations\Tests\ExistingDonorPositiveE2E.cs:line 29&#xD;
   at System.RuntimeMethodHandle.InvokeMethod(Object target, Void** arguments, Signature sig, Boolean isConstructor)&#xD;
   at System.Reflection.MethodBaseInvoker.InvokeWithNoArgs(Object obj, BindingFlags invokeAttr)&#xD;
--TearDown&#xD;
   at PulseDonations.Utilities.ScreenshotHelper.CaptureScreenshot(IWebDriver driver) in C:\Users\Remy.Miller\source\repos\PulseDonations\Utilities\ScreenshotHelper.cs:line 18&#xD;
   at PulseDonations.Utilities.Setup.CloseBrowser() in C:\Users\Remy.Miller\source\repos\PulseDonations\Utilities\Setup.cs:line 121&#xD;
   at System.RuntimeMethodHandle.InvokeMethod(Object target, Void** arguments, Signature sig, Boolean isConstructor)&#xD;
   at System.Reflection.MethodBaseInvoker.InvokeWithNoArgs(Object obj, BindingFlags invokeAttr)
</StackTrace>
        </ErrorInfo>
      </Output>
    </UnitTestResult>
  </Results>
  <TestDefinitions>
    <UnitTest name="EDBloodSampleTests_TestOnly" storage="c:\users\remy.miller\source\repos\pulsedonations\bin\debug\net8.0\pulsedonations.dll" id="74c2cce5-ebe1-36b2-27f2-dff1aa6c897b">
      <Execution id="38d6fb8c-d999-42d2-88d2-f8c2c89bee6d" />
      <TestMethod codeBase="C:\Users\Remy.Miller\source\repos\PulseDonations\bin\Debug\net8.0\PulseDonations.dll" adapterTypeName="executor://nunit3testexecutor/" className="PulseDonations.Tests.ExistingDonorPositiveE2E" name="EDBloodSampleTests_TestOnly" />
    </UnitTest>
    <UnitTest name="EDCloseHamper" storage="c:\users\remy.miller\source\repos\pulsedonations\bin\debug\net8.0\pulsedonations.dll" id="aa9fd853-82e4-5f75-e34a-499b2cd3141d">
      <Execution id="c2a4e489-1387-488a-a19c-73b5b61fe96f" />
      <TestMethod codeBase="C:\Users\Remy.Miller\source\repos\PulseDonations\bin\Debug\net8.0\PulseDonations.dll" adapterTypeName="executor://nunit3testexecutor/" className="PulseDonations.Tests.ExistingDonorPositiveE2E" name="EDCloseHamper" />
    </UnitTest>
    <UnitTest name="EDTherapeuticsDryPack" storage="c:\users\remy.miller\source\repos\pulsedonations\bin\debug\net8.0\pulsedonations.dll" id="abe05d47-d0db-f756-b040-9fd6e7d74977">
      <Execution id="20eff5a0-33d1-402c-8d3e-e88270f07d46" />
      <TestMethod codeBase="C:\Users\Remy.Miller\source\repos\PulseDonations\bin\Debug\net8.0\PulseDonations.dll" adapterTypeName="executor://nunit3testexecutor/" className="PulseDonations.Tests.ExistingDonorPositiveE2E" name="EDTherapeuticsDryPack" />
    </UnitTest>
    <UnitTest name="EDOpenHamper" storage="c:\users\remy.miller\source\repos\pulsedonations\bin\debug\net8.0\pulsedonations.dll" id="0f9dcdab-4e4a-372a-687d-3e98ad899885">
      <Execution id="a313afde-bbff-462e-8c46-3957f94a5037" />
      <TestMethod codeBase="C:\Users\Remy.Miller\source\repos\PulseDonations\bin\Debug\net8.0\PulseDonations.dll" adapterTypeName="executor://nunit3testexecutor/" className="PulseDonations.Tests.ExistingDonorPositiveE2E" name="EDOpenHamper" />
    </UnitTest>
    <UnitTest name="EDWholeBloodDryPack" storage="c:\users\remy.miller\source\repos\pulsedonations\bin\debug\net8.0\pulsedonations.dll" id="ba53771e-b6f2-7141-28db-facb61d78880">
      <Execution id="52177dab-1414-401e-b448-2704a7e003f6" />
      <TestMethod codeBase="C:\Users\Remy.Miller\source\repos\PulseDonations\bin\Debug\net8.0\PulseDonations.dll" adapterTypeName="executor://nunit3testexecutor/" className="PulseDonations.Tests.ExistingDonorPositiveE2E" name="EDWholeBloodDryPack" />
    </UnitTest>
  </TestDefinitions>
  <TestEntries>
    <TestEntry testId="abe05d47-d0db-f756-b040-9fd6e7d74977" executionId="20eff5a0-33d1-402c-8d3e-e88270f07d46" testListId="8c84fa94-04c1-424b-9868-57a2d4851a1d" />
    <TestEntry testId="ba53771e-b6f2-7141-28db-facb61d78880" executionId="52177dab-1414-401e-b448-2704a7e003f6" testListId="8c84fa94-04c1-424b-9868-57a2d4851a1d" />
    <TestEntry testId="74c2cce5-ebe1-36b2-27f2-dff1aa6c897b" executionId="38d6fb8c-d999-42d2-88d2-f8c2c89bee6d" testListId="8c84fa94-04c1-424b-9868-57a2d4851a1d" />
    <TestEntry testId="aa9fd853-82e4-5f75-e34a-499b2cd3141d" executionId="c2a4e489-1387-488a-a19c-73b5b61fe96f" testListId="8c84fa94-04c1-424b-9868-57a2d4851a1d" />
    <TestEntry testId="0f9dcdab-4e4a-372a-687d-3e98ad899885" executionId="a313afde-bbff-462e-8c46-3957f94a5037" testListId="8c84fa94-04c1-424b-9868-57a2d4851a1d" />
  </TestEntries>
  <TestLists>
    <TestList name="Results Not in a List" id="8c84fa94-04c1-424b-9868-57a2d4851a1d" />
    <TestList name="All Loaded Results" id="19431567-8539-422a-85d7-44ee4e166bda" />
  </TestLists>
  <ResultSummary outcome="Failed">
    <Counters total="5" executed="5" passed="0" failed="5" error="0" timeout="0" aborted="0" inconclusive="0" passedButRunAborted="0" notRunnable="0" notExecuted="0" disconnected="0" warning="0" completed="0" inProgress="0" pending="0" />
    <Output>
      <StdOut>NUnit Adapter 4.5.0.0: Test execution started&#xD;
Running selected tests in C:\Users\Remy.Miller\source\repos\PulseDonations\bin\Debug\net8.0\PulseDonations.dll&#xD;
   NUnit3TestExecutor discovered 5 of 5 NUnit test cases using Current Discovery mode, Non-Explicit run&#xD;
URL being use is: http://spulsetrain.wpbts.org.za/login/authenticate&#xD;
---------------- Starting Existing Donor Open Hamper Test ----------------&#xD;
URL being use is: http://spulsetrain.wpbts.org.za/login/authenticate&#xD;
---------------- Starting Existing Donor WholeBlood (Dry Pack) Test ----------------&#xD;
URL being use is: http://spulsetrain.wpbts.org.za/login/authenticate&#xD;
---------------- Starting Existing Donor Therapeutics (Dry Pack) Test ----------------&#xD;
URL being use is: http://spulsetrain.wpbts.org.za/login/authenticate&#xD;
---------------- Starting Existing Donor Blood/Sample Tests (Test Only) Test ----------------&#xD;
URL being use is: http://spulsetrain.wpbts.org.za/login/authenticate&#xD;
---------------- Starting Existing Donor Close Hamper Test ----------------&#xD;
NUnit Adapter 4.5.0.0: Test execution complete&#xD;
</StdOut>
    </Output>
  </ResultSummary>
</TestRun>