<?xml version="1.0" encoding="utf-8"?>
<TestRun id="9246c3c7-756e-4b52-a4e4-7458d8172c98" name="Remy.Miller@LT-6MQPN94 2025-08-05 14:19:02" runUser="WPBTS\Remy.Miller" xmlns="http://microsoft.com/schemas/VisualStudio/TeamTest/2010">
  <Times creation="2025-08-05T14:19:02.1286421+02:00" queuing="2025-08-05T14:19:02.1286424+02:00" start="2025-08-05T14:18:37.2802750+02:00" finish="2025-08-05T14:24:56.8531110+02:00" />
  <TestSettings name="default" id="7a509c64-44af-48ba-b153-d5b84bf12330">
    <Deployment runDeploymentRoot="Remy.Miller_LT-6MQPN94_2025-08-05_14_19_02" />
  </TestSettings>
  <Results>
    <UnitTestResult executionId="ac00a4f7-f977-4abf-9962-0ef4b849f4a5" testId="74c2cce5-ebe1-36b2-27f2-dff1aa6c897b" testName="EDBloodSampleTests_TestOnly" computerName="LT-6MQPN94" duration="00:01:46.6893030" startTime="2025-08-05T14:22:49.6105708+02:00" endTime="2025-08-05T14:24:36.2996594+02:00" testType="13cdc9d9-ddb5-4fa4-a97d-d965ccfc6d4b" outcome="Failed" testListId="8c84fa94-04c1-424b-9868-57a2d4851a1d" relativeResultsDirectory="ac00a4f7-f977-4abf-9962-0ef4b849f4a5">
      <Output>
        <ErrorInfo>
          <Message>OpenQA.Selenium.WebDriverTimeoutException : Timed out after 30 seconds</Message>
          <StackTrace>   at OpenQA.Selenium.Support.UI.DefaultWait`1.ThrowTimeoutException(String exceptionMessage, Exception lastException)&#xD;
   at OpenQA.Selenium.Support.UI.DefaultWait`1.Until[TResult](Func`2 condition, CancellationToken token)&#xD;
   at OpenQA.Selenium.Support.UI.DefaultWait`1.Until[TResult](Func`2 condition)&#xD;
   at PulseDonations.PageObjects.Donations.DonationPage.donateSample() in C:\Users\Remy.Miller\source\repos\PulseDonations\PageObjects\Donations\DonationPage.cs:line 217&#xD;
   at PulseDonations.Tests.ExistingDonorPositiveE2E.EDBloodSampleTests_TestOnly() in C:\Users\Remy.Miller\source\repos\PulseDonations\Tests\ExistingDonorPositiveE2E.cs:line 191&#xD;
   at System.RuntimeMethodHandle.InvokeMethod(Object target, Void** arguments, Signature sig, Boolean isConstructor)&#xD;
   at System.Reflection.MethodBaseInvoker.InvokeWithNoArgs(Object obj, BindingFlags invokeAttr)
</StackTrace>
        </ErrorInfo>
      </Output>
    </UnitTestResult>
    <UnitTestResult executionId="bfe307ac-ae68-424c-8d98-6a75f8e17f61" testId="ba53771e-b6f2-7141-28db-facb61d78880" testName="EDWholeBloodDryPack" computerName="LT-6MQPN94" duration="00:01:53.8333800" startTime="2025-08-05T14:19:02.0859809+02:00" endTime="2025-08-05T14:20:55.9191335+02:00" testType="13cdc9d9-ddb5-4fa4-a97d-d965ccfc6d4b" outcome="Passed" testListId="8c84fa94-04c1-424b-9868-57a2d4851a1d" relativeResultsDirectory="bfe307ac-ae68-424c-8d98-6a75f8e17f61" />
    <UnitTestResult executionId="8a37ccb8-aa53-4427-a2bf-5c594540f932" testId="aa9fd853-82e4-5f75-e34a-499b2cd3141d" testName="EDCloseHamper" computerName="LT-6MQPN94" duration="00:00:20.4969040" startTime="2025-08-05T14:24:36.2998104+02:00" endTime="2025-08-05T14:24:56.7966731+02:00" testType="13cdc9d9-ddb5-4fa4-a97d-d965ccfc6d4b" outcome="Passed" testListId="8c84fa94-04c1-424b-9868-57a2d4851a1d" relativeResultsDirectory="8a37ccb8-aa53-4427-a2bf-5c594540f932" />
    <UnitTestResult executionId="3d0de771-b32d-41f8-aef8-b5d48b92ff41" testId="0f9dcdab-4e4a-372a-687d-3e98ad899885" testName="EDOpenHamper" computerName="LT-6MQPN94" duration="00:00:24.2533510" startTime="2025-08-05T14:18:37.8317217+02:00" endTime="2025-08-05T14:19:02.0849817+02:00" testType="13cdc9d9-ddb5-4fa4-a97d-d965ccfc6d4b" outcome="Passed" testListId="8c84fa94-04c1-424b-9868-57a2d4851a1d" relativeResultsDirectory="3d0de771-b32d-41f8-aef8-b5d48b92ff41" />
    <UnitTestResult executionId="79feb383-0e54-4aef-801d-9fc0977fe13d" testId="abe05d47-d0db-f756-b040-9fd6e7d74977" testName="EDTherapeuticsDryPack" computerName="LT-6MQPN94" duration="00:01:53.6915790" startTime="2025-08-05T14:20:55.9191826+02:00" endTime="2025-08-05T14:22:49.6105345+02:00" testType="13cdc9d9-ddb5-4fa4-a97d-d965ccfc6d4b" outcome="Passed" testListId="8c84fa94-04c1-424b-9868-57a2d4851a1d" relativeResultsDirectory="79feb383-0e54-4aef-801d-9fc0977fe13d" />
  </Results>
  <TestDefinitions>
    <UnitTest name="EDBloodSampleTests_TestOnly" storage="c:\users\remy.miller\source\repos\pulsedonations\bin\debug\net8.0\pulsedonations.dll" id="74c2cce5-ebe1-36b2-27f2-dff1aa6c897b">
      <Execution id="ac00a4f7-f977-4abf-9962-0ef4b849f4a5" />
      <TestMethod codeBase="C:\Users\Remy.Miller\source\repos\PulseDonations\bin\Debug\net8.0\PulseDonations.dll" adapterTypeName="executor://nunit3testexecutor/" className="PulseDonations.Tests.ExistingDonorPositiveE2E" name="EDBloodSampleTests_TestOnly" />
    </UnitTest>
    <UnitTest name="EDCloseHamper" storage="c:\users\remy.miller\source\repos\pulsedonations\bin\debug\net8.0\pulsedonations.dll" id="aa9fd853-82e4-5f75-e34a-499b2cd3141d">
      <Execution id="8a37ccb8-aa53-4427-a2bf-5c594540f932" />
      <TestMethod codeBase="C:\Users\Remy.Miller\source\repos\PulseDonations\bin\Debug\net8.0\PulseDonations.dll" adapterTypeName="executor://nunit3testexecutor/" className="PulseDonations.Tests.ExistingDonorPositiveE2E" name="EDCloseHamper" />
    </UnitTest>
    <UnitTest name="EDTherapeuticsDryPack" storage="c:\users\remy.miller\source\repos\pulsedonations\bin\debug\net8.0\pulsedonations.dll" id="abe05d47-d0db-f756-b040-9fd6e7d74977">
      <Execution id="79feb383-0e54-4aef-801d-9fc0977fe13d" />
      <TestMethod codeBase="C:\Users\Remy.Miller\source\repos\PulseDonations\bin\Debug\net8.0\PulseDonations.dll" adapterTypeName="executor://nunit3testexecutor/" className="PulseDonations.Tests.ExistingDonorPositiveE2E" name="EDTherapeuticsDryPack" />
    </UnitTest>
    <UnitTest name="EDOpenHamper" storage="c:\users\remy.miller\source\repos\pulsedonations\bin\debug\net8.0\pulsedonations.dll" id="0f9dcdab-4e4a-372a-687d-3e98ad899885">
      <Execution id="3d0de771-b32d-41f8-aef8-b5d48b92ff41" />
      <TestMethod codeBase="C:\Users\Remy.Miller\source\repos\PulseDonations\bin\Debug\net8.0\PulseDonations.dll" adapterTypeName="executor://nunit3testexecutor/" className="PulseDonations.Tests.ExistingDonorPositiveE2E" name="EDOpenHamper" />
    </UnitTest>
    <UnitTest name="EDWholeBloodDryPack" storage="c:\users\remy.miller\source\repos\pulsedonations\bin\debug\net8.0\pulsedonations.dll" id="ba53771e-b6f2-7141-28db-facb61d78880">
      <Execution id="bfe307ac-ae68-424c-8d98-6a75f8e17f61" />
      <TestMethod codeBase="C:\Users\Remy.Miller\source\repos\PulseDonations\bin\Debug\net8.0\PulseDonations.dll" adapterTypeName="executor://nunit3testexecutor/" className="PulseDonations.Tests.ExistingDonorPositiveE2E" name="EDWholeBloodDryPack" />
    </UnitTest>
  </TestDefinitions>
  <TestEntries>
    <TestEntry testId="74c2cce5-ebe1-36b2-27f2-dff1aa6c897b" executionId="ac00a4f7-f977-4abf-9962-0ef4b849f4a5" testListId="8c84fa94-04c1-424b-9868-57a2d4851a1d" />
    <TestEntry testId="ba53771e-b6f2-7141-28db-facb61d78880" executionId="bfe307ac-ae68-424c-8d98-6a75f8e17f61" testListId="8c84fa94-04c1-424b-9868-57a2d4851a1d" />
    <TestEntry testId="aa9fd853-82e4-5f75-e34a-499b2cd3141d" executionId="8a37ccb8-aa53-4427-a2bf-5c594540f932" testListId="8c84fa94-04c1-424b-9868-57a2d4851a1d" />
    <TestEntry testId="0f9dcdab-4e4a-372a-687d-3e98ad899885" executionId="3d0de771-b32d-41f8-aef8-b5d48b92ff41" testListId="8c84fa94-04c1-424b-9868-57a2d4851a1d" />
    <TestEntry testId="abe05d47-d0db-f756-b040-9fd6e7d74977" executionId="79feb383-0e54-4aef-801d-9fc0977fe13d" testListId="8c84fa94-04c1-424b-9868-57a2d4851a1d" />
  </TestEntries>
  <TestLists>
    <TestList name="Results Not in a List" id="8c84fa94-04c1-424b-9868-57a2d4851a1d" />
    <TestList name="All Loaded Results" id="19431567-8539-422a-85d7-44ee4e166bda" />
  </TestLists>
  <ResultSummary outcome="Failed">
    <Counters total="5" executed="5" passed="4" failed="1" error="0" timeout="0" aborted="0" inconclusive="0" passedButRunAborted="0" notRunnable="0" notExecuted="0" disconnected="0" warning="0" completed="0" inProgress="0" pending="0" />
    <Output>
      <StdOut>NUnit Adapter 4.5.0.0: Test execution started&#xD;
Running selected tests in C:\Users\Remy.Miller\source\repos\PulseDonations\bin\Debug\net8.0\PulseDonations.dll&#xD;
   NUnit3TestExecutor discovered 5 of 5 NUnit test cases using Current Discovery mode, Non-Explicit run&#xD;
Starting ChromeDriver 138.0.7204.183 (e90faf484ddbc033fc9bf337621761d3dd5c5289-refs/branch-heads/7204@{#2435}) on port 52485&#xD;
Only local connections are allowed.&#xD;
Please see https://chromedriver.chromium.org/security-considerations for suggestions on keeping ChromeDriver safe.&#xD;
ChromeDriver was started successfully on port 52485.&#xD;
---------------- Starting Existing Donor Open Hamper Test ----------------&#xD;
85558309&#xD;
Starting ChromeDriver 138.0.7204.183 (e90faf484ddbc033fc9bf337621761d3dd5c5289-refs/branch-heads/7204@{#2435}) on port 52534&#xD;
Only local connections are allowed.&#xD;
Please see https://chromedriver.chromium.org/security-considerations for suggestions on keeping ChromeDriver safe.&#xD;
ChromeDriver was started successfully on port 52534.&#xD;
---------------- Starting Existing Donor WholeBlood (Dry Pack) Test ----------------&#xD;
Iron Config: 0&#xD;
Batch Number: 79983747&#xD;
Expiry Date: 05/08/2025&#xD;
Serial Number: 24960240&#xD;
First Inital: h&#xD;
Second Initial: k&#xD;
DOB: 07/09/2001&#xD;
Phone Number: 0812836218&#xD;
Landline Number: 0234088294&#xD;
Sex at Birth: Female&#xD;
Female Donor&#xD;
12.9&#xD;
Test Category:  Whole Blood Donation&#xD;
Test Pack: Dry Pack&#xD;
Starting ChromeDriver 138.0.7204.183 (e90faf484ddbc033fc9bf337621761d3dd5c5289-refs/branch-heads/7204@{#2435}) on port 52630&#xD;
Only local connections are allowed.&#xD;
Please see https://chromedriver.chromium.org/security-considerations for suggestions on keeping ChromeDriver safe.&#xD;
ChromeDriver was started successfully on port 52630.&#xD;
---------------- Starting Existing Donor Therapeutics (Dry Pack) Test ----------------&#xD;
Iron Config: 0&#xD;
Batch Number: 64648563&#xD;
Expiry Date: 05/08/2025&#xD;
Serial Number: 35711886&#xD;
First Inital: k&#xD;
Second Initial: g&#xD;
DOB: 19/06/1997&#xD;
Phone Number: 0769630778&#xD;
Landline Number: 0150848847&#xD;
Sex at Birth: Male&#xD;
Male Donor&#xD;
13.5&#xD;
Test Category:  Therapeutics&#xD;
Test Pack: Dry Pack&#xD;
Starting ChromeDriver 138.0.7204.183 (e90faf484ddbc033fc9bf337621761d3dd5c5289-refs/branch-heads/7204@{#2435}) on port 52713&#xD;
Only local connections are allowed.&#xD;
Please see https://chromedriver.chromium.org/security-considerations for suggestions on keeping ChromeDriver safe.&#xD;
ChromeDriver was started successfully on port 52713.&#xD;
---------------- Starting Existing Donor Blood/Sample Tests (Test Only) Test ----------------&#xD;
Iron Config: 1&#xD;
Batch Number: 37560923&#xD;
Expiry Date: 05/08/2025&#xD;
Serial Number: 66407908&#xD;
First Inital: b&#xD;
Second Initial: b&#xD;
DOB: 14/02/2001&#xD;
Phone Number: 0829765790&#xD;
Landline Number: 0549175091&#xD;
Sex at Birth: Female&#xD;
Female Donor&#xD;
13.2&#xD;
Test Category:  Blood Samples/Tests&#xD;
Test Pack: Test Only&#xD;
\ud83d\udd0d Screenshot saved: C:\Users\Remy.Miller\source\repos\PulseDonations\Screenshots\05-08-2025\EDBloodSampleTests_TestOnly_05082025_142436.png&#xD;
Starting ChromeDriver 138.0.7204.183 (e90faf484ddbc033fc9bf337621761d3dd5c5289-refs/branch-heads/7204@{#2435}) on port 52768&#xD;
Only local connections are allowed.&#xD;
Please see https://chromedriver.chromium.org/security-considerations for suggestions on keeping ChromeDriver safe.&#xD;
ChromeDriver was started successfully on port 52768.&#xD;
---------------- Starting Existing Donor Close Hamper Test ----------------&#xD;
NUnit Adapter 4.5.0.0: Test execution complete&#xD;
</StdOut>
    </Output>
  </ResultSummary>
</TestRun>