<?xml version="1.0" encoding="utf-8"?>
<TestRun id="01bd2e8a-f40a-4ada-af6a-b30858a907d8" name="Remy.Miller@LT-6MQPN94 2025-08-05 14:31:27" runUser="WPBTS\Remy.Miller" xmlns="http://microsoft.com/schemas/VisualStudio/TeamTest/2010">
  <Times creation="2025-08-05T14:31:27.4098555+02:00" queuing="2025-08-05T14:31:27.4098557+02:00" start="2025-08-05T14:31:03.4530555+02:00" finish="2025-08-05T14:38:48.2392366+02:00" />
  <TestSettings name="default" id="b709c482-0a87-4d71-853b-92fed90ed8db">
    <Deployment runDeploymentRoot="Remy.Miller_LT-6MQPN94_2025-08-05_14_31_27" />
  </TestSettings>
  <Results>
    <UnitTestResult executionId="fd97b7f0-f020-4fa7-b3a1-8b2ab95f2ccb" testId="0f9dcdab-4e4a-372a-687d-3e98ad899885" testName="EDOpenHamper" computerName="LT-6MQPN94" duration="00:00:23.3471240" startTime="2025-08-05T14:31:04.0268221+02:00" endTime="2025-08-05T14:31:27.3738065+02:00" testType="13cdc9d9-ddb5-4fa4-a97d-d965ccfc6d4b" outcome="Passed" testListId="8c84fa94-04c1-424b-9868-57a2d4851a1d" relativeResultsDirectory="fd97b7f0-f020-4fa7-b3a1-8b2ab95f2ccb" />
    <UnitTestResult executionId="af47c00f-a653-4fd7-9649-26a194ac2b3f" testId="aa9fd853-82e4-5f75-e34a-499b2cd3141d" testName="EDCloseHamper" computerName="LT-6MQPN94" duration="00:00:19.5870390" startTime="2025-08-05T14:38:28.5888218+02:00" endTime="2025-08-05T14:38:48.1758226+02:00" testType="13cdc9d9-ddb5-4fa4-a97d-d965ccfc6d4b" outcome="Passed" testListId="8c84fa94-04c1-424b-9868-57a2d4851a1d" relativeResultsDirectory="af47c00f-a653-4fd7-9649-26a194ac2b3f" />
    <UnitTestResult executionId="5762c905-0302-43c3-b07a-a171efc9b55b" testId="ba53771e-b6f2-7141-28db-facb61d78880" testName="EDWholeBloodDryPack" computerName="LT-6MQPN94" duration="00:02:48.2010800" startTime="2025-08-05T14:31:27.3753528+02:00" endTime="2025-08-05T14:34:15.5761130+02:00" testType="13cdc9d9-ddb5-4fa4-a97d-d965ccfc6d4b" outcome="Passed" testListId="8c84fa94-04c1-424b-9868-57a2d4851a1d" relativeResultsDirectory="5762c905-0302-43c3-b07a-a171efc9b55b" />
    <UnitTestResult executionId="0c0a2928-30ac-4695-8820-ef179c9f6b2c" testId="74c2cce5-ebe1-36b2-27f2-dff1aa6c897b" testName="EDBloodSampleTests_TestOnly" computerName="LT-6MQPN94" duration="00:01:22.0302690" startTime="2025-08-05T14:37:06.5586744+02:00" endTime="2025-08-05T14:38:28.5887872+02:00" testType="13cdc9d9-ddb5-4fa4-a97d-d965ccfc6d4b" outcome="Passed" testListId="8c84fa94-04c1-424b-9868-57a2d4851a1d" relativeResultsDirectory="0c0a2928-30ac-4695-8820-ef179c9f6b2c" />
    <UnitTestResult executionId="04073ba6-c1c4-4091-bca9-c96ed18c1cf4" testId="abe05d47-d0db-f756-b040-9fd6e7d74977" testName="EDTherapeuticsDryPack" computerName="LT-6MQPN94" duration="00:02:50.9826930" startTime="2025-08-05T14:34:15.5761520+02:00" endTime="2025-08-05T14:37:06.5585186+02:00" testType="13cdc9d9-ddb5-4fa4-a97d-d965ccfc6d4b" outcome="Passed" testListId="8c84fa94-04c1-424b-9868-57a2d4851a1d" relativeResultsDirectory="04073ba6-c1c4-4091-bca9-c96ed18c1cf4" />
  </Results>
  <TestDefinitions>
    <UnitTest name="EDBloodSampleTests_TestOnly" storage="c:\users\remy.miller\source\repos\pulsedonations\bin\debug\net8.0\pulsedonations.dll" id="74c2cce5-ebe1-36b2-27f2-dff1aa6c897b">
      <Execution id="0c0a2928-30ac-4695-8820-ef179c9f6b2c" />
      <TestMethod codeBase="C:\Users\Remy.Miller\source\repos\PulseDonations\bin\Debug\net8.0\PulseDonations.dll" adapterTypeName="executor://nunit3testexecutor/" className="PulseDonations.Tests.ExistingDonorPositiveE2E" name="EDBloodSampleTests_TestOnly" />
    </UnitTest>
    <UnitTest name="EDCloseHamper" storage="c:\users\remy.miller\source\repos\pulsedonations\bin\debug\net8.0\pulsedonations.dll" id="aa9fd853-82e4-5f75-e34a-499b2cd3141d">
      <Execution id="af47c00f-a653-4fd7-9649-26a194ac2b3f" />
      <TestMethod codeBase="C:\Users\Remy.Miller\source\repos\PulseDonations\bin\Debug\net8.0\PulseDonations.dll" adapterTypeName="executor://nunit3testexecutor/" className="PulseDonations.Tests.ExistingDonorPositiveE2E" name="EDCloseHamper" />
    </UnitTest>
    <UnitTest name="EDTherapeuticsDryPack" storage="c:\users\remy.miller\source\repos\pulsedonations\bin\debug\net8.0\pulsedonations.dll" id="abe05d47-d0db-f756-b040-9fd6e7d74977">
      <Execution id="04073ba6-c1c4-4091-bca9-c96ed18c1cf4" />
      <TestMethod codeBase="C:\Users\Remy.Miller\source\repos\PulseDonations\bin\Debug\net8.0\PulseDonations.dll" adapterTypeName="executor://nunit3testexecutor/" className="PulseDonations.Tests.ExistingDonorPositiveE2E" name="EDTherapeuticsDryPack" />
    </UnitTest>
    <UnitTest name="EDOpenHamper" storage="c:\users\remy.miller\source\repos\pulsedonations\bin\debug\net8.0\pulsedonations.dll" id="0f9dcdab-4e4a-372a-687d-3e98ad899885">
      <Execution id="fd97b7f0-f020-4fa7-b3a1-8b2ab95f2ccb" />
      <TestMethod codeBase="C:\Users\Remy.Miller\source\repos\PulseDonations\bin\Debug\net8.0\PulseDonations.dll" adapterTypeName="executor://nunit3testexecutor/" className="PulseDonations.Tests.ExistingDonorPositiveE2E" name="EDOpenHamper" />
    </UnitTest>
    <UnitTest name="EDWholeBloodDryPack" storage="c:\users\remy.miller\source\repos\pulsedonations\bin\debug\net8.0\pulsedonations.dll" id="ba53771e-b6f2-7141-28db-facb61d78880">
      <Execution id="5762c905-0302-43c3-b07a-a171efc9b55b" />
      <TestMethod codeBase="C:\Users\Remy.Miller\source\repos\PulseDonations\bin\Debug\net8.0\PulseDonations.dll" adapterTypeName="executor://nunit3testexecutor/" className="PulseDonations.Tests.ExistingDonorPositiveE2E" name="EDWholeBloodDryPack" />
    </UnitTest>
  </TestDefinitions>
  <TestEntries>
    <TestEntry testId="0f9dcdab-4e4a-372a-687d-3e98ad899885" executionId="fd97b7f0-f020-4fa7-b3a1-8b2ab95f2ccb" testListId="8c84fa94-04c1-424b-9868-57a2d4851a1d" />
    <TestEntry testId="aa9fd853-82e4-5f75-e34a-499b2cd3141d" executionId="af47c00f-a653-4fd7-9649-26a194ac2b3f" testListId="8c84fa94-04c1-424b-9868-57a2d4851a1d" />
    <TestEntry testId="ba53771e-b6f2-7141-28db-facb61d78880" executionId="5762c905-0302-43c3-b07a-a171efc9b55b" testListId="8c84fa94-04c1-424b-9868-57a2d4851a1d" />
    <TestEntry testId="74c2cce5-ebe1-36b2-27f2-dff1aa6c897b" executionId="0c0a2928-30ac-4695-8820-ef179c9f6b2c" testListId="8c84fa94-04c1-424b-9868-57a2d4851a1d" />
    <TestEntry testId="abe05d47-d0db-f756-b040-9fd6e7d74977" executionId="04073ba6-c1c4-4091-bca9-c96ed18c1cf4" testListId="8c84fa94-04c1-424b-9868-57a2d4851a1d" />
  </TestEntries>
  <TestLists>
    <TestList name="Results Not in a List" id="8c84fa94-04c1-424b-9868-57a2d4851a1d" />
    <TestList name="All Loaded Results" id="19431567-8539-422a-85d7-44ee4e166bda" />
  </TestLists>
  <ResultSummary outcome="Completed">
    <Counters total="5" executed="5" passed="5" failed="0" error="0" timeout="0" aborted="0" inconclusive="0" passedButRunAborted="0" notRunnable="0" notExecuted="0" disconnected="0" warning="0" completed="0" inProgress="0" pending="0" />
    <Output>
      <StdOut>NUnit Adapter 4.5.0.0: Test execution started&#xD;
Running selected tests in C:\Users\Remy.Miller\source\repos\PulseDonations\bin\Debug\net8.0\PulseDonations.dll&#xD;
   NUnit3TestExecutor discovered 5 of 5 NUnit test cases using Current Discovery mode, Non-Explicit run&#xD;
Starting ChromeDriver 138.0.7204.183 (e90faf484ddbc033fc9bf337621761d3dd5c5289-refs/branch-heads/7204@{#2435}) on port 52954&#xD;
Only local connections are allowed.&#xD;
Please see https://chromedriver.chromium.org/security-considerations for suggestions on keeping ChromeDriver safe.&#xD;
ChromeDriver was started successfully on port 52954.&#xD;
---------------- Starting Existing Donor Open Hamper Test ----------------&#xD;
80407666&#xD;
Starting ChromeDriver 138.0.7204.183 (e90faf484ddbc033fc9bf337621761d3dd5c5289-refs/branch-heads/7204@{#2435}) on port 52996&#xD;
Only local connections are allowed.&#xD;
Please see https://chromedriver.chromium.org/security-considerations for suggestions on keeping ChromeDriver safe.&#xD;
ChromeDriver was started successfully on port 52996.&#xD;
---------------- Starting Existing Donor WholeBlood (Dry Pack) Test ----------------&#xD;
Iron Config: 1&#xD;
Batch Number: 49465441&#xD;
Expiry Date: 05/08/2025&#xD;
Serial Number: 94567297&#xD;
First Inital: f&#xD;
Second Initial: c&#xD;
DOB: 14/05/1990&#xD;
Phone Number: 0836678709&#xD;
Landline Number: 0180930038&#xD;
Sex at Birth: Female&#xD;
Female Donor&#xD;
13.3&#xD;
Test Category:  Whole Blood Donation&#xD;
Test Pack: Dry Pack&#xD;
Starting ChromeDriver 138.0.7204.183 (e90faf484ddbc033fc9bf337621761d3dd5c5289-refs/branch-heads/7204@{#2435}) on port 53075&#xD;
Only local connections are allowed.&#xD;
Please see https://chromedriver.chromium.org/security-considerations for suggestions on keeping ChromeDriver safe.&#xD;
ChromeDriver was started successfully on port 53075.&#xD;
---------------- Starting Existing Donor Therapeutics (Dry Pack) Test ----------------&#xD;
Iron Config: 1&#xD;
Batch Number: 45058247&#xD;
Expiry Date: 05/08/2025&#xD;
Serial Number: 78608918&#xD;
First Inital: t&#xD;
Second Initial: s&#xD;
DOB: 10/07/1991&#xD;
Phone Number: 0825007988&#xD;
Landline Number: 0167751954&#xD;
Sex at Birth: Male&#xD;
Male Donor&#xD;
13.8&#xD;
Test Category:  Therapeutics&#xD;
Test Pack: Dry Pack&#xD;
Starting ChromeDriver 138.0.7204.183 (e90faf484ddbc033fc9bf337621761d3dd5c5289-refs/branch-heads/7204@{#2435}) on port 53149&#xD;
Only local connections are allowed.&#xD;
Please see https://chromedriver.chromium.org/security-considerations for suggestions on keeping ChromeDriver safe.&#xD;
ChromeDriver was started successfully on port 53149.&#xD;
---------------- Starting Existing Donor Blood/Sample Tests (Test Only) Test ----------------&#xD;
Iron Config: 0&#xD;
Batch Number: 72150225&#xD;
Expiry Date: 05/08/2025&#xD;
Serial Number: 85091834&#xD;
First Inital: f&#xD;
Second Initial: a&#xD;
DOB: 23/10/2004&#xD;
Phone Number: 0670774680&#xD;
Landline Number: 0337099187&#xD;
Sex at Birth: Female&#xD;
Female Donor&#xD;
13.5&#xD;
Test Category:  Blood Samples/Tests&#xD;
Test Pack: Test Only&#xD;
Starting ChromeDriver 138.0.7204.183 (e90faf484ddbc033fc9bf337621761d3dd5c5289-refs/branch-heads/7204@{#2435}) on port 53204&#xD;
Only local connections are allowed.&#xD;
Please see https://chromedriver.chromium.org/security-considerations for suggestions on keeping ChromeDriver safe.&#xD;
ChromeDriver was started successfully on port 53204.&#xD;
---------------- Starting Existing Donor Close Hamper Test ----------------&#xD;
NUnit Adapter 4.5.0.0: Test execution complete&#xD;
</StdOut>
    </Output>
  </ResultSummary>
</TestRun>