<?xml version="1.0" encoding="utf-8"?>
<TestRun id="8d15373a-6b9d-4485-b3ea-475a89f53ded" name="Remy.Miller@LT-6MQPN94 2025-07-10 10:56:16" runUser="WPBTS\Remy.Miller" xmlns="http://microsoft.com/schemas/VisualStudio/TeamTest/2010">
  <Times creation="2025-07-10T10:56:16.9000167+02:00" queuing="2025-07-10T10:56:16.9000171+02:00" start="2025-07-10T10:56:00.7060156+02:00" finish="2025-07-10T10:57:29.3291347+02:00" />
  <TestSettings name="default" id="c36a2ec0-9083-49c4-8078-e536b3b5db7d">
    <Deployment runDeploymentRoot="Remy.Miller_LT-6MQPN94_2025-07-10_10_56_16" />
  </TestSettings>
  <Results>
    <UnitTestResult executionId="3f46fd91-2094-434c-b9f9-c43b34454776" testId="5e86cd37-ba48-8aef-9bc2-e5161125ce11" testName="ACreateHamper" computerName="LT-6MQPN94" duration="00:00:14.3972600" startTime="2025-07-10T10:56:02.4527550+02:00" endTime="2025-07-10T10:56:16.8497598+02:00" testType="13cdc9d9-ddb5-4fa4-a97d-d965ccfc6d4b" outcome="Passed" testListId="8c84fa94-04c1-424b-9868-57a2d4851a1d" relativeResultsDirectory="3f46fd91-2094-434c-b9f9-c43b34454776" />
    <UnitTestResult executionId="baa76b79-7dfd-436c-bd1d-0c11f9d799ed" testId="37e51e37-08a4-6eed-bfd9-a5f534a23fc2" testName="WholeBloodDryPack" computerName="LT-6MQPN94" duration="00:01:12.4079290" startTime="2025-07-10T10:56:16.8532226+02:00" endTime="2025-07-10T10:57:29.2609778+02:00" testType="13cdc9d9-ddb5-4fa4-a97d-d965ccfc6d4b" outcome="Passed" testListId="8c84fa94-04c1-424b-9868-57a2d4851a1d" relativeResultsDirectory="baa76b79-7dfd-436c-bd1d-0c11f9d799ed" />
  </Results>
  <TestDefinitions>
    <UnitTest name="ACreateHamper" storage="c:\users\remy.miller\source\repos\pulsedonations\bin\debug\net8.0\pulsedonations.dll" id="5e86cd37-ba48-8aef-9bc2-e5161125ce11">
      <Execution id="3f46fd91-2094-434c-b9f9-c43b34454776" />
      <TestMethod codeBase="C:\Users\Remy.Miller\source\repos\PulseDonations\bin\Debug\net8.0\PulseDonations.dll" adapterTypeName="executor://nunit3testexecutor/" className="PulseDonations.Tests.Female" name="ACreateHamper" />
    </UnitTest>
    <UnitTest name="WholeBloodDryPack" storage="c:\users\remy.miller\source\repos\pulsedonations\bin\debug\net8.0\pulsedonations.dll" id="37e51e37-08a4-6eed-bfd9-a5f534a23fc2">
      <Execution id="baa76b79-7dfd-436c-bd1d-0c11f9d799ed" />
      <TestMethod codeBase="C:\Users\Remy.Miller\source\repos\PulseDonations\bin\Debug\net8.0\PulseDonations.dll" adapterTypeName="executor://nunit3testexecutor/" className="PulseDonations.Tests.Female" name="WholeBloodDryPack" />
    </UnitTest>
  </TestDefinitions>
  <TestEntries>
    <TestEntry testId="5e86cd37-ba48-8aef-9bc2-e5161125ce11" executionId="3f46fd91-2094-434c-b9f9-c43b34454776" testListId="8c84fa94-04c1-424b-9868-57a2d4851a1d" />
    <TestEntry testId="37e51e37-08a4-6eed-bfd9-a5f534a23fc2" executionId="baa76b79-7dfd-436c-bd1d-0c11f9d799ed" testListId="8c84fa94-04c1-424b-9868-57a2d4851a1d" />
  </TestEntries>
  <TestLists>
    <TestList name="Results Not in a List" id="8c84fa94-04c1-424b-9868-57a2d4851a1d" />
    <TestList name="All Loaded Results" id="19431567-8539-422a-85d7-44ee4e166bda" />
  </TestLists>
  <ResultSummary outcome="Completed">
    <Counters total="2" executed="2" passed="2" failed="0" error="0" timeout="0" aborted="0" inconclusive="0" passedButRunAborted="0" notRunnable="0" notExecuted="0" disconnected="0" warning="0" completed="0" inProgress="0" pending="0" />
    <Output>
      <StdOut>NUnit Adapter 4.5.0.0: Test execution started&#xD;
Running selected tests in C:\Users\Remy.Miller\source\repos\PulseDonations\bin\Debug\net8.0\PulseDonations.dll&#xD;
   NUnit3TestExecutor discovered 2 of 2 NUnit test cases using Current Discovery mode, Non-Explicit run&#xD;
Starting Microsoft Edge WebDriver 138.0.3351.77 (efaf6935b43603dd8cc995ffac40c472ea5fa5c6) on port 58921&#xD;
To submit feedback, report a bug, or suggest new features, please visit https://github.com/MicrosoftEdge/EdgeWebDriver&#xD;
Only local connections are allowed.&#xD;
Please see https://aka.ms/WebDriverSecurity for suggestions on keeping Microsoft Edge WebDriver safe.&#xD;
msedgedriver was started successfully on port 58921.&#xD;
91010937&#xD;
Starting Microsoft Edge WebDriver 138.0.3351.77 (efaf6935b43603dd8cc995ffac40c472ea5fa5c6) on port 58961&#xD;
To submit feedback, report a bug, or suggest new features, please visit https://github.com/MicrosoftEdge/EdgeWebDriver&#xD;
Only local connections are allowed.&#xD;
Please see https://aka.ms/WebDriverSecurity for suggestions on keeping Microsoft Edge WebDriver safe.&#xD;
msedgedriver was started successfully on port 58961.&#xD;
8405134451189&#xD;
Laurie&#xD;
Bonnie&#xD;
Carroll&#xD;
Laurie@myspy.com&#xD;
0835164502&#xD;
7611 Kuhlman Shore&#xD;
Green Point&#xD;
8883&#xD;
70015895&#xD;
12.6&#xD;
Laurie&#xD;
Carroll&#xD;
8405134451189&#xD;
Whole Blood Donation&#xD;
Dry Pack&#xD;
NUnit Adapter 4.5.0.0: Test execution complete&#xD;
</StdOut>
    </Output>
  </ResultSummary>
</TestRun>