<?xml version="1.0" encoding="utf-8"?>
<TestRun id="74c0bd6b-a052-46b7-9d88-b2dc41eccb1b" name="Remy.Miller@LT-6MQPN94 2025-07-10 12:51:55" runUser="WPBTS\Remy.Miller" xmlns="http://microsoft.com/schemas/VisualStudio/TeamTest/2010">
  <Times creation="2025-07-10T12:51:56.0041491+02:00" queuing="2025-07-10T12:51:56.0041500+02:00" start="2025-07-10T12:51:39.0695910+02:00" finish="2025-07-10T13:09:32.6196991+02:00" />
  <TestSettings name="default" id="a61bf47d-abba-4645-8a3a-8312a8e40f8d">
    <Deployment runDeploymentRoot="Remy.Miller_LT-6MQPN94_2025-07-10_12_51_55" />
  </TestSettings>
  <Results>
    <UnitTestResult executionId="e7bde090-487a-4cf4-903a-4d8f0a957d67" testId="b641f2fe-3ff0-b077-44f0-8f783c0f9ba2" testName="TherapeuticsQuadPack" computerName="LT-6MQPN94" duration="00:01:34.8492710" startTime="2025-07-10T13:05:05.7351220+02:00" endTime="2025-07-10T13:06:40.5834624+02:00" testType="13cdc9d9-ddb5-4fa4-a97d-d965ccfc6d4b" outcome="Passed" testListId="8c84fa94-04c1-424b-9868-57a2d4851a1d" relativeResultsDirectory="e7bde090-487a-4cf4-903a-4d8f0a957d67" />
    <UnitTestResult executionId="265c31cc-453e-4148-96ff-233024bdb9d1" testId="f61f60b2-9c40-06b2-aa05-34168a43a6f4" testName="BloodSampleTests_Virology" computerName="LT-6MQPN94" duration="00:01:22.3060460" startTime="2025-07-10T13:01:58.5420457+02:00" endTime="2025-07-10T13:03:20.8472621+02:00" testType="13cdc9d9-ddb5-4fa4-a97d-d965ccfc6d4b" outcome="Passed" testListId="8c84fa94-04c1-424b-9868-57a2d4851a1d" relativeResultsDirectory="265c31cc-453e-4148-96ff-233024bdb9d1" />
    <UnitTestResult executionId="f18d1664-f9ff-439c-b6ba-6f8e844c7f2c" testId="bc1077cd-fc21-e4be-50d4-4be23cc170ab" testName="BloodSampleTests_FBC" computerName="LT-6MQPN94" duration="00:00:15.5856280" startTime="2025-07-10T12:56:16.9338684+02:00" endTime="2025-07-10T12:56:32.5193342+02:00" testType="13cdc9d9-ddb5-4fa4-a97d-d965ccfc6d4b" outcome="Failed" testListId="8c84fa94-04c1-424b-9868-57a2d4851a1d" relativeResultsDirectory="f18d1664-f9ff-439c-b6ba-6f8e844c7f2c">
      <Output>
        <ErrorInfo>
          <Message>OpenQA.Selenium.ElementClickInterceptedException : element click intercepted: Element is not clickable at point (332, 731)&#xD;
  (Session info: MicrosoftEdge=138.0.3351.77)</Message>
          <StackTrace>   at OpenQA.Selenium.WebDriver.UnpackAndThrowOnError(Response errorResponse, String commandToExecute)&#xD;
   at OpenQA.Selenium.WebDriver.ExecuteAsync(String driverCommandToExecute, Dictionary`2 parameters)&#xD;
   at OpenQA.Selenium.WebDriver.Execute(String driverCommandToExecute, Dictionary`2 parameters)&#xD;
   at OpenQA.Selenium.WebElement.Execute(String commandToExecute, Dictionary`2 parameters)&#xD;
   at OpenQA.Selenium.WebElement.Click()&#xD;
   at SeleniumExtras.PageObjects.WebElementProxy.Click()&#xD;
   at PulseDonations.PageObjects.DonorSetupPage.getFemaleCustomerDetails() in C:\Users\Remy.Miller\source\repos\PulseDonations\PageObjects\DonorSetupPage.cs:line 200&#xD;
   at PulseDonations.Tests.Female.BloodSampleTests_FBC() in C:\Users\Remy.Miller\source\repos\PulseDonations\Tests\Female.cs:line 119&#xD;
   at System.RuntimeMethodHandle.InvokeMethod(Object target, Void** arguments, Signature sig, Boolean isConstructor)&#xD;
   at System.Reflection.MethodBaseInvoker.InvokeWithNoArgs(Object obj, BindingFlags invokeAttr)
</StackTrace>
        </ErrorInfo>
      </Output>
    </UnitTestResult>
    <UnitTestResult executionId="b0a3a03a-55e8-4908-924c-38710781e1d1" testId="e3b4965d-2b4d-a34f-282f-8b1d27c630bc" testName="Apheresis_PlasmaPack" computerName="LT-6MQPN94" duration="00:01:29.8124179" startTime="2025-07-10T12:51:55.8924012+02:00" endTime="2025-07-10T12:53:25.7038620+02:00" testType="13cdc9d9-ddb5-4fa4-a97d-d965ccfc6d4b" outcome="Passed" testListId="8c84fa94-04c1-424b-9868-57a2d4851a1d" relativeResultsDirectory="b0a3a03a-55e8-4908-924c-38710781e1d1" />
    <UnitTestResult executionId="7e1779d6-88a2-491f-b5f5-8998345ecedd" testId="ba7168f6-58d8-6d82-7331-dfdbdd7e83c5" testName="WholeBloodQuadPack" computerName="LT-6MQPN94" duration="00:01:25.9566310" startTime="2025-07-10T13:08:06.5846412+02:00" endTime="2025-07-10T13:09:32.5404531+02:00" testType="13cdc9d9-ddb5-4fa4-a97d-d965ccfc6d4b" outcome="Passed" testListId="8c84fa94-04c1-424b-9868-57a2d4851a1d" relativeResultsDirectory="7e1779d6-88a2-491f-b5f5-8998345ecedd" />
    <UnitTestResult executionId="9493a113-33a1-4024-9a4e-85eaa37f63c2" testId="37e51e37-08a4-6eed-bfd9-a5f534a23fc2" testName="WholeBloodDryPack" computerName="LT-6MQPN94" duration="00:01:26.0018580" startTime="2025-07-10T13:06:40.5835020+02:00" endTime="2025-07-10T13:08:06.5845165+02:00" testType="13cdc9d9-ddb5-4fa4-a97d-d965ccfc6d4b" outcome="Passed" testListId="8c84fa94-04c1-424b-9868-57a2d4851a1d" relativeResultsDirectory="9493a113-33a1-4024-9a4e-85eaa37f63c2" />
    <UnitTestResult executionId="64a093a2-e184-4a00-9174-5d555990250a" testId="7ddc1a68-59b0-075f-504e-6a2dc39fe0d2" testName="BloodSampleTests_ConvalescentPlasma" computerName="LT-6MQPN94" duration="00:01:29.6902170" startTime="2025-07-10T12:53:25.7039220+02:00" endTime="2025-07-10T12:54:55.3932053+02:00" testType="13cdc9d9-ddb5-4fa4-a97d-d965ccfc6d4b" outcome="Passed" testListId="8c84fa94-04c1-424b-9868-57a2d4851a1d" relativeResultsDirectory="64a093a2-e184-4a00-9174-5d555990250a" />
    <UnitTestResult executionId="48a2d76a-873e-4b50-b73a-503d73441a76" testId="feadaea5-200c-3e79-7d0e-32a7b4618a4c" testName="BloodSampleTests_Counselling" computerName="LT-6MQPN94" duration="00:01:21.5414140" startTime="2025-07-10T12:54:55.3932458+02:00" endTime="2025-07-10T12:56:16.9338115+02:00" testType="13cdc9d9-ddb5-4fa4-a97d-d965ccfc6d4b" outcome="Passed" testListId="8c84fa94-04c1-424b-9868-57a2d4851a1d" relativeResultsDirectory="48a2d76a-873e-4b50-b73a-503d73441a76" />
    <UnitTestResult executionId="71b3fd48-2129-4379-ae67-b108a9fb97de" testId="00927b79-4855-e6ea-d302-89ada5c58738" testName="BloodSampleTests_TestOnly" computerName="LT-6MQPN94" duration="00:01:20.3393890" startTime="2025-07-10T13:00:38.2034286+02:00" endTime="2025-07-10T13:01:58.5420056+02:00" testType="13cdc9d9-ddb5-4fa4-a97d-d965ccfc6d4b" outcome="Passed" testListId="8c84fa94-04c1-424b-9868-57a2d4851a1d" relativeResultsDirectory="71b3fd48-2129-4379-ae67-b108a9fb97de" />
    <UnitTestResult executionId="d04af928-3352-4bbf-bea4-56dbba2b831d" testId="5db81cb2-3001-e0c7-b9ba-0ccc5f7e723f" testName="SourcePlasma_SP" computerName="LT-6MQPN94" duration="00:01:29.8159280" startTime="2025-07-10T13:03:20.8473087+02:00" endTime="2025-07-10T13:04:50.6623552+02:00" testType="13cdc9d9-ddb5-4fa4-a97d-d965ccfc6d4b" outcome="Passed" testListId="8c84fa94-04c1-424b-9868-57a2d4851a1d" relativeResultsDirectory="d04af928-3352-4bbf-bea4-56dbba2b831d" />
    <UnitTestResult executionId="272acf2b-4df4-48bd-85e0-e60e2f4a48cb" testId="307f8726-e5cf-f970-bc85-80bc21284d29" testName="BloodSampleTests_LookBack" computerName="LT-6MQPN94" duration="00:01:21.0492910" startTime="2025-07-10T12:57:56.0164113+02:00" endTime="2025-07-10T12:59:17.0648776+02:00" testType="13cdc9d9-ddb5-4fa4-a97d-d965ccfc6d4b" outcome="Passed" testListId="8c84fa94-04c1-424b-9868-57a2d4851a1d" relativeResultsDirectory="272acf2b-4df4-48bd-85e0-e60e2f4a48cb" />
    <UnitTestResult executionId="d4812749-30b0-4279-acf5-24b97af7a424" testId="5e86cd37-ba48-8aef-9bc2-e5161125ce11" testName="ACreateHamper" computerName="LT-6MQPN94" duration="00:00:16.1854400" startTime="2025-07-10T12:51:39.7032573+02:00" endTime="2025-07-10T12:51:55.8884648+02:00" testType="13cdc9d9-ddb5-4fa4-a97d-d965ccfc6d4b" outcome="Passed" testListId="8c84fa94-04c1-424b-9868-57a2d4851a1d" relativeResultsDirectory="d4812749-30b0-4279-acf5-24b97af7a424" />
    <UnitTestResult executionId="e203d8f0-ec01-45a5-b7e9-e326ee3990be" testId="f515b230-7aaf-b83e-350c-a73607800cf3" testName="TherapeuticsDryPack" computerName="LT-6MQPN94" duration="00:00:15.0728240" startTime="2025-07-10T13:04:50.6624034+02:00" endTime="2025-07-10T13:05:05.7350780+02:00" testType="13cdc9d9-ddb5-4fa4-a97d-d965ccfc6d4b" outcome="Failed" testListId="8c84fa94-04c1-424b-9868-57a2d4851a1d" relativeResultsDirectory="e203d8f0-ec01-45a5-b7e9-e326ee3990be">
      <Output>
        <ErrorInfo>
          <Message>OpenQA.Selenium.ElementClickInterceptedException : element click intercepted: Element is not clickable at point (332, 729)&#xD;
  (Session info: MicrosoftEdge=138.0.3351.77)</Message>
          <StackTrace>   at OpenQA.Selenium.WebDriver.UnpackAndThrowOnError(Response errorResponse, String commandToExecute)&#xD;
   at OpenQA.Selenium.WebDriver.ExecuteAsync(String driverCommandToExecute, Dictionary`2 parameters)&#xD;
   at OpenQA.Selenium.WebDriver.Execute(String driverCommandToExecute, Dictionary`2 parameters)&#xD;
   at OpenQA.Selenium.WebElement.Execute(String commandToExecute, Dictionary`2 parameters)&#xD;
   at OpenQA.Selenium.WebElement.Click()&#xD;
   at SeleniumExtras.PageObjects.WebElementProxy.Click()&#xD;
   at PulseDonations.PageObjects.DonorSetupPage.getFemaleCustomerDetails() in C:\Users\Remy.Miller\source\repos\PulseDonations\PageObjects\DonorSetupPage.cs:line 200&#xD;
   at PulseDonations.Tests.Female.TherapeuticsDryPack() in C:\Users\Remy.Miller\source\repos\PulseDonations\Tests\Female.cs:line 76&#xD;
   at System.RuntimeMethodHandle.InvokeMethod(Object target, Void** arguments, Signature sig, Boolean isConstructor)&#xD;
   at System.Reflection.MethodBaseInvoker.InvokeWithNoArgs(Object obj, BindingFlags invokeAttr)
</StackTrace>
        </ErrorInfo>
      </Output>
    </UnitTestResult>
    <UnitTestResult executionId="ce0d56cb-ec9a-49f4-8301-41d174185727" testId="76ddaa8e-059b-79f5-88e6-0ef5f2d4d106" testName="BloodSampleTests_Reagents" computerName="LT-6MQPN94" duration="00:01:21.1392940" startTime="2025-07-10T12:59:17.0649176+02:00" endTime="2025-07-10T13:00:38.2033916+02:00" testType="13cdc9d9-ddb5-4fa4-a97d-d965ccfc6d4b" outcome="Passed" testListId="8c84fa94-04c1-424b-9868-57a2d4851a1d" relativeResultsDirectory="ce0d56cb-ec9a-49f4-8301-41d174185727" />
    <UnitTestResult executionId="f7c19f43-9c27-450a-bdb0-a1f530f27b6f" testId="c396c833-e736-6fd4-3fff-17ce2a940ed2" testName="BloodSampleTests_HepatitisQuery" computerName="LT-6MQPN94" duration="00:01:23.4975560" startTime="2025-07-10T12:56:32.5196744+02:00" endTime="2025-07-10T12:57:56.0163619+02:00" testType="13cdc9d9-ddb5-4fa4-a97d-d965ccfc6d4b" outcome="Passed" testListId="8c84fa94-04c1-424b-9868-57a2d4851a1d" relativeResultsDirectory="f7c19f43-9c27-450a-bdb0-a1f530f27b6f" />
  </Results>
  <TestDefinitions>
    <UnitTest name="ACreateHamper" storage="c:\users\remy.miller\source\repos\pulsedonations\bin\debug\net8.0\pulsedonations.dll" id="5e86cd37-ba48-8aef-9bc2-e5161125ce11">
      <Execution id="d4812749-30b0-4279-acf5-24b97af7a424" />
      <TestMethod codeBase="C:\Users\Remy.Miller\source\repos\PulseDonations\bin\Debug\net8.0\PulseDonations.dll" adapterTypeName="executor://nunit3testexecutor/" className="PulseDonations.Tests.Female" name="ACreateHamper" />
    </UnitTest>
    <UnitTest name="WholeBloodQuadPack" storage="c:\users\remy.miller\source\repos\pulsedonations\bin\debug\net8.0\pulsedonations.dll" id="ba7168f6-58d8-6d82-7331-dfdbdd7e83c5">
      <Execution id="7e1779d6-88a2-491f-b5f5-8998345ecedd" />
      <TestMethod codeBase="C:\Users\Remy.Miller\source\repos\PulseDonations\bin\Debug\net8.0\PulseDonations.dll" adapterTypeName="executor://nunit3testexecutor/" className="PulseDonations.Tests.Female" name="WholeBloodQuadPack" />
    </UnitTest>
    <UnitTest name="WholeBloodDryPack" storage="c:\users\remy.miller\source\repos\pulsedonations\bin\debug\net8.0\pulsedonations.dll" id="37e51e37-08a4-6eed-bfd9-a5f534a23fc2">
      <Execution id="9493a113-33a1-4024-9a4e-85eaa37f63c2" />
      <TestMethod codeBase="C:\Users\Remy.Miller\source\repos\PulseDonations\bin\Debug\net8.0\PulseDonations.dll" adapterTypeName="executor://nunit3testexecutor/" className="PulseDonations.Tests.Female" name="WholeBloodDryPack" />
    </UnitTest>
    <UnitTest name="TherapeuticsDryPack" storage="c:\users\remy.miller\source\repos\pulsedonations\bin\debug\net8.0\pulsedonations.dll" id="f515b230-7aaf-b83e-350c-a73607800cf3">
      <Execution id="e203d8f0-ec01-45a5-b7e9-e326ee3990be" />
      <TestMethod codeBase="C:\Users\Remy.Miller\source\repos\PulseDonations\bin\Debug\net8.0\PulseDonations.dll" adapterTypeName="executor://nunit3testexecutor/" className="PulseDonations.Tests.Female" name="TherapeuticsDryPack" />
    </UnitTest>
    <UnitTest name="BloodSampleTests_Counselling" storage="c:\users\remy.miller\source\repos\pulsedonations\bin\debug\net8.0\pulsedonations.dll" id="feadaea5-200c-3e79-7d0e-32a7b4618a4c">
      <Execution id="48a2d76a-873e-4b50-b73a-503d73441a76" />
      <TestMethod codeBase="C:\Users\Remy.Miller\source\repos\PulseDonations\bin\Debug\net8.0\PulseDonations.dll" adapterTypeName="executor://nunit3testexecutor/" className="PulseDonations.Tests.Female" name="BloodSampleTests_Counselling" />
    </UnitTest>
    <UnitTest name="BloodSampleTests_ConvalescentPlasma" storage="c:\users\remy.miller\source\repos\pulsedonations\bin\debug\net8.0\pulsedonations.dll" id="7ddc1a68-59b0-075f-504e-6a2dc39fe0d2">
      <Execution id="64a093a2-e184-4a00-9174-5d555990250a" />
      <TestMethod codeBase="C:\Users\Remy.Miller\source\repos\PulseDonations\bin\Debug\net8.0\PulseDonations.dll" adapterTypeName="executor://nunit3testexecutor/" className="PulseDonations.Tests.Female" name="BloodSampleTests_ConvalescentPlasma" />
    </UnitTest>
    <UnitTest name="BloodSampleTests_LookBack" storage="c:\users\remy.miller\source\repos\pulsedonations\bin\debug\net8.0\pulsedonations.dll" id="307f8726-e5cf-f970-bc85-80bc21284d29">
      <Execution id="272acf2b-4df4-48bd-85e0-e60e2f4a48cb" />
      <TestMethod codeBase="C:\Users\Remy.Miller\source\repos\PulseDonations\bin\Debug\net8.0\PulseDonations.dll" adapterTypeName="executor://nunit3testexecutor/" className="PulseDonations.Tests.Female" name="BloodSampleTests_LookBack" />
    </UnitTest>
    <UnitTest name="Apheresis_PlasmaPack" storage="c:\users\remy.miller\source\repos\pulsedonations\bin\debug\net8.0\pulsedonations.dll" id="e3b4965d-2b4d-a34f-282f-8b1d27c630bc">
      <Execution id="b0a3a03a-55e8-4908-924c-38710781e1d1" />
      <TestMethod codeBase="C:\Users\Remy.Miller\source\repos\PulseDonations\bin\Debug\net8.0\PulseDonations.dll" adapterTypeName="executor://nunit3testexecutor/" className="PulseDonations.Tests.Female" name="Apheresis_PlasmaPack" />
    </UnitTest>
    <UnitTest name="BloodSampleTests_TestOnly" storage="c:\users\remy.miller\source\repos\pulsedonations\bin\debug\net8.0\pulsedonations.dll" id="00927b79-4855-e6ea-d302-89ada5c58738">
      <Execution id="71b3fd48-2129-4379-ae67-b108a9fb97de" />
      <TestMethod codeBase="C:\Users\Remy.Miller\source\repos\PulseDonations\bin\Debug\net8.0\PulseDonations.dll" adapterTypeName="executor://nunit3testexecutor/" className="PulseDonations.Tests.Female" name="BloodSampleTests_TestOnly" />
    </UnitTest>
    <UnitTest name="BloodSampleTests_Reagents" storage="c:\users\remy.miller\source\repos\pulsedonations\bin\debug\net8.0\pulsedonations.dll" id="76ddaa8e-059b-79f5-88e6-0ef5f2d4d106">
      <Execution id="ce0d56cb-ec9a-49f4-8301-41d174185727" />
      <TestMethod codeBase="C:\Users\Remy.Miller\source\repos\PulseDonations\bin\Debug\net8.0\PulseDonations.dll" adapterTypeName="executor://nunit3testexecutor/" className="PulseDonations.Tests.Female" name="BloodSampleTests_Reagents" />
    </UnitTest>
    <UnitTest name="BloodSampleTests_FBC" storage="c:\users\remy.miller\source\repos\pulsedonations\bin\debug\net8.0\pulsedonations.dll" id="bc1077cd-fc21-e4be-50d4-4be23cc170ab">
      <Execution id="f18d1664-f9ff-439c-b6ba-6f8e844c7f2c" />
      <TestMethod codeBase="C:\Users\Remy.Miller\source\repos\PulseDonations\bin\Debug\net8.0\PulseDonations.dll" adapterTypeName="executor://nunit3testexecutor/" className="PulseDonations.Tests.Female" name="BloodSampleTests_FBC" />
    </UnitTest>
    <UnitTest name="BloodSampleTests_HepatitisQuery" storage="c:\users\remy.miller\source\repos\pulsedonations\bin\debug\net8.0\pulsedonations.dll" id="c396c833-e736-6fd4-3fff-17ce2a940ed2">
      <Execution id="f7c19f43-9c27-450a-bdb0-a1f530f27b6f" />
      <TestMethod codeBase="C:\Users\Remy.Miller\source\repos\PulseDonations\bin\Debug\net8.0\PulseDonations.dll" adapterTypeName="executor://nunit3testexecutor/" className="PulseDonations.Tests.Female" name="BloodSampleTests_HepatitisQuery" />
    </UnitTest>
    <UnitTest name="BloodSampleTests_Virology" storage="c:\users\remy.miller\source\repos\pulsedonations\bin\debug\net8.0\pulsedonations.dll" id="f61f60b2-9c40-06b2-aa05-34168a43a6f4">
      <Execution id="265c31cc-453e-4148-96ff-233024bdb9d1" />
      <TestMethod codeBase="C:\Users\Remy.Miller\source\repos\PulseDonations\bin\Debug\net8.0\PulseDonations.dll" adapterTypeName="executor://nunit3testexecutor/" className="PulseDonations.Tests.Female" name="BloodSampleTests_Virology" />
    </UnitTest>
    <UnitTest name="SourcePlasma_SP" storage="c:\users\remy.miller\source\repos\pulsedonations\bin\debug\net8.0\pulsedonations.dll" id="5db81cb2-3001-e0c7-b9ba-0ccc5f7e723f">
      <Execution id="d04af928-3352-4bbf-bea4-56dbba2b831d" />
      <TestMethod codeBase="C:\Users\Remy.Miller\source\repos\PulseDonations\bin\Debug\net8.0\PulseDonations.dll" adapterTypeName="executor://nunit3testexecutor/" className="PulseDonations.Tests.Female" name="SourcePlasma_SP" />
    </UnitTest>
    <UnitTest name="TherapeuticsQuadPack" storage="c:\users\remy.miller\source\repos\pulsedonations\bin\debug\net8.0\pulsedonations.dll" id="b641f2fe-3ff0-b077-44f0-8f783c0f9ba2">
      <Execution id="e7bde090-487a-4cf4-903a-4d8f0a957d67" />
      <TestMethod codeBase="C:\Users\Remy.Miller\source\repos\PulseDonations\bin\Debug\net8.0\PulseDonations.dll" adapterTypeName="executor://nunit3testexecutor/" className="PulseDonations.Tests.Female" name="TherapeuticsQuadPack" />
    </UnitTest>
  </TestDefinitions>
  <TestEntries>
    <TestEntry testId="b641f2fe-3ff0-b077-44f0-8f783c0f9ba2" executionId="e7bde090-487a-4cf4-903a-4d8f0a957d67" testListId="8c84fa94-04c1-424b-9868-57a2d4851a1d" />
    <TestEntry testId="f61f60b2-9c40-06b2-aa05-34168a43a6f4" executionId="265c31cc-453e-4148-96ff-233024bdb9d1" testListId="8c84fa94-04c1-424b-9868-57a2d4851a1d" />
    <TestEntry testId="bc1077cd-fc21-e4be-50d4-4be23cc170ab" executionId="f18d1664-f9ff-439c-b6ba-6f8e844c7f2c" testListId="8c84fa94-04c1-424b-9868-57a2d4851a1d" />
    <TestEntry testId="e3b4965d-2b4d-a34f-282f-8b1d27c630bc" executionId="b0a3a03a-55e8-4908-924c-38710781e1d1" testListId="8c84fa94-04c1-424b-9868-57a2d4851a1d" />
    <TestEntry testId="ba7168f6-58d8-6d82-7331-dfdbdd7e83c5" executionId="7e1779d6-88a2-491f-b5f5-8998345ecedd" testListId="8c84fa94-04c1-424b-9868-57a2d4851a1d" />
    <TestEntry testId="37e51e37-08a4-6eed-bfd9-a5f534a23fc2" executionId="9493a113-33a1-4024-9a4e-85eaa37f63c2" testListId="8c84fa94-04c1-424b-9868-57a2d4851a1d" />
    <TestEntry testId="7ddc1a68-59b0-075f-504e-6a2dc39fe0d2" executionId="64a093a2-e184-4a00-9174-5d555990250a" testListId="8c84fa94-04c1-424b-9868-57a2d4851a1d" />
    <TestEntry testId="feadaea5-200c-3e79-7d0e-32a7b4618a4c" executionId="48a2d76a-873e-4b50-b73a-503d73441a76" testListId="8c84fa94-04c1-424b-9868-57a2d4851a1d" />
    <TestEntry testId="00927b79-4855-e6ea-d302-89ada5c58738" executionId="71b3fd48-2129-4379-ae67-b108a9fb97de" testListId="8c84fa94-04c1-424b-9868-57a2d4851a1d" />
    <TestEntry testId="5db81cb2-3001-e0c7-b9ba-0ccc5f7e723f" executionId="d04af928-3352-4bbf-bea4-56dbba2b831d" testListId="8c84fa94-04c1-424b-9868-57a2d4851a1d" />
    <TestEntry testId="307f8726-e5cf-f970-bc85-80bc21284d29" executionId="272acf2b-4df4-48bd-85e0-e60e2f4a48cb" testListId="8c84fa94-04c1-424b-9868-57a2d4851a1d" />
    <TestEntry testId="5e86cd37-ba48-8aef-9bc2-e5161125ce11" executionId="d4812749-30b0-4279-acf5-24b97af7a424" testListId="8c84fa94-04c1-424b-9868-57a2d4851a1d" />
    <TestEntry testId="f515b230-7aaf-b83e-350c-a73607800cf3" executionId="e203d8f0-ec01-45a5-b7e9-e326ee3990be" testListId="8c84fa94-04c1-424b-9868-57a2d4851a1d" />
    <TestEntry testId="76ddaa8e-059b-79f5-88e6-0ef5f2d4d106" executionId="ce0d56cb-ec9a-49f4-8301-41d174185727" testListId="8c84fa94-04c1-424b-9868-57a2d4851a1d" />
    <TestEntry testId="c396c833-e736-6fd4-3fff-17ce2a940ed2" executionId="f7c19f43-9c27-450a-bdb0-a1f530f27b6f" testListId="8c84fa94-04c1-424b-9868-57a2d4851a1d" />
  </TestEntries>
  <TestLists>
    <TestList name="Results Not in a List" id="8c84fa94-04c1-424b-9868-57a2d4851a1d" />
    <TestList name="All Loaded Results" id="19431567-8539-422a-85d7-44ee4e166bda" />
  </TestLists>
  <ResultSummary outcome="Failed">
    <Counters total="15" executed="15" passed="13" failed="2" error="0" timeout="0" aborted="0" inconclusive="0" passedButRunAborted="0" notRunnable="0" notExecuted="0" disconnected="0" warning="0" completed="0" inProgress="0" pending="0" />
    <Output>
      <StdOut>NUnit Adapter 4.5.0.0: Test execution started&#xD;
Running selected tests in C:\Users\Remy.Miller\source\repos\PulseDonations\bin\Debug\net8.0\PulseDonations.dll&#xD;
   NUnit3TestExecutor discovered 15 of 15 NUnit test cases using Current Discovery mode, Non-Explicit run&#xD;
Starting Microsoft Edge WebDriver 138.0.3351.77 (efaf6935b43603dd8cc995ffac40c472ea5fa5c6) on port 61308&#xD;
To submit feedback, report a bug, or suggest new features, please visit https://github.com/MicrosoftEdge/EdgeWebDriver&#xD;
Only local connections are allowed.&#xD;
Please see https://aka.ms/WebDriverSecurity for suggestions on keeping Microsoft Edge WebDriver safe.&#xD;
msedgedriver was started successfully on port 61308.&#xD;
63740740&#xD;
Starting Microsoft Edge WebDriver 138.0.3351.77 (efaf6935b43603dd8cc995ffac40c472ea5fa5c6) on port 61361&#xD;
To submit feedback, report a bug, or suggest new features, please visit https://github.com/MicrosoftEdge/EdgeWebDriver&#xD;
Only local connections are allowed.&#xD;
Please see https://aka.ms/WebDriverSecurity for suggestions on keeping Microsoft Edge WebDriver safe.&#xD;
msedgedriver was started successfully on port 61361.&#xD;
7208190563181&#xD;
Lillian&#xD;
Kerry&#xD;
Dibbert&#xD;
Lillian@myspy.com&#xD;
0831445748&#xD;
80179 Neva Viaduct&#xD;
Woodstock&#xD;
5899&#xD;
40719685&#xD;
13.5&#xD;
Lillian&#xD;
Dibbert&#xD;
7208190563181&#xD;
Apheresis&#xD;
Plasma Pack&#xD;
Starting Microsoft Edge WebDriver 138.0.3351.77 (efaf6935b43603dd8cc995ffac40c472ea5fa5c6) on port 61490&#xD;
To submit feedback, report a bug, or suggest new features, please visit https://github.com/MicrosoftEdge/EdgeWebDriver&#xD;
Only local connections are allowed.&#xD;
Please see https://aka.ms/WebDriverSecurity for suggestions on keeping Microsoft Edge WebDriver safe.&#xD;
msedgedriver was started successfully on port 61490.&#xD;
7501214812182&#xD;
Kristy&#xD;
Sonya&#xD;
Bednar&#xD;
Kristy@myspy.com&#xD;
0830588986&#xD;
950 Vicente Ridges&#xD;
Century City&#xD;
3406&#xD;
67721437&#xD;
13.0&#xD;
Kristy&#xD;
Bednar&#xD;
7501214812182&#xD;
Blood Samples/Tests&#xD;
Convalescent Plasma - Pre Assessment&#xD;
Starting Microsoft Edge WebDriver 138.0.3351.77 (efaf6935b43603dd8cc995ffac40c472ea5fa5c6) on port 61597&#xD;
To submit feedback, report a bug, or suggest new features, please visit https://github.com/MicrosoftEdge/EdgeWebDriver&#xD;
Only local connections are allowed.&#xD;
Please see https://aka.ms/WebDriverSecurity for suggestions on keeping Microsoft Edge WebDriver safe.&#xD;
msedgedriver was started successfully on port 61597.&#xD;
0203233359082&#xD;
Dianne&#xD;
Darlene&#xD;
Friesen&#xD;
Dianne@myspy.com&#xD;
0835112663&#xD;
500 Magnus Locks&#xD;
Rondebosch&#xD;
3045&#xD;
36669167&#xD;
13.2&#xD;
Dianne&#xD;
Friesen&#xD;
0203233359082&#xD;
Blood Samples/Tests&#xD;
Counselling&#xD;
Starting Microsoft Edge WebDriver 138.0.3351.77 (efaf6935b43603dd8cc995ffac40c472ea5fa5c6) on port 61724&#xD;
To submit feedback, report a bug, or suggest new features, please visit https://github.com/MicrosoftEdge/EdgeWebDriver&#xD;
Only local connections are allowed.&#xD;
Please see https://aka.ms/WebDriverSecurity for suggestions on keeping Microsoft Edge WebDriver safe.&#xD;
msedgedriver was started successfully on port 61724.&#xD;
Starting Microsoft Edge WebDriver 138.0.3351.77 (efaf6935b43603dd8cc995ffac40c472ea5fa5c6) on port 61786&#xD;
To submit feedback, report a bug, or suggest new features, please visit https://github.com/MicrosoftEdge/EdgeWebDriver&#xD;
Only local connections are allowed.&#xD;
Please see https://aka.ms/WebDriverSecurity for suggestions on keeping Microsoft Edge WebDriver safe.&#xD;
msedgedriver was started successfully on port 61786.&#xD;
8710061301186&#xD;
Barbara&#xD;
Maggie&#xD;
Johnston&#xD;
Barbara@myspy.com&#xD;
0839204389&#xD;
37707 Corwin Island&#xD;
Mowbray&#xD;
0361&#xD;
93941145&#xD;
13.3&#xD;
Barbara&#xD;
Johnston&#xD;
8710061301186&#xD;
Blood Samples/Tests&#xD;
Hepatitis Query&#xD;
Starting Microsoft Edge WebDriver 138.0.3351.77 (efaf6935b43603dd8cc995ffac40c472ea5fa5c6) on port 61904&#xD;
To submit feedback, report a bug, or suggest new features, please visit https://github.com/MicrosoftEdge/EdgeWebDriver&#xD;
Only local connections are allowed.&#xD;
Please see https://aka.ms/WebDriverSecurity for suggestions on keeping Microsoft Edge WebDriver safe.&#xD;
msedgedriver was started successfully on port 61904.&#xD;
8108071139185&#xD;
Eloise&#xD;
Donna&#xD;
Kuhn&#xD;
Eloise@myspy.com&#xD;
0830171682&#xD;
8814 Maximus Parkway&#xD;
Century City&#xD;
0057&#xD;
33928595&#xD;
13.0&#xD;
Eloise&#xD;
Kuhn&#xD;
8108071139185&#xD;
Blood Samples/Tests&#xD;
Look Back&#xD;
Starting Microsoft Edge WebDriver 138.0.3351.77 (efaf6935b43603dd8cc995ffac40c472ea5fa5c6) on port 62036&#xD;
To submit feedback, report a bug, or suggest new features, please visit https://github.com/MicrosoftEdge/EdgeWebDriver&#xD;
Only local connections are allowed.&#xD;
Please see https://aka.ms/WebDriverSecurity for suggestions on keeping Microsoft Edge WebDriver safe.&#xD;
msedgedriver was started successfully on port 62036.&#xD;
8810160373084&#xD;
Ellen&#xD;
Shawna&#xD;
Senger&#xD;
Ellen@myspy.com&#xD;
0835702807&#xD;
17095 Heaney Place&#xD;
Paarl&#xD;
8948&#xD;
90195046&#xD;
13.4&#xD;
Ellen&#xD;
Senger&#xD;
8810160373084&#xD;
Blood Samples/Tests&#xD;
Reagents&#xD;
Starting Microsoft Edge WebDriver 138.0.3351.77 (efaf6935b43603dd8cc995ffac40c472ea5fa5c6) on port 62157&#xD;
To submit feedback, report a bug, or suggest new features, please visit https://github.com/MicrosoftEdge/EdgeWebDriver&#xD;
Only local connections are allowed.&#xD;
Please see https://aka.ms/WebDriverSecurity for suggestions on keeping Microsoft Edge WebDriver safe.&#xD;
msedgedriver was started successfully on port 62157.&#xD;
7904072719087&#xD;
Erika&#xD;
Melinda&#xD;
Weimann&#xD;
Erika@myspy.com&#xD;
0836859748&#xD;
424 Welch Oval&#xD;
Table View&#xD;
5770&#xD;
24386799&#xD;
13.3&#xD;
Erika&#xD;
Weimann&#xD;
7904072719087&#xD;
Blood Samples/Tests&#xD;
Test Only&#xD;
Starting Microsoft Edge WebDriver 138.0.3351.77 (efaf6935b43603dd8cc995ffac40c472ea5fa5c6) on port 62272&#xD;
To submit feedback, report a bug, or suggest new features, please visit https://github.com/MicrosoftEdge/EdgeWebDriver&#xD;
Only local connections are allowed.&#xD;
Please see https://aka.ms/WebDriverSecurity for suggestions on keeping Microsoft Edge WebDriver safe.&#xD;
msedgedriver was started successfully on port 62272.&#xD;
7202132160081&#xD;
Blanca&#xD;
Joann&#xD;
Abernathy&#xD;
Blanca@myspy.com&#xD;
0839796033&#xD;
8450 Prohaska Neck&#xD;
Rondebosch&#xD;
2062&#xD;
31765920&#xD;
12.9&#xD;
Blanca&#xD;
Abernathy&#xD;
7202132160081&#xD;
Blood Samples/Tests&#xD;
Virology&#xD;
Starting Microsoft Edge WebDriver 138.0.3351.77 (efaf6935b43603dd8cc995ffac40c472ea5fa5c6) on port 62379&#xD;
To submit feedback, report a bug, or suggest new features, please visit https://github.com/MicrosoftEdge/EdgeWebDriver&#xD;
Only local connections are allowed.&#xD;
Please see https://aka.ms/WebDriverSecurity for suggestions on keeping Microsoft Edge WebDriver safe.&#xD;
msedgedriver was started successfully on port 62379.&#xD;
0204163592189&#xD;
Sheila&#xD;
Tina&#xD;
Abernathy&#xD;
Sheila@myspy.com&#xD;
0837166743&#xD;
7733 Koch Falls&#xD;
Claremont&#xD;
7678&#xD;
54228247&#xD;
13.0&#xD;
Sheila&#xD;
Abernathy&#xD;
0204163592189&#xD;
Source Plasma&#xD;
Source Plasma + 5 ml SST Gel&#xD;
Starting Microsoft Edge WebDriver 138.0.3351.77 (efaf6935b43603dd8cc995ffac40c472ea5fa5c6) on port 62497&#xD;
To submit feedback, report a bug, or suggest new features, please visit https://github.com/MicrosoftEdge/EdgeWebDriver&#xD;
Only local connections are allowed.&#xD;
Please see https://aka.ms/WebDriverSecurity for suggestions on keeping Microsoft Edge WebDriver safe.&#xD;
msedgedriver was started successfully on port 62497.&#xD;
Starting Microsoft Edge WebDriver 138.0.3351.77 (efaf6935b43603dd8cc995ffac40c472ea5fa5c6) on port 62551&#xD;
To submit feedback, report a bug, or suggest new features, please visit https://github.com/MicrosoftEdge/EdgeWebDriver&#xD;
Only local connections are allowed.&#xD;
Please see https://aka.ms/WebDriverSecurity for suggestions on keeping Microsoft Edge WebDriver safe.&#xD;
msedgedriver was started successfully on port 62551.&#xD;
8702011166181&#xD;
Victoria&#xD;
Sheryl&#xD;
Quitzon&#xD;
Victoria@myspy.com&#xD;
0832418451&#xD;
379 Koby Lane&#xD;
Green Point&#xD;
5788&#xD;
80770666&#xD;
13.4&#xD;
Victoria&#xD;
Quitzon&#xD;
8702011166181&#xD;
Therapeutics&#xD;
Quad Pack&#xD;
Starting Microsoft Edge WebDriver 138.0.3351.77 (efaf6935b43603dd8cc995ffac40c472ea5fa5c6) on port 62675&#xD;
To submit feedback, report a bug, or suggest new features, please visit https://github.com/MicrosoftEdge/EdgeWebDriver&#xD;
Only local connections are allowed.&#xD;
Please see https://aka.ms/WebDriverSecurity for suggestions on keeping Microsoft Edge WebDriver safe.&#xD;
msedgedriver was started successfully on port 62675.&#xD;
0401253522189&#xD;
Phyllis&#xD;
Ruth&#xD;
Sipes&#xD;
Phyllis@myspy.com&#xD;
0836440185&#xD;
38619 Rath Plain&#xD;
Tamboerskloof&#xD;
1525&#xD;
17519333&#xD;
13.2&#xD;
Phyllis&#xD;
Sipes&#xD;
0401253522189&#xD;
Whole Blood Donation&#xD;
Dry Pack&#xD;
Starting Microsoft Edge WebDriver 138.0.3351.77 (efaf6935b43603dd8cc995ffac40c472ea5fa5c6) on port 62785&#xD;
To submit feedback, report a bug, or suggest new features, please visit https://github.com/MicrosoftEdge/EdgeWebDriver&#xD;
Only local connections are allowed.&#xD;
Please see https://aka.ms/WebDriverSecurity for suggestions on keeping Microsoft Edge WebDriver safe.&#xD;
msedgedriver was started successfully on port 62785.&#xD;
8510051005189&#xD;
Kristen&#xD;
Carolyn&#xD;
Tremblay&#xD;
Kristen@myspy.com&#xD;
0833818960&#xD;
6458 Walker Greens&#xD;
Milnerton&#xD;
3066&#xD;
46309909&#xD;
13.2&#xD;
Kristen&#xD;
Tremblay&#xD;
8510051005189&#xD;
Whole Blood Donation&#xD;
Quad Pack&#xD;
NUnit Adapter 4.5.0.0: Test execution complete&#xD;
</StdOut>
    </Output>
  </ResultSummary>
</TestRun>