<?xml version="1.0" encoding="utf-8"?>
<TestRun id="9169f2dd-a235-4bac-b1ba-f947f3cfa28b" name="Remy.Miller@LT-6MQPN94 2025-07-10 11:26:37" runUser="WPBTS\Remy.Miller" xmlns="http://microsoft.com/schemas/VisualStudio/TeamTest/2010">
  <Times creation="2025-07-10T11:26:37.4028694+02:00" queuing="2025-07-10T11:26:37.4028699+02:00" start="2025-07-10T11:26:22.2346979+02:00" finish="2025-07-10T11:30:46.0875385+02:00" />
  <TestSettings name="default" id="ec98d27b-7582-4d0c-bef0-f70bf641e59b">
    <Deployment runDeploymentRoot="Remy.Miller_LT-6MQPN94_2025-07-10_11_26_37" />
  </TestSettings>
  <Results>
    <UnitTestResult executionId="7898ed21-b96c-40a3-96f9-aaff3c325daf" testId="b50bd042-bb9e-9929-a421-ce29452ab33d" testName="Apheresis_PlasmaPack" computerName="LT-6MQPN94" duration="00:01:13.9219190" startTime="2025-07-10T11:29:09.4554584+02:00" endTime="2025-07-10T11:30:23.3772069+02:00" testType="13cdc9d9-ddb5-4fa4-a97d-d965ccfc6d4b" outcome="Passed" testListId="8c84fa94-04c1-424b-9868-57a2d4851a1d" relativeResultsDirectory="7898ed21-b96c-40a3-96f9-aaff3c325daf" />
    <UnitTestResult executionId="a40a6e14-56a3-4496-9f2f-6b18191d7180" testId="9a2a4b71-07b7-8d14-4a9e-a9c2577e0f58" testName="BloodSampleTests_ConvalescentPlasma" computerName="LT-6MQPN94" duration="00:00:10.4711630" startTime="2025-07-10T11:30:23.3772918+02:00" endTime="2025-07-10T11:30:33.8484305+02:00" testType="13cdc9d9-ddb5-4fa4-a97d-d965ccfc6d4b" outcome="Failed" testListId="8c84fa94-04c1-424b-9868-57a2d4851a1d" relativeResultsDirectory="a40a6e14-56a3-4496-9f2f-6b18191d7180">
      <Output>
        <ErrorInfo>
          <Message>OpenQA.Selenium.ElementClickInterceptedException : element click intercepted: Element is not clickable at point (332, 902)&#xD;
  (Session info: MicrosoftEdge=138.0.3351.77)</Message>
          <StackTrace>   at OpenQA.Selenium.WebDriver.UnpackAndThrowOnError(Response errorResponse, String commandToExecute)&#xD;
   at OpenQA.Selenium.WebDriver.ExecuteAsync(String driverCommandToExecute, Dictionary`2 parameters)&#xD;
   at OpenQA.Selenium.WebDriver.Execute(String driverCommandToExecute, Dictionary`2 parameters)&#xD;
   at OpenQA.Selenium.WebElement.Execute(String commandToExecute, Dictionary`2 parameters)&#xD;
   at OpenQA.Selenium.WebElement.Click()&#xD;
   at SeleniumExtras.PageObjects.WebElementProxy.Click()&#xD;
   at PulseDonations.PageObjects.DonorSetupPage.getMaleCustomerDetails() in C:\Users\Remy.Miller\source\repos\PulseDonations\PageObjects\DonorSetupPage.cs:line 95&#xD;
   at PulseDonations.Tests.Male.BloodSampleTests_ConvalescentPlasma() in C:\Users\Remy.Miller\source\repos\PulseDonations\Tests\Male.cs:line 222&#xD;
   at System.RuntimeMethodHandle.InvokeMethod(Object target, Void** arguments, Signature sig, Boolean isConstructor)&#xD;
   at System.Reflection.MethodBaseInvoker.InvokeWithNoArgs(Object obj, BindingFlags invokeAttr)
</StackTrace>
        </ErrorInfo>
      </Output>
    </UnitTestResult>
    <UnitTestResult executionId="2c89029d-e78e-4b41-9720-e58696daa2ab" testId="ba7168f6-58d8-6d82-7331-dfdbdd7e83c5" testName="WholeBloodQuadPack" computerName="LT-6MQPN94" duration="00:01:20.2970470" startTime="2025-07-10T11:27:49.1561033+02:00" endTime="2025-07-10T11:29:09.4529650+02:00" testType="13cdc9d9-ddb5-4fa4-a97d-d965ccfc6d4b" outcome="Passed" testListId="8c84fa94-04c1-424b-9868-57a2d4851a1d" relativeResultsDirectory="2c89029d-e78e-4b41-9720-e58696daa2ab" />
    <UnitTestResult executionId="902b4c26-bfa2-45b8-a5e2-3fa7391d9d98" testId="37e51e37-08a4-6eed-bfd9-a5f534a23fc2" testName="WholeBloodDryPack" computerName="LT-6MQPN94" duration="00:01:11.7926390" startTime="2025-07-10T11:26:37.3635433+02:00" endTime="2025-07-10T11:27:49.1560165+02:00" testType="13cdc9d9-ddb5-4fa4-a97d-d965ccfc6d4b" outcome="Passed" testListId="8c84fa94-04c1-424b-9868-57a2d4851a1d" relativeResultsDirectory="902b4c26-bfa2-45b8-a5e2-3fa7391d9d98" />
    <UnitTestResult executionId="1d6ed8db-8a85-46ef-a2c6-8a66344f13a0" testId="5e86cd37-ba48-8aef-9bc2-e5161125ce11" testName="ACreateHamper" computerName="LT-6MQPN94" duration="00:00:14.4818050" startTime="2025-07-10T11:26:22.8784764+02:00" endTime="2025-07-10T11:26:37.3600878+02:00" testType="13cdc9d9-ddb5-4fa4-a97d-d965ccfc6d4b" outcome="Passed" testListId="8c84fa94-04c1-424b-9868-57a2d4851a1d" relativeResultsDirectory="1d6ed8db-8a85-46ef-a2c6-8a66344f13a0" />
    <UnitTestResult executionId="6538fb4c-748e-4a2d-b6f9-08a3941dec78" testId="3bdd427d-5f02-37ab-0862-4df9ae6154f7" testName="SourcePlasma_SP" computerName="LT-6MQPN94" duration="00:00:12.1490530" startTime="2025-07-10T11:30:33.8486718+02:00" endTime="2025-07-10T11:30:45.9976969+02:00" testType="13cdc9d9-ddb5-4fa4-a97d-d965ccfc6d4b" outcome="Failed" testListId="8c84fa94-04c1-424b-9868-57a2d4851a1d" relativeResultsDirectory="6538fb4c-748e-4a2d-b6f9-08a3941dec78">
      <Output>
        <ErrorInfo>
          <Message>OpenQA.Selenium.ElementClickInterceptedException : element click intercepted: Element is not clickable at point (332, 731)&#xD;
  (Session info: MicrosoftEdge=138.0.3351.77)</Message>
          <StackTrace>   at OpenQA.Selenium.WebDriver.UnpackAndThrowOnError(Response errorResponse, String commandToExecute)&#xD;
   at OpenQA.Selenium.WebDriver.ExecuteAsync(String driverCommandToExecute, Dictionary`2 parameters)&#xD;
   at OpenQA.Selenium.WebDriver.Execute(String driverCommandToExecute, Dictionary`2 parameters)&#xD;
   at OpenQA.Selenium.WebElement.Execute(String commandToExecute, Dictionary`2 parameters)&#xD;
   at OpenQA.Selenium.WebElement.Click()&#xD;
   at SeleniumExtras.PageObjects.WebElementProxy.Click()&#xD;
   at PulseDonations.PageObjects.DonorSetupPage.getMaleCustomerDetails() in C:\Users\Remy.Miller\source\repos\PulseDonations\PageObjects\DonorSetupPage.cs:line 95&#xD;
   at PulseDonations.Tests.Male.SourcePlasma_SP() in C:\Users\Remy.Miller\source\repos\PulseDonations\Tests\Male.cs:line 308&#xD;
   at System.RuntimeMethodHandle.InvokeMethod(Object target, Void** arguments, Signature sig, Boolean isConstructor)&#xD;
   at System.Reflection.MethodBaseInvoker.InvokeWithNoArgs(Object obj, BindingFlags invokeAttr)
</StackTrace>
        </ErrorInfo>
      </Output>
    </UnitTestResult>
  </Results>
  <TestDefinitions>
    <UnitTest name="ACreateHamper" storage="c:\users\remy.miller\source\repos\pulsedonations\bin\debug\net8.0\pulsedonations.dll" id="5e86cd37-ba48-8aef-9bc2-e5161125ce11">
      <Execution id="1d6ed8db-8a85-46ef-a2c6-8a66344f13a0" />
      <TestMethod codeBase="C:\Users\Remy.Miller\source\repos\PulseDonations\bin\Debug\net8.0\PulseDonations.dll" adapterTypeName="executor://nunit3testexecutor/" className="PulseDonations.Tests.Female" name="ACreateHamper" />
    </UnitTest>
    <UnitTest name="BloodSampleTests_ConvalescentPlasma" storage="c:\users\remy.miller\source\repos\pulsedonations\bin\debug\net8.0\pulsedonations.dll" id="9a2a4b71-07b7-8d14-4a9e-a9c2577e0f58">
      <Execution id="a40a6e14-56a3-4496-9f2f-6b18191d7180" />
      <TestMethod codeBase="C:\Users\Remy.Miller\source\repos\PulseDonations\bin\Debug\net8.0\PulseDonations.dll" adapterTypeName="executor://nunit3testexecutor/" className="PulseDonations.Tests.Male" name="BloodSampleTests_ConvalescentPlasma" />
    </UnitTest>
    <UnitTest name="WholeBloodQuadPack" storage="c:\users\remy.miller\source\repos\pulsedonations\bin\debug\net8.0\pulsedonations.dll" id="ba7168f6-58d8-6d82-7331-dfdbdd7e83c5">
      <Execution id="2c89029d-e78e-4b41-9720-e58696daa2ab" />
      <TestMethod codeBase="C:\Users\Remy.Miller\source\repos\PulseDonations\bin\Debug\net8.0\PulseDonations.dll" adapterTypeName="executor://nunit3testexecutor/" className="PulseDonations.Tests.Female" name="WholeBloodQuadPack" />
    </UnitTest>
    <UnitTest name="WholeBloodDryPack" storage="c:\users\remy.miller\source\repos\pulsedonations\bin\debug\net8.0\pulsedonations.dll" id="37e51e37-08a4-6eed-bfd9-a5f534a23fc2">
      <Execution id="902b4c26-bfa2-45b8-a5e2-3fa7391d9d98" />
      <TestMethod codeBase="C:\Users\Remy.Miller\source\repos\PulseDonations\bin\Debug\net8.0\PulseDonations.dll" adapterTypeName="executor://nunit3testexecutor/" className="PulseDonations.Tests.Female" name="WholeBloodDryPack" />
    </UnitTest>
    <UnitTest name="Apheresis_PlasmaPack" storage="c:\users\remy.miller\source\repos\pulsedonations\bin\debug\net8.0\pulsedonations.dll" id="b50bd042-bb9e-9929-a421-ce29452ab33d">
      <Execution id="7898ed21-b96c-40a3-96f9-aaff3c325daf" />
      <TestMethod codeBase="C:\Users\Remy.Miller\source\repos\PulseDonations\bin\Debug\net8.0\PulseDonations.dll" adapterTypeName="executor://nunit3testexecutor/" className="PulseDonations.Tests.Male" name="Apheresis_PlasmaPack" />
    </UnitTest>
    <UnitTest name="SourcePlasma_SP" storage="c:\users\remy.miller\source\repos\pulsedonations\bin\debug\net8.0\pulsedonations.dll" id="3bdd427d-5f02-37ab-0862-4df9ae6154f7">
      <Execution id="6538fb4c-748e-4a2d-b6f9-08a3941dec78" />
      <TestMethod codeBase="C:\Users\Remy.Miller\source\repos\PulseDonations\bin\Debug\net8.0\PulseDonations.dll" adapterTypeName="executor://nunit3testexecutor/" className="PulseDonations.Tests.Male" name="SourcePlasma_SP" />
    </UnitTest>
  </TestDefinitions>
  <TestEntries>
    <TestEntry testId="b50bd042-bb9e-9929-a421-ce29452ab33d" executionId="7898ed21-b96c-40a3-96f9-aaff3c325daf" testListId="8c84fa94-04c1-424b-9868-57a2d4851a1d" />
    <TestEntry testId="9a2a4b71-07b7-8d14-4a9e-a9c2577e0f58" executionId="a40a6e14-56a3-4496-9f2f-6b18191d7180" testListId="8c84fa94-04c1-424b-9868-57a2d4851a1d" />
    <TestEntry testId="ba7168f6-58d8-6d82-7331-dfdbdd7e83c5" executionId="2c89029d-e78e-4b41-9720-e58696daa2ab" testListId="8c84fa94-04c1-424b-9868-57a2d4851a1d" />
    <TestEntry testId="37e51e37-08a4-6eed-bfd9-a5f534a23fc2" executionId="902b4c26-bfa2-45b8-a5e2-3fa7391d9d98" testListId="8c84fa94-04c1-424b-9868-57a2d4851a1d" />
    <TestEntry testId="5e86cd37-ba48-8aef-9bc2-e5161125ce11" executionId="1d6ed8db-8a85-46ef-a2c6-8a66344f13a0" testListId="8c84fa94-04c1-424b-9868-57a2d4851a1d" />
    <TestEntry testId="3bdd427d-5f02-37ab-0862-4df9ae6154f7" executionId="6538fb4c-748e-4a2d-b6f9-08a3941dec78" testListId="8c84fa94-04c1-424b-9868-57a2d4851a1d" />
  </TestEntries>
  <TestLists>
    <TestList name="Results Not in a List" id="8c84fa94-04c1-424b-9868-57a2d4851a1d" />
    <TestList name="All Loaded Results" id="19431567-8539-422a-85d7-44ee4e166bda" />
  </TestLists>
  <ResultSummary outcome="Failed">
    <Counters total="6" executed="6" passed="4" failed="2" error="0" timeout="0" aborted="0" inconclusive="0" passedButRunAborted="0" notRunnable="0" notExecuted="0" disconnected="0" warning="0" completed="0" inProgress="0" pending="0" />
    <Output>
      <StdOut>NUnit Adapter 4.5.0.0: Test execution started&#xD;
Running selected tests in C:\Users\Remy.Miller\source\repos\PulseDonations\bin\Debug\net8.0\PulseDonations.dll&#xD;
   NUnit3TestExecutor discovered 6 of 6 NUnit test cases using Current Discovery mode, Non-Explicit run&#xD;
Starting Microsoft Edge WebDriver 138.0.3351.77 (efaf6935b43603dd8cc995ffac40c472ea5fa5c6) on port 61013&#xD;
To submit feedback, report a bug, or suggest new features, please visit https://github.com/MicrosoftEdge/EdgeWebDriver&#xD;
Only local connections are allowed.&#xD;
Please see https://aka.ms/WebDriverSecurity for suggestions on keeping Microsoft Edge WebDriver safe.&#xD;
msedgedriver was started successfully on port 61013.&#xD;
34805782&#xD;
Starting Microsoft Edge WebDriver 138.0.3351.77 (efaf6935b43603dd8cc995ffac40c472ea5fa5c6) on port 61055&#xD;
To submit feedback, report a bug, or suggest new features, please visit https://github.com/MicrosoftEdge/EdgeWebDriver&#xD;
Only local connections are allowed.&#xD;
Please see https://aka.ms/WebDriverSecurity for suggestions on keeping Microsoft Edge WebDriver safe.&#xD;
msedgedriver was started successfully on port 61055.&#xD;
7308104261086&#xD;
Rosie&#xD;
Constance&#xD;
Conroy&#xD;
Rosie@myspy.com&#xD;
0834197618&#xD;
32830 Vicky Square&#xD;
Claremont&#xD;
4664&#xD;
27011380&#xD;
12.7&#xD;
Rosie&#xD;
Conroy&#xD;
7308104261086&#xD;
Whole Blood Donation&#xD;
Dry Pack&#xD;
Starting Microsoft Edge WebDriver 138.0.3351.77 (efaf6935b43603dd8cc995ffac40c472ea5fa5c6) on port 61155&#xD;
To submit feedback, report a bug, or suggest new features, please visit https://github.com/MicrosoftEdge/EdgeWebDriver&#xD;
Only local connections are allowed.&#xD;
Please see https://aka.ms/WebDriverSecurity for suggestions on keeping Microsoft Edge WebDriver safe.&#xD;
msedgedriver was started successfully on port 61155.&#xD;
7107101365084&#xD;
Johnnie&#xD;
Kerry&#xD;
Schmidt&#xD;
Johnnie@myspy.com&#xD;
0839058805&#xD;
7012 Heather Junction&#xD;
Wynberg&#xD;
4047&#xD;
39892141&#xD;
12.8&#xD;
Johnnie&#xD;
Schmidt&#xD;
7107101365084&#xD;
Whole Blood Donation&#xD;
Quad Pack&#xD;
Starting Microsoft Edge WebDriver 138.0.3351.77 (efaf6935b43603dd8cc995ffac40c472ea5fa5c6) on port 61275&#xD;
To submit feedback, report a bug, or suggest new features, please visit https://github.com/MicrosoftEdge/EdgeWebDriver&#xD;
Only local connections are allowed.&#xD;
Please see https://aka.ms/WebDriverSecurity for suggestions on keeping Microsoft Edge WebDriver safe.&#xD;
msedgedriver was started successfully on port 61275.&#xD;
8409056665081&#xD;
Marshall&#xD;
Leon&#xD;
Nader&#xD;
Marshall@myspy.com&#xD;
0838555228&#xD;
9774 Waters Club&#xD;
Century City&#xD;
6153&#xD;
98934037&#xD;
14.2&#xD;
Marshall&#xD;
Nader&#xD;
8409056665081&#xD;
Apheresis&#xD;
Plasma Pack&#xD;
Starting Microsoft Edge WebDriver 138.0.3351.77 (efaf6935b43603dd8cc995ffac40c472ea5fa5c6) on port 61394&#xD;
To submit feedback, report a bug, or suggest new features, please visit https://github.com/MicrosoftEdge/EdgeWebDriver&#xD;
Only local connections are allowed.&#xD;
Please see https://aka.ms/WebDriverSecurity for suggestions on keeping Microsoft Edge WebDriver safe.&#xD;
msedgedriver was started successfully on port 61394.&#xD;
Starting Microsoft Edge WebDriver 138.0.3351.77 (efaf6935b43603dd8cc995ffac40c472ea5fa5c6) on port 61451&#xD;
To submit feedback, report a bug, or suggest new features, please visit https://github.com/MicrosoftEdge/EdgeWebDriver&#xD;
Only local connections are allowed.&#xD;
Please see https://aka.ms/WebDriverSecurity for suggestions on keeping Microsoft Edge WebDriver safe.&#xD;
msedgedriver was started successfully on port 61451.&#xD;
NUnit Adapter 4.5.0.0: Test execution complete&#xD;
</StdOut>
    </Output>
  </ResultSummary>
</TestRun>