<?xml version="1.0" encoding="utf-8"?>
<TestRun id="2fc7bf88-9cf5-481a-8f54-37fcf0ad429e" name="Remy.Miller@LT-6MQPN94 2025-07-10 13:28:33" runUser="WPBTS\Remy.Miller" xmlns="http://microsoft.com/schemas/VisualStudio/TeamTest/2010">
  <Times creation="2025-07-10T13:28:33.7211277+02:00" queuing="2025-07-10T13:28:33.7211280+02:00" start="2025-07-10T13:28:15.6545673+02:00" finish="2025-07-10T13:29:01.8612452+02:00" />
  <TestSettings name="default" id="59b37439-0bbf-4c2d-a973-261880e62e97">
    <Deployment runDeploymentRoot="Remy.Miller_LT-6MQPN94_2025-07-10_13_28_33" />
  </TestSettings>
  <Results>
    <UnitTestResult executionId="a31657bc-cec4-450a-a05b-b9841ba531a0" testId="367f74a9-3b2f-de7d-7f96-814a2b43ee5f" testName="WholeBloodDryPack" computerName="LT-6MQPN94" duration="00:00:28.1247390" startTime="2025-07-10T13:28:33.6569005+02:00" endTime="2025-07-10T13:29:01.7813998+02:00" testType="13cdc9d9-ddb5-4fa4-a97d-d965ccfc6d4b" outcome="Failed" testListId="8c84fa94-04c1-424b-9868-57a2d4851a1d" relativeResultsDirectory="a31657bc-cec4-450a-a05b-b9841ba531a0">
      <Output>
        <ErrorInfo>
          <Message>ID Generation Failed</Message>
          <StackTrace>   at PulseDonations.PageObjects.DonorSetupPage.getMaleCustomerDetails() in C:\Users\Remy.Miller\source\repos\PulseDonations\PageObjects\DonorSetupPage.cs:line 101&#xD;
   at PulseDonations.Tests.Male.WholeBloodDryPack() in C:\Users\Remy.Miller\source\repos\PulseDonations\Tests\Male.cs:line 34&#xD;
   at InvokeStub_Male.WholeBloodDryPack(Object, Object, IntPtr*)&#xD;

1)    at PulseDonations.PageObjects.DonorSetupPage.getMaleCustomerDetails() in C:\Users\Remy.Miller\source\repos\PulseDonations\PageObjects\DonorSetupPage.cs:line 101&#xD;
   at PulseDonations.Tests.Male.WholeBloodDryPack() in C:\Users\Remy.Miller\source\repos\PulseDonations\Tests\Male.cs:line 34&#xD;
   at InvokeStub_Male.WholeBloodDryPack(Object, Object, IntPtr*)&#xD;

</StackTrace>
        </ErrorInfo>
      </Output>
    </UnitTestResult>
    <UnitTestResult executionId="714d7ba7-c49f-4270-9b74-04232bddbdf5" testId="6beee168-e048-d201-299e-c4815f539fca" testName="ACreateHamper" computerName="LT-6MQPN94" duration="00:00:16.2548960" startTime="2025-07-10T13:28:17.4009018+02:00" endTime="2025-07-10T13:28:33.6555956+02:00" testType="13cdc9d9-ddb5-4fa4-a97d-d965ccfc6d4b" outcome="Passed" testListId="8c84fa94-04c1-424b-9868-57a2d4851a1d" relativeResultsDirectory="714d7ba7-c49f-4270-9b74-04232bddbdf5" />
  </Results>
  <TestDefinitions>
    <UnitTest name="WholeBloodDryPack" storage="c:\users\remy.miller\source\repos\pulsedonations\bin\debug\net8.0\pulsedonations.dll" id="367f74a9-3b2f-de7d-7f96-814a2b43ee5f">
      <Execution id="a31657bc-cec4-450a-a05b-b9841ba531a0" />
      <TestMethod codeBase="C:\Users\Remy.Miller\source\repos\PulseDonations\bin\Debug\net8.0\PulseDonations.dll" adapterTypeName="executor://nunit3testexecutor/" className="PulseDonations.Tests.Male" name="WholeBloodDryPack" />
    </UnitTest>
    <UnitTest name="ACreateHamper" storage="c:\users\remy.miller\source\repos\pulsedonations\bin\debug\net8.0\pulsedonations.dll" id="6beee168-e048-d201-299e-c4815f539fca">
      <Execution id="714d7ba7-c49f-4270-9b74-04232bddbdf5" />
      <TestMethod codeBase="C:\Users\Remy.Miller\source\repos\PulseDonations\bin\Debug\net8.0\PulseDonations.dll" adapterTypeName="executor://nunit3testexecutor/" className="PulseDonations.Tests.Male" name="ACreateHamper" />
    </UnitTest>
  </TestDefinitions>
  <TestEntries>
    <TestEntry testId="367f74a9-3b2f-de7d-7f96-814a2b43ee5f" executionId="a31657bc-cec4-450a-a05b-b9841ba531a0" testListId="8c84fa94-04c1-424b-9868-57a2d4851a1d" />
    <TestEntry testId="6beee168-e048-d201-299e-c4815f539fca" executionId="714d7ba7-c49f-4270-9b74-04232bddbdf5" testListId="8c84fa94-04c1-424b-9868-57a2d4851a1d" />
  </TestEntries>
  <TestLists>
    <TestList name="Results Not in a List" id="8c84fa94-04c1-424b-9868-57a2d4851a1d" />
    <TestList name="All Loaded Results" id="19431567-8539-422a-85d7-44ee4e166bda" />
  </TestLists>
  <ResultSummary outcome="Failed">
    <Counters total="2" executed="2" passed="1" failed="1" error="0" timeout="0" aborted="0" inconclusive="0" passedButRunAborted="0" notRunnable="0" notExecuted="0" disconnected="0" warning="0" completed="0" inProgress="0" pending="0" />
    <Output>
      <StdOut>NUnit Adapter 4.5.0.0: Test execution started&#xD;
Running selected tests in C:\Users\Remy.Miller\source\repos\PulseDonations\bin\Debug\net8.0\PulseDonations.dll&#xD;
   NUnit3TestExecutor discovered 2 of 2 NUnit test cases using Current Discovery mode, Non-Explicit run&#xD;
Starting Microsoft Edge WebDriver 138.0.3351.77 (efaf6935b43603dd8cc995ffac40c472ea5fa5c6) on port 63745&#xD;
To submit feedback, report a bug, or suggest new features, please visit https://github.com/MicrosoftEdge/EdgeWebDriver&#xD;
Only local connections are allowed.&#xD;
Please see https://aka.ms/WebDriverSecurity for suggestions on keeping Microsoft Edge WebDriver safe.&#xD;
msedgedriver was started successfully on port 63745.&#xD;
95826601&#xD;
Starting Microsoft Edge WebDriver 138.0.3351.77 (efaf6935b43603dd8cc995ffac40c472ea5fa5c6) on port 63783&#xD;
To submit feedback, report a bug, or suggest new features, please visit https://github.com/MicrosoftEdge/EdgeWebDriver&#xD;
Only local connections are allowed.&#xD;
Please see https://aka.ms/WebDriverSecurity for suggestions on keeping Microsoft Edge WebDriver safe.&#xD;
msedgedriver was started successfully on port 63783.&#xD;
ID Generation Failed&#xD;
Starting Microsoft Edge WebDriver 138.0.3351.77 (efaf6935b43603dd8cc995ffac40c472ea5fa5c6) on port 63846&#xD;
To submit feedback, report a bug, or suggest new features, please visit https://github.com/MicrosoftEdge/EdgeWebDriver&#xD;
Only local connections are allowed.&#xD;
Please see https://aka.ms/WebDriverSecurity for suggestions on keeping Microsoft Edge WebDriver safe.&#xD;
msedgedriver was started successfully on port 63846.&#xD;
ID Generation Failed&#xD;
NUnit Adapter 4.5.0.0: Test execution complete&#xD;
</StdOut>
    </Output>
  </ResultSummary>
</TestRun>