<?xml version="1.0" encoding="utf-8"?>
<TestRun id="f2e4b2c8-048d-49b0-80d8-dd2fa60161c3" name="Remy.Miller@LT-6MQPN94 2025-07-10 13:31:38" runUser="WPBTS\Remy.Miller" xmlns="http://microsoft.com/schemas/VisualStudio/TeamTest/2010">
  <Times creation="2025-07-10T13:31:38.4040844+02:00" queuing="2025-07-10T13:31:38.4040849+02:00" start="2025-07-10T13:31:21.9387872+02:00" finish="2025-07-10T13:33:07.3586692+02:00" />
  <TestSettings name="default" id="9375956d-cb49-4e7b-8083-1c3437c4d5b7">
    <Deployment runDeploymentRoot="Remy.Miller_LT-6MQPN94_2025-07-10_13_31_38" />
  </TestSettings>
  <Results>
    <UnitTestResult executionId="38bfb9b3-6266-456b-80b6-3e298b30d8d0" testId="367f74a9-3b2f-de7d-7f96-814a2b43ee5f" testName="WholeBloodDryPack" computerName="LT-6MQPN94" duration="00:01:28.9305860" startTime="2025-07-10T13:31:38.3543121+02:00" endTime="2025-07-10T13:33:07.2841420+02:00" testType="13cdc9d9-ddb5-4fa4-a97d-d965ccfc6d4b" outcome="Passed" testListId="8c84fa94-04c1-424b-9868-57a2d4851a1d" relativeResultsDirectory="38bfb9b3-6266-456b-80b6-3e298b30d8d0" />
    <UnitTestResult executionId="6cd3d7aa-fc67-4d7e-9b27-c4fdf8579455" testId="6beee168-e048-d201-299e-c4815f539fca" testName="ACreateHamper" computerName="LT-6MQPN94" duration="00:00:14.7363770" startTime="2025-07-10T13:31:23.6168501+02:00" endTime="2025-07-10T13:31:38.3530433+02:00" testType="13cdc9d9-ddb5-4fa4-a97d-d965ccfc6d4b" outcome="Passed" testListId="8c84fa94-04c1-424b-9868-57a2d4851a1d" relativeResultsDirectory="6cd3d7aa-fc67-4d7e-9b27-c4fdf8579455" />
  </Results>
  <TestDefinitions>
    <UnitTest name="WholeBloodDryPack" storage="c:\users\remy.miller\source\repos\pulsedonations\bin\debug\net8.0\pulsedonations.dll" id="367f74a9-3b2f-de7d-7f96-814a2b43ee5f">
      <Execution id="38bfb9b3-6266-456b-80b6-3e298b30d8d0" />
      <TestMethod codeBase="C:\Users\Remy.Miller\source\repos\PulseDonations\bin\Debug\net8.0\PulseDonations.dll" adapterTypeName="executor://nunit3testexecutor/" className="PulseDonations.Tests.Male" name="WholeBloodDryPack" />
    </UnitTest>
    <UnitTest name="ACreateHamper" storage="c:\users\remy.miller\source\repos\pulsedonations\bin\debug\net8.0\pulsedonations.dll" id="6beee168-e048-d201-299e-c4815f539fca">
      <Execution id="6cd3d7aa-fc67-4d7e-9b27-c4fdf8579455" />
      <TestMethod codeBase="C:\Users\Remy.Miller\source\repos\PulseDonations\bin\Debug\net8.0\PulseDonations.dll" adapterTypeName="executor://nunit3testexecutor/" className="PulseDonations.Tests.Male" name="ACreateHamper" />
    </UnitTest>
  </TestDefinitions>
  <TestEntries>
    <TestEntry testId="367f74a9-3b2f-de7d-7f96-814a2b43ee5f" executionId="38bfb9b3-6266-456b-80b6-3e298b30d8d0" testListId="8c84fa94-04c1-424b-9868-57a2d4851a1d" />
    <TestEntry testId="6beee168-e048-d201-299e-c4815f539fca" executionId="6cd3d7aa-fc67-4d7e-9b27-c4fdf8579455" testListId="8c84fa94-04c1-424b-9868-57a2d4851a1d" />
  </TestEntries>
  <TestLists>
    <TestList name="Results Not in a List" id="8c84fa94-04c1-424b-9868-57a2d4851a1d" />
    <TestList name="All Loaded Results" id="19431567-8539-422a-85d7-44ee4e166bda" />
  </TestLists>
  <ResultSummary outcome="Completed">
    <Counters total="2" executed="2" passed="2" failed="0" error="0" timeout="0" aborted="0" inconclusive="0" passedButRunAborted="0" notRunnable="0" notExecuted="0" disconnected="0" warning="0" completed="0" inProgress="0" pending="0" />
    <Output>
      <StdOut>NUnit Adapter 4.5.0.0: Test execution started&#xD;
Running selected tests in C:\Users\Remy.Miller\source\repos\PulseDonations\bin\Debug\net8.0\PulseDonations.dll&#xD;
   NUnit3TestExecutor discovered 2 of 2 NUnit test cases using Current Discovery mode, Non-Explicit run&#xD;
Starting Microsoft Edge WebDriver 138.0.3351.77 (efaf6935b43603dd8cc995ffac40c472ea5fa5c6) on port 64006&#xD;
To submit feedback, report a bug, or suggest new features, please visit https://github.com/MicrosoftEdge/EdgeWebDriver&#xD;
Only local connections are allowed.&#xD;
Please see https://aka.ms/WebDriverSecurity for suggestions on keeping Microsoft Edge WebDriver safe.&#xD;
msedgedriver was started successfully on port 64006.&#xD;
80945399&#xD;
Starting Microsoft Edge WebDriver 138.0.3351.77 (efaf6935b43603dd8cc995ffac40c472ea5fa5c6) on port 64045&#xD;
To submit feedback, report a bug, or suggest new features, please visit https://github.com/MicrosoftEdge/EdgeWebDriver&#xD;
Only local connections are allowed.&#xD;
Please see https://aka.ms/WebDriverSecurity for suggestions on keeping Microsoft Edge WebDriver safe.&#xD;
msedgedriver was started successfully on port 64045.&#xD;
0207047648085&#xD;
Theodore&#xD;
Devin&#xD;
Kuvalis&#xD;
Theodore@myspy.com&#xD;
0833834276&#xD;
9449 Hulda Ridge&#xD;
Kuils River&#xD;
7144&#xD;
95637382&#xD;
13.8&#xD;
Theodore&#xD;
Kuvalis&#xD;
0207047648085&#xD;
Whole Blood Donation&#xD;
Dry Pack&#xD;
NUnit Adapter 4.5.0.0: Test execution complete&#xD;
</StdOut>
    </Output>
  </ResultSummary>
</TestRun>