<?xml version="1.0" encoding="utf-8"?>
<TestRun id="ae28d220-b0b6-4e81-92a1-4141bef547c6" name="Remy.Miller@LT-6MQPN94 2025-07-10 12:47:19" runUser="WPBTS\Remy.Miller" xmlns="http://microsoft.com/schemas/VisualStudio/TeamTest/2010">
  <Times creation="2025-07-10T12:47:19.1001178+02:00" queuing="2025-07-10T12:47:19.1001182+02:00" start="2025-07-10T12:47:01.9069083+02:00" finish="2025-07-10T12:48:43.5306383+02:00" />
  <TestSettings name="default" id="46ac0db0-5761-47e1-916c-24bd7841f409">
    <Deployment runDeploymentRoot="Remy.Miller_LT-6MQPN94_2025-07-10_12_47_19" />
  </TestSettings>
  <Results>
    <UnitTestResult executionId="70bbc5a5-b566-40e1-bbb7-b26aa74e290e" testId="367f74a9-3b2f-de7d-7f96-814a2b43ee5f" testName="WholeBloodDryPack" computerName="LT-6MQPN94" duration="00:01:24.4097090" startTime="2025-07-10T12:47:19.0397427+02:00" endTime="2025-07-10T12:48:43.4485328+02:00" testType="13cdc9d9-ddb5-4fa4-a97d-d965ccfc6d4b" outcome="Passed" testListId="8c84fa94-04c1-424b-9868-57a2d4851a1d" relativeResultsDirectory="70bbc5a5-b566-40e1-bbb7-b26aa74e290e" />
    <UnitTestResult executionId="5bacd189-3f3f-4fbc-8d8e-f8bfee767a5e" testId="6beee168-e048-d201-299e-c4815f539fca" testName="ACreateHamper" computerName="LT-6MQPN94" duration="00:00:15.2040580" startTime="2025-07-10T12:47:03.8331584+02:00" endTime="2025-07-10T12:47:19.0368903+02:00" testType="13cdc9d9-ddb5-4fa4-a97d-d965ccfc6d4b" outcome="Passed" testListId="8c84fa94-04c1-424b-9868-57a2d4851a1d" relativeResultsDirectory="5bacd189-3f3f-4fbc-8d8e-f8bfee767a5e" />
  </Results>
  <TestDefinitions>
    <UnitTest name="WholeBloodDryPack" storage="c:\users\remy.miller\source\repos\pulsedonations\bin\debug\net8.0\pulsedonations.dll" id="367f74a9-3b2f-de7d-7f96-814a2b43ee5f">
      <Execution id="70bbc5a5-b566-40e1-bbb7-b26aa74e290e" />
      <TestMethod codeBase="C:\Users\Remy.Miller\source\repos\PulseDonations\bin\Debug\net8.0\PulseDonations.dll" adapterTypeName="executor://nunit3testexecutor/" className="PulseDonations.Tests.Male" name="WholeBloodDryPack" />
    </UnitTest>
    <UnitTest name="ACreateHamper" storage="c:\users\remy.miller\source\repos\pulsedonations\bin\debug\net8.0\pulsedonations.dll" id="6beee168-e048-d201-299e-c4815f539fca">
      <Execution id="5bacd189-3f3f-4fbc-8d8e-f8bfee767a5e" />
      <TestMethod codeBase="C:\Users\Remy.Miller\source\repos\PulseDonations\bin\Debug\net8.0\PulseDonations.dll" adapterTypeName="executor://nunit3testexecutor/" className="PulseDonations.Tests.Male" name="ACreateHamper" />
    </UnitTest>
  </TestDefinitions>
  <TestEntries>
    <TestEntry testId="367f74a9-3b2f-de7d-7f96-814a2b43ee5f" executionId="70bbc5a5-b566-40e1-bbb7-b26aa74e290e" testListId="8c84fa94-04c1-424b-9868-57a2d4851a1d" />
    <TestEntry testId="6beee168-e048-d201-299e-c4815f539fca" executionId="5bacd189-3f3f-4fbc-8d8e-f8bfee767a5e" testListId="8c84fa94-04c1-424b-9868-57a2d4851a1d" />
  </TestEntries>
  <TestLists>
    <TestList name="Results Not in a List" id="8c84fa94-04c1-424b-9868-57a2d4851a1d" />
    <TestList name="All Loaded Results" id="19431567-8539-422a-85d7-44ee4e166bda" />
  </TestLists>
  <ResultSummary outcome="Completed">
    <Counters total="2" executed="2" passed="2" failed="0" error="0" timeout="0" aborted="0" inconclusive="0" passedButRunAborted="0" notRunnable="0" notExecuted="0" disconnected="0" warning="0" completed="0" inProgress="0" pending="0" />
    <Output>
      <StdOut>NUnit Adapter 4.5.0.0: Test execution started&#xD;
Running selected tests in C:\Users\Remy.Miller\source\repos\PulseDonations\bin\Debug\net8.0\PulseDonations.dll&#xD;
   NUnit3TestExecutor discovered 2 of 2 NUnit test cases using Current Discovery mode, Non-Explicit run&#xD;
Starting Microsoft Edge WebDriver 138.0.3351.77 (efaf6935b43603dd8cc995ffac40c472ea5fa5c6) on port 60813&#xD;
To submit feedback, report a bug, or suggest new features, please visit https://github.com/MicrosoftEdge/EdgeWebDriver&#xD;
Only local connections are allowed.&#xD;
Please see https://aka.ms/WebDriverSecurity for suggestions on keeping Microsoft Edge WebDriver safe.&#xD;
msedgedriver was started successfully on port 60813.&#xD;
23031691&#xD;
Starting Microsoft Edge WebDriver 138.0.3351.77 (efaf6935b43603dd8cc995ffac40c472ea5fa5c6) on port 60882&#xD;
To submit feedback, report a bug, or suggest new features, please visit https://github.com/MicrosoftEdge/EdgeWebDriver&#xD;
Only local connections are allowed.&#xD;
Please see https://aka.ms/WebDriverSecurity for suggestions on keeping Microsoft Edge WebDriver safe.&#xD;
msedgedriver was started successfully on port 60882.&#xD;
0508025922081&#xD;
Erick&#xD;
Preston&#xD;
Gutkowski&#xD;
Erick@myspy.com&#xD;
0839315069&#xD;
1085 Romaine Street&#xD;
Muizenberg&#xD;
9068&#xD;
80335183&#xD;
14.3&#xD;
Erick&#xD;
Gutkowski&#xD;
0508025922081&#xD;
Whole Blood Donation&#xD;
Dry Pack&#xD;
NUnit Adapter 4.5.0.0: Test execution complete&#xD;
</StdOut>
    </Output>
  </ResultSummary>
</TestRun>