<?xml version="1.0" encoding="utf-8"?>
<TestRun id="37b29781-f1d2-4d0f-a3c6-2abc749687f3" name="Remy.Miller@LT-6MQPN94 2025-08-11 11:48:33" runUser="WPBTS\Remy.Miller" xmlns="http://microsoft.com/schemas/VisualStudio/TeamTest/2010">
  <Times creation="2025-08-11T11:48:33.6192725+02:00" queuing="2025-08-11T11:48:33.6192729+02:00" start="2025-08-11T11:48:11.2234054+02:00" finish="2025-08-11T11:55:28.4834131+02:00" />
  <TestSettings name="default" id="19e4cfe0-2f97-4883-b85d-5585a5951301">
    <Deployment runDeploymentRoot="Remy.Miller_LT-6MQPN94_2025-08-11_11_48_33" />
  </TestSettings>
  <Results>
    <UnitTestResult executionId="366b3d50-28c0-44b2-99b3-8abcf7602db4" testId="0f9dcdab-4e4a-372a-687d-3e98ad899885" testName="EDOpenHamper" computerName="LT-6MQPN94" duration="00:00:21.7796300" startTime="2025-08-11T11:48:11.8026668+02:00" endTime="2025-08-11T11:48:33.5821468+02:00" testType="13cdc9d9-ddb5-4fa4-a97d-d965ccfc6d4b" outcome="Passed" testListId="8c84fa94-04c1-424b-9868-57a2d4851a1d" relativeResultsDirectory="366b3d50-28c0-44b2-99b3-8abcf7602db4" />
    <UnitTestResult executionId="1785d1aa-27c0-429b-bc7b-8ea2df73cb85" testId="aa9fd853-82e4-5f75-e34a-499b2cd3141d" testName="EDCloseHamper" computerName="LT-6MQPN94" duration="00:00:21.8253050" startTime="2025-08-11T11:55:06.5930688+02:00" endTime="2025-08-11T11:55:28.4182667+02:00" testType="13cdc9d9-ddb5-4fa4-a97d-d965ccfc6d4b" outcome="Passed" testListId="8c84fa94-04c1-424b-9868-57a2d4851a1d" relativeResultsDirectory="1785d1aa-27c0-429b-bc7b-8ea2df73cb85" />
    <UnitTestResult executionId="0d57cc94-2daa-4dd4-8f9b-61a3fec878fb" testId="f127036c-2cf0-3f55-ed8f-f2efbda4f141" testName="EDBloodSampleTests_FBC" computerName="LT-6MQPN94" duration="00:01:17.3748260" startTime="2025-08-11T11:52:30.5507081+02:00" endTime="2025-08-11T11:53:47.9251631+02:00" testType="13cdc9d9-ddb5-4fa4-a97d-d965ccfc6d4b" outcome="Passed" testListId="8c84fa94-04c1-424b-9868-57a2d4851a1d" relativeResultsDirectory="0d57cc94-2daa-4dd4-8f9b-61a3fec878fb" />
    <UnitTestResult executionId="81e00ede-d311-4454-87ee-6809a306886c" testId="ba53771e-b6f2-7141-28db-facb61d78880" testName="EDWholeBloodDryPack" computerName="LT-6MQPN94" duration="00:01:37.3431590" startTime="2025-08-11T11:48:33.5830982+02:00" endTime="2025-08-11T11:50:10.9257795+02:00" testType="13cdc9d9-ddb5-4fa4-a97d-d965ccfc6d4b" outcome="Passed" testListId="8c84fa94-04c1-424b-9868-57a2d4851a1d" relativeResultsDirectory="81e00ede-d311-4454-87ee-6809a306886c" />
    <UnitTestResult executionId="9798109f-78af-41a7-a44e-9fd928ff3107" testId="74c2cce5-ebe1-36b2-27f2-dff1aa6c897b" testName="EDBloodSampleTests_TestOnly" computerName="LT-6MQPN94" duration="00:01:18.6682090" startTime="2025-08-11T11:53:47.9252036+02:00" endTime="2025-08-11T11:55:06.5930348+02:00" testType="13cdc9d9-ddb5-4fa4-a97d-d965ccfc6d4b" outcome="Passed" testListId="8c84fa94-04c1-424b-9868-57a2d4851a1d" relativeResultsDirectory="9798109f-78af-41a7-a44e-9fd928ff3107" />
    <UnitTestResult executionId="85faf36d-fcc2-4926-b527-715ef6b14b3c" testId="abe05d47-d0db-f756-b040-9fd6e7d74977" testName="EDTherapeuticsDryPack" computerName="LT-6MQPN94" duration="00:02:19.6254800" startTime="2025-08-11T11:50:10.9258622+02:00" endTime="2025-08-11T11:52:30.5506692+02:00" testType="13cdc9d9-ddb5-4fa4-a97d-d965ccfc6d4b" outcome="Passed" testListId="8c84fa94-04c1-424b-9868-57a2d4851a1d" relativeResultsDirectory="85faf36d-fcc2-4926-b527-715ef6b14b3c" />
  </Results>
  <TestDefinitions>
    <UnitTest name="EDBloodSampleTests_TestOnly" storage="c:\users\remy.miller\source\repos\pulsedonations\bin\debug\net8.0\pulsedonations.dll" id="74c2cce5-ebe1-36b2-27f2-dff1aa6c897b">
      <Execution id="9798109f-78af-41a7-a44e-9fd928ff3107" />
      <TestMethod codeBase="C:\Users\Remy.Miller\source\repos\PulseDonations\bin\Debug\net8.0\PulseDonations.dll" adapterTypeName="executor://nunit3testexecutor/" className="PulseDonations.Tests.ExistingDonorPositiveE2E" name="EDBloodSampleTests_TestOnly" />
    </UnitTest>
    <UnitTest name="EDCloseHamper" storage="c:\users\remy.miller\source\repos\pulsedonations\bin\debug\net8.0\pulsedonations.dll" id="aa9fd853-82e4-5f75-e34a-499b2cd3141d">
      <Execution id="1785d1aa-27c0-429b-bc7b-8ea2df73cb85" />
      <TestMethod codeBase="C:\Users\Remy.Miller\source\repos\PulseDonations\bin\Debug\net8.0\PulseDonations.dll" adapterTypeName="executor://nunit3testexecutor/" className="PulseDonations.Tests.ExistingDonorPositiveE2E" name="EDCloseHamper" />
    </UnitTest>
    <UnitTest name="EDTherapeuticsDryPack" storage="c:\users\remy.miller\source\repos\pulsedonations\bin\debug\net8.0\pulsedonations.dll" id="abe05d47-d0db-f756-b040-9fd6e7d74977">
      <Execution id="85faf36d-fcc2-4926-b527-715ef6b14b3c" />
      <TestMethod codeBase="C:\Users\Remy.Miller\source\repos\PulseDonations\bin\Debug\net8.0\PulseDonations.dll" adapterTypeName="executor://nunit3testexecutor/" className="PulseDonations.Tests.ExistingDonorPositiveE2E" name="EDTherapeuticsDryPack" />
    </UnitTest>
    <UnitTest name="EDOpenHamper" storage="c:\users\remy.miller\source\repos\pulsedonations\bin\debug\net8.0\pulsedonations.dll" id="0f9dcdab-4e4a-372a-687d-3e98ad899885">
      <Execution id="366b3d50-28c0-44b2-99b3-8abcf7602db4" />
      <TestMethod codeBase="C:\Users\Remy.Miller\source\repos\PulseDonations\bin\Debug\net8.0\PulseDonations.dll" adapterTypeName="executor://nunit3testexecutor/" className="PulseDonations.Tests.ExistingDonorPositiveE2E" name="EDOpenHamper" />
    </UnitTest>
    <UnitTest name="EDBloodSampleTests_FBC" storage="c:\users\remy.miller\source\repos\pulsedonations\bin\debug\net8.0\pulsedonations.dll" id="f127036c-2cf0-3f55-ed8f-f2efbda4f141">
      <Execution id="0d57cc94-2daa-4dd4-8f9b-61a3fec878fb" />
      <TestMethod codeBase="C:\Users\Remy.Miller\source\repos\PulseDonations\bin\Debug\net8.0\PulseDonations.dll" adapterTypeName="executor://nunit3testexecutor/" className="PulseDonations.Tests.ExistingDonorPositiveE2E" name="EDBloodSampleTests_FBC" />
    </UnitTest>
    <UnitTest name="EDWholeBloodDryPack" storage="c:\users\remy.miller\source\repos\pulsedonations\bin\debug\net8.0\pulsedonations.dll" id="ba53771e-b6f2-7141-28db-facb61d78880">
      <Execution id="81e00ede-d311-4454-87ee-6809a306886c" />
      <TestMethod codeBase="C:\Users\Remy.Miller\source\repos\PulseDonations\bin\Debug\net8.0\PulseDonations.dll" adapterTypeName="executor://nunit3testexecutor/" className="PulseDonations.Tests.ExistingDonorPositiveE2E" name="EDWholeBloodDryPack" />
    </UnitTest>
  </TestDefinitions>
  <TestEntries>
    <TestEntry testId="0f9dcdab-4e4a-372a-687d-3e98ad899885" executionId="366b3d50-28c0-44b2-99b3-8abcf7602db4" testListId="8c84fa94-04c1-424b-9868-57a2d4851a1d" />
    <TestEntry testId="aa9fd853-82e4-5f75-e34a-499b2cd3141d" executionId="1785d1aa-27c0-429b-bc7b-8ea2df73cb85" testListId="8c84fa94-04c1-424b-9868-57a2d4851a1d" />
    <TestEntry testId="f127036c-2cf0-3f55-ed8f-f2efbda4f141" executionId="0d57cc94-2daa-4dd4-8f9b-61a3fec878fb" testListId="8c84fa94-04c1-424b-9868-57a2d4851a1d" />
    <TestEntry testId="ba53771e-b6f2-7141-28db-facb61d78880" executionId="81e00ede-d311-4454-87ee-6809a306886c" testListId="8c84fa94-04c1-424b-9868-57a2d4851a1d" />
    <TestEntry testId="74c2cce5-ebe1-36b2-27f2-dff1aa6c897b" executionId="9798109f-78af-41a7-a44e-9fd928ff3107" testListId="8c84fa94-04c1-424b-9868-57a2d4851a1d" />
    <TestEntry testId="abe05d47-d0db-f756-b040-9fd6e7d74977" executionId="85faf36d-fcc2-4926-b527-715ef6b14b3c" testListId="8c84fa94-04c1-424b-9868-57a2d4851a1d" />
  </TestEntries>
  <TestLists>
    <TestList name="Results Not in a List" id="8c84fa94-04c1-424b-9868-57a2d4851a1d" />
    <TestList name="All Loaded Results" id="19431567-8539-422a-85d7-44ee4e166bda" />
  </TestLists>
  <ResultSummary outcome="Completed">
    <Counters total="6" executed="6" passed="6" failed="0" error="0" timeout="0" aborted="0" inconclusive="0" passedButRunAborted="0" notRunnable="0" notExecuted="0" disconnected="0" warning="0" completed="0" inProgress="0" pending="0" />
    <Output>
      <StdOut>NUnit Adapter 4.5.0.0: Test execution started&#xD;
Running selected tests in C:\Users\Remy.Miller\source\repos\PulseDonations\bin\Debug\net8.0\PulseDonations.dll&#xD;
   NUnit3TestExecutor discovered 6 of 6 NUnit test cases using Current Discovery mode, Non-Explicit run&#xD;
Starting ChromeDriver 139.0.7258.66 (a62d329947691f76c376a873eae39f56381103c8-refs/branch-heads/7258@{#2226}) on port 51236&#xD;
Only local connections are allowed.&#xD;
Please see https://chromedriver.chromium.org/security-considerations for suggestions on keeping ChromeDriver safe.&#xD;
ChromeDriver was started successfully on port 51236.&#xD;
---------------- Starting Existing Donor Open Hamper Test ----------------&#xD;
94560714&#xD;
114833&#xD;
Hamper file created: C:\Users\Remy.Miller\source\repos\PulseDonations\HamperCodes\11-08-2025\114833_94560714.txt&#xD;
Starting ChromeDriver 139.0.7258.66 (a62d329947691f76c376a873eae39f56381103c8-refs/branch-heads/7258@{#2226}) on port 51284&#xD;
Only local connections are allowed.&#xD;
Please see https://chromedriver.chromium.org/security-considerations for suggestions on keeping ChromeDriver safe.&#xD;
ChromeDriver was started successfully on port 51284.&#xD;
---------------- Starting Existing Donor WholeBlood (Dry Pack) Test ----------------&#xD;
Iron Config: 1&#xD;
Batch Number: 10218180&#xD;
Expiry Date: 11/08/2025&#xD;
Serial Number: 93056826&#xD;
First Inital: t&#xD;
Second Initial: a&#xD;
DOB: 10/06/1996&#xD;
Phone Number: 0687280381&#xD;
Landline Number: 0445737416&#xD;
Sex at Birth: Female&#xD;
Female Donor&#xD;
12.7&#xD;
Test Category:  Whole Blood Donation&#xD;
Test Pack: Dry Pack&#xD;
Starting ChromeDriver 139.0.7258.66 (a62d329947691f76c376a873eae39f56381103c8-refs/branch-heads/7258@{#2226}) on port 51385&#xD;
Only local connections are allowed.&#xD;
Please see https://chromedriver.chromium.org/security-considerations for suggestions on keeping ChromeDriver safe.&#xD;
ChromeDriver was started successfully on port 51385.&#xD;
---------------- Starting Existing Donor Therapeutics (Dry Pack) Test ----------------&#xD;
Iron Config: 0&#xD;
Batch Number: 71059785&#xD;
Expiry Date: 11/08/2025&#xD;
Serial Number: 92499688&#xD;
First Inital: a&#xD;
Second Initial: h&#xD;
DOB: 03/03/1990&#xD;
Phone Number: 0729883033&#xD;
Landline Number: 0271392326&#xD;
Sex at Birth: Male&#xD;
Male Donor&#xD;
14.4&#xD;
Test Category:  Therapeutics&#xD;
Test Pack: Dry Pack&#xD;
Starting ChromeDriver 139.0.7258.66 (a62d329947691f76c376a873eae39f56381103c8-refs/branch-heads/7258@{#2226}) on port 51505&#xD;
Only local connections are allowed.&#xD;
Please see https://chromedriver.chromium.org/security-considerations for suggestions on keeping ChromeDriver safe.&#xD;
ChromeDriver was started successfully on port 51505.&#xD;
---------------- Starting Existing Donor Blood/Sample Tests (FBC) Test ----------------&#xD;
Iron Config: 0&#xD;
Batch Number: 78969703&#xD;
Expiry Date: 11/08/2025&#xD;
Serial Number: 86640389&#xD;
First Inital: p&#xD;
Second Initial: d&#xD;
DOB: 05/07/2003&#xD;
Phone Number: 0798171691&#xD;
Landline Number: 0139083900&#xD;
Sex at Birth: Female&#xD;
Female Donor&#xD;
13.2&#xD;
Test Category:  Blood Samples/Tests&#xD;
Test Pack: FBC&#xD;
Starting ChromeDriver 139.0.7258.66 (a62d329947691f76c376a873eae39f56381103c8-refs/branch-heads/7258@{#2226}) on port 51587&#xD;
Only local connections are allowed.&#xD;
Please see https://chromedriver.chromium.org/security-considerations for suggestions on keeping ChromeDriver safe.&#xD;
ChromeDriver was started successfully on port 51587.&#xD;
---------------- Starting Existing Donor Blood/Sample Tests (Test Only) Test ----------------&#xD;
Iron Config: 0&#xD;
Batch Number: 88532281&#xD;
Expiry Date: 11/08/2025&#xD;
Serial Number: 88683923&#xD;
First Inital: s&#xD;
Second Initial: c&#xD;
DOB: 26/02/1993&#xD;
Phone Number: 0732206211&#xD;
Landline Number: 0223356561&#xD;
Sex at Birth: Male&#xD;
Male Donor&#xD;
13.8&#xD;
Test Category:  Blood Samples/Tests&#xD;
Test Pack: Test Only&#xD;
Starting ChromeDriver 139.0.7258.66 (a62d329947691f76c376a873eae39f56381103c8-refs/branch-heads/7258@{#2226}) on port 51672&#xD;
Only local connections are allowed.&#xD;
Please see https://chromedriver.chromium.org/security-considerations for suggestions on keeping ChromeDriver safe.&#xD;
ChromeDriver was started successfully on port 51672.&#xD;
---------------- Starting Existing Donor Close Hamper Test ----------------&#xD;
Appending serial number: 93056826&#xD;
Appending serial number: 92499688&#xD;
Appending serial number: 86640389&#xD;
Appending serial number: 88683923&#xD;
NUnit Adapter 4.5.0.0: Test execution complete&#xD;
</StdOut>
    </Output>
  </ResultSummary>
</TestRun>