<?xml version="1.0" encoding="utf-8"?>
<TestRun id="e5740ae2-07e3-4679-8fd4-78aca930737b" name="Remy.Miller@LT-6MQPN94 2025-08-11 13:04:27" runUser="WPBTS\Remy.Miller" xmlns="http://microsoft.com/schemas/VisualStudio/TeamTest/2010">
  <Times creation="2025-08-11T13:04:27.5865271+02:00" queuing="2025-08-11T13:04:27.5865277+02:00" start="2025-08-11T13:04:04.2875981+02:00" finish="2025-08-11T13:13:05.1737803+02:00" />
  <TestSettings name="default" id="6f549699-67a9-4b0f-acb1-0004e87471bd">
    <Deployment runDeploymentRoot="Remy.Miller_LT-6MQPN94_2025-08-11_13_04_27" />
  </TestSettings>
  <Results>
    <UnitTestResult executionId="4bebc03a-d5d8-46b3-a3c4-06c853d21c56" testId="0f9dcdab-4e4a-372a-687d-3e98ad899885" testName="EDOpenHamper" computerName="LT-6MQPN94" duration="00:00:22.6481340" startTime="2025-08-11T13:04:04.9018302+02:00" endTime="2025-08-11T13:04:27.5498308+02:00" testType="13cdc9d9-ddb5-4fa4-a97d-d965ccfc6d4b" outcome="Passed" testListId="8c84fa94-04c1-424b-9868-57a2d4851a1d" relativeResultsDirectory="4bebc03a-d5d8-46b3-a3c4-06c853d21c56" />
    <UnitTestResult executionId="1878adbd-994d-40fd-8e70-60249a0116cb" testId="74c2cce5-ebe1-36b2-27f2-dff1aa6c897b" testName="EDBloodSampleTests_TestOnly" computerName="LT-6MQPN94" duration="00:01:09.6881150" startTime="2025-08-11T13:10:50.7736459+02:00" endTime="2025-08-11T13:12:00.4614953+02:00" testType="13cdc9d9-ddb5-4fa4-a97d-d965ccfc6d4b" outcome="Failed" testListId="8c84fa94-04c1-424b-9868-57a2d4851a1d" relativeResultsDirectory="1878adbd-994d-40fd-8e70-60249a0116cb">
      <Output>
        <ErrorInfo>
          <Message>OpenQA.Selenium.ElementClickInterceptedException : element click intercepted: Element &lt;button _ngcontent-jie-c323="" id="Authorise" mat-raised-button="" color="primary" type="button" class="mat-focus-indicator buttpad ng-tns-c323-22 mat-raised-button mat-button-base mat-primary"&gt;...&lt;/button&gt; is not clickable at point (433, 1162). Other element would receive the click: &lt;div class="cdk-overlay-backdrop cdk-overlay-dark-backdrop cdk-overlay-backdrop-showing"&gt;&lt;/div&gt;&#xD;
  (Session info: chrome=139.0.7258.67)</Message>
          <StackTrace>   at OpenQA.Selenium.WebDriver.UnpackAndThrowOnError(Response errorResponse, String commandToExecute)&#xD;
   at OpenQA.Selenium.WebDriver.ExecuteAsync(String driverCommandToExecute, Dictionary`2 parameters)&#xD;
   at OpenQA.Selenium.WebDriver.Execute(String driverCommandToExecute, Dictionary`2 parameters)&#xD;
   at OpenQA.Selenium.WebElement.Execute(String commandToExecute, Dictionary`2 parameters)&#xD;
   at OpenQA.Selenium.WebElement.Click()&#xD;
   at SeleniumExtras.PageObjects.WebElementProxy.Click()&#xD;
   at PulseDonations.PageObjects.Donations.RegistrationPage.updateMaleExistingDonor() in C:\Users\Remy.Miller\source\repos\PulseDonations\PageObjects\Donations\RegistrationPage.cs:line 312&#xD;
   at PulseDonations.PageObjects.Donations.RegistrationPage.genderIdentification() in C:\Users\Remy.Miller\source\repos\PulseDonations\PageObjects\Donations\RegistrationPage.cs:line 215&#xD;
   at PulseDonations.Tests.ExistingDonorPositiveE2E.EDBloodSampleTests_TestOnly() in C:\Users\Remy.Miller\source\repos\PulseDonations\Tests\ExistingDonorPositiveE2E.cs:line 187&#xD;
   at System.RuntimeMethodHandle.InvokeMethod(Object target, Void** arguments, Signature sig, Boolean isConstructor)&#xD;
   at System.Reflection.MethodBaseInvoker.InvokeWithNoArgs(Object obj, BindingFlags invokeAttr)
</StackTrace>
        </ErrorInfo>
      </Output>
    </UnitTestResult>
    <UnitTestResult executionId="3a494df8-5cdc-4b59-b551-03cff8c1702d" testId="aa9fd853-82e4-5f75-e34a-499b2cd3141d" testName="EDCloseHamper" computerName="LT-6MQPN94" duration="00:01:04.6346870" startTime="2025-08-11T13:12:00.4617171+02:00" endTime="2025-08-11T13:13:05.0961580+02:00" testType="13cdc9d9-ddb5-4fa4-a97d-d965ccfc6d4b" outcome="Passed" testListId="8c84fa94-04c1-424b-9868-57a2d4851a1d" relativeResultsDirectory="3a494df8-5cdc-4b59-b551-03cff8c1702d" />
    <UnitTestResult executionId="0afcb3cf-6827-4e1e-b88d-58d723578ef4" testId="ba53771e-b6f2-7141-28db-facb61d78880" testName="EDWholeBloodDryPack" computerName="LT-6MQPN94" duration="00:01:40.0443590" startTime="2025-08-11T13:04:27.5507105+02:00" endTime="2025-08-11T13:06:07.5946792+02:00" testType="13cdc9d9-ddb5-4fa4-a97d-d965ccfc6d4b" outcome="Passed" testListId="8c84fa94-04c1-424b-9868-57a2d4851a1d" relativeResultsDirectory="0afcb3cf-6827-4e1e-b88d-58d723578ef4" />
    <UnitTestResult executionId="1b1dce14-3d0c-493a-9ea7-4ccdb89d213f" testId="f127036c-2cf0-3f55-ed8f-f2efbda4f141" testName="EDBloodSampleTests_FBC" computerName="LT-6MQPN94" duration="00:02:54.7921310" startTime="2025-08-11T13:07:55.9821586+02:00" endTime="2025-08-11T13:10:50.7736083+02:00" testType="13cdc9d9-ddb5-4fa4-a97d-d965ccfc6d4b" outcome="Passed" testListId="8c84fa94-04c1-424b-9868-57a2d4851a1d" relativeResultsDirectory="1b1dce14-3d0c-493a-9ea7-4ccdb89d213f" />
    <UnitTestResult executionId="bafa66c9-b8a2-44b0-a6aa-5b3b66d47141" testId="abe05d47-d0db-f756-b040-9fd6e7d74977" testName="EDTherapeuticsDryPack" computerName="LT-6MQPN94" duration="00:01:48.3877410" startTime="2025-08-11T13:06:07.5947717+02:00" endTime="2025-08-11T13:07:55.9820855+02:00" testType="13cdc9d9-ddb5-4fa4-a97d-d965ccfc6d4b" outcome="Passed" testListId="8c84fa94-04c1-424b-9868-57a2d4851a1d" relativeResultsDirectory="bafa66c9-b8a2-44b0-a6aa-5b3b66d47141" />
  </Results>
  <TestDefinitions>
    <UnitTest name="EDBloodSampleTests_TestOnly" storage="c:\users\remy.miller\source\repos\pulsedonations\bin\debug\net8.0\pulsedonations.dll" id="74c2cce5-ebe1-36b2-27f2-dff1aa6c897b">
      <Execution id="1878adbd-994d-40fd-8e70-60249a0116cb" />
      <TestMethod codeBase="C:\Users\Remy.Miller\source\repos\PulseDonations\bin\Debug\net8.0\PulseDonations.dll" adapterTypeName="executor://nunit3testexecutor/" className="PulseDonations.Tests.ExistingDonorPositiveE2E" name="EDBloodSampleTests_TestOnly" />
    </UnitTest>
    <UnitTest name="EDCloseHamper" storage="c:\users\remy.miller\source\repos\pulsedonations\bin\debug\net8.0\pulsedonations.dll" id="aa9fd853-82e4-5f75-e34a-499b2cd3141d">
      <Execution id="3a494df8-5cdc-4b59-b551-03cff8c1702d" />
      <TestMethod codeBase="C:\Users\Remy.Miller\source\repos\PulseDonations\bin\Debug\net8.0\PulseDonations.dll" adapterTypeName="executor://nunit3testexecutor/" className="PulseDonations.Tests.ExistingDonorPositiveE2E" name="EDCloseHamper" />
    </UnitTest>
    <UnitTest name="EDTherapeuticsDryPack" storage="c:\users\remy.miller\source\repos\pulsedonations\bin\debug\net8.0\pulsedonations.dll" id="abe05d47-d0db-f756-b040-9fd6e7d74977">
      <Execution id="bafa66c9-b8a2-44b0-a6aa-5b3b66d47141" />
      <TestMethod codeBase="C:\Users\Remy.Miller\source\repos\PulseDonations\bin\Debug\net8.0\PulseDonations.dll" adapterTypeName="executor://nunit3testexecutor/" className="PulseDonations.Tests.ExistingDonorPositiveE2E" name="EDTherapeuticsDryPack" />
    </UnitTest>
    <UnitTest name="EDOpenHamper" storage="c:\users\remy.miller\source\repos\pulsedonations\bin\debug\net8.0\pulsedonations.dll" id="0f9dcdab-4e4a-372a-687d-3e98ad899885">
      <Execution id="4bebc03a-d5d8-46b3-a3c4-06c853d21c56" />
      <TestMethod codeBase="C:\Users\Remy.Miller\source\repos\PulseDonations\bin\Debug\net8.0\PulseDonations.dll" adapterTypeName="executor://nunit3testexecutor/" className="PulseDonations.Tests.ExistingDonorPositiveE2E" name="EDOpenHamper" />
    </UnitTest>
    <UnitTest name="EDBloodSampleTests_FBC" storage="c:\users\remy.miller\source\repos\pulsedonations\bin\debug\net8.0\pulsedonations.dll" id="f127036c-2cf0-3f55-ed8f-f2efbda4f141">
      <Execution id="1b1dce14-3d0c-493a-9ea7-4ccdb89d213f" />
      <TestMethod codeBase="C:\Users\Remy.Miller\source\repos\PulseDonations\bin\Debug\net8.0\PulseDonations.dll" adapterTypeName="executor://nunit3testexecutor/" className="PulseDonations.Tests.ExistingDonorPositiveE2E" name="EDBloodSampleTests_FBC" />
    </UnitTest>
    <UnitTest name="EDWholeBloodDryPack" storage="c:\users\remy.miller\source\repos\pulsedonations\bin\debug\net8.0\pulsedonations.dll" id="ba53771e-b6f2-7141-28db-facb61d78880">
      <Execution id="0afcb3cf-6827-4e1e-b88d-58d723578ef4" />
      <TestMethod codeBase="C:\Users\Remy.Miller\source\repos\PulseDonations\bin\Debug\net8.0\PulseDonations.dll" adapterTypeName="executor://nunit3testexecutor/" className="PulseDonations.Tests.ExistingDonorPositiveE2E" name="EDWholeBloodDryPack" />
    </UnitTest>
  </TestDefinitions>
  <TestEntries>
    <TestEntry testId="0f9dcdab-4e4a-372a-687d-3e98ad899885" executionId="4bebc03a-d5d8-46b3-a3c4-06c853d21c56" testListId="8c84fa94-04c1-424b-9868-57a2d4851a1d" />
    <TestEntry testId="74c2cce5-ebe1-36b2-27f2-dff1aa6c897b" executionId="1878adbd-994d-40fd-8e70-60249a0116cb" testListId="8c84fa94-04c1-424b-9868-57a2d4851a1d" />
    <TestEntry testId="aa9fd853-82e4-5f75-e34a-499b2cd3141d" executionId="3a494df8-5cdc-4b59-b551-03cff8c1702d" testListId="8c84fa94-04c1-424b-9868-57a2d4851a1d" />
    <TestEntry testId="ba53771e-b6f2-7141-28db-facb61d78880" executionId="0afcb3cf-6827-4e1e-b88d-58d723578ef4" testListId="8c84fa94-04c1-424b-9868-57a2d4851a1d" />
    <TestEntry testId="f127036c-2cf0-3f55-ed8f-f2efbda4f141" executionId="1b1dce14-3d0c-493a-9ea7-4ccdb89d213f" testListId="8c84fa94-04c1-424b-9868-57a2d4851a1d" />
    <TestEntry testId="abe05d47-d0db-f756-b040-9fd6e7d74977" executionId="bafa66c9-b8a2-44b0-a6aa-5b3b66d47141" testListId="8c84fa94-04c1-424b-9868-57a2d4851a1d" />
  </TestEntries>
  <TestLists>
    <TestList name="Results Not in a List" id="8c84fa94-04c1-424b-9868-57a2d4851a1d" />
    <TestList name="All Loaded Results" id="19431567-8539-422a-85d7-44ee4e166bda" />
  </TestLists>
  <ResultSummary outcome="Failed">
    <Counters total="6" executed="6" passed="5" failed="1" error="0" timeout="0" aborted="0" inconclusive="0" passedButRunAborted="0" notRunnable="0" notExecuted="0" disconnected="0" warning="0" completed="0" inProgress="0" pending="0" />
    <Output>
      <StdOut>NUnit Adapter 4.5.0.0: Test execution started&#xD;
Running selected tests in C:\Users\Remy.Miller\source\repos\PulseDonations\bin\Debug\net8.0\PulseDonations.dll&#xD;
   NUnit3TestExecutor discovered 6 of 6 NUnit test cases using Current Discovery mode, Non-Explicit run&#xD;
Starting ChromeDriver 139.0.7258.66 (a62d329947691f76c376a873eae39f56381103c8-refs/branch-heads/7258@{#2226}) on port 52743&#xD;
Only local connections are allowed.&#xD;
Please see https://chromedriver.chromium.org/security-considerations for suggestions on keeping ChromeDriver safe.&#xD;
ChromeDriver was started successfully on port 52743.&#xD;
---------------- Starting Existing Donor Open Hamper Test ----------------&#xD;
53289380&#xD;
Hamper file created: C:\Users\Remy.Miller\source\repos\PulseDonations\HamperCodes\11-08-2025\Training_130427_53289380.txt&#xD;
Starting ChromeDriver 139.0.7258.66 (a62d329947691f76c376a873eae39f56381103c8-refs/branch-heads/7258@{#2226}) on port 52843&#xD;
Only local connections are allowed.&#xD;
Please see https://chromedriver.chromium.org/security-considerations for suggestions on keeping ChromeDriver safe.&#xD;
ChromeDriver was started successfully on port 52843.&#xD;
---------------- Starting Existing Donor WholeBlood (Dry Pack) Test ----------------&#xD;
Iron Config: 0&#xD;
Batch Number: 27512437&#xD;
Expiry Date: 11/08/2025&#xD;
Serial Number: 99888859&#xD;
First Inital: a&#xD;
Second Initial: r&#xD;
DOB: 26/04/2003&#xD;
Phone Number: 0640985708&#xD;
Landline Number: 0109226802&#xD;
Sex at Birth: Female&#xD;
Female Donor&#xD;
13.0&#xD;
Test Category:  Whole Blood Donation&#xD;
Test Pack: Dry Pack&#xD;
Starting ChromeDriver 139.0.7258.66 (a62d329947691f76c376a873eae39f56381103c8-refs/branch-heads/7258@{#2226}) on port 52998&#xD;
Only local connections are allowed.&#xD;
Please see https://chromedriver.chromium.org/security-considerations for suggestions on keeping ChromeDriver safe.&#xD;
ChromeDriver was started successfully on port 52998.&#xD;
---------------- Starting Existing Donor Therapeutics (Dry Pack) Test ----------------&#xD;
Iron Config: 0&#xD;
Batch Number: 48599326&#xD;
Expiry Date: 11/08/2025&#xD;
Serial Number: 40516428&#xD;
First Inital: b&#xD;
Second Initial: h&#xD;
DOB: 23/06/1999&#xD;
Phone Number: 0665904160&#xD;
Landline Number: 0231918335&#xD;
Sex at Birth: Female&#xD;
Female Donor&#xD;
13.2&#xD;
Test Category:  Therapeutics&#xD;
Test Pack: Dry Pack&#xD;
Starting ChromeDriver 139.0.7258.66 (a62d329947691f76c376a873eae39f56381103c8-refs/branch-heads/7258@{#2226}) on port 53078&#xD;
Only local connections are allowed.&#xD;
Please see https://chromedriver.chromium.org/security-considerations for suggestions on keeping ChromeDriver safe.&#xD;
ChromeDriver was started successfully on port 53078.&#xD;
---------------- Starting Existing Donor Blood/Sample Tests (FBC) Test ----------------&#xD;
Iron Config: 1&#xD;
Batch Number: 12771357&#xD;
Expiry Date: 11/08/2025&#xD;
Serial Number: 35138314&#xD;
First Inital: k&#xD;
Second Initial: h&#xD;
DOB: 11/03/1989&#xD;
Phone Number: 0728878475&#xD;
Landline Number: 0482017110&#xD;
Sex at Birth: Female&#xD;
Female Donor&#xD;
13.3&#xD;
Test Category:  Blood Samples/Tests&#xD;
Test Pack: FBC&#xD;
Starting ChromeDriver 139.0.7258.66 (a62d329947691f76c376a873eae39f56381103c8-refs/branch-heads/7258@{#2226}) on port 53178&#xD;
Only local connections are allowed.&#xD;
Please see https://chromedriver.chromium.org/security-considerations for suggestions on keeping ChromeDriver safe.&#xD;
ChromeDriver was started successfully on port 53178.&#xD;
---------------- Starting Existing Donor Blood/Sample Tests (Test Only) Test ----------------&#xD;
Iron Config: 0&#xD;
Batch Number: 72825534&#xD;
Expiry Date: 11/08/2025&#xD;
Serial Number: 71157016&#xD;
First Inital: b&#xD;
Second Initial: b&#xD;
DOB: 08/01/2003&#xD;
Phone Number: 0727917592&#xD;
Landline Number: 0489230965&#xD;
Sex at Birth: Male&#xD;
Male Donor&#xD;
13.8&#xD;
\ud83d\udd0d Screenshot saved: C:\Users\Remy.Miller\source\repos\PulseDonations\Screenshots\11-08-2025\Training_EDBloodSampleTests_TestOnly_11082025_131200.png&#xD;
Starting ChromeDriver 139.0.7258.66 (a62d329947691f76c376a873eae39f56381103c8-refs/branch-heads/7258@{#2226}) on port 53249&#xD;
Only local connections are allowed.&#xD;
Please see https://chromedriver.chromium.org/security-considerations for suggestions on keeping ChromeDriver safe.&#xD;
ChromeDriver was started successfully on port 53249.&#xD;
---------------- Starting Existing Donor Close Hamper Test ----------------&#xD;
Panel Code Issue&#xD;
\ud83d\udd0d Screenshot saved: C:\Users\Remy.Miller\source\repos\PulseDonations\Screenshots\11-08-2025\Training_EDCloseHamper_11082025_131242.png&#xD;
Starting ChromeDriver 139.0.7258.66 (a62d329947691f76c376a873eae39f56381103c8-refs/branch-heads/7258@{#2226}) on port 53295&#xD;
Only local connections are allowed.&#xD;
Please see https://chromedriver.chromium.org/security-considerations for suggestions on keeping ChromeDriver safe.&#xD;
ChromeDriver was started successfully on port 53295.&#xD;
---------------- Starting Existing Donor Close Hamper Test ----------------&#xD;
Appending serial number: 99888859&#xD;
Appending serial number: 40516428&#xD;
Appending serial number: 35138314&#xD;
NUnit Adapter 4.5.0.0: Test execution complete&#xD;
</StdOut>
    </Output>
  </ResultSummary>
</TestRun>