<?xml version="1.0" encoding="utf-8"?>
<TestRun id="5b2a0893-bedc-4604-8d17-a42e017e6ff3" name="Remy.Miller@LT-6MQPN94 2025-08-04 16:23:46" runUser="WPBTS\Remy.Miller" xmlns="http://microsoft.com/schemas/VisualStudio/TeamTest/2010">
  <Times creation="2025-08-04T16:23:46.7312298+02:00" queuing="2025-08-04T16:23:46.7312302+02:00" start="2025-08-04T16:23:22.3203911+02:00" finish="2025-08-04T16:32:07.2662731+02:00" />
  <TestSettings name="default" id="0d9b2072-faa8-4f97-824e-67eb9e2c10d5">
    <Deployment runDeploymentRoot="Remy.Miller_LT-6MQPN94_2025-08-04_16_23_46" />
  </TestSettings>
  <Results>
    <UnitTestResult executionId="b355a949-b737-4a67-b205-24378895fc09" testId="0d8daa9e-eaf8-4c87-c0e3-6d7aee25f2a2" testName="NDBloodSampleTests_FBC" computerName="LT-6MQPN94" duration="00:01:27.6727660" startTime="2025-08-04T16:27:46.2612321+02:00" endTime="2025-08-04T16:29:13.9328495+02:00" testType="13cdc9d9-ddb5-4fa4-a97d-d965ccfc6d4b" outcome="Passed" testListId="8c84fa94-04c1-424b-9868-57a2d4851a1d" relativeResultsDirectory="b355a949-b737-4a67-b205-24378895fc09" />
    <UnitTestResult executionId="ed5aef4c-b305-4508-b141-33bb96f0f25f" testId="ba53771e-b6f2-7141-28db-facb61d78880" testName="EDWholeBloodDryPack" computerName="LT-6MQPN94" duration="00:01:12.0422920" startTime="2025-08-04T16:29:13.9367810+02:00" endTime="2025-08-04T16:30:25.9781859+02:00" testType="13cdc9d9-ddb5-4fa4-a97d-d965ccfc6d4b" outcome="Failed" testListId="8c84fa94-04c1-424b-9868-57a2d4851a1d" relativeResultsDirectory="ed5aef4c-b305-4508-b141-33bb96f0f25f">
      <Output>
        <ErrorInfo>
          <Message>OpenQA.Selenium.WebDriverTimeoutException : Timed out after 30 seconds&#xD;
  ----&gt; OpenQA.Selenium.NoSuchElementException : Could not find element by: By.XPath: //mat-option[.//span[text()=' Dry Pack ']]; For documentation on this error, please visit: https://www.selenium.dev/documentation/webdriver/troubleshooting/errors#no-such-element-exception</Message>
          <StackTrace>   at OpenQA.Selenium.Support.UI.DefaultWait`1.ThrowTimeoutException(String exceptionMessage, Exception lastException)&#xD;
   at OpenQA.Selenium.Support.UI.DefaultWait`1.Until[TResult](Func`2 condition, CancellationToken token)&#xD;
   at OpenQA.Selenium.Support.UI.DefaultWait`1.Until[TResult](Func`2 condition)&#xD;
   at PulseDonations.PageObjects.Donations.interviewPage.wholeBloodDryPack() in C:\Users\Remy.Miller\source\repos\PulseDonations\PageObjects\Donations\InterviewPage.cs:line 242&#xD;
   at PulseDonations.Tests.ExistingDonorPositiveE2E.EDWholeBloodDryPack() in C:\Users\Remy.Miller\source\repos\PulseDonations\Tests\ExistingDonorPositiveE2E.cs:line 49&#xD;
   at System.RuntimeMethodHandle.InvokeMethod(Object target, Void** arguments, Signature sig, Boolean isConstructor)&#xD;
   at System.Reflection.MethodBaseInvoker.InvokeWithNoArgs(Object obj, BindingFlags invokeAttr)&#xD;
--NoSuchElementException&#xD;
   at SeleniumExtras.PageObjects.DefaultElementLocator.LocateElement(IEnumerable`1 bys)&#xD;
   at SeleniumExtras.PageObjects.WebElementProxy.get_WrappedElement()&#xD;
   at SeleniumExtras.PageObjects.WebElementProxy.get_Displayed()&#xD;
   at SeleniumExtras.WaitHelpers.ExpectedConditions.&lt;&gt;c__DisplayClass20_0.&lt;ElementToBeClickable&gt;b__0(IWebDriver driver)&#xD;
   at OpenQA.Selenium.Support.UI.DefaultWait`1.Until[TResult](Func`2 condition, CancellationToken token)
</StackTrace>
        </ErrorInfo>
      </Output>
    </UnitTestResult>
    <UnitTestResult executionId="d842a509-0803-4d3e-92f4-65f5e18dbfe4" testId="b257023f-8c97-38b9-e921-d2ce089363b1" testName="NDWholeBloodQuadPack" computerName="LT-6MQPN94" duration="00:01:45.4201680" startTime="2025-08-04T16:23:46.6777833+02:00" endTime="2025-08-04T16:25:32.0961688+02:00" testType="13cdc9d9-ddb5-4fa4-a97d-d965ccfc6d4b" outcome="Passed" testListId="8c84fa94-04c1-424b-9868-57a2d4851a1d" relativeResultsDirectory="d842a509-0803-4d3e-92f4-65f5e18dbfe4" />
    <UnitTestResult executionId="80a07484-f9d1-4866-9c53-ba215b34a92e" testId="61475c59-ac01-5c88-537e-c0fcaa75aeec" testName="NDOpenHamper" computerName="LT-6MQPN94" duration="00:00:23.8080820" startTime="2025-08-04T16:23:22.8685046+02:00" endTime="2025-08-04T16:23:46.6760991+02:00" testType="13cdc9d9-ddb5-4fa4-a97d-d965ccfc6d4b" outcome="Passed" testListId="8c84fa94-04c1-424b-9868-57a2d4851a1d" relativeResultsDirectory="80a07484-f9d1-4866-9c53-ba215b34a92e" />
    <UnitTestResult executionId="e5b0dc89-8a63-46d4-933b-c4337577385d" testId="aa9fd853-82e4-5f75-e34a-499b2cd3141d" testName="EDCloseHamper" computerName="LT-6MQPN94" duration="00:00:19.3024300" startTime="2025-08-04T16:31:47.9058916+02:00" endTime="2025-08-04T16:32:07.2080842+02:00" testType="13cdc9d9-ddb5-4fa4-a97d-d965ccfc6d4b" outcome="Passed" testListId="8c84fa94-04c1-424b-9868-57a2d4851a1d" relativeResultsDirectory="e5b0dc89-8a63-46d4-933b-c4337577385d" />
    <UnitTestResult executionId="ce826beb-0bbc-4c68-abf3-82cce17825db" testId="abe05d47-d0db-f756-b040-9fd6e7d74977" testName="EDTherapeuticsDryPack" computerName="LT-6MQPN94" duration="00:01:21.9284260" startTime="2025-08-04T16:30:25.9784299+02:00" endTime="2025-08-04T16:31:47.9058482+02:00" testType="13cdc9d9-ddb5-4fa4-a97d-d965ccfc6d4b" outcome="Failed" testListId="8c84fa94-04c1-424b-9868-57a2d4851a1d" relativeResultsDirectory="ce826beb-0bbc-4c68-abf3-82cce17825db">
      <Output>
        <ErrorInfo>
          <Message>OpenQA.Selenium.WebDriverTimeoutException : Timed out after 30 seconds&#xD;
  ----&gt; OpenQA.Selenium.NoSuchElementException : no such element: Unable to locate element: {"method":"css selector","selector":".mat-dialog-title"}&#xD;
  (Session info: chrome=138.0.7204.184); For documentation on this error, please visit: https://www.selenium.dev/documentation/webdriver/troubleshooting/errors#no-such-element-exception</Message>
          <StackTrace>   at OpenQA.Selenium.Support.UI.DefaultWait`1.ThrowTimeoutException(String exceptionMessage, Exception lastException)&#xD;
   at OpenQA.Selenium.Support.UI.DefaultWait`1.Until[TResult](Func`2 condition, CancellationToken token)&#xD;
   at OpenQA.Selenium.Support.UI.DefaultWait`1.Until[TResult](Func`2 condition)&#xD;
   at PulseDonations.PageObjects.Donations.RegistrationPage.updateFemaleExistingDonor() in C:\Users\Remy.Miller\source\repos\PulseDonations\PageObjects\Donations\RegistrationPage.cs:line 413&#xD;
   at PulseDonations.PageObjects.Donations.RegistrationPage.genderIdentification() in C:\Users\Remy.Miller\source\repos\PulseDonations\PageObjects\Donations\RegistrationPage.cs:line 224&#xD;
   at PulseDonations.Tests.ExistingDonorPositiveE2E.EDTherapeuticsDryPack() in C:\Users\Remy.Miller\source\repos\PulseDonations\Tests\ExistingDonorPositiveE2E.cs:line 93&#xD;
   at System.RuntimeMethodHandle.InvokeMethod(Object target, Void** arguments, Signature sig, Boolean isConstructor)&#xD;
   at System.Reflection.MethodBaseInvoker.InvokeWithNoArgs(Object obj, BindingFlags invokeAttr)&#xD;
--NoSuchElementException&#xD;
   at OpenQA.Selenium.WebDriver.UnpackAndThrowOnError(Response errorResponse, String commandToExecute)&#xD;
   at OpenQA.Selenium.WebDriver.ExecuteAsync(String driverCommandToExecute, Dictionary`2 parameters)&#xD;
   at OpenQA.Selenium.WebDriver.Execute(String driverCommandToExecute, Dictionary`2 parameters)&#xD;
   at OpenQA.Selenium.WebDriver.FindElement(String mechanism, String value)&#xD;
   at OpenQA.Selenium.By.&lt;.ctor&gt;b__6_0(ISearchContext context)&#xD;
   at OpenQA.Selenium.By.FindElement(ISearchContext context)&#xD;
   at OpenQA.Selenium.WebDriver.FindElement(By by)&#xD;
   at SeleniumExtras.WaitHelpers.ExpectedConditions.&lt;&gt;c__DisplayClass7_0.&lt;ElementIsVisible&gt;b__0(IWebDriver driver)&#xD;
   at OpenQA.Selenium.Support.UI.DefaultWait`1.Until[TResult](Func`2 condition, CancellationToken token)
</StackTrace>
        </ErrorInfo>
      </Output>
    </UnitTestResult>
    <UnitTestResult executionId="011fda4c-95ca-4c48-a01d-5954e3bb54eb" testId="eb66f138-b3bc-a677-0fc6-9bdf69cc0970" testName="NDTherapeuticsQuadPack" computerName="LT-6MQPN94" duration="00:02:14.1670930" startTime="2025-08-04T16:25:32.0963262+02:00" endTime="2025-08-04T16:27:46.2611506+02:00" testType="13cdc9d9-ddb5-4fa4-a97d-d965ccfc6d4b" outcome="Passed" testListId="8c84fa94-04c1-424b-9868-57a2d4851a1d" relativeResultsDirectory="011fda4c-95ca-4c48-a01d-5954e3bb54eb" />
  </Results>
  <TestDefinitions>
    <UnitTest name="EDCloseHamper" storage="c:\users\remy.miller\source\repos\pulsedonations\bin\debug\net8.0\pulsedonations.dll" id="aa9fd853-82e4-5f75-e34a-499b2cd3141d">
      <Execution id="e5b0dc89-8a63-46d4-933b-c4337577385d" />
      <TestMethod codeBase="C:\Users\Remy.Miller\source\repos\PulseDonations\bin\Debug\net8.0\PulseDonations.dll" adapterTypeName="executor://nunit3testexecutor/" className="PulseDonations.Tests.ExistingDonorPositiveE2E" name="EDCloseHamper" />
    </UnitTest>
    <UnitTest name="EDTherapeuticsDryPack" storage="c:\users\remy.miller\source\repos\pulsedonations\bin\debug\net8.0\pulsedonations.dll" id="abe05d47-d0db-f756-b040-9fd6e7d74977">
      <Execution id="ce826beb-0bbc-4c68-abf3-82cce17825db" />
      <TestMethod codeBase="C:\Users\Remy.Miller\source\repos\PulseDonations\bin\Debug\net8.0\PulseDonations.dll" adapterTypeName="executor://nunit3testexecutor/" className="PulseDonations.Tests.ExistingDonorPositiveE2E" name="EDTherapeuticsDryPack" />
    </UnitTest>
    <UnitTest name="NDTherapeuticsQuadPack" storage="c:\users\remy.miller\source\repos\pulsedonations\bin\debug\net8.0\pulsedonations.dll" id="eb66f138-b3bc-a677-0fc6-9bdf69cc0970">
      <Execution id="011fda4c-95ca-4c48-a01d-5954e3bb54eb" />
      <TestMethod codeBase="C:\Users\Remy.Miller\source\repos\PulseDonations\bin\Debug\net8.0\PulseDonations.dll" adapterTypeName="executor://nunit3testexecutor/" className="PulseDonations.Tests.NewDonorPositiveE2E" name="NDTherapeuticsQuadPack" />
    </UnitTest>
    <UnitTest name="NDOpenHamper" storage="c:\users\remy.miller\source\repos\pulsedonations\bin\debug\net8.0\pulsedonations.dll" id="61475c59-ac01-5c88-537e-c0fcaa75aeec">
      <Execution id="80a07484-f9d1-4866-9c53-ba215b34a92e" />
      <TestMethod codeBase="C:\Users\Remy.Miller\source\repos\PulseDonations\bin\Debug\net8.0\PulseDonations.dll" adapterTypeName="executor://nunit3testexecutor/" className="PulseDonations.Tests.NewDonorPositiveE2E" name="NDOpenHamper" />
    </UnitTest>
    <UnitTest name="NDWholeBloodQuadPack" storage="c:\users\remy.miller\source\repos\pulsedonations\bin\debug\net8.0\pulsedonations.dll" id="b257023f-8c97-38b9-e921-d2ce089363b1">
      <Execution id="d842a509-0803-4d3e-92f4-65f5e18dbfe4" />
      <TestMethod codeBase="C:\Users\Remy.Miller\source\repos\PulseDonations\bin\Debug\net8.0\PulseDonations.dll" adapterTypeName="executor://nunit3testexecutor/" className="PulseDonations.Tests.NewDonorPositiveE2E" name="NDWholeBloodQuadPack" />
    </UnitTest>
    <UnitTest name="NDBloodSampleTests_FBC" storage="c:\users\remy.miller\source\repos\pulsedonations\bin\debug\net8.0\pulsedonations.dll" id="0d8daa9e-eaf8-4c87-c0e3-6d7aee25f2a2">
      <Execution id="b355a949-b737-4a67-b205-24378895fc09" />
      <TestMethod codeBase="C:\Users\Remy.Miller\source\repos\PulseDonations\bin\Debug\net8.0\PulseDonations.dll" adapterTypeName="executor://nunit3testexecutor/" className="PulseDonations.Tests.NewDonorPositiveE2E" name="NDBloodSampleTests_FBC" />
    </UnitTest>
    <UnitTest name="EDWholeBloodDryPack" storage="c:\users\remy.miller\source\repos\pulsedonations\bin\debug\net8.0\pulsedonations.dll" id="ba53771e-b6f2-7141-28db-facb61d78880">
      <Execution id="ed5aef4c-b305-4508-b141-33bb96f0f25f" />
      <TestMethod codeBase="C:\Users\Remy.Miller\source\repos\PulseDonations\bin\Debug\net8.0\PulseDonations.dll" adapterTypeName="executor://nunit3testexecutor/" className="PulseDonations.Tests.ExistingDonorPositiveE2E" name="EDWholeBloodDryPack" />
    </UnitTest>
  </TestDefinitions>
  <TestEntries>
    <TestEntry testId="0d8daa9e-eaf8-4c87-c0e3-6d7aee25f2a2" executionId="b355a949-b737-4a67-b205-24378895fc09" testListId="8c84fa94-04c1-424b-9868-57a2d4851a1d" />
    <TestEntry testId="ba53771e-b6f2-7141-28db-facb61d78880" executionId="ed5aef4c-b305-4508-b141-33bb96f0f25f" testListId="8c84fa94-04c1-424b-9868-57a2d4851a1d" />
    <TestEntry testId="b257023f-8c97-38b9-e921-d2ce089363b1" executionId="d842a509-0803-4d3e-92f4-65f5e18dbfe4" testListId="8c84fa94-04c1-424b-9868-57a2d4851a1d" />
    <TestEntry testId="61475c59-ac01-5c88-537e-c0fcaa75aeec" executionId="80a07484-f9d1-4866-9c53-ba215b34a92e" testListId="8c84fa94-04c1-424b-9868-57a2d4851a1d" />
    <TestEntry testId="aa9fd853-82e4-5f75-e34a-499b2cd3141d" executionId="e5b0dc89-8a63-46d4-933b-c4337577385d" testListId="8c84fa94-04c1-424b-9868-57a2d4851a1d" />
    <TestEntry testId="abe05d47-d0db-f756-b040-9fd6e7d74977" executionId="ce826beb-0bbc-4c68-abf3-82cce17825db" testListId="8c84fa94-04c1-424b-9868-57a2d4851a1d" />
    <TestEntry testId="eb66f138-b3bc-a677-0fc6-9bdf69cc0970" executionId="011fda4c-95ca-4c48-a01d-5954e3bb54eb" testListId="8c84fa94-04c1-424b-9868-57a2d4851a1d" />
  </TestEntries>
  <TestLists>
    <TestList name="Results Not in a List" id="8c84fa94-04c1-424b-9868-57a2d4851a1d" />
    <TestList name="All Loaded Results" id="19431567-8539-422a-85d7-44ee4e166bda" />
  </TestLists>
  <ResultSummary outcome="Failed">
    <Counters total="7" executed="7" passed="5" failed="2" error="0" timeout="0" aborted="0" inconclusive="0" passedButRunAborted="0" notRunnable="0" notExecuted="0" disconnected="0" warning="0" completed="0" inProgress="0" pending="0" />
    <Output>
      <StdOut>NUnit Adapter 4.5.0.0: Test execution started&#xD;
Running selected tests in C:\Users\Remy.Miller\source\repos\PulseDonations\bin\Debug\net8.0\PulseDonations.dll&#xD;
   NUnit3TestExecutor discovered 7 of 7 NUnit test cases using Current Discovery mode, Non-Explicit run&#xD;
Starting ChromeDriver 138.0.7204.183 (e90faf484ddbc033fc9bf337621761d3dd5c5289-refs/branch-heads/7204@{#2435}) on port 57966&#xD;
Only local connections are allowed.&#xD;
Please see https://chromedriver.chromium.org/security-considerations for suggestions on keeping ChromeDriver safe.&#xD;
ChromeDriver was started successfully on port 57966.&#xD;
---------------- Starting New Donor Open Hamper Test ----------------&#xD;
89730468&#xD;
Starting ChromeDriver 138.0.7204.183 (e90faf484ddbc033fc9bf337621761d3dd5c5289-refs/branch-heads/7204@{#2435}) on port 58017&#xD;
Only local connections are allowed.&#xD;
Please see https://chromedriver.chromium.org/security-considerations for suggestions on keeping ChromeDriver safe.&#xD;
ChromeDriver was started successfully on port 58017.&#xD;
---------------- Starting New Donor WholeBlood (Quad Pack) Test ----------------&#xD;
Selected Male Donor&#xD;
ID: 7607039292086&#xD;
First Name: Omar&#xD;
Middle Name: Allan&#xD;
Email: Omar@myspy.com&#xD;
Hemoglobin: 13.6&#xD;
OutlierHemoglobin: 12.5&#xD;
Donor Gender: 0&#xD;
Iron Config: 1&#xD;
Batch Number: 49523494&#xD;
Last Name: Hyatt&#xD;
Phone Number: 0698371746&#xD;
Landline Number: 0223066085&#xD;
Street Address: 1189 Birdie Fords&#xD;
Suburb: Noordhoek&#xD;
Postal Code: 1927&#xD;
Serial Number: 83343796&#xD;
DOB: 03/07/1989&#xD;
Expiry Date: 04/08/2025&#xD;
Current Time: 162350&#xD;
Male Donor&#xD;
Test Category:  Whole Blood Donation&#xD;
Test Pack: Quad Pack&#xD;
Starting ChromeDriver 138.0.7204.183 (e90faf484ddbc033fc9bf337621761d3dd5c5289-refs/branch-heads/7204@{#2435}) on port 58148&#xD;
Only local connections are allowed.&#xD;
Please see https://chromedriver.chromium.org/security-considerations for suggestions on keeping ChromeDriver safe.&#xD;
ChromeDriver was started successfully on port 58148.&#xD;
---------------- Starting New Donor Therapeutics (Quad Pack) Test ----------------&#xD;
Selected Female Donor&#xD;
ID: 0403112506081&#xD;
First Name: Estelle&#xD;
Middle Name: Thelma&#xD;
Email: Estelle@myspy.com&#xD;
Hemoglobin: 13.4&#xD;
OutlierHemoglobin: 12.5&#xD;
Donor Gender: 1&#xD;
Iron Config: 0&#xD;
Batch Number: 76075995&#xD;
Last Name: Little&#xD;
Phone Number: 0780062399&#xD;
Landline Number: 0180192808&#xD;
Street Address: 808 Hettie Highway&#xD;
Suburb: Rosebank&#xD;
Postal Code: 5835&#xD;
Serial Number: 75333497&#xD;
DOB: 11/03/1997&#xD;
Expiry Date: 04/08/2025&#xD;
Current Time: 162537&#xD;
Female Donor&#xD;
ID error exists&#xD;
\ud83d\udd0d Screenshot saved: C:\Users\Remy.Miller\source\repos\PulseDonations\Screenshots\04-08-2025\NDTherapeuticsQuadPack_04082025_162603.png&#xD;
Starting ChromeDriver 138.0.7204.183 (e90faf484ddbc033fc9bf337621761d3dd5c5289-refs/branch-heads/7204@{#2435}) on port 58220&#xD;
Only local connections are allowed.&#xD;
Please see https://chromedriver.chromium.org/security-considerations for suggestions on keeping ChromeDriver safe.&#xD;
ChromeDriver was started successfully on port 58220.&#xD;
---------------- Starting New Donor Therapeutics (Quad Pack) Test ----------------&#xD;
Selected Male Donor&#xD;
ID: 7610189796187&#xD;
First Name: Abraham&#xD;
Middle Name: Dominic&#xD;
Email: Abraham@myspy.com&#xD;
Hemoglobin: 13.8&#xD;
OutlierHemoglobin: 12.5&#xD;
Donor Gender: 0&#xD;
Iron Config: 0&#xD;
Batch Number: 45153465&#xD;
Last Name: Halvorson&#xD;
Phone Number: 0662525287&#xD;
Landline Number: 0158873831&#xD;
Street Address: 8706 Davis Summit&#xD;
Suburb: De Waterkant&#xD;
Postal Code: 3397&#xD;
Serial Number: 30113852&#xD;
DOB: 18/10/2002&#xD;
Expiry Date: 04/08/2025&#xD;
Current Time: 162607&#xD;
Male Donor&#xD;
Test Category:  Therapeutics&#xD;
Test Pack: Quad Pack&#xD;
Starting ChromeDriver 138.0.7204.183 (e90faf484ddbc033fc9bf337621761d3dd5c5289-refs/branch-heads/7204@{#2435}) on port 58336&#xD;
Only local connections are allowed.&#xD;
Please see https://chromedriver.chromium.org/security-considerations for suggestions on keeping ChromeDriver safe.&#xD;
ChromeDriver was started successfully on port 58336.&#xD;
---------------- Starting New Donor Blood Samples Test (FBC) Test ----------------&#xD;
Selected Female Donor&#xD;
ID: 7205222159087&#xD;
First Name: Christie&#xD;
Middle Name: Lila&#xD;
Email: Christie@myspy.com&#xD;
Hemoglobin: 13.5&#xD;
OutlierHemoglobin: 12.5&#xD;
Donor Gender: 1&#xD;
Iron Config: 0&#xD;
Batch Number: 59863896&#xD;
Last Name: Swaniawski&#xD;
Phone Number: 0744013935&#xD;
Landline Number: 0351565092&#xD;
Street Address: 64763 Kris Lock&#xD;
Suburb: Wynberg&#xD;
Postal Code: 0168&#xD;
Serial Number: 72754152&#xD;
DOB: 22/05/1992&#xD;
Expiry Date: 04/08/2025&#xD;
Current Time: 162750&#xD;
Female Donor&#xD;
Test Category:  Blood Samples/Tests&#xD;
Test Pack: FBC&#xD;
Starting ChromeDriver 138.0.7204.183 (e90faf484ddbc033fc9bf337621761d3dd5c5289-refs/branch-heads/7204@{#2435}) on port 58440&#xD;
Only local connections are allowed.&#xD;
Please see https://chromedriver.chromium.org/security-considerations for suggestions on keeping ChromeDriver safe.&#xD;
ChromeDriver was started successfully on port 58440.&#xD;
---------------- Starting Existing Donor WholeBlood (Dry Pack) Test ----------------&#xD;
Iron Config: 1&#xD;
Serial Number: 63875180&#xD;
First Inital: r&#xD;
Second Initial: d&#xD;
DOB: 21/04/1993&#xD;
Phone Number: 0641951368&#xD;
Landline Number: 0421289504&#xD;
Sex at Birth: Female&#xD;
Female Donor&#xD;
13.1&#xD;
\ud83d\udd0d Screenshot saved: C:\Users\Remy.Miller\source\repos\PulseDonations\Screenshots\04-08-2025\EDWholeBloodDryPack_04082025_163025.png&#xD;
Starting ChromeDriver 138.0.7204.183 (e90faf484ddbc033fc9bf337621761d3dd5c5289-refs/branch-heads/7204@{#2435}) on port 58521&#xD;
Only local connections are allowed.&#xD;
Please see https://chromedriver.chromium.org/security-considerations for suggestions on keeping ChromeDriver safe.&#xD;
ChromeDriver was started successfully on port 58521.&#xD;
---------------- Starting Existing Donor Therapeutics (Dry Pack) Test ----------------&#xD;
Iron Config: 1&#xD;
Serial Number: 67045249&#xD;
First Inital: j&#xD;
Second Initial: j&#xD;
DOB: 26/09/1985&#xD;
Phone Number: 0773959277&#xD;
Landline Number: 0531843454&#xD;
Sex at Birth: Female&#xD;
Female Donor&#xD;
12.9&#xD;
\ud83d\udd0d Screenshot saved: C:\Users\Remy.Miller\source\repos\PulseDonations\Screenshots\04-08-2025\EDTherapeuticsDryPack_04082025_163147.png&#xD;
Starting ChromeDriver 138.0.7204.183 (e90faf484ddbc033fc9bf337621761d3dd5c5289-refs/branch-heads/7204@{#2435}) on port 58618&#xD;
Only local connections are allowed.&#xD;
Please see https://chromedriver.chromium.org/security-considerations for suggestions on keeping ChromeDriver safe.&#xD;
ChromeDriver was started successfully on port 58618.&#xD;
---------------- Starting Existing Donor Close Hamper Test ----------------&#xD;
NUnit Adapter 4.5.0.0: Test execution complete&#xD;
</StdOut>
    </Output>
  </ResultSummary>
</TestRun>